System Name: K00174.01
Tidal Model: Constant-Phase-Lag
Use Discrete Rotation Rate Model: 1
Integration Method: 4th order Runge-Kutta
Verbosity Level: 5

--------- Input/Output Units ---------

Mass Units: Solar
Length Units: AU
Time Units: Years
Angle Units: Degrees
Minimum Value of ecc and obl: 1.00000000e-10

--------- Files ---------

Executable: /Users/rory/src/eqtide/eqtide
Input: tide.in
Forward Output: K00174.01.forward
---------- Integration(s) ----------

Use Variable Timestep: Yes
Timestep Coefficient: 0.01000000

--------- Forward Integration ---------

Input Time Step: 0.00000000
Stop Time: 1.50000000e+10
Output Interval: 1.00000000e+09
Input Minimum Semi-major Axis: 0.00000000
Output Order: Time SemiMajorAxis Eccentricity SecPer[days] OrbPeriod[days] SecObliquity 

--------- Primary Body ---------

Primary Mass: 0.65386100
Primary Radius: 0.00310651
Primary Tidal Q: 1.00000000e+06

Primary Love Number k2: 0.50000000
Primary Input Obliquity: 0.00000000
Primary Input Spin Period: 0.08213552
Primary Input Spin Frequency: 76.49778111
Primary Radius of Gyration: 0.50000000

--------- Secondary Body ---------

Secondary Mass: 7.02282064e-05
Secondary Radius: 0.00010111
Secondary Tidal Q: 34.00000000
Secondary Love Number k2: 0.30000000
Secondary Radius of Gyration: 0.50000000
Secondary Input Obliquity: 23.50000000
Secondary Input Spin Period: 0.00273785
Secondary Input Spin Frequency: 2294.93343338
Input Angular Size of Primary body: 1.42563047

-------------- Orbit ----------

Input Semi-major Axis: 0.24968700
Input Orbital Mean Motion: 40.72332810
Input Orbital Period: 0.15428958
Input Eccentricity: 0.00000000

--------- Tidal Effects ---------

da/dt: 2.72908886e-14
de/dt: 0.00000000
dP/dt: 2.52972277e-14

Derivative of Primary's Spin Rate: -5.54888514e-32
Primary dObl/dt: -0.00000000
Primary Equilibrium Rotation Rate: 40.72332810
Primary Equilibrium Rotation Period: 0.15428958
Primary Tidal Heat [W]: 8.83149830e+09
Primary Tidal Surface Flux [W/m^2]: 3.25407527e-09
Primary Equilibrium Tidal Surface Flux [W/m^2]: 0.00000000

Derivative of Secondary's Spin Rate: -5.45028674e-20
Secondary dObl/dt: 7.47122667e-17
Secondary Equilibrium Rotation Rate: 40.72332810
Secondary Equilibrium Rotation Period: 0.15428958
Secondary Tidal Heat [W]: 3.10974911e+16
Secondary Tidal Surface Flux [W/m^2]: 10.81580247
Secondary Equilibrium Tidal Surface Flux [W/m^2]: 0.03106755

Use Discrete Rotation States: 1
Discrete Equilibrium Spin Period: 0.15428958
Continuous Equilibrium Spin Period: 0.15428958
Primary epsilons: 1 1 1 1 -1 1
Primary Gamma_Rotation: 4.00000000
Primary Gamma_Orbital: 4.00000000
Secondary epsilons: 1 1 1 1 1 1
Secondary Gamma_Rotation: 4.00000000
Secondary Gamma_Orbital: 4.00000000

----------- Halt ---------

Primary's Minimum Obliquity: -57.29577951
Secondary's Minimum Obliquity: -57.29577951

--------- Primary Body ---------

Primary Final Obliquity: 0.00000000
Primary Final Spin Period: 0.08213552
Primary Final Spin Frequency: 76.49778111

--------- Secondary Body ---------

Secondary Final Obliquity: 36.82759241
Secondary Final Spin Period: 0.14061246
Secondary Final Spin Frequency: 44.68441275
Final Angular Size of Primary body: 1.42562439

-------------- Orbit ----------

Final Semi-major Axis: 0.24968806
Final Orbital Mean Motion: 40.72306776
Final Orbital Period: 0.15429057
Final Eccentricity: 0.00000000

--------- Tidal Effects ---------

da/dt: 7.68030061e-15
de/dt: -0.00000000
dP/dt: 7.11925254e-15

Derivative of Primary's Spin Rate: -5.54874325e-32
Primary dObl/dt: -0.00000000
Primary Equilibrium Rotation Rate: 40.72306776
Primary Equilibrium Rotation Period: 0.15429057
Primary Tidal Heat [W]: 8.83133673e+09
Primary Tidal Surface Flux [W/m^2]: 3.25401574e-09
Primary Equilibrium Tidal Surface Flux [W/m^2]: 0.00000000

Derivative of Secondary's Spin Rate: 2.93873605e-39
Secondary dObl/dt: -5.76792479e-15
Secondary Equilibrium Rotation Rate: 40.72306776
Secondary Equilibrium Rotation Period: 0.15429057
Secondary Tidal Heat [W]: 2.36852422e+14
Secondary Tidal Surface Flux [W/m^2]: 0.08237800
Secondary Equilibrium Tidal Surface Flux [W/m^2]: 0.07020054

Use Discrete Rotation States: 1
Discrete Equilibrium Spin Period: 0.15429057
Continuous Equilibrium Spin Period: 0.15429057
Primary epsilons: 1 1 1 1 -1 1
Primary Gamma_Rotation: 4.00000000
Primary Gamma_Orbital: 4.00000000
Secondary epsilons: 1 -1 1 1 -1 1
Secondary Gamma_Rotation: 2.56283471
Secondary Gamma_Orbital: 1.12566943

----------- Halt ---------

Primary's Minimum Obliquity: -57.29577951
Secondary's Minimum Obliquity: -57.29577951
