System Name: K00494.01
Tidal Model: Constant-Phase-Lag
Use Discrete Rotation Rate Model: 1
Integration Method: 4th order Runge-Kutta
Verbosity Level: 5

--------- Input/Output Units ---------

Mass Units: Solar
Length Units: AU
Time Units: Years
Angle Units: Degrees
Minimum Value of ecc and obl: 1.00000000e-10

--------- Files ---------

Executable: /Users/rory/src/eqtide/eqtide
Input: tide.in
Forward Output: K00494.01.forward
---------- Integration(s) ----------

Use Variable Timestep: Yes
Timestep Coefficient: 0.01000000

--------- Forward Integration ---------

Input Time Step: 0.00000000
Stop Time: 1.50000000e+10
Output Interval: 1.00000000e+09
Input Minimum Semi-major Axis: 0.00000000
Output Order: Time SemiMajorAxis Eccentricity SecPer[days] OrbPeriod[days] SecObliquity 

--------- Primary Body ---------

Primary Mass: 0.49936100
Primary Radius: 0.00223222
Primary Tidal Q: 1.00000000e+06

Primary Love Number k2: 0.50000000
Primary Input Obliquity: 0.00000000
Primary Input Spin Period: 0.08213552
Primary Input Spin Frequency: 76.49778111
Primary Radius of Gyration: 0.50000000

--------- Secondary Body ---------

Secondary Mass: 2.49713487e-05
Secondary Radius: 7.61675552e-05
Secondary Tidal Q: 34.00000000
Secondary Love Number k2: 0.30000000
Secondary Radius of Gyration: 0.50000000
Secondary Input Obliquity: 23.50000000
Secondary Input Spin Period: 0.00273785
Secondary Input Spin Frequency: 2294.93343338
Input Angular Size of Primary body: 1.89175242

-------------- Orbit ----------

Input Semi-major Axis: 0.13520300
Input Orbital Mean Motion: 89.31199662
Input Orbital Period: 0.07035097
Input Eccentricity: 0.00000000

--------- Tidal Effects ---------

da/dt: 3.62701581e-13
de/dt: 0.00000000
dP/dt: 2.83097027e-13

Derivative of Primary's Spin Rate: 1.35203936e-31
Primary dObl/dt: -0.00000000
Primary Equilibrium Rotation Rate: 89.31199662
Primary Equilibrium Rotation Period: 0.07035097
Primary Tidal Heat [W]: 3.03945521e+09
Primary Tidal Surface Flux [W/m^2]: 2.16899925e-09
Primary Equilibrium Tidal Surface Flux [W/m^2]: 0.00000000

Derivative of Secondary's Spin Rate: -1.51602799e-18
Secondary dObl/dt: 2.07816439e-15
Secondary Equilibrium Rotation Rate: 89.31199662
Secondary Equilibrium Rotation Period: 0.07035097
Secondary Tidal Heat [W]: 1.70771380e+17
Secondary Tidal Surface Flux [W/m^2]: 104.66792587
Secondary Equilibrium Tidal Surface Flux [W/m^2]: 0.67389434

Use Discrete Rotation States: 1
Discrete Equilibrium Spin Period: 0.07035097
Continuous Equilibrium Spin Period: 0.07035097
Primary epsilons: -1 -1 1 1 -1 1
Primary Gamma_Rotation: -4.00000000
Primary Gamma_Orbital: -4.00000000
Secondary epsilons: 1 1 1 1 1 1
Secondary Gamma_Rotation: 4.00000000
Secondary Gamma_Orbital: 4.00000000

----------- Halt ---------

Primary's Minimum Obliquity: -57.29577951
Secondary's Minimum Obliquity: -57.29577951

--------- Primary Body ---------

Primary Final Obliquity: 0.00000000
Primary Final Spin Period: 0.08213552
Primary Final Spin Frequency: 76.49778111

--------- Secondary Body ---------

Secondary Final Obliquity: 36.18741386
Secondary Final Spin Period: 0.06439546
Secondary Final Spin Frequency: 97.57186906
Final Angular Size of Primary body: 1.89174557

-------------- Orbit ----------

Final Semi-major Axis: 0.13520349
Final Orbital Mean Motion: 89.31151167
Final Orbital Period: 0.07035135
Final Eccentricity: 0.00000000

--------- Tidal Effects ---------

da/dt: 1.09818956e-13
de/dt: -0.00000000
dP/dt: 8.57164063e-14

Derivative of Primary's Spin Rate: 1.35201000e-31
Primary dObl/dt: -0.00000000
Primary Equilibrium Rotation Rate: 89.31151167
Primary Equilibrium Rotation Period: 0.07035135
Primary Tidal Heat [W]: 3.03927417e+09
Primary Tidal Surface Flux [W/m^2]: 2.16887006e-09
Primary Equilibrium Tidal Surface Flux [W/m^2]: 0.00000000

Derivative of Secondary's Spin Rate: 2.93873605e-39
Secondary dObl/dt: -7.23743175e-14
Secondary Equilibrium Rotation Rate: 89.31151167
Secondary Equilibrium Rotation Period: 0.07035135
Secondary Tidal Heat [W]: 2.82715073e+15
Secondary Tidal Surface Flux [W/m^2]: 1.73279623
Secondary Equilibrium Tidal Surface Flux [W/m^2]: 1.47745790

Use Discrete Rotation States: 1
Discrete Equilibrium Spin Period: 0.07035135
Continuous Equilibrium Spin Period: 0.07035135
Primary epsilons: -1 -1 1 1 -1 1
Primary Gamma_Rotation: -4.00000000
Primary Gamma_Orbital: -4.00000000
Secondary epsilons: 1 -1 1 1 -1 1
Secondary Gamma_Rotation: 2.60557727
Secondary Gamma_Orbital: 1.21115454

----------- Halt ---------

Primary's Minimum Obliquity: -57.29577951
Secondary's Minimum Obliquity: -57.29577951
