System Name: K00463.01
Tidal Model: Constant-Phase-Lag
Use Discrete Rotation Rate Model: 1
Integration Method: 4th order Runge-Kutta
Verbosity Level: 5

--------- Input/Output Units ---------

Mass Units: Solar
Length Units: AU
Time Units: Years
Angle Units: Degrees
Minimum Value of ecc and obl: 1.00000000e-10

--------- Files ---------

Executable: /Users/rory/src/eqtide/eqtide
Input: tide.in
Forward Output: K00463.01.forward
---------- Integration(s) ----------

Use Variable Timestep: Yes
Timestep Coefficient: 0.01000000

--------- Forward Integration ---------

Input Time Step: 0.00000000
Stop Time: 1.50000000e+10
Output Interval: 1.00000000e+09
Input Minimum Semi-major Axis: 0.00000000
Output Order: Time SemiMajorAxis Eccentricity SecPer[days] OrbPeriod[days] SecObliquity 

--------- Primary Body ---------

Primary Mass: 0.30003700
Primary Radius: 0.00139514
Primary Tidal Q: 1.00000000e+06

Primary Love Number k2: 0.50000000
Primary Input Obliquity: 0.00000000
Primary Input Spin Period: 0.08213552
Primary Input Spin Frequency: 76.49778111
Primary Radius of Gyration: 0.50000000

--------- Secondary Body ---------

Secondary Mass: 2.22283731e-05
Secondary Radius: 7.37776543e-05
Secondary Tidal Q: 34.00000000
Secondary Love Number k2: 0.30000000
Secondary Radius of Gyration: 0.50000000
Secondary Input Obliquity: 23.50000000
Secondary Input Spin Period: 0.00273785
Secondary Input Spin Frequency: 2294.93343338
Input Angular Size of Primary body: 1.74569777

-------------- Orbit ----------

Input Semi-major Axis: 0.09157300
Input Orbital Mean Motion: 124.20053093
Input Orbital Period: 0.05058904
Input Eccentricity: 0.00000000

--------- Tidal Effects ---------

da/dt: 1.37945742e-12
de/dt: 0.00000000
dP/dt: 1.14315368e-12

Derivative of Primary's Spin Rate: 4.50934920e-31
Primary dObl/dt: -0.00000000
Primary Equilibrium Rotation Rate: 124.20053093
Primary Equilibrium Rotation Period: 0.05058904
Primary Tidal Heat [W]: 8.85710718e+09
Primary Tidal Surface Flux [W/m^2]: 1.61806335e-08
Primary Equilibrium Tidal Surface Flux [W/m^2]: 0.00000000

Derivative of Secondary's Spin Rate: -5.78814928e-18
Secondary dObl/dt: 7.93436154e-15
Secondary Equilibrium Rotation Rate: 124.20053093
Secondary Equilibrium Rotation Period: 0.05058904
Secondary Tidal Heat [W]: 5.35917997e+17
Secondary Tidal Surface Flux [W/m^2]: 350.09605491
Secondary Equilibrium Tidal Surface Flux [W/m^2]: 3.18495752

Use Discrete Rotation States: 1
Discrete Equilibrium Spin Period: 0.05058904
Continuous Equilibrium Spin Period: 0.05058904
Primary epsilons: -1 -1 1 1 -1 1
Primary Gamma_Rotation: -4.00000000
Primary Gamma_Orbital: -4.00000000
Secondary epsilons: 1 1 1 1 1 1
Secondary Gamma_Rotation: 4.00000000
Secondary Gamma_Orbital: 4.00000000

----------- Halt ---------

Primary's Minimum Obliquity: -57.29577951
Secondary's Minimum Obliquity: -57.29577951

--------- Primary Body ---------

Primary Final Obliquity: 0.00000000
Primary Final Spin Period: 0.08213552
Primary Final Spin Frequency: 76.49778111

--------- Secondary Body ---------

Secondary Final Obliquity: 35.13403145
Secondary Final Spin Period: 0.04627077
Secondary Final Spin Frequency: 135.79166792
Final Angular Size of Primary body: 1.74568866

-------------- Orbit ----------

Final Semi-major Axis: 0.09157348
Final Orbital Mean Motion: 124.19955838
Final Orbital Period: 0.05058943
Final Eccentricity: 0.00000000

--------- Tidal Effects ---------

da/dt: 4.65718340e-13
de/dt: -0.00000000
dP/dt: 3.85940890e-13

Derivative of Primary's Spin Rate: 4.50920797e-31
Primary dObl/dt: -0.00000000
Primary Equilibrium Rotation Rate: 124.19955838
Primary Equilibrium Rotation Period: 0.05058943
Primary Tidal Heat [W]: 8.85664919e+09
Primary Tidal Surface Flux [W/m^2]: 1.61797968e-08
Primary Equilibrium Tidal Surface Flux [W/m^2]: 0.00000000

Derivative of Secondary's Spin Rate: 2.93873605e-39
Secondary dObl/dt: -1.93524438e-13
Secondary Equilibrium Rotation Rate: 124.19955838
Secondary Equilibrium Rotation Period: 0.05058943
Secondary Tidal Heat [W]: 1.20689066e+16
Secondary Tidal Surface Flux [W/m^2]: 7.88418493
Secondary Equilibrium Tidal Surface Flux [W/m^2]: 6.63383246

Use Discrete Rotation States: 1
Discrete Equilibrium Spin Period: 0.05058943
Continuous Equilibrium Spin Period: 0.05058943
Primary epsilons: -1 -1 1 1 -1 1
Primary Gamma_Rotation: -4.00000000
Primary Gamma_Orbital: -4.00000000
Secondary epsilons: 1 -1 1 1 -1 1
Secondary Gamma_Rotation: 2.67523998
Secondary Gamma_Orbital: 1.35047996

----------- Halt ---------

Primary's Minimum Obliquity: -57.29577951
Secondary's Minimum Obliquity: -57.29577951
