System Name: K00854.01
Tidal Model: Constant-Phase-Lag
Use Discrete Rotation Rate Model: 1
Integration Method: 4th order Runge-Kutta
Verbosity Level: 5

--------- Input/Output Units ---------

Mass Units: Solar
Length Units: AU
Time Units: Years
Angle Units: Degrees
Minimum Value of ecc and obl: 1.00000000e-10

--------- Files ---------

Executable: /Users/rory/src/eqtide/eqtide
Input: tide.in
Forward Output: K00854.01.forward
---------- Integration(s) ----------

Use Variable Timestep: Yes
Timestep Coefficient: 0.01000000

--------- Forward Integration ---------

Input Time Step: 0.00000000
Stop Time: 1.50000000e+10
Output Interval: 1.00000000e+09
Input Minimum Semi-major Axis: 0.00000000
Output Order: Time SemiMajorAxis Eccentricity SecPer[days] OrbPeriod[days] SecObliquity 

--------- Primary Body ---------

Primary Mass: 0.48992300
Primary Radius: 0.00218572
Primary Tidal Q: 1.00000000e+06

Primary Love Number k2: 0.50000000
Primary Input Obliquity: 0.00000000
Primary Input Spin Period: 0.08213552
Primary Input Spin Frequency: 76.49778111
Primary Radius of Gyration: 0.50000000

--------- Secondary Body ---------

Secondary Mass: 5.17273046e-05
Secondary Radius: 9.29868212e-05
Secondary Tidal Q: 34.00000000
Secondary Love Number k2: 0.30000000
Secondary Radius of Gyration: 0.50000000
Secondary Input Obliquity: 23.50000000
Secondary Input Spin Period: 0.00273785
Secondary Input Spin Frequency: 2294.93343338
Input Angular Size of Primary body: 1.10830505

-------------- Orbit ----------

Input Semi-major Axis: 0.22598200
Input Orbital Mean Motion: 40.93993885
Input Orbital Period: 0.15347325
Input Eccentricity: 0.00000000

--------- Tidal Effects ---------

da/dt: 2.73610239e-14
de/dt: 0.00000000
dP/dt: 2.78743893e-14

Derivative of Primary's Spin Rate: -2.54610653e-32
Primary dObl/dt: -0.00000000
Primary Equilibrium Rotation Rate: 40.93993885
Primary Equilibrium Rotation Period: 0.15347325
Primary Tidal Heat [W]: 1.49400760e+09
Primary Tidal Surface Flux [W/m^2]: 1.11199599e-09
Primary Equilibrium Tidal Surface Flux [W/m^2]: 0.00000000

Derivative of Secondary's Spin Rate: -5.87874770e-20
Secondary dObl/dt: 8.05855837e-17
Secondary Equilibrium Rotation Rate: 40.93993885
Secondary Equilibrium Rotation Period: 0.15347325
Secondary Tidal Heat [W]: 2.08927206e+16
Secondary Tidal Surface Flux [W/m^2]: 8.59193050
Secondary Equilibrium Tidal Surface Flux [W/m^2]: 0.02481331

Use Discrete Rotation States: 1
Discrete Equilibrium Spin Period: 0.15347325
Continuous Equilibrium Spin Period: 0.15347325
Primary epsilons: 1 1 1 1 -1 1
Primary Gamma_Rotation: 4.00000000
Primary Gamma_Orbital: 4.00000000
Secondary epsilons: 1 1 1 1 1 1
Secondary Gamma_Rotation: 4.00000000
Secondary Gamma_Orbital: 4.00000000

----------- Halt ---------

Primary's Minimum Obliquity: -57.29577951
Secondary's Minimum Obliquity: -57.29577951

--------- Primary Body ---------

Primary Final Obliquity: 0.00000000
Primary Final Spin Period: 0.08213552
Primary Final Spin Frequency: 76.49778111

--------- Secondary Body ---------

Secondary Final Obliquity: 36.80005202
Secondary Final Spin Period: 0.13980527
Secondary Final Spin Frequency: 44.94240523
Final Angular Size of Primary body: 1.10830020

-------------- Orbit ----------

Final Semi-major Axis: 0.22598299
Final Orbital Mean Motion: 40.93967015
Final Orbital Period: 0.15347425
Final Eccentricity: 0.00000000

--------- Tidal Effects ---------

da/dt: 7.72500679e-15
de/dt: -0.00000000
dP/dt: 7.86996563e-15

Derivative of Primary's Spin Rate: -2.54603969e-32
Primary dObl/dt: -0.00000000
Primary Equilibrium Rotation Rate: 40.93967015
Primary Equilibrium Rotation Period: 0.15347425
Primary Tidal Heat [W]: 1.49397967e+09
Primary Tidal Surface Flux [W/m^2]: 1.11197520e-09
Primary Equilibrium Tidal Surface Flux [W/m^2]: 0.00000000

Derivative of Secondary's Spin Rate: 2.93873605e-39
Secondary dObl/dt: -6.18166696e-15
Secondary Equilibrium Rotation Rate: 40.93967015
Secondary Equilibrium Rotation Period: 0.15347425
Secondary Tidal Heat [W]: 1.59952755e+14
Secondary Tidal Surface Flux [W/m^2]: 0.06577903
Secondary Equilibrium Tidal Surface Flux [W/m^2]: 0.05599638

Use Discrete Rotation States: 1
Discrete Equilibrium Spin Period: 0.15347425
Continuous Equilibrium Spin Period: 0.15347425
Primary epsilons: 1 1 1 1 -1 1
Primary Gamma_Rotation: 4.00000000
Primary Gamma_Orbital: 4.00000000
Secondary epsilons: 1 -1 1 1 -1 1
Secondary Gamma_Rotation: 2.56467943
Secondary Gamma_Orbital: 1.12935886

----------- Halt ---------

Primary's Minimum Obliquity: -57.29577951
Secondary's Minimum Obliquity: -57.29577951
