System Name: K00959.01
Tidal Model: Constant-Phase-Lag
Use Discrete Rotation Rate Model: 1
Integration Method: 4th order Runge-Kutta
Verbosity Level: 5

--------- Input/Output Units ---------

Mass Units: Solar
Length Units: AU
Time Units: Years
Angle Units: Degrees
Minimum Value of ecc and obl: 1.00000000e-10

--------- Files ---------

Executable: /Users/rory/src/eqtide/eqtide
Input: tide.in
Forward Output: K00959.01.forward
---------- Integration(s) ----------

Use Variable Timestep: Yes
Timestep Coefficient: 0.01000000

--------- Forward Integration ---------

Input Time Step: 0.00000000
Stop Time: 1.50000000e+10
Output Interval: 1.00000000e+09
Input Minimum Semi-major Axis: 0.00000000
Output Order: Time SemiMajorAxis Eccentricity SecPer[days] OrbPeriod[days] SecObliquity 

--------- Primary Body ---------

Primary Mass: 0.09415600
Primary Radius: 0.00053945
Primary Tidal Q: 1.00000000e+06

Primary Love Number k2: 0.50000000
Primary Input Obliquity: 0.00000000
Primary Input Spin Period: 0.08213552
Primary Input Spin Frequency: 76.49778111
Primary Radius of Gyration: 0.50000000

--------- Secondary Body ---------

Secondary Mass: 7.83246252e-05
Secondary Radius: 0.00010418
Secondary Tidal Q: 34.00000000
Secondary Love Number k2: 0.30000000
Secondary Radius of Gyration: 0.50000000
Secondary Input Obliquity: 23.50000000
Secondary Input Spin Period: 0.00273785
Secondary Input Spin Frequency: 2294.93343338
Input Angular Size of Primary body: 1.27418005

-------------- Orbit ----------

Input Semi-major Axis: 0.04851300
Input Orbital Mean Motion: 180.50468772
Input Orbital Period: 0.03480899
Input Eccentricity: 0.00000000

--------- Tidal Effects ---------

da/dt: 1.27261162e-11
de/dt: 0.00000000
dP/dt: 1.37025362e-11

Derivative of Primary's Spin Rate: 4.66539095e-29
Primary dObl/dt: -0.00000000
Primary Equilibrium Rotation Rate: 180.50468772
Primary Equilibrium Rotation Period: 0.03480899
Primary Tidal Heat [W]: 9.37414128e+10
Primary Tidal Surface Flux [W/m^2]: 1.14541178e-06
Primary Equilibrium Tidal Surface Flux [W/m^2]: 0.00000000

Derivative of Secondary's Spin Rate: -2.06031116e-17
Secondary dObl/dt: 2.82422966e-14
Secondary Equilibrium Rotation Rate: 180.50468772
Secondary Equilibrium Rotation Period: 0.03480899
Secondary Tidal Heat [W]: 1.30553870e+19
Secondary Tidal Surface Flux [W/m^2]: 4277.18093381
Secondary Equilibrium Tidal Surface Flux [W/m^2]: 58.05670941

Use Discrete Rotation States: 1
Discrete Equilibrium Spin Period: 0.03480899
Continuous Equilibrium Spin Period: 0.03480899
Primary epsilons: -1 -1 -1 1 -1 1
Primary Gamma_Rotation: -4.00000000
Primary Gamma_Orbital: -4.00000000
Secondary epsilons: 1 1 1 1 1 1
Secondary Gamma_Rotation: 4.00000000
Secondary Gamma_Orbital: 4.00000000

----------- Halt ---------

Primary's Minimum Obliquity: -57.29577951
Secondary's Minimum Obliquity: -57.29577951

--------- Primary Body ---------

Primary Final Obliquity: 0.00000000
Primary Final Spin Period: 0.08213552
Primary Final Spin Frequency: 76.49778112

--------- Secondary Body ---------

Secondary Final Obliquity: 32.98669537
Secondary Final Spin Period: 0.03179306
Secondary Final Spin Frequency: 197.62759273
Final Angular Size of Primary body: 1.27414849

-------------- Orbit ----------

Final Semi-major Axis: 0.04851420
Final Orbital Mean Motion: 180.49797919
Final Orbital Period: 0.03481028
Final Eccentricity: 0.00000000

--------- Tidal Effects ---------

da/dt: 5.18086935e-12
de/dt: -0.00000000
dP/dt: 5.57844419e-12

Derivative of Primary's Spin Rate: 4.66469743e-29
Primary dObl/dt: -0.00000000
Primary Equilibrium Rotation Rate: 180.49797919
Primary Equilibrium Rotation Period: 0.03481028
Primary Tidal Heat [W]: 9.37214323e+10
Primary Tidal Surface Flux [W/m^2]: 1.14516764e-06
Primary Equilibrium Tidal Surface Flux [W/m^2]: 0.00000000

Derivative of Secondary's Spin Rate: 2.93873605e-39
Secondary dObl/dt: -4.47733641e-13
Secondary Equilibrium Rotation Rate: 180.49797919
Secondary Equilibrium Rotation Period: 0.03481028
Secondary Tidal Heat [W]: 4.04705621e+17
Secondary Tidal Surface Flux [W/m^2]: 132.58888192
Secondary Equilibrium Tidal Surface Flux [W/m^2]: 108.21294475

Use Discrete Rotation States: 1
Discrete Equilibrium Spin Period: 0.03481028
Continuous Equilibrium Spin Period: 0.03481028
Primary epsilons: -1 -1 -1 1 -1 1
Primary Gamma_Rotation: -4.00000000
Primary Gamma_Orbital: -4.00000000
Secondary epsilons: 1 -1 1 1 -1 1
Secondary Gamma_Rotation: 2.81432173
Secondary Gamma_Orbital: 1.62864347

----------- Halt ---------

Primary's Minimum Obliquity: -57.29577951
Secondary's Minimum Obliquity: -57.29577951
