System Name: K00947.01
Tidal Model: Constant-Phase-Lag
Use Discrete Rotation Rate Model: 1
Integration Method: 4th order Runge-Kutta
Verbosity Level: 5

--------- Input/Output Units ---------

Mass Units: Solar
Length Units: AU
Time Units: Years
Angle Units: Degrees
Minimum Value of ecc and obl: 1.00000000e-10

--------- Files ---------

Executable: /Users/rory/src/eqtide/eqtide
Input: tide.in
Forward Output: K00947.01.forward
---------- Integration(s) ----------

Use Variable Timestep: Yes
Timestep Coefficient: 0.01000000

--------- Forward Integration ---------

Input Time Step: 0.00000000
Stop Time: 1.50000000e+10
Output Interval: 1.00000000e+09
Input Minimum Semi-major Axis: 0.00000000
Output Order: Time SemiMajorAxis Eccentricity SecPer[days] OrbPeriod[days] SecObliquity 

--------- Primary Body ---------

Primary Mass: 0.48915700
Primary Radius: 0.00213921
Primary Tidal Q: 1.00000000e+06

Primary Love Number k2: 0.50000000
Primary Input Obliquity: 0.00000000
Primary Input Spin Period: 0.08213552
Primary Input Spin Frequency: 76.49778111
Primary Radius of Gyration: 0.50000000

--------- Secondary Body ---------

Secondary Mass: 4.15903813e-05
Secondary Radius: 8.75928633e-05
Secondary Tidal Q: 34.00000000
Secondary Love Number k2: 0.30000000
Secondary Radius of Gyration: 0.50000000
Secondary Input Obliquity: 23.50000000
Secondary Input Spin Period: 0.00273785
Secondary Input Spin Frequency: 2294.93343338
Input Angular Size of Primary body: 1.69971629

-------------- Orbit ----------

Input Semi-major Axis: 0.14421100
Input Orbital Mean Motion: 80.24465931
Input Orbital Period: 0.07830035
Input Eccentricity: 0.00000000

--------- Tidal Effects ---------

da/dt: 2.97840406e-13
de/dt: 0.00000000
dP/dt: 2.42582060e-13

Derivative of Primary's Spin Rate: 2.28841567e-31
Primary dObl/dt: -0.00000000
Primary Equilibrium Rotation Rate: 80.24465931
Primary Equilibrium Rotation Period: 0.07830035
Primary Tidal Heat [W]: 1.35327394e+09
Primary Tidal Surface Flux [W/m^2]: 1.05151672e-09
Primary Equilibrium Tidal Surface Flux [W/m^2]: 0.00000000

Derivative of Secondary's Spin Rate: -9.02084829e-19
Secondary dObl/dt: 1.23657311e-15
Secondary Equilibrium Rotation Rate: 80.24465931
Secondary Equilibrium Rotation Period: 0.07830035
Secondary Tidal Heat [W]: 2.24742546e+17
Secondary Tidal Surface Flux [W/m^2]: 104.15650822
Secondary Equilibrium Tidal Surface Flux [W/m^2]: 0.60005244

Use Discrete Rotation States: 1
Discrete Equilibrium Spin Period: 0.07830035
Continuous Equilibrium Spin Period: 0.07830035
Primary epsilons: -1 -1 1 1 -1 1
Primary Gamma_Rotation: -4.00000000
Primary Gamma_Orbital: -4.00000000
Secondary epsilons: 1 1 1 1 1 1
Secondary Gamma_Rotation: 4.00000000
Secondary Gamma_Orbital: 4.00000000

----------- Halt ---------

Primary's Minimum Obliquity: -57.29577951
Secondary's Minimum Obliquity: -57.29577951

--------- Primary Body ---------

Primary Final Obliquity: 0.00000000
Primary Final Spin Period: 0.08213552
Primary Final Spin Frequency: 76.49778111

--------- Secondary Body ---------

Secondary Final Obliquity: 36.43856896
Secondary Final Spin Period: 0.07162343
Secondary Final Spin Frequency: 87.72528375
Final Angular Size of Primary body: 1.69970828

-------------- Orbit ----------

Final Semi-major Axis: 0.14421168
Final Orbital Mean Motion: 80.24409238
Final Orbital Period: 0.07830091
Final Eccentricity: 0.00000000

--------- Tidal Effects ---------

da/dt: 8.76876536e-14
de/dt: -0.00000000
dP/dt: 7.14191267e-14

Derivative of Primary's Spin Rate: 2.28835100e-31
Primary dObl/dt: -0.00000000
Primary Equilibrium Rotation Rate: 80.24409238
Primary Equilibrium Rotation Period: 0.07830091
Primary Tidal Heat [W]: 1.35303094e+09
Primary Tidal Surface Flux [W/m^2]: 1.05132791e-09
Primary Equilibrium Tidal Surface Flux [W/m^2]: 0.00000000

Derivative of Secondary's Spin Rate: 2.93873605e-39
Secondary dObl/dt: -4.81850204e-14
Secondary Equilibrium Rotation Rate: 80.24409238
Secondary Equilibrium Rotation Period: 0.07830091
Secondary Tidal Heat [W]: 3.36402311e+15
Secondary Tidal Surface Flux [W/m^2]: 1.55905015
Secondary Equilibrium Tidal Surface Flux [W/m^2]: 1.33134231

Use Discrete Rotation States: 1
Discrete Equilibrium Spin Period: 0.07830091
Continuous Equilibrium Spin Period: 0.07830091
Primary epsilons: -1 -1 1 1 -1 1
Primary Gamma_Rotation: -4.00000000
Primary Gamma_Orbital: -4.00000000
Secondary epsilons: 1 -1 1 1 -1 1
Secondary Gamma_Rotation: 2.58884336
Secondary Gamma_Orbital: 1.17768672

----------- Halt ---------

Primary's Minimum Obliquity: -57.29577951
Secondary's Minimum Obliquity: -57.29577951
