System Name: K01871.01
Tidal Model: Constant-Phase-Lag
Use Discrete Rotation Rate Model: 1
Integration Method: 4th order Runge-Kutta
Verbosity Level: 5

--------- Input/Output Units ---------

Mass Units: Solar
Length Units: AU
Time Units: Years
Angle Units: Degrees
Minimum Value of ecc and obl: 1.00000000e-10

--------- Files ---------

Executable: /Users/rory/src/eqtide/eqtide
Input: tide.in
Forward Output: K01871.01.forward
---------- Integration(s) ----------

Use Variable Timestep: Yes
Timestep Coefficient: 0.01000000

--------- Forward Integration ---------

Input Time Step: 0.00000000
Stop Time: 1.50000000e+10
Output Interval: 1.00000000e+09
Input Minimum Semi-major Axis: 0.00000000
Output Order: Time SemiMajorAxis Eccentricity SecPer[days] OrbPeriod[days] SecObliquity 

--------- Primary Body ---------

Primary Mass: 0.65358400
Primary Radius: 0.00290189
Primary Tidal Q: 1.00000000e+06

Primary Love Number k2: 0.50000000
Primary Input Obliquity: 0.00000000
Primary Input Spin Period: 0.08213552
Primary Input Spin Frequency: 76.49778111
Primary Radius of Gyration: 0.50000000

--------- Secondary Body ---------

Secondary Mass: 7.75202427e-05
Secondary Radius: 0.00010389
Secondary Tidal Q: 34.00000000
Secondary Love Number k2: 0.30000000
Secondary Radius of Gyration: 0.50000000
Secondary Input Obliquity: 23.50000000
Secondary Input Spin Period: 0.00273785
Secondary Input Spin Frequency: 2294.93343338
Input Angular Size of Primary body: 0.95563665

-------------- Orbit ----------

Input Semi-major Axis: 0.34796100
Input Orbital Mean Motion: 24.74866209
Input Orbital Period: 0.25387980
Input Eccentricity: 0.00000000

--------- Tidal Effects ---------

da/dt: 4.55901094e-15
de/dt: 0.00000000
dP/dt: 4.98982391e-15

Derivative of Primary's Spin Rate: -7.52685239e-33
Primary dObl/dt: 0.00000000
Primary Equilibrium Rotation Rate: 24.74866209
Primary Equilibrium Rotation Period: 0.25387980
Primary Tidal Heat [W]: 1.51148640e+09
Primary Tidal Surface Flux [W/m^2]: 6.38235848e-10
Primary Equilibrium Tidal Surface Flux [W/m^2]: 0.00000000

Derivative of Secondary's Spin Rate: -7.30471756e-21
Secondary dObl/dt: 1.00132739e-17
Secondary Equilibrium Rotation Rate: 24.74866209
Secondary Equilibrium Rotation Period: 0.25387980
Secondary Tidal Heat [W]: 4.89090010e+15
Secondary Tidal Surface Flux [W/m^2]: 1.61143646
Secondary Equilibrium Tidal Surface Flux [W/m^2]: 0.00279321

Use Discrete Rotation States: 1
Discrete Equilibrium Spin Period: 0.25387980
Continuous Equilibrium Spin Period: 0.25387980
Primary epsilons: 1 1 1 1 1 1
Primary Gamma_Rotation: 4.00000000
Primary Gamma_Orbital: 4.00000000
Secondary epsilons: 1 1 1 1 1 1
Secondary Gamma_Rotation: 4.00000000
Secondary Gamma_Orbital: 4.00000000

----------- Halt ---------

Primary's Minimum Obliquity: -57.29577951
Secondary's Minimum Obliquity: -57.29577951

--------- Primary Body ---------

Primary Final Obliquity: 0.00000000
Primary Final Spin Period: 0.08213552
Primary Final Spin Frequency: 76.49778111

--------- Secondary Body ---------

Secondary Final Obliquity: 37.42661080
Secondary Final Spin Period: 0.23189174
Secondary Final Spin Frequency: 27.09533844
Final Angular Size of Primary body: 0.95563292

-------------- Orbit ----------

Final Semi-major Axis: 0.34796236
Final Orbital Mean Motion: 24.74851727
Final Orbital Period: 0.25388128
Final Eccentricity: 0.00000000

--------- Tidal Effects ---------

da/dt: 1.19125624e-15
de/dt: -0.00000000
dP/dt: 1.30382895e-15

Derivative of Primary's Spin Rate: -7.52667621e-33
Primary dObl/dt: 0.00000000
Primary Equilibrium Rotation Rate: 24.74851727
Primary Equilibrium Rotation Period: 0.25388128
Primary Tidal Heat [W]: 1.51145525e+09
Primary Tidal Surface Flux [W/m^2]: 6.38222695e-10
Primary Equilibrium Tidal Surface Flux [W/m^2]: 0.00000000

Derivative of Secondary's Spin Rate: 2.93873605e-39
Secondary dObl/dt: -1.29259924e-15
Secondary Equilibrium Rotation Rate: 24.74851727
Secondary Equilibrium Rotation Period: 0.25388128
Secondary Tidal Heat [W]: 2.28813472e+13
Secondary Tidal Surface Flux [W/m^2]: 0.00753887
Secondary Equilibrium Tidal Surface Flux [W/m^2]: 0.00648834

Use Discrete Rotation States: 1
Discrete Equilibrium Spin Period: 0.25388128
Continuous Equilibrium Spin Period: 0.25388128
Primary epsilons: 1 1 1 1 1 1
Primary Gamma_Rotation: 4.00000000
Primary Gamma_Orbital: 4.00000000
Secondary epsilons: 1 -1 1 1 -1 1
Secondary Gamma_Rotation: 2.52258534
Secondary Gamma_Orbital: 1.04517068

----------- Halt ---------

Primary's Minimum Obliquity: -57.29577951
Secondary's Minimum Obliquity: -57.29577951
