System Name: K01989.01
Tidal Model: Constant-Phase-Lag
Use Discrete Rotation Rate Model: 1
Integration Method: 4th order Runge-Kutta
Verbosity Level: 5

--------- Input/Output Units ---------

Mass Units: Solar
Length Units: AU
Time Units: Years
Angle Units: Degrees
Minimum Value of ecc and obl: 1.00000000e-10

--------- Files ---------

Executable: /Users/rory/src/eqtide/eqtide
Input: tide.in
Forward Output: K01989.01.forward
---------- Integration(s) ----------

Use Variable Timestep: Yes
Timestep Coefficient: 0.01000000

--------- Forward Integration ---------

Input Time Step: 0.00000000
Stop Time: 1.50000000e+10
Output Interval: 1.00000000e+09
Input Minimum Semi-major Axis: 0.00000000
Output Order: Time SemiMajorAxis Eccentricity SecPer[days] OrbPeriod[days] SecObliquity 

--------- Primary Body ---------

Primary Mass: 0.81968300
Primary Radius: 0.00392964
Primary Tidal Q: 1.00000000e+06

Primary Love Number k2: 0.50000000
Primary Input Obliquity: 0.00000000
Primary Input Spin Period: 0.08213552
Primary Input Spin Frequency: 76.49778111
Primary Radius of Gyration: 0.50000000

--------- Secondary Body ---------

Secondary Mass: 3.80769026e-05
Secondary Radius: 8.55001704e-05
Secondary Tidal Q: 34.00000000
Secondary Love Number k2: 0.30000000
Secondary Radius of Gyration: 0.50000000
Secondary Input Obliquity: 23.50000000
Secondary Input Spin Period: 0.00273785
Secondary Input Spin Frequency: 2294.93343338
Input Angular Size of Primary body: 0.71620686

-------------- Orbit ----------

Input Semi-major Axis: 0.62872600
Input Orbital Mean Motion: 11.41069356
Input Orbital Period: 0.55064009
Input Eccentricity: 0.00000000

--------- Tidal Effects ---------

da/dt: 1.90134121e-16
de/dt: 0.00000000
dP/dt: 2.49785839e-16

Derivative of Primary's Spin Rate: -1.03322075e-34
Primary dObl/dt: -0.00000000
Primary Equilibrium Rotation Rate: 11.41069356
Primary Equilibrium Rotation Period: 0.55064009
Primary Tidal Heat [W]: 6.00156616e+07
Primary Tidal Surface Flux [W/m^2]: 1.38196584e-11
Primary Equilibrium Tidal Surface Flux [W/m^2]: 0.00000000

Derivative of Secondary's Spin Rate: -3.74705924e-22
Secondary dObl/dt: 5.13645775e-19
Secondary Equilibrium Rotation Rate: 11.41069356
Secondary Equilibrium Rotation Period: 0.55064009
Secondary Tidal Heat [W]: 8.39626892e+13
Secondary Tidal Surface Flux [W/m^2]: 0.04084049
Secondary Equilibrium Tidal Surface Flux [W/m^2]: 3.24486778e-05

Use Discrete Rotation States: 1
Discrete Equilibrium Spin Period: 0.55064009
Continuous Equilibrium Spin Period: 0.55064009
Primary epsilons: 1 1 1 1 1 1
Primary Gamma_Rotation: 4.00000000
Primary Gamma_Orbital: 4.00000000
Secondary epsilons: 1 1 1 1 1 1
Secondary Gamma_Rotation: 4.00000000
Secondary Gamma_Orbital: 4.00000000

----------- Halt ---------

Primary's Minimum Obliquity: -57.29577951
Secondary's Minimum Obliquity: -57.29577951

--------- Primary Body ---------

Primary Final Obliquity: 0.00000000
Primary Final Spin Period: 0.08213552
Primary Final Spin Frequency: 76.49778111

--------- Secondary Body ---------

Secondary Final Obliquity: 43.54673692
Secondary Final Spin Period: 0.50508741
Secondary Final Spin Frequency: 12.43979791
Final Angular Size of Primary body: 0.71620557

-------------- Orbit ----------

Final Semi-major Axis: 0.62872714
Final Orbital Mean Motion: 11.41066257
Final Orbital Period: 0.55064158
Final Eccentricity: 0.00000000

--------- Tidal Effects ---------

da/dt: 9.64550346e-18
de/dt: -0.00000000
dP/dt: 1.26716464e-17

Derivative of Primary's Spin Rate: -1.03320953e-34
Primary dObl/dt: -0.00000000
Primary Equilibrium Rotation Rate: 11.41066257
Primary Equilibrium Rotation Period: 0.55064158
Primary Tidal Heat [W]: 6.00150383e+07
Primary Tidal Surface Flux [W/m^2]: 1.38195149e-11
Primary Equilibrium Tidal Surface Flux [W/m^2]: 0.00000000

Derivative of Secondary's Spin Rate: 2.93873605e-39
Secondary dObl/dt: -1.63719990e-16
Secondary Equilibrium Rotation Rate: 11.41066257
Secondary Equilibrium Rotation Period: 0.55064158
Secondary Tidal Heat [W]: 2.19018834e+11
Secondary Tidal Surface Flux [W/m^2]: 0.00010653
Secondary Equilibrium Tidal Surface Flux [W/m^2]: 9.68639481e-05

Use Discrete Rotation States: 1
Discrete Equilibrium Spin Period: 0.55064158
Continuous Equilibrium Spin Period: 0.55064158
Primary epsilons: 1 1 1 1 1 1
Primary Gamma_Rotation: 4.00000000
Primary Gamma_Orbital: 4.00000000
Secondary epsilons: 1 -1 1 1 -1 1
Secondary Gamma_Rotation: 2.10141339
Secondary Gamma_Orbital: 0.20282679

----------- Halt ---------

Primary's Minimum Obliquity: -57.29577951
Secondary's Minimum Obliquity: -57.29577951
