System Name: K02124.01
Tidal Model: Constant-Phase-Lag
Use Discrete Rotation Rate Model: 1
Integration Method: 4th order Runge-Kutta
Verbosity Level: 5

--------- Input/Output Units ---------

Mass Units: Solar
Length Units: AU
Time Units: Years
Angle Units: Degrees
Minimum Value of ecc and obl: 1.00000000e-10

--------- Files ---------

Executable: /Users/rory/src/eqtide/eqtide
Input: tide.in
Forward Output: K02124.01.forward
---------- Integration(s) ----------

Use Variable Timestep: Yes
Timestep Coefficient: 0.01000000

--------- Forward Integration ---------

Input Time Step: 0.00000000
Stop Time: 1.50000000e+10
Output Interval: 1.00000000e+09
Input Minimum Semi-major Axis: 0.00000000
Output Order: Time SemiMajorAxis Eccentricity SecPer[days] OrbPeriod[days] SecObliquity 

--------- Primary Body ---------

Primary Mass: 0.56039400
Primary Radius: 0.00254845
Primary Tidal Q: 1.00000000e+06

Primary Love Number k2: 0.50000000
Primary Input Obliquity: 0.00000000
Primary Input Spin Period: 0.08213552
Primary Input Spin Frequency: 76.49778111
Primary Radius of Gyration: 0.50000000

--------- Secondary Body ---------

Secondary Mass: 5.07295034e-06
Secondary Radius: 4.92188271e-05
Secondary Tidal Q: 34.00000000
Secondary Love Number k2: 0.30000000
Secondary Radius of Gyration: 0.50000000
Secondary Input Obliquity: 23.50000000
Secondary Input Spin Period: 0.00273785
Secondary Input Spin Frequency: 2294.93343338
Input Angular Size of Primary body: 1.48990206

-------------- Orbit ----------

Input Semi-major Axis: 0.19599600
Input Orbital Mean Motion: 54.20620629
Input Orbital Period: 0.11591266
Input Eccentricity: 0.00000000

--------- Tidal Effects ---------

da/dt: 3.10251357e-14
de/dt: 0.00000000
dP/dt: 2.75226699e-14

Derivative of Primary's Spin Rate: -7.97260758e-34
Primary dObl/dt: -0.00000000
Primary Equilibrium Rotation Rate: 54.20620629
Primary Equilibrium Rotation Period: 0.11591266
Primary Tidal Heat [W]: 4.56050594e+07
Primary Tidal Surface Flux [W/m^2]: 2.49688211e-11
Primary Equilibrium Tidal Surface Flux [W/m^2]: 0.00000000

Derivative of Secondary's Spin Rate: -2.73252894e-19
Secondary dObl/dt: 3.74574359e-16
Secondary Equilibrium Rotation Rate: 54.20620629
Secondary Equilibrium Rotation Period: 0.11591266
Secondary Tidal Heat [W]: 2.65259996e+15
Secondary Tidal Surface Flux [W/m^2]: 3.89356832
Secondary Equilibrium Tidal Surface Flux [W/m^2]: 0.01497639

Use Discrete Rotation States: 1
Discrete Equilibrium Spin Period: 0.11591266
Continuous Equilibrium Spin Period: 0.11591266
Primary epsilons: 1 -1 1 1 -1 1
Primary Gamma_Rotation: 4.00000000
Primary Gamma_Orbital: 4.00000000
Secondary epsilons: 1 1 1 1 1 1
Secondary Gamma_Rotation: 4.00000000
Secondary Gamma_Orbital: 4.00000000

----------- Halt ---------

Primary's Minimum Obliquity: -57.29577951
Secondary's Minimum Obliquity: -57.29577951

--------- Primary Body ---------

Primary Final Obliquity: 0.00000000
Primary Final Spin Period: 0.08213552
Primary Final Spin Frequency: 76.49778111

--------- Secondary Body ---------

Secondary Final Obliquity: 36.58802254
Secondary Final Spin Period: 0.10626671
Secondary Final Spin Frequency: 59.12656236
Final Angular Size of Primary body: 1.48990025

-------------- Orbit ----------

Final Semi-major Axis: 0.19599624
Final Orbital Mean Motion: 54.20610753
Final Orbital Period: 0.11591287
Final Eccentricity: 0.00000000

--------- Tidal Effects ---------

da/dt: 8.97964578e-15
de/dt: -0.00000000
dP/dt: 7.96592733e-15

Derivative of Primary's Spin Rate: -7.97254947e-34
Primary dObl/dt: -0.00000000
Primary Equilibrium Rotation Rate: 54.20610753
Primary Equilibrium Rotation Period: 0.11591287
Primary Tidal Heat [W]: 4.56049291e+07
Primary Tidal Surface Flux [W/m^2]: 2.49687498e-11
Primary Equilibrium Tidal Surface Flux [W/m^2]: 0.00000000

Derivative of Secondary's Spin Rate: 2.93873605e-39
Secondary dObl/dt: -2.17325553e-14
Secondary Equilibrium Rotation Rate: 54.20610753
Secondary Equilibrium Rotation Period: 0.11591287
Secondary Tidal Heat [W]: 2.65537273e+13
Secondary Tidal Surface Flux [W/m^2]: 0.03897638
Secondary Equilibrium Tidal Surface Flux [W/m^2]: 0.03346413

Use Discrete Rotation States: 1
Discrete Equilibrium Spin Period: 0.11591287
Continuous Equilibrium Spin Period: 0.11591287
Primary epsilons: 1 -1 1 1 -1 1
Primary Gamma_Rotation: 4.00000000
Primary Gamma_Orbital: 4.00000000
Secondary epsilons: 1 -1 1 1 -1 1
Secondary Gamma_Rotation: 2.57886404
Secondary Gamma_Orbital: 1.15772808

----------- Halt ---------

Primary's Minimum Obliquity: -57.29577951
Secondary's Minimum Obliquity: -57.29577951
