System Name: K02290.01
Tidal Model: Constant-Phase-Lag
Use Discrete Rotation Rate Model: 1
Integration Method: 4th order Runge-Kutta
Verbosity Level: 5

--------- Input/Output Units ---------

Mass Units: Solar
Length Units: AU
Time Units: Years
Angle Units: Degrees
Minimum Value of ecc and obl: 1.00000000e-10

--------- Files ---------

Executable: /Users/rory/src/eqtide/eqtide
Input: tide.in
Forward Output: K02290.01.forward
---------- Integration(s) ----------

Use Variable Timestep: Yes
Timestep Coefficient: 0.01000000

--------- Forward Integration ---------

Input Time Step: 0.00000000
Stop Time: 1.50000000e+10
Output Interval: 1.00000000e+09
Input Minimum Semi-major Axis: 0.00000000
Output Order: Time SemiMajorAxis Eccentricity SecPer[days] OrbPeriod[days] SecObliquity 

--------- Primary Body ---------

Primary Mass: 0.78660800
Primary Radius: 0.00332973
Primary Tidal Q: 1.00000000e+06

Primary Love Number k2: 0.50000000
Primary Input Obliquity: 0.00000000
Primary Input Spin Period: 0.08213552
Primary Input Spin Frequency: 76.49778111
Primary Radius of Gyration: 0.50000000

--------- Secondary Body ---------

Secondary Mass: 4.16210229e-05
Secondary Radius: 8.76105567e-05
Secondary Tidal Q: 34.00000000
Secondary Love Number k2: 0.30000000
Secondary Radius of Gyration: 0.50000000
Secondary Input Obliquity: 23.50000000
Secondary Input Spin Period: 0.00273785
Secondary Input Spin Frequency: 2294.93343338
Input Angular Size of Primary body: 1.04009276

-------------- Orbit ----------

Input Semi-major Axis: 0.36684100
Input Orbital Mean Motion: 25.08100805
Input Orbital Period: 0.25051566
Input Eccentricity: 0.00000000

--------- Tidal Effects ---------

da/dt: 3.57627066e-15
de/dt: 0.00000000
dP/dt: 3.66344891e-15

Derivative of Primary's Spin Rate: -1.98359594e-33
Primary dObl/dt: -0.00000000
Primary Equilibrium Rotation Rate: 25.08100805
Primary Equilibrium Rotation Period: 0.25051566
Primary Tidal Heat [W]: 6.27133102e+08
Primary Tidal Surface Flux [W/m^2]: 2.01131369e-10
Primary Equilibrium Tidal Surface Flux [W/m^2]: 0.00000000

Derivative of Secondary's Spin Rate: -8.60862865e-21
Secondary dObl/dt: 1.18006783e-17
Secondary Equilibrium Rotation Rate: 25.08100805
Secondary Equilibrium Rotation Period: 0.25051566
Secondary Tidal Heat [W]: 2.20065565e+15
Secondary Tidal Surface Flux [W/m^2]: 1.01947780
Secondary Equilibrium Tidal Surface Flux [W/m^2]: 0.00179112

Use Discrete Rotation States: 1
Discrete Equilibrium Spin Period: 0.25051566
Continuous Equilibrium Spin Period: 0.25051566
Primary epsilons: 1 1 1 1 1 1
Primary Gamma_Rotation: 4.00000000
Primary Gamma_Orbital: 4.00000000
Secondary epsilons: 1 1 1 1 1 1
Secondary Gamma_Rotation: 4.00000000
Secondary Gamma_Orbital: 4.00000000

----------- Halt ---------

Primary's Minimum Obliquity: -57.29577951
Secondary's Minimum Obliquity: -57.29577951

--------- Primary Body ---------

Primary Final Obliquity: 0.00000000
Primary Final Spin Period: 0.08213552
Primary Final Spin Frequency: 76.49778111

--------- Secondary Body ---------

Secondary Final Obliquity: 37.34613984
Secondary Final Spin Period: 0.22950381
Secondary Final Spin Frequency: 27.37725951
Final Angular Size of Primary body: 1.04009019

-------------- Orbit ----------

Final Semi-major Axis: 0.36684190
Final Orbital Mean Motion: 25.08091543
Final Orbital Period: 0.25051659
Final Eccentricity: 0.00000000

--------- Tidal Effects ---------

da/dt: 9.44166572e-16
de/dt: -0.00000000
dP/dt: 9.67183582e-16

Derivative of Primary's Spin Rate: -1.98356664e-33
Primary dObl/dt: -0.00000000
Primary Equilibrium Rotation Rate: 25.08091543
Primary Equilibrium Rotation Period: 0.25051659
Primary Tidal Heat [W]: 6.27124968e+08
Primary Tidal Surface Flux [W/m^2]: 2.01128760e-10
Primary Equilibrium Tidal Surface Flux [W/m^2]: 0.00000000

Derivative of Secondary's Spin Rate: 2.93873605e-39
Secondary dObl/dt: -1.50488946e-15
Secondary Equilibrium Rotation Rate: 25.08091543
Secondary Equilibrium Rotation Period: 0.25051659
Secondary Tidal Heat [W]: 1.03552662e+13
Secondary Tidal Surface Flux [W/m^2]: 0.00479719
Secondary Equilibrium Tidal Surface Flux [W/m^2]: 0.00414537

Use Discrete Rotation States: 1
Discrete Equilibrium Spin Period: 0.25051659
Continuous Equilibrium Spin Period: 0.25051659
Primary epsilons: 1 1 1 1 1 1
Primary Gamma_Rotation: 4.00000000
Primary Gamma_Orbital: 4.00000000
Secondary epsilons: 1 -1 1 1 -1 1
Secondary Gamma_Rotation: 2.52800603
Secondary Gamma_Orbital: 1.05601207

----------- Halt ---------

Primary's Minimum Obliquity: -57.29577951
Secondary's Minimum Obliquity: -57.29577951
