System Name: K02373.01
Tidal Model: Constant-Phase-Lag
Use Discrete Rotation Rate Model: 1
Integration Method: 4th order Runge-Kutta
Verbosity Level: 5

--------- Input/Output Units ---------

Mass Units: Solar
Length Units: AU
Time Units: Years
Angle Units: Degrees
Minimum Value of ecc and obl: 1.00000000e-10

--------- Files ---------

Executable: /Users/rory/src/eqtide/eqtide
Input: tide.in
Forward Output: K02373.01.forward
---------- Integration(s) ----------

Use Variable Timestep: Yes
Timestep Coefficient: 0.01000000

--------- Forward Integration ---------

Input Time Step: 0.00000000
Stop Time: 1.50000000e+10
Output Interval: 1.00000000e+09
Input Minimum Semi-major Axis: 0.00000000
Output Order: Time SemiMajorAxis Eccentricity SecPer[days] OrbPeriod[days] SecObliquity 

--------- Primary Body ---------

Primary Mass: 0.87295700
Primary Radius: 0.00385058
Primary Tidal Q: 1.00000000e+06

Primary Love Number k2: 0.50000000
Primary Input Obliquity: 0.00000000
Primary Input Spin Period: 0.08213552
Primary Input Spin Frequency: 76.49778111
Primary Radius of Gyration: 0.50000000

--------- Secondary Body ---------

Secondary Mass: 3.96216212e-05
Secondary Radius: 8.64368172e-05
Secondary Tidal Q: 34.00000000
Secondary Love Number k2: 0.30000000
Secondary Radius of Gyration: 0.50000000
Secondary Input Obliquity: 23.50000000
Secondary Input Spin Period: 0.00273785
Secondary Input Spin Frequency: 2294.93343338
Input Angular Size of Primary body: 0.84586698

-------------- Orbit ----------

Input Semi-major Axis: 0.52163800
Input Orbital Mean Motion: 15.58201333
Input Orbital Period: 0.40323321
Input Eccentricity: 0.00000000

--------- Tidal Effects ---------

da/dt: 5.92207111e-16
de/dt: 0.00000000
dP/dt: 6.86691716e-16

Derivative of Primary's Spin Rate: -3.03013188e-34
Primary dObl/dt: -0.00000000
Primary Equilibrium Rotation Rate: 15.58201333
Primary Equilibrium Rotation Period: 0.40323321
Primary Tidal Heat [W]: 1.68446531e+08
Primary Tidal Surface Flux [W/m^2]: 4.03968524e-11
Primary Equilibrium Tidal Surface Flux [W/m^2]: 0.00000000

Derivative of Secondary's Spin Rate: -1.29378566e-21
Secondary dObl/dt: 1.77351742e-18
Secondary Equilibrium Rotation Rate: 15.58201333
Secondary Equilibrium Rotation Period: 0.40323321
Secondary Tidal Heat [W]: 3.07750141e+14
Secondary Tidal Surface Flux [W/m^2]: 0.14646683
Secondary Equilibrium Tidal Surface Flux [W/m^2]: 0.00015920

Use Discrete Rotation States: 1
Discrete Equilibrium Spin Period: 0.40323321
Continuous Equilibrium Spin Period: 0.40323321
Primary epsilons: 1 1 1 1 1 1
Primary Gamma_Rotation: 4.00000000
Primary Gamma_Orbital: 4.00000000
Secondary epsilons: 1 1 1 1 1 1
Secondary Gamma_Rotation: 4.00000000
Secondary Gamma_Orbital: 4.00000000

----------- Halt ---------

Primary's Minimum Obliquity: -57.29577951
Secondary's Minimum Obliquity: -57.29577951

--------- Primary Body ---------

Primary Final Obliquity: 0.00000000
Primary Final Spin Period: 0.08213552
Primary Final Spin Frequency: 76.49778111

--------- Secondary Body ---------

Secondary Final Obliquity: 40.14216054
Secondary Final Spin Period: 0.36714047
Secondary Final Spin Frequency: 17.11384572
Final Angular Size of Primary body: 0.84586533

-------------- Orbit ----------

Final Semi-major Axis: 0.52163902
Final Orbital Mean Motion: 15.58196783
Final Orbital Period: 0.40323439
Final Eccentricity: 0.00000000

--------- Tidal Effects ---------

da/dt: 9.99493565e-17
de/dt: -0.00000000
dP/dt: 1.15896045e-16

Derivative of Primary's Spin Rate: -3.03009649e-34
Primary dObl/dt: -0.00000000
Primary Equilibrium Rotation Rate: 15.58196783
Primary Equilibrium Rotation Period: 0.40323439
Primary Tidal Heat [W]: 1.68444689e+08
Primary Tidal Surface Flux [W/m^2]: 4.03964107e-11
Primary Equilibrium Tidal Surface Flux [W/m^2]: 0.00000000

Derivative of Secondary's Spin Rate: 2.93873605e-39
Secondary dObl/dt: -3.84505083e-16
Secondary Equilibrium Rotation Rate: 15.58196783
Secondary Equilibrium Rotation Period: 0.40323439
Secondary Tidal Heat [W]: 9.95246937e+11
Secondary Tidal Surface Flux [W/m^2]: 0.00047367
Secondary Equilibrium Tidal Surface Flux [W/m^2]: 0.00041614

Use Discrete Rotation States: 1
Discrete Equilibrium Spin Period: 0.40323439
Continuous Equilibrium Spin Period: 0.40323439
Primary epsilons: 1 1 1 1 1 1
Primary Gamma_Rotation: 4.00000000
Primary Gamma_Orbital: 4.00000000
Secondary epsilons: 1 -1 1 1 -1 1
Secondary Gamma_Rotation: 2.33751822
Secondary Gamma_Orbital: 0.67503644

----------- Halt ---------

Primary's Minimum Obliquity: -57.29577951
Secondary's Minimum Obliquity: -57.29577951
