System Name: K02474.01
Tidal Model: Constant-Phase-Lag
Use Discrete Rotation Rate Model: 1
Integration Method: 4th order Runge-Kutta
Verbosity Level: 5

--------- Input/Output Units ---------

Mass Units: Solar
Length Units: AU
Time Units: Years
Angle Units: Degrees
Minimum Value of ecc and obl: 1.00000000e-10

--------- Files ---------

Executable: /Users/rory/src/eqtide/eqtide
Input: tide.in
Forward Output: K02474.01.forward
---------- Integration(s) ----------

Use Variable Timestep: Yes
Timestep Coefficient: 0.01000000

--------- Forward Integration ---------

Input Time Step: 0.00000000
Stop Time: 1.50000000e+10
Output Interval: 1.00000000e+09
Input Minimum Semi-major Axis: 0.00000000
Output Order: Time SemiMajorAxis Eccentricity SecPer[days] OrbPeriod[days] SecObliquity 

--------- Primary Body ---------

Primary Mass: 0.80509800
Primary Radius: 0.00370642
Primary Tidal Q: 1.00000000e+06

Primary Love Number k2: 0.50000000
Primary Input Obliquity: 0.00000000
Primary Input Spin Period: 0.08213552
Primary Input Spin Frequency: 76.49778111
Primary Radius of Gyration: 0.50000000

--------- Secondary Body ---------

Secondary Mass: 2.59830140e-05
Secondary Radius: 7.70008122e-05
Secondary Tidal Q: 34.00000000
Secondary Love Number k2: 0.30000000
Secondary Radius of Gyration: 0.50000000
Secondary Input Obliquity: 23.50000000
Secondary Input Spin Period: 0.00273785
Secondary Input Spin Frequency: 2294.93343338
Input Angular Size of Primary body: 0.74042810

-------------- Orbit ----------

Input Semi-major Axis: 0.57361200
Input Orbital Mean Motion: 12.97702559
Input Orbital Period: 0.48417762
Input Eccentricity: 0.00000000

--------- Tidal Effects ---------

da/dt: 2.66138813e-16
de/dt: 0.00000000
dP/dt: 3.36971338e-16

Derivative of Primary's Spin Rate: -7.12705510e-35
Primary dObl/dt: -0.00000000
Primary Equilibrium Rotation Rate: 12.97702559
Primary Equilibrium Rotation Period: 0.48417762
Primary Tidal Heat [W]: 3.53027433e+07
Primary Tidal Surface Flux [W/m^2]: 9.13772200e-12
Primary Equilibrium Tidal Surface Flux [W/m^2]: 0.00000000

Derivative of Secondary's Spin Rate: -6.70984388e-22
Secondary dObl/dt: 9.19783542e-19
Secondary Equilibrium Rotation Rate: 12.97702559
Secondary Equilibrium Rotation Period: 0.48417762
Secondary Tidal Heat [W]: 8.31562246e+13
Secondary Tidal Surface Flux [W/m^2]: 0.04987038
Secondary Equilibrium Tidal Surface Flux [W/m^2]: 4.50930793e-05

Use Discrete Rotation States: 1
Discrete Equilibrium Spin Period: 0.48417762
Continuous Equilibrium Spin Period: 0.48417762
Primary epsilons: 1 1 1 1 1 1
Primary Gamma_Rotation: 4.00000000
Primary Gamma_Orbital: 4.00000000
Secondary epsilons: 1 1 1 1 1 1
Secondary Gamma_Rotation: 4.00000000
Secondary Gamma_Orbital: 4.00000000

----------- Halt ---------

Primary's Minimum Obliquity: -57.29577951
Secondary's Minimum Obliquity: -57.29577951

--------- Primary Body ---------

Primary Final Obliquity: 0.00000000
Primary Final Spin Period: 0.08213552
Primary Final Spin Frequency: 76.49778111

--------- Secondary Body ---------

Secondary Final Obliquity: 41.78960466
Secondary Final Spin Period: 0.44441619
Secondary Final Spin Frequency: 14.13806579
Final Angular Size of Primary body: 0.74042696

-------------- Orbit ----------

Final Semi-major Axis: 0.57361289
Final Orbital Mean Motion: 12.97699553
Final Orbital Period: 0.48417874
Final Eccentricity: 0.00000000

--------- Tidal Effects ---------

da/dt: 2.97655304e-17
de/dt: -0.00000000
dP/dt: 3.76876196e-17

Derivative of Primary's Spin Rate: -7.12698906e-35
Primary dObl/dt: -0.00000000
Primary Equilibrium Rotation Rate: 12.97699553
Primary Equilibrium Rotation Period: 0.48417874
Primary Tidal Heat [W]: 3.53024329e+07
Primary Tidal Surface Flux [W/m^2]: 9.13764166e-12
Primary Equilibrium Tidal Surface Flux [W/m^2]: 0.00000000

Derivative of Secondary's Spin Rate: 2.93873605e-39
Secondary dObl/dt: -2.49514358e-16
Secondary Equilibrium Rotation Rate: 12.97699553
Secondary Equilibrium Rotation Period: 0.48417874
Secondary Tidal Heat [W]: 2.33522912e+11
Secondary Tidal Surface Flux [W/m^2]: 0.00014005
Secondary Equilibrium Tidal Surface Flux [W/m^2]: 0.00012594

Use Discrete Rotation States: 1
Discrete Equilibrium Spin Period: 0.48417874
Continuous Equilibrium Spin Period: 0.48417874
Primary epsilons: 1 1 1 1 1 1
Primary Gamma_Rotation: 4.00000000
Primary Gamma_Orbital: 4.00000000
Secondary epsilons: 1 -1 1 1 -1 1
Secondary Gamma_Rotation: 2.22365906
Secondary Gamma_Orbital: 0.44731812

----------- Halt ---------

Primary's Minimum Obliquity: -57.29577951
Secondary's Minimum Obliquity: -57.29577951
