System Name: K02418.01
Tidal Model: Constant-Phase-Lag
Use Discrete Rotation Rate Model: 1
Integration Method: 4th order Runge-Kutta
Verbosity Level: 5

--------- Input/Output Units ---------

Mass Units: Solar
Length Units: AU
Time Units: Years
Angle Units: Degrees
Minimum Value of ecc and obl: 1.00000000e-10

--------- Files ---------

Executable: /Users/rory/src/eqtide/eqtide
Input: tide.in
Forward Output: K02418.01.forward
---------- Integration(s) ----------

Use Variable Timestep: Yes
Timestep Coefficient: 0.01000000

--------- Forward Integration ---------

Input Time Step: 0.00000000
Stop Time: 1.50000000e+10
Output Interval: 1.00000000e+09
Input Minimum Semi-major Axis: 0.00000000
Output Order: Time SemiMajorAxis Eccentricity SecPer[days] OrbPeriod[days] SecObliquity 

--------- Primary Body ---------

Primary Mass: 0.43046000
Primary Radius: 0.00192529
Primary Tidal Q: 1.00000000e+06

Primary Love Number k2: 0.50000000
Primary Input Obliquity: 0.00000000
Primary Input Spin Period: 0.08213552
Primary Input Spin Frequency: 76.49778111
Primary Radius of Gyration: 0.50000000

--------- Secondary Body ---------

Secondary Mass: 8.20798036e-06
Secondary Radius: 5.61545067e-05
Secondary Tidal Q: 34.00000000
Secondary Love Number k2: 0.30000000
Secondary Radius of Gyration: 0.50000000
Secondary Input Obliquity: 23.50000000
Secondary Input Spin Period: 0.00273785
Secondary Input Spin Frequency: 2294.93343338
Input Angular Size of Primary body: 0.76140873

-------------- Orbit ----------

Input Semi-major Axis: 0.28975100
Input Orbital Mean Motion: 26.43043114
Input Orbital Period: 0.23772542
Input Eccentricity: 0.00000000

--------- Tidal Effects ---------

da/dt: 2.90661870e-15
de/dt: 0.00000000
dP/dt: 3.57712520e-15

Derivative of Primary's Spin Rate: -1.12229078e-34
Primary dObl/dt: -0.00000000
Primary Equilibrium Rotation Rate: 26.43043114
Primary Equilibrium Rotation Period: 0.23772542
Primary Tidal Heat [W]: 6.32136367e+06
Primary Tidal Surface Flux [W/m^2]: 6.06395854e-12
Primary Equilibrium Tidal Surface Flux [W/m^2]: 0.00000000

Derivative of Secondary's Spin Rate: -1.41762505e-20
Secondary dObl/dt: 1.94327646e-17
Secondary Equilibrium Rotation Rate: 26.43043114
Secondary Equilibrium Rotation Period: 0.23772542
Secondary Tidal Heat [W]: 2.93427723e+14
Secondary Tidal Surface Flux [W/m^2]: 0.33087997
Secondary Equilibrium Tidal Surface Flux [W/m^2]: 0.00061296

Use Discrete Rotation States: 1
Discrete Equilibrium Spin Period: 0.23772542
Continuous Equilibrium Spin Period: 0.23772542
Primary epsilons: 1 1 1 1 1 1
Primary Gamma_Rotation: 4.00000000
Primary Gamma_Orbital: 4.00000000
Secondary epsilons: 1 1 1 1 1 1
Secondary Gamma_Rotation: 4.00000000
Secondary Gamma_Orbital: 4.00000000

----------- Halt ---------

Primary's Minimum Obliquity: -57.29577951
Secondary's Minimum Obliquity: -57.29577951

--------- Primary Body ---------

Primary Final Obliquity: 0.00000000
Primary Final Spin Period: 0.08213552
Primary Final Spin Frequency: 76.49778111

--------- Secondary Body ---------

Secondary Final Obliquity: 37.28845171
Secondary Final Spin Period: 0.21678220
Secondary Final Spin Frequency: 28.98386205
Final Angular Size of Primary body: 0.76140756

-------------- Orbit ----------

Final Semi-major Axis: 0.28975144
Final Orbital Mean Motion: 26.43037031
Final Orbital Period: 0.23772597
Final Eccentricity: 0.00000000

--------- Tidal Effects ---------

da/dt: 7.72995495e-16
de/dt: -0.00000000
dP/dt: 9.51312872e-16

Derivative of Primary's Spin Rate: -1.12228045e-34
Primary dObl/dt: -0.00000000
Primary Equilibrium Rotation Rate: 26.43037031
Primary Equilibrium Rotation Period: 0.23772597
Primary Tidal Heat [W]: 6.32131316e+06
Primary Tidal Surface Flux [W/m^2]: 6.06391008e-12
Primary Equilibrium Tidal Surface Flux [W/m^2]: 0.00000000

Derivative of Secondary's Spin Rate: 2.93873605e-39
Secondary dObl/dt: -2.33773079e-15
Secondary Equilibrium Rotation Rate: 26.43037031
Secondary Equilibrium Rotation Period: 0.23772597
Secondary Tidal Heat [W]: 1.46382041e+12
Secondary Tidal Surface Flux [W/m^2]: 0.00165066
Secondary Equilibrium Tidal Surface Flux [W/m^2]: 0.00141491

Use Discrete Rotation States: 1
Discrete Equilibrium Spin Period: 0.23772597
Continuous Equilibrium Spin Period: 0.23772597
Primary epsilons: 1 1 1 1 1 1
Primary Gamma_Rotation: 4.00000000
Primary Gamma_Orbital: 4.00000000
Secondary epsilons: 1 -1 1 1 -1 1
Secondary Gamma_Rotation: 2.53188947
Secondary Gamma_Orbital: 1.06377893

----------- Halt ---------

Primary's Minimum Obliquity: -57.29577951
Secondary's Minimum Obliquity: -57.29577951
