System Name: K02554.01
Tidal Model: Constant-Phase-Lag
Use Discrete Rotation Rate Model: 1
Integration Method: 4th order Runge-Kutta
Verbosity Level: 5

--------- Input/Output Units ---------

Mass Units: Solar
Length Units: AU
Time Units: Years
Angle Units: Degrees
Minimum Value of ecc and obl: 1.00000000e-10

--------- Files ---------

Executable: /Users/rory/src/eqtide/eqtide
Input: tide.in
Forward Output: K02554.01.forward
---------- Integration(s) ----------

Use Variable Timestep: Yes
Timestep Coefficient: 0.01000000

--------- Forward Integration ---------

Input Time Step: 0.00000000
Stop Time: 1.50000000e+10
Output Interval: 1.00000000e+09
Input Minimum Semi-major Axis: 0.00000000
Output Order: Time SemiMajorAxis Eccentricity SecPer[days] OrbPeriod[days] SecObliquity 

--------- Primary Body ---------

Primary Mass: 0.51531500
Primary Radius: 0.00237174
Primary Tidal Q: 1.00000000e+06

Primary Love Number k2: 0.50000000
Primary Input Obliquity: 0.00000000
Primary Input Spin Period: 0.08213552
Primary Input Spin Frequency: 76.49778111
Primary Radius of Gyration: 0.50000000

--------- Secondary Body ---------

Secondary Mass: 1.07834934e-05
Secondary Radius: 6.05141413e-05
Secondary Tidal Q: 34.00000000
Secondary Love Number k2: 0.30000000
Secondary Radius of Gyration: 0.50000000
Secondary Input Obliquity: 23.50000000
Secondary Input Spin Period: 0.00273785
Secondary Input Spin Frequency: 2294.93343338
Input Angular Size of Primary body: 1.48695983

-------------- Orbit ----------

Input Semi-major Axis: 0.18276600
Input Orbital Mean Motion: 57.72566534
Input Orbital Period: 0.10884561
Input Eccentricity: 0.00000000

--------- Tidal Effects ---------

da/dt: 5.31067335e-14
de/dt: 0.00000000
dP/dt: 4.74417725e-14

Derivative of Primary's Spin Rate: -4.80284389e-33
Primary dObl/dt: -0.00000000
Primary Equilibrium Rotation Rate: 57.72566534
Primary Equilibrium Rotation Period: 0.10884561
Primary Tidal Heat [W]: 1.84264691e+08
Primary Tidal Surface Flux [W/m^2]: 1.16479072e-10
Primary Equilibrium Tidal Surface Flux [W/m^2]: 0.00000000

Derivative of Secondary's Spin Rate: -3.07264348e-19
Secondary dObl/dt: 4.21196994e-16
Secondary Equilibrium Rotation Rate: 57.72566534
Secondary Equilibrium Rotation Period: 0.10884561
Secondary Tidal Heat [W]: 9.56944126e+15
Secondary Tidal Surface Flux [W/m^2]: 9.29204690
Secondary Equilibrium Tidal Surface Flux [W/m^2]: 0.03812180

Use Discrete Rotation States: 1
Discrete Equilibrium Spin Period: 0.10884561
Continuous Equilibrium Spin Period: 0.10884561
Primary epsilons: 1 -1 1 1 -1 1
Primary Gamma_Rotation: 4.00000000
Primary Gamma_Orbital: 4.00000000
Secondary epsilons: 1 1 1 1 1 1
Secondary Gamma_Rotation: 4.00000000
Secondary Gamma_Orbital: 4.00000000

----------- Halt ---------

Primary's Minimum Obliquity: -57.29577951
Secondary's Minimum Obliquity: -57.29577951

--------- Primary Body ---------

Primary Final Obliquity: 0.00000000
Primary Final Spin Period: 0.08213552
Primary Final Spin Frequency: 76.49778111

--------- Secondary Body ---------

Secondary Final Obliquity: 36.53290227
Secondary Final Spin Period: 0.09990326
Secondary Final Spin Frequency: 62.89269337
Final Angular Size of Primary body: 1.48695689

-------------- Orbit ----------

Final Semi-major Axis: 0.18276636
Final Orbital Mean Motion: 57.72549416
Final Orbital Period: 0.10884593
Final Eccentricity: 0.00000000

--------- Tidal Effects ---------

da/dt: 1.54684859e-14
de/dt: -0.00000000
dP/dt: 1.38184570e-14

Derivative of Primary's Spin Rate: -4.80278692e-33
Primary dObl/dt: -0.00000000
Primary Equilibrium Rotation Rate: 57.72549416
Primary Equilibrium Rotation Period: 0.10884593
Primary Tidal Heat [W]: 1.84264186e+08
Primary Tidal Surface Flux [W/m^2]: 1.16478752e-10
Primary Equilibrium Tidal Surface Flux [W/m^2]: 0.00000000

Derivative of Secondary's Spin Rate: 2.93873605e-39
Secondary dObl/dt: -2.29443244e-14
Secondary Equilibrium Rotation Rate: 57.72549416
Secondary Equilibrium Rotation Period: 0.10884593
Secondary Tidal Heat [W]: 1.01766511e+14
Secondary Tidal Surface Flux [W/m^2]: 0.09881655
Secondary Equilibrium Tidal Surface Flux [W/m^2]: 0.08496038

Use Discrete Rotation States: 1
Discrete Equilibrium Spin Period: 0.10884593
Continuous Equilibrium Spin Period: 0.10884593
Primary epsilons: 1 -1 1 1 -1 1
Primary Gamma_Rotation: 4.00000000
Primary Gamma_Orbital: 4.00000000
Secondary epsilons: 1 -1 1 1 -1 1
Secondary Gamma_Rotation: 2.58254638
Secondary Gamma_Orbital: 1.16509276

----------- Halt ---------

Primary's Minimum Obliquity: -57.29577951
Secondary's Minimum Obliquity: -57.29577951
