System Name: K02760.01
Tidal Model: Constant-Phase-Lag
Use Discrete Rotation Rate Model: 1
Integration Method: 4th order Runge-Kutta
Verbosity Level: 5

--------- Input/Output Units ---------

Mass Units: Solar
Length Units: AU
Time Units: Years
Angle Units: Degrees
Minimum Value of ecc and obl: 1.00000000e-10

--------- Files ---------

Executable: /Users/rory/src/eqtide/eqtide
Input: tide.in
Forward Output: K02760.01.forward
---------- Integration(s) ----------

Use Variable Timestep: Yes
Timestep Coefficient: 0.01000000

--------- Forward Integration ---------

Input Time Step: 0.00000000
Stop Time: 1.50000000e+10
Output Interval: 1.00000000e+09
Input Minimum Semi-major Axis: 0.00000000
Output Order: Time SemiMajorAxis Eccentricity SecPer[days] OrbPeriod[days] SecObliquity 

--------- Primary Body ---------

Primary Mass: 0.66824200
Primary Radius: 0.00297165
Primary Tidal Q: 1.00000000e+06

Primary Love Number k2: 0.50000000
Primary Input Obliquity: 0.00000000
Primary Input Spin Period: 0.08213552
Primary Input Spin Frequency: 76.49778111
Primary Radius of Gyration: 0.50000000

--------- Secondary Body ---------

Secondary Mass: 3.44223110e-05
Secondary Radius: 8.31689352e-05
Secondary Tidal Q: 34.00000000
Secondary Love Number k2: 0.30000000
Secondary Radius of Gyration: 0.50000000
Secondary Input Obliquity: 23.50000000
Secondary Input Spin Period: 0.00273785
Secondary Input Spin Frequency: 2294.93343338
Input Angular Size of Primary body: 1.35041477

-------------- Orbit ----------

Input Semi-major Axis: 0.25215200
Input Orbital Mean Motion: 40.56538155
Input Orbital Period: 0.15489033
Input Eccentricity: 0.00000000

--------- Tidal Effects ---------

da/dt: 2.05197819e-14
de/dt: 0.00000000
dP/dt: 1.89076290e-14

Derivative of Primary's Spin Rate: -1.07643688e-32
Primary dObl/dt: -0.00000000
Primary Equilibrium Rotation Rate: 40.56538155
Primary Equilibrium Rotation Period: 0.15489033
Primary Tidal Heat [W]: 1.60926500e+09
Primary Tidal Surface Flux [W/m^2]: 6.47995484e-10
Primary Equilibrium Tidal Surface Flux [W/m^2]: 0.00000000

Derivative of Secondary's Spin Rate: -6.09346512e-20
Secondary dObl/dt: 8.35289892e-17
Secondary Equilibrium Rotation Rate: 40.56538155
Secondary Equilibrium Rotation Period: 0.15489033
Secondary Tidal Heat [W]: 1.15304518e+16
Secondary Tidal Surface Flux [W/m^2]: 5.92737770
Secondary Equilibrium Tidal Surface Flux [W/m^2]: 0.01695871

Use Discrete Rotation States: 1
Discrete Equilibrium Spin Period: 0.15489033
Continuous Equilibrium Spin Period: 0.15489033
Primary epsilons: 1 1 1 1 -1 1
Primary Gamma_Rotation: 4.00000000
Primary Gamma_Orbital: 4.00000000
Secondary epsilons: 1 1 1 1 1 1
Secondary Gamma_Rotation: 4.00000000
Secondary Gamma_Orbital: 4.00000000

----------- Halt ---------

Primary's Minimum Obliquity: -57.29577951
Secondary's Minimum Obliquity: -57.29577951

--------- Primary Body ---------

Primary Final Obliquity: 0.00000000
Primary Final Spin Period: 0.08213552
Primary Final Spin Frequency: 76.49778111

--------- Secondary Body ---------

Secondary Final Obliquity: 36.77558692
Secondary Final Spin Period: 0.14112297
Secondary Final Spin Frequency: 44.52276774
Final Angular Size of Primary body: 1.35041094

-------------- Orbit ----------

Final Semi-major Axis: 0.25215272
Final Orbital Mean Motion: 40.56520884
Final Orbital Period: 0.15489099
Final Eccentricity: 0.00000000

--------- Tidal Effects ---------

da/dt: 5.81039615e-15
de/dt: -0.00000000
dP/dt: 5.35390536e-15

Derivative of Primary's Spin Rate: -1.07641855e-32
Primary dObl/dt: -0.00000000
Primary Equilibrium Rotation Rate: 40.56520884
Primary Equilibrium Rotation Period: 0.15489099
Primary Tidal Heat [W]: 1.60924533e+09
Primary Tidal Surface Flux [W/m^2]: 6.47987562e-10
Primary Equilibrium Tidal Surface Flux [W/m^2]: 0.00000000

Derivative of Secondary's Spin Rate: 2.93873605e-39
Secondary dObl/dt: -6.46420702e-15
Secondary Equilibrium Rotation Rate: 40.56520884
Secondary Equilibrium Rotation Period: 0.15489099
Secondary Tidal Heat [W]: 8.73501527e+13
Secondary Tidal Surface Flux [W/m^2]: 0.04490347
Secondary Equilibrium Tidal Surface Flux [W/m^2]: 0.03822760

Use Discrete Rotation States: 1
Discrete Equilibrium Spin Period: 0.15489099
Continuous Equilibrium Spin Period: 0.15489099
Primary epsilons: 1 1 1 1 -1 1
Primary Gamma_Rotation: 4.00000000
Primary Gamma_Orbital: 4.00000000
Secondary epsilons: 1 -1 1 1 -1 1
Secondary Gamma_Rotation: 2.56631772
Secondary Gamma_Orbital: 1.13263544

----------- Halt ---------

Primary's Minimum Obliquity: -57.29577951
Secondary's Minimum Obliquity: -57.29577951
