System Name: K02882.01
Tidal Model: Constant-Phase-Lag
Use Discrete Rotation Rate Model: 1
Integration Method: 4th order Runge-Kutta
Verbosity Level: 5

--------- Input/Output Units ---------

Mass Units: Solar
Length Units: AU
Time Units: Years
Angle Units: Degrees
Minimum Value of ecc and obl: 1.00000000e-10

--------- Files ---------

Executable: /Users/rory/src/eqtide/eqtide
Input: tide.in
Forward Output: K02882.01.forward
---------- Integration(s) ----------

Use Variable Timestep: Yes
Timestep Coefficient: 0.01000000

--------- Forward Integration ---------

Input Time Step: 0.00000000
Stop Time: 1.50000000e+10
Output Interval: 1.00000000e+09
Input Minimum Semi-major Axis: 0.00000000
Output Order: Time SemiMajorAxis Eccentricity SecPer[days] OrbPeriod[days] SecObliquity 

--------- Primary Body ---------

Primary Mass: 0.64308600
Primary Radius: 0.00285538
Primary Tidal Q: 1.00000000e+06

Primary Love Number k2: 0.50000000
Primary Input Obliquity: 0.00000000
Primary Input Spin Period: 0.08213552
Primary Input Spin Frequency: 76.49778111
Primary Radius of Gyration: 0.50000000

--------- Secondary Body ---------

Secondary Mass: 7.48600673e-05
Secondary Radius: 0.00010290
Secondary Tidal Q: 34.00000000
Secondary Love Number k2: 0.30000000
Secondary Radius of Gyration: 0.50000000
Secondary Input Obliquity: 23.50000000
Secondary Input Spin Period: 0.00273785
Secondary Input Spin Frequency: 2294.93343338
Input Angular Size of Primary body: 1.08084451

-------------- Orbit ----------

Input Semi-major Axis: 0.30272000
Input Orbital Mean Motion: 30.25305613
Input Orbital Period: 0.20768762
Input Eccentricity: 0.00000000

--------- Tidal Effects ---------

da/dt: 9.44939125e-15
de/dt: 0.00000000
dP/dt: 9.72500575e-15

Derivative of Primary's Spin Rate: -1.56748724e-32
Primary dObl/dt: 0.00000000
Primary Equilibrium Rotation Rate: 30.25305613
Primary Equilibrium Rotation Period: 0.20768762
Primary Tidal Heat [W]: 2.67971930e+09
Primary Tidal Surface Flux [W/m^2]: 1.16868829e-09
Primary Equilibrium Tidal Surface Flux [W/m^2]: 0.00000000

Derivative of Secondary's Spin Rate: -1.64125391e-20
Secondary dObl/dt: 2.24982318e-17
Secondary Equilibrium Rotation Rate: 30.25305613
Secondary Equilibrium Rotation Period: 0.20768762
Secondary Tidal Heat [W]: 1.03856149e+16
Secondary Tidal Surface Flux [W/m^2]: 3.48791853
Secondary Equilibrium Tidal Surface Flux [W/m^2]: 0.00740846

Use Discrete Rotation States: 1
Discrete Equilibrium Spin Period: 0.20768762
Continuous Equilibrium Spin Period: 0.20768762
Primary epsilons: 1 1 1 1 1 1
Primary Gamma_Rotation: 4.00000000
Primary Gamma_Orbital: 4.00000000
Secondary epsilons: 1 1 1 1 1 1
Secondary Gamma_Rotation: 4.00000000
Secondary Gamma_Orbital: 4.00000000

----------- Halt ---------

Primary's Minimum Obliquity: -57.29577951
Secondary's Minimum Obliquity: -57.29577951

--------- Primary Body ---------

Primary Final Obliquity: 0.00000000
Primary Final Spin Period: 0.08213552
Primary Final Spin Frequency: 76.49778111

--------- Secondary Body ---------

Secondary Final Obliquity: 36.93150075
Secondary Final Spin Period: 0.19002100
Secondary Final Spin Frequency: 33.06574199
Final Angular Size of Primary body: 1.08084008

-------------- Orbit ----------

Final Semi-major Axis: 0.30272124
Final Orbital Mean Motion: 30.25287014
Final Orbital Period: 0.20768890
Final Eccentricity: 0.00000000

--------- Tidal Effects ---------

da/dt: 2.62634370e-15
de/dt: -0.00000000
dP/dt: 2.70295295e-15

Derivative of Primary's Spin Rate: -1.56744869e-32
Primary dObl/dt: 0.00000000
Primary Equilibrium Rotation Rate: 30.25287014
Primary Equilibrium Rotation Period: 0.20768890
Primary Tidal Heat [W]: 2.67966418e+09
Primary Tidal Surface Flux [W/m^2]: 1.16866425e-09
Primary Equilibrium Tidal Surface Flux [W/m^2]: 0.00000000

Derivative of Secondary's Spin Rate: 2.93873605e-39
Secondary dObl/dt: -2.35290279e-15
Secondary Equilibrium Rotation Rate: 30.25287014
Secondary Equilibrium Rotation Period: 0.20768890
Secondary Tidal Heat [W]: 5.83294888e+13
Secondary Tidal Surface Flux [W/m^2]: 0.01958945
Secondary Equilibrium Tidal Surface Flux [W/m^2]: 0.01682138

Use Discrete Rotation States: 1
Discrete Equilibrium Spin Period: 0.20768890
Continuous Equilibrium Spin Period: 0.20768890
Primary epsilons: 1 1 1 1 1 1
Primary Gamma_Rotation: 4.00000000
Primary Gamma_Orbital: 4.00000000
Secondary epsilons: 1 -1 1 1 -1 1
Secondary Gamma_Rotation: 2.55587003
Secondary Gamma_Orbital: 1.11174006

----------- Halt ---------

Primary's Minimum Obliquity: -57.29577951
Secondary's Minimum Obliquity: -57.29577951
