System Name: K02992.01
Tidal Model: Constant-Phase-Lag
Use Discrete Rotation Rate Model: 1
Integration Method: 4th order Runge-Kutta
Verbosity Level: 5

--------- Input/Output Units ---------

Mass Units: Solar
Length Units: AU
Time Units: Years
Angle Units: Degrees
Minimum Value of ecc and obl: 1.00000000e-10

--------- Files ---------

Executable: /Users/rory/src/eqtide/eqtide
Input: tide.in
Forward Output: K02992.01.forward
---------- Integration(s) ----------

Use Variable Timestep: Yes
Timestep Coefficient: 0.01000000

--------- Forward Integration ---------

Input Time Step: 0.00000000
Stop Time: 1.50000000e+10
Output Interval: 1.00000000e+09
Input Minimum Semi-major Axis: 0.00000000
Output Order: Time SemiMajorAxis Eccentricity SecPer[days] OrbPeriod[days] SecObliquity 

--------- Primary Body ---------

Primary Mass: 0.57366400
Primary Radius: 0.00255775
Primary Tidal Q: 1.00000000e+06

Primary Love Number k2: 0.50000000
Primary Input Obliquity: 0.00000000
Primary Input Spin Period: 0.08213552
Primary Input Spin Frequency: 76.49778111
Primary Radius of Gyration: 0.50000000

--------- Secondary Body ---------

Secondary Mass: 8.25162497e-05
Secondary Radius: 0.00010568
Secondary Tidal Q: 34.00000000
Secondary Love Number k2: 0.30000000
Secondary Radius of Gyration: 0.50000000
Secondary Input Obliquity: 23.50000000
Secondary Input Spin Period: 0.00273785
Secondary Input Spin Frequency: 2294.93343338
Input Angular Size of Primary body: 0.94979129

-------------- Orbit ----------

Input Semi-major Axis: 0.30858400
Input Orbital Mean Motion: 27.76329745
Input Orbital Period: 0.22631265
Input Eccentricity: 0.00000000

--------- Tidal Effects ---------

da/dt: 7.42686666e-15
de/dt: 0.00000000
dP/dt: 8.17078036e-15

Derivative of Primary's Spin Rate: -1.36767600e-32
Primary dObl/dt: 0.00000000
Primary Equilibrium Rotation Rate: 27.76329745
Primary Equilibrium Rotation Period: 0.22631265
Primary Tidal Heat [W]: 1.76368029e+09
Primary Tidal Surface Flux [W/m^2]: 9.58607037e-10
Primary Equilibrium Tidal Surface Flux [W/m^2]: 0.00000000

Derivative of Secondary's Spin Rate: -1.14400663e-20
Secondary dObl/dt: 1.56819857e-17
Secondary Equilibrium Rotation Rate: 27.76329745
Secondary Equilibrium Rotation Period: 0.22631265
Secondary Tidal Heat [W]: 8.42604752e+15
Secondary Tidal Surface Flux [W/m^2]: 2.68278309
Secondary Equilibrium Tidal Surface Flux [W/m^2]: 0.00522362

Use Discrete Rotation States: 1
Discrete Equilibrium Spin Period: 0.22631265
Continuous Equilibrium Spin Period: 0.22631265
Primary epsilons: 1 1 1 1 1 1
Primary Gamma_Rotation: 4.00000000
Primary Gamma_Orbital: 4.00000000
Secondary epsilons: 1 1 1 1 1 1
Secondary Gamma_Rotation: 4.00000000
Secondary Gamma_Orbital: 4.00000000

----------- Halt ---------

Primary's Minimum Obliquity: -57.29577951
Secondary's Minimum Obliquity: -57.29577951

--------- Primary Body ---------

Primary Final Obliquity: 0.00000000
Primary Final Spin Period: 0.08213552
Primary Final Spin Frequency: 76.49778111

--------- Secondary Body ---------

Secondary Final Obliquity: 37.25727322
Secondary Final Spin Period: 0.20618515
Secondary Final Spin Frequency: 30.47351036
Final Angular Size of Primary body: 0.94978697

-------------- Orbit ----------

Final Semi-major Axis: 0.30858540
Final Orbital Mean Motion: 27.76310788
Final Orbital Period: 0.22631419
Final Eccentricity: 0.00000000

--------- Tidal Effects ---------

da/dt: 1.98293011e-15
de/dt: -0.00000000
dP/dt: 2.18155569e-15

Derivative of Primary's Spin Rate: -1.36763864e-32
Primary dObl/dt: 0.00000000
Primary Equilibrium Rotation Rate: 27.76310788
Primary Equilibrium Rotation Period: 0.22631419
Primary Tidal Heat [W]: 1.76363899e+09
Primary Tidal Surface Flux [W/m^2]: 9.58584585e-10
Primary Equilibrium Tidal Surface Flux [W/m^2]: 0.00000000

Derivative of Secondary's Spin Rate: 2.93873605e-39
Secondary dObl/dt: -1.79298668e-15
Secondary Equilibrium Rotation Rate: 27.76310788
Secondary Equilibrium Rotation Period: 0.22631419
Secondary Tidal Heat [W]: 4.41970927e+13
Secondary Tidal Surface Flux [W/m^2]: 0.01407198
Secondary Equilibrium Tidal Surface Flux [W/m^2]: 0.01204025

Use Discrete Rotation States: 1
Discrete Equilibrium Spin Period: 0.22631419
Continuous Equilibrium Spin Period: 0.22631419
Primary epsilons: 1 1 1 1 1 1
Primary Gamma_Rotation: 4.00000000
Primary Gamma_Orbital: 4.00000000
Secondary epsilons: 1 -1 1 1 -1 1
Secondary Gamma_Rotation: 2.53398744
Secondary Gamma_Orbital: 1.06797487

----------- Halt ---------

Primary's Minimum Obliquity: -57.29577951
Secondary's Minimum Obliquity: -57.29577951
