System Name: K02931.01
Tidal Model: Constant-Phase-Lag
Use Discrete Rotation Rate Model: 1
Integration Method: 4th order Runge-Kutta
Verbosity Level: 5

--------- Input/Output Units ---------

Mass Units: Solar
Length Units: AU
Time Units: Years
Angle Units: Degrees
Minimum Value of ecc and obl: 1.00000000e-10

--------- Files ---------

Executable: /Users/rory/src/eqtide/eqtide
Input: tide.in
Forward Output: K02931.01.forward
---------- Integration(s) ----------

Use Variable Timestep: Yes
Timestep Coefficient: 0.01000000

--------- Forward Integration ---------

Input Time Step: 0.00000000
Stop Time: 1.50000000e+10
Output Interval: 1.00000000e+09
Input Minimum Semi-major Axis: 0.00000000
Output Order: Time SemiMajorAxis Eccentricity SecPer[days] OrbPeriod[days] SecObliquity 

--------- Primary Body ---------

Primary Mass: 0.75626700
Primary Radius: 0.00350645
Primary Tidal Q: 1.00000000e+06

Primary Love Number k2: 0.50000000
Primary Input Obliquity: 0.00000000
Primary Input Spin Period: 0.08213552
Primary Input Spin Frequency: 76.49778111
Primary Radius of Gyration: 0.50000000

--------- Secondary Body ---------

Secondary Mass: 3.14046604e-05
Secondary Radius: 8.11044241e-05
Secondary Tidal Q: 34.00000000
Secondary Love Number k2: 0.30000000
Secondary Radius of Gyration: 0.50000000
Secondary Input Obliquity: 23.50000000
Secondary Input Spin Period: 0.00273785
Secondary Input Spin Frequency: 2294.93343338
Input Angular Size of Primary body: 1.05118663

-------------- Orbit ----------

Input Semi-major Axis: 0.38223300
Input Orbital Mean Motion: 23.12200257
Input Orbital Period: 0.27174053
Input Eccentricity: 0.00000000

--------- Tidal Effects ---------

da/dt: 2.42318462e-15
de/dt: 0.00000000
dP/dt: 2.58412206e-15

Derivative of Primary's Spin Rate: -1.07194433e-33
Primary dObl/dt: -0.00000000
Primary Equilibrium Rotation Rate: 23.12200257
Primary Equilibrium Rotation Period: 0.27174053
Primary Tidal Heat [W]: 3.75103908e+08
Primary Tidal Surface Flux [W/m^2]: 1.08481336e-10
Primary Equilibrium Tidal Surface Flux [W/m^2]: 0.00000000

Derivative of Secondary's Spin Rate: -6.53805630e-21
Secondary dObl/dt: 8.96234660e-18
Secondary Equilibrium Rotation Rate: 23.12200257
Secondary Equilibrium Rotation Period: 0.27174053
Secondary Tidal Heat [W]: 1.08168048e+15
Secondary Tidal Surface Flux [W/m^2]: 0.58472069
Secondary Equilibrium Tidal Surface Flux [W/m^2]: 0.00094624

Use Discrete Rotation States: 1
Discrete Equilibrium Spin Period: 0.27174053
Continuous Equilibrium Spin Period: 0.27174053
Primary epsilons: 1 1 1 1 1 1
Primary Gamma_Rotation: 4.00000000
Primary Gamma_Orbital: 4.00000000
Secondary epsilons: 1 1 1 1 1 1
Secondary Gamma_Rotation: 4.00000000
Secondary Gamma_Orbital: 4.00000000

----------- Halt ---------

Primary's Minimum Obliquity: -57.29577951
Secondary's Minimum Obliquity: -57.29577951

--------- Primary Body ---------

Primary Final Obliquity: 0.00000000
Primary Final Spin Period: 0.08213552
Primary Final Spin Frequency: 76.49778111

--------- Secondary Body ---------

Secondary Final Obliquity: 37.66697262
Secondary Final Spin Period: 0.24843398
Secondary Final Spin Frequency: 25.29116708
Final Angular Size of Primary body: 1.05118441

-------------- Orbit ----------

Final Semi-major Axis: 0.38223381
Final Orbital Mean Motion: 23.12192920
Final Orbital Period: 0.27174140
Final Eccentricity: 0.00000000

--------- Tidal Effects ---------

da/dt: 6.13533172e-16
de/dt: -0.00000000
dP/dt: 6.54282084e-16

Derivative of Primary's Spin Rate: -1.07193072e-33
Primary dObl/dt: -0.00000000
Primary Equilibrium Rotation Rate: 23.12192920
Primary Equilibrium Rotation Period: 0.27174140
Primary Tidal Heat [W]: 3.75099663e+08
Primary Tidal Surface Flux [W/m^2]: 1.08480109e-10
Primary Equilibrium Tidal Surface Flux [W/m^2]: 0.00000000

Derivative of Secondary's Spin Rate: 2.93873605e-39
Secondary dObl/dt: -1.24626337e-15
Secondary Equilibrium Rotation Rate: 23.12192920
Secondary Equilibrium Rotation Period: 0.27174140
Secondary Tidal Heat [W]: 4.75798216e+12
Secondary Tidal Surface Flux [W/m^2]: 0.00257201
Secondary Equilibrium Tidal Surface Flux [W/m^2]: 0.00222217

Use Discrete Rotation States: 1
Discrete Equilibrium Spin Period: 0.27174140
Continuous Equilibrium Spin Period: 0.27174140
Primary epsilons: 1 1 1 1 1 1
Primary Gamma_Rotation: 4.00000000
Primary Gamma_Orbital: 4.00000000
Secondary epsilons: 1 -1 1 1 -1 1
Secondary Gamma_Rotation: 2.50636967
Secondary Gamma_Orbital: 1.01273935

----------- Halt ---------

Primary's Minimum Obliquity: -57.29577951
Secondary's Minimum Obliquity: -57.29577951
