System Name: K03010.01
Tidal Model: Constant-Phase-Lag
Use Discrete Rotation Rate Model: 1
Integration Method: 4th order Runge-Kutta
Verbosity Level: 5

--------- Input/Output Units ---------

Mass Units: Solar
Length Units: AU
Time Units: Years
Angle Units: Degrees
Minimum Value of ecc and obl: 1.00000000e-10

--------- Files ---------

Executable: /Users/rory/src/eqtide/eqtide
Input: tide.in
Forward Output: K03010.01.forward
---------- Integration(s) ----------

Use Variable Timestep: Yes
Timestep Coefficient: 0.01000000

--------- Forward Integration ---------

Input Time Step: 0.00000000
Stop Time: 1.50000000e+10
Output Interval: 1.00000000e+09
Input Minimum Semi-major Axis: 0.00000000
Output Order: Time SemiMajorAxis Eccentricity SecPer[days] OrbPeriod[days] SecObliquity 

--------- Primary Body ---------

Primary Mass: 0.54192100
Primary Radius: 0.00243219
Primary Tidal Q: 1.00000000e+06

Primary Love Number k2: 0.50000000
Primary Input Obliquity: 0.00000000
Primary Input Spin Period: 0.08213552
Primary Input Spin Frequency: 76.49778111
Primary Radius of Gyration: 0.50000000

--------- Secondary Body ---------

Secondary Mass: 2.20417934e-05
Secondary Radius: 7.36074983e-05
Secondary Tidal Q: 34.00000000
Secondary Love Number k2: 0.30000000
Secondary Radius of Gyration: 0.50000000
Secondary Input Obliquity: 23.50000000
Secondary Input Spin Period: 0.00273785
Secondary Input Spin Frequency: 2294.93343338
Input Angular Size of Primary body: 1.12884612

-------------- Orbit ----------

Input Semi-major Axis: 0.24688900
Input Orbital Mean Motion: 37.70468640
Input Orbital Period: 0.16664203
Input Eccentricity: 0.00000000

--------- Tidal Effects ---------

da/dt: 1.42709508e-14
de/dt: 0.00000000
dP/dt: 1.44489335e-14

Derivative of Primary's Spin Rate: -3.38662189e-33
Primary dObl/dt: -0.00000000
Primary Equilibrium Rotation Rate: 37.70468640
Primary Equilibrium Rotation Period: 0.16664203
Primary Tidal Heat [W]: 2.96946212e+08
Primary Tidal Surface Flux [W/m^2]: 1.78492734e-10
Primary Equilibrium Tidal Surface Flux [W/m^2]: 0.00000000

Derivative of Secondary's Spin Rate: -4.92389361e-20
Secondary dObl/dt: 6.74965598e-17
Secondary Equilibrium Rotation Rate: 37.70468640
Secondary Equilibrium Rotation Period: 0.16664203
Secondary Tidal Heat [W]: 4.67918418e+15
Secondary Tidal Surface Flux [W/m^2]: 3.07089231
Secondary Equilibrium Tidal Surface Flux [W/m^2]: 0.00815612

Use Discrete Rotation States: 1
Discrete Equilibrium Spin Period: 0.16664203
Continuous Equilibrium Spin Period: 0.16664203
Primary epsilons: 1 1 1 1 1 1
Primary Gamma_Rotation: 4.00000000
Primary Gamma_Orbital: 4.00000000
Secondary epsilons: 1 1 1 1 1 1
Secondary Gamma_Rotation: 4.00000000
Secondary Gamma_Orbital: 4.00000000

----------- Halt ---------

Primary's Minimum Obliquity: -57.29577951
Secondary's Minimum Obliquity: -57.29577951

--------- Primary Body ---------

Primary Final Obliquity: 0.00000000
Primary Final Spin Period: 0.08213552
Primary Final Spin Frequency: 76.49778111

--------- Secondary Body ---------

Secondary Final Obliquity: 36.62876410
Secondary Final Spin Period: 0.15267879
Secondary Final Spin Frequency: 41.15296680
Final Angular Size of Primary body: 1.12884329

-------------- Orbit ----------

Final Semi-major Axis: 0.24688962
Final Orbital Mean Motion: 37.70454480
Final Orbital Period: 0.16664265
Final Eccentricity: 0.00000000

--------- Tidal Effects ---------

da/dt: 4.11102009e-15
de/dt: -0.00000000
dP/dt: 4.16229664e-15

Derivative of Primary's Spin Rate: -3.38657102e-33
Primary dObl/dt: -0.00000000
Primary Equilibrium Rotation Rate: 37.70454480
Primary Equilibrium Rotation Period: 0.16664265
Primary Tidal Heat [W]: 2.96942835e+08
Primary Tidal Surface Flux [W/m^2]: 1.78490704e-10
Primary Equilibrium Tidal Surface Flux [W/m^2]: 0.00000000

Derivative of Secondary's Spin Rate: 2.93873605e-39
Secondary dObl/dt: -5.63181664e-15
Secondary Equilibrium Rotation Rate: 37.70454480
Secondary Equilibrium Rotation Period: 0.16664265
Secondary Tidal Heat [W]: 3.24258444e+13
Secondary Tidal Surface Flux [W/m^2]: 0.02128069
Secondary Equilibrium Tidal Surface Flux [W/m^2]: 0.01825926

Use Discrete Rotation States: 1
Discrete Equilibrium Spin Period: 0.16664265
Continuous Equilibrium Spin Period: 0.16664265
Primary epsilons: 1 1 1 1 1 1
Primary Gamma_Rotation: 4.00000000
Primary Gamma_Orbital: 4.00000000
Secondary epsilons: 1 -1 1 1 -1 1
Secondary Gamma_Rotation: 2.57614090
Secondary Gamma_Orbital: 1.15228179

----------- Halt ---------

Primary's Minimum Obliquity: -57.29577951
Secondary's Minimum Obliquity: -57.29577951
