System Name: K03138.01
Tidal Model: Constant-Phase-Lag
Use Discrete Rotation Rate Model: 1
Integration Method: 4th order Runge-Kutta
Verbosity Level: 5

--------- Input/Output Units ---------

Mass Units: Solar
Length Units: AU
Time Units: Years
Angle Units: Degrees
Minimum Value of ecc and obl: 1.00000000e-10

--------- Files ---------

Executable: /Users/rory/src/eqtide/eqtide
Input: tide.in
Forward Output: K03138.01.forward
---------- Integration(s) ----------

Use Variable Timestep: Yes
Timestep Coefficient: 0.01000000

--------- Forward Integration ---------

Input Time Step: 0.00000000
Stop Time: 1.50000000e+10
Output Interval: 1.00000000e+09
Input Minimum Semi-major Axis: 0.00000000
Output Order: Time SemiMajorAxis Eccentricity SecPer[days] OrbPeriod[days] SecObliquity 

--------- Primary Body ---------

Primary Mass: 0.09543300
Primary Radius: 0.00054875
Primary Tidal Q: 1.00000000e+06

Primary Love Number k2: 0.50000000
Primary Input Obliquity: 0.00000000
Primary Input Spin Period: 0.08213552
Primary Input Spin Frequency: 76.49778111
Primary Radius of Gyration: 0.50000000

--------- Secondary Body ---------

Secondary Mass: 6.42485387e-07
Secondary Radius: 2.65962225e-05
Secondary Tidal Q: 34.00000000
Secondary Love Number k2: 0.30000000
Secondary Radius of Gyration: 0.50000000
Secondary Input Obliquity: 23.50000000
Secondary Input Spin Period: 0.00273785
Secondary Input Spin Frequency: 2294.93343338
Input Angular Size of Primary body: 1.66348938

-------------- Orbit ----------

Input Semi-major Axis: 0.03779900
Input Orbital Mean Motion: 264.12007146
Input Orbital Period: 0.02378912
Input Eccentricity: 0.00000000

--------- Tidal Effects ---------

da/dt: 6.76984715e-12
de/dt: 0.00000000
dP/dt: 6.39101352e-12

Derivative of Primary's Spin Rate: 1.45715687e-32
Primary dObl/dt: -0.00000000
Primary Equilibrium Rotation Rate: 264.12007146
Primary Equilibrium Rotation Period: 0.02378912
Primary Tidal Heat [W]: 5.53950075e+07
Primary Tidal Surface Flux [W/m^2]: 6.54112939e-10
Primary Equilibrium Tidal Surface Flux [W/m^2]: 0.00000000

Derivative of Secondary's Spin Rate: -1.91884461e-16
Secondary dObl/dt: 2.63034614e-13
Secondary Equilibrium Rotation Rate: 264.12007146
Secondary Equilibrium Rotation Period: 0.02378912
Secondary Tidal Heat [W]: 6.24320871e+16
Secondary Tidal Surface Flux [W/m^2]: 313.83870241
Secondary Equilibrium Tidal Surface Flux [W/m^2]: 6.48988883

Use Discrete Rotation States: 1
Discrete Equilibrium Spin Period: 0.02378912
Continuous Equilibrium Spin Period: 0.02378912
Primary epsilons: -1 -1 -1 1 -1 1
Primary Gamma_Rotation: -4.00000000
Primary Gamma_Orbital: -4.00000000
Secondary epsilons: 1 1 1 1 1 1
Secondary Gamma_Rotation: 4.00000000
Secondary Gamma_Orbital: 4.00000000

----------- Halt ---------

Primary's Minimum Obliquity: -57.29577951
Secondary's Minimum Obliquity: -57.29577951

--------- Primary Body ---------

Primary Final Obliquity: 0.00000000
Primary Final Spin Period: 0.08213552
Primary Final Spin Frequency: 76.49778111

--------- Secondary Body ---------

Secondary Final Obliquity: 29.94436105
Secondary Final Spin Period: 0.02164019
Secondary Final Spin Frequency: 290.34803586
Final Angular Size of Primary body: 1.66348650

-------------- Orbit ----------

Final Semi-major Axis: 0.03779907
Final Orbital Mean Motion: 264.11938471
Final Orbital Period: 0.02378919
Final Eccentricity: 0.00000000

--------- Tidal Effects ---------

da/dt: 3.39627142e-12
de/dt: -0.00000000
dP/dt: 3.20622236e-12

Derivative of Primary's Spin Rate: 1.45714171e-32
Primary dObl/dt: -0.00000000
Primary Equilibrium Rotation Rate: 264.11938471
Primary Equilibrium Rotation Period: 0.02378919
Primary Tidal Heat [W]: 5.53942286e+07
Primary Tidal Surface Flux [W/m^2]: 6.54103742e-10
Primary Equilibrium Tidal Surface Flux [W/m^2]: 0.00000000

Derivative of Secondary's Spin Rate: 2.93873605e-39
Secondary dObl/dt: -2.60255110e-12
Secondary Equilibrium Rotation Rate: 264.11938471
Secondary Equilibrium Rotation Period: 0.02378919
Secondary Tidal Heat [W]: 2.62849088e+15
Secondary Tidal Surface Flux [W/m^2]: 13.21311210
Secondary Equilibrium Tidal Surface Flux [W/m^2]: 10.16973602

Use Discrete Rotation States: 1
Discrete Equilibrium Spin Period: 0.02378919
Continuous Equilibrium Spin Period: 0.02378919
Primary epsilons: -1 -1 -1 1 -1 1
Primary Gamma_Rotation: -4.00000000
Primary Gamma_Orbital: -4.00000000
Secondary epsilons: 1 -1 1 1 -1 1
Secondary Gamma_Rotation: 3.00336204
Secondary Gamma_Orbital: 2.00672408

----------- Halt ---------

Primary's Minimum Obliquity: -57.29577951
Secondary's Minimum Obliquity: -57.29577951
