System Name: K03282.01
Tidal Model: Constant-Phase-Lag
Use Discrete Rotation Rate Model: 1
Integration Method: 4th order Runge-Kutta
Verbosity Level: 5

--------- Input/Output Units ---------

Mass Units: Solar
Length Units: AU
Time Units: Years
Angle Units: Degrees
Minimum Value of ecc and obl: 1.00000000e-10

--------- Files ---------

Executable: /Users/rory/src/eqtide/eqtide
Input: tide.in
Forward Output: K03282.01.forward
---------- Integration(s) ----------

Use Variable Timestep: Yes
Timestep Coefficient: 0.01000000

--------- Forward Integration ---------

Input Time Step: 0.00000000
Stop Time: 1.50000000e+10
Output Interval: 1.00000000e+09
Input Minimum Semi-major Axis: 0.00000000
Output Order: Time SemiMajorAxis Eccentricity SecPer[days] OrbPeriod[days] SecObliquity 

--------- Primary Body ---------

Primary Mass: 0.54742800
Primary Radius: 0.00251590
Primary Tidal Q: 1.00000000e+06

Primary Love Number k2: 0.50000000
Primary Input Obliquity: 0.00000000
Primary Input Spin Period: 0.08213552
Primary Input Spin Frequency: 76.49778111
Primary Radius of Gyration: 0.50000000

--------- Secondary Body ---------

Secondary Mass: 5.22526208e-05
Secondary Radius: 9.32445920e-05
Secondary Tidal Q: 34.00000000
Secondary Love Number k2: 0.30000000
Secondary Radius of Gyration: 0.50000000
Secondary Input Obliquity: 23.50000000
Secondary Input Spin Period: 0.00273785
Secondary Input Spin Frequency: 2294.93343338
Input Angular Size of Primary body: 1.33970221

-------------- Orbit ----------

Input Semi-major Axis: 0.21518800
Input Orbital Mean Motion: 46.57236338
Input Orbital Period: 0.13491231
Input Eccentricity: 0.00000000

--------- Tidal Effects ---------

da/dt: 4.24580528e-14
de/dt: 0.00000000
dP/dt: 3.99305783e-14

Derivative of Primary's Spin Rate: -4.75649304e-32
Primary dObl/dt: -0.00000000
Primary Equilibrium Rotation Rate: 46.57236338
Primary Equilibrium Rotation Period: 0.13491231
Primary Tidal Heat [W]: 3.47749022e+09
Primary Tidal Surface Flux [W/m^2]: 1.95351845e-09
Primary Equilibrium Tidal Surface Flux [W/m^2]: 0.00000000

Derivative of Secondary's Spin Rate: -9.82735165e-20
Secondary dObl/dt: 1.34712860e-16
Secondary Equilibrium Rotation Rate: 46.57236338
Secondary Equilibrium Rotation Period: 0.13491231
Secondary Tidal Heat [W]: 3.53877380e+16
Secondary Tidal Surface Flux [W/m^2]: 14.47251668
Secondary Equilibrium Tidal Surface Flux [W/m^2]: 0.04766566

Use Discrete Rotation States: 1
Discrete Equilibrium Spin Period: 0.13491231
Continuous Equilibrium Spin Period: 0.13491231
Primary epsilons: 1 1 1 1 -1 1
Primary Gamma_Rotation: 4.00000000
Primary Gamma_Orbital: 4.00000000
Secondary epsilons: 1 1 1 1 1 1
Secondary Gamma_Rotation: 4.00000000
Secondary Gamma_Orbital: 4.00000000

----------- Halt ---------

Primary's Minimum Obliquity: -57.29577951
Secondary's Minimum Obliquity: -57.29577951

--------- Primary Body ---------

Primary Final Obliquity: 0.00000000
Primary Final Spin Period: 0.08213552
Primary Final Spin Frequency: 76.49778111

--------- Secondary Body ---------

Secondary Final Obliquity: 36.53867191
Secondary Final Spin Period: 0.12379761
Secondary Final Spin Frequency: 50.75368819
Final Angular Size of Primary body: 1.33969653

-------------- Orbit ----------

Final Semi-major Axis: 0.21518891
Final Orbital Mean Motion: 46.57206720
Final Orbital Period: 0.13491317
Final Eccentricity: 0.00000000

--------- Tidal Effects ---------

da/dt: 1.23586461e-14
de/dt: -0.00000000
dP/dt: 1.16229760e-14

Derivative of Primary's Spin Rate: -4.75637205e-32
Primary dObl/dt: -0.00000000
Primary Equilibrium Rotation Rate: 46.57206720
Primary Equilibrium Rotation Period: 0.13491317
Primary Tidal Heat [W]: 3.47743618e+09
Primary Tidal Surface Flux [W/m^2]: 1.95348809e-09
Primary Equilibrium Tidal Surface Flux [W/m^2]: 0.00000000

Derivative of Secondary's Spin Rate: 2.93873605e-39
Secondary dObl/dt: -9.09463642e-15
Secondary Equilibrium Rotation Rate: 46.57206720
Secondary Equilibrium Rotation Period: 0.13491317
Secondary Tidal Heat [W]: 3.02303128e+14
Secondary Tidal Surface Flux [W/m^2]: 0.12363285
Secondary Equilibrium Tidal Surface Flux [W/m^2]: 0.10625745

Use Discrete Rotation States: 1
Discrete Equilibrium Spin Period: 0.13491317
Continuous Equilibrium Spin Period: 0.13491317
Primary epsilons: 1 1 1 1 -1 1
Primary Gamma_Rotation: 4.00000000
Primary Gamma_Orbital: 4.00000000
Secondary epsilons: 1 -1 1 1 -1 1
Secondary Gamma_Rotation: 2.58216104
Secondary Gamma_Orbital: 1.16432208

----------- Halt ---------

Primary's Minimum Obliquity: -57.29577951
Secondary's Minimum Obliquity: -57.29577951
