System Name: K03266.01
Tidal Model: Constant-Phase-Lag
Use Discrete Rotation Rate Model: 1
Integration Method: 4th order Runge-Kutta
Verbosity Level: 5

--------- Input/Output Units ---------

Mass Units: Solar
Length Units: AU
Time Units: Years
Angle Units: Degrees
Minimum Value of ecc and obl: 1.00000000e-10

--------- Files ---------

Executable: /Users/rory/src/eqtide/eqtide
Input: tide.in
Forward Output: K03266.01.forward
---------- Integration(s) ----------

Use Variable Timestep: Yes
Timestep Coefficient: 0.01000000

--------- Forward Integration ---------

Input Time Step: 0.00000000
Stop Time: 1.50000000e+10
Output Interval: 1.00000000e+09
Input Minimum Semi-major Axis: 0.00000000
Output Order: Time SemiMajorAxis Eccentricity SecPer[days] OrbPeriod[days] SecObliquity 

--------- Primary Body ---------

Primary Mass: 0.61318600
Primary Radius: 0.00283678
Primary Tidal Q: 1.00000000e+06

Primary Love Number k2: 0.50000000
Primary Input Obliquity: 0.00000000
Primary Input Spin Period: 0.08213552
Primary Input Spin Frequency: 76.49778111
Primary Radius of Gyration: 0.50000000

--------- Secondary Body ---------

Secondary Mass: 2.26082274e-05
Secondary Radius: 7.41209507e-05
Secondary Tidal Q: 34.00000000
Secondary Love Number k2: 0.30000000
Secondary Radius of Gyration: 0.50000000
Secondary Input Obliquity: 23.50000000
Secondary Input Spin Period: 0.00273785
Secondary Input Spin Frequency: 2294.93343338
Input Angular Size of Primary body: 1.35990226

-------------- Orbit ----------

Input Semi-major Axis: 0.23902900
Input Orbital Mean Motion: 42.10167275
Input Orbital Period: 0.14923838
Input Eccentricity: 0.00000000

--------- Tidal Effects ---------

da/dt: 2.07154292e-14
de/dt: 0.00000000
dP/dt: 1.94009557e-14

Derivative of Primary's Spin Rate: -6.06653837e-33
Primary dObl/dt: -0.00000000
Primary Equilibrium Rotation Rate: 42.10167275
Primary Equilibrium Rotation Period: 0.14923838
Primary Tidal Heat [W]: 7.25971298e+08
Primary Tidal Surface Flux [W/m^2]: 3.20778986e-10
Primary Equilibrium Tidal Surface Flux [W/m^2]: 0.00000000

Derivative of Secondary's Spin Rate: -7.62017985e-20
Secondary dObl/dt: 1.04457161e-16
Secondary Equilibrium Rotation Rate: 42.10167275
Secondary Equilibrium Rotation Period: 0.14923838
Secondary Tidal Heat [W]: 7.51687490e+15
Secondary Tidal Surface Flux [W/m^2]: 4.86512408
Secondary Equilibrium Tidal Surface Flux [W/m^2]: 0.01445652

Use Discrete Rotation States: 1
Discrete Equilibrium Spin Period: 0.14923838
Continuous Equilibrium Spin Period: 0.14923838
Primary epsilons: 1 1 1 1 -1 1
Primary Gamma_Rotation: 4.00000000
Primary Gamma_Orbital: 4.00000000
Secondary epsilons: 1 1 1 1 1 1
Secondary Gamma_Rotation: 4.00000000
Secondary Gamma_Orbital: 4.00000000

----------- Halt ---------

Primary's Minimum Obliquity: -57.29577951
Secondary's Minimum Obliquity: -57.29577951

--------- Primary Body ---------

Primary Final Obliquity: 0.00000000
Primary Final Spin Period: 0.08213552
Primary Final Spin Frequency: 76.49778111

--------- Secondary Body ---------

Secondary Final Obliquity: 36.77454033
Secondary Final Spin Period: 0.13597228
Secondary Final Spin Frequency: 46.20931001
Final Angular Size of Primary body: 1.35989898

-------------- Orbit ----------

Final Semi-major Axis: 0.23902958
Final Orbital Mean Motion: 42.10152036
Final Orbital Period: 0.14923892
Final Eccentricity: 0.00000000

--------- Tidal Effects ---------

da/dt: 5.86649920e-15
de/dt: -0.00000000
dP/dt: 5.49425393e-15

Derivative of Primary's Spin Rate: -6.06645053e-33
Primary dObl/dt: -0.00000000
Primary Equilibrium Rotation Rate: 42.10152036
Primary Equilibrium Rotation Period: 0.14923892
Primary Tidal Heat [W]: 7.25964004e+08
Primary Tidal Surface Flux [W/m^2]: 3.20775763e-10
Primary Equilibrium Tidal Surface Flux [W/m^2]: 0.00000000

Derivative of Secondary's Spin Rate: 2.93873605e-39
Secondary dObl/dt: -7.78859837e-15
Secondary Equilibrium Rotation Rate: 42.10152036
Secondary Equilibrium Rotation Period: 0.14923892
Secondary Tidal Heat [W]: 5.91405086e+13
Secondary Tidal Surface Flux [W/m^2]: 0.03827733
Secondary Equilibrium Tidal Surface Flux [W/m^2]: 0.03258580

Use Discrete Rotation States: 1
Discrete Equilibrium Spin Period: 0.14923892
Continuous Equilibrium Spin Period: 0.14923892
Primary epsilons: 1 1 1 1 -1 1
Primary Gamma_Rotation: 4.00000000
Primary Gamma_Orbital: 4.00000000
Secondary epsilons: 1 -1 1 1 -1 1
Secondary Gamma_Rotation: 2.56638779
Secondary Gamma_Orbital: 1.13277559

----------- Halt ---------

Primary's Minimum Obliquity: -57.29577951
Secondary's Minimum Obliquity: -57.29577951
