System Name: K03391.01
Tidal Model: Constant-Phase-Lag
Use Discrete Rotation Rate Model: 1
Integration Method: 4th order Runge-Kutta
Verbosity Level: 5

--------- Input/Output Units ---------

Mass Units: Solar
Length Units: AU
Time Units: Years
Angle Units: Degrees
Minimum Value of ecc and obl: 1.00000000e-10

--------- Files ---------

Executable: /Users/rory/src/eqtide/eqtide
Input: tide.in
Forward Output: K03391.01.forward
---------- Integration(s) ----------

Use Variable Timestep: Yes
Timestep Coefficient: 0.01000000

--------- Forward Integration ---------

Input Time Step: 0.00000000
Stop Time: 1.50000000e+10
Output Interval: 1.00000000e+09
Input Minimum Semi-major Axis: 0.00000000
Output Order: Time SemiMajorAxis Eccentricity SecPer[days] OrbPeriod[days] SecObliquity 

--------- Primary Body ---------

Primary Mass: 0.53176500
Primary Radius: 0.00251125
Primary Tidal Q: 1.00000000e+06

Primary Love Number k2: 0.50000000
Primary Input Obliquity: 0.00000000
Primary Input Spin Period: 0.08213552
Primary Input Spin Frequency: 76.49778111
Primary Radius of Gyration: 0.50000000

--------- Secondary Body ---------

Secondary Mass: 1.51427426e-05
Secondary Radius: 6.64129394e-05
Secondary Tidal Q: 34.00000000
Secondary Love Number k2: 0.30000000
Secondary Radius of Gyration: 0.50000000
Secondary Input Obliquity: 23.50000000
Secondary Input Spin Period: 0.00273785
Secondary Input Spin Frequency: 2294.93343338
Input Angular Size of Primary body: 1.64135958

-------------- Orbit ----------

Input Semi-major Axis: 0.17531100
Input Orbital Mean Motion: 62.41995184
Input Orbital Period: 0.10065989
Input Eccentricity: 0.00000000

--------- Tidal Effects ---------

da/dt: 7.93652916e-14
de/dt: 0.00000000
dP/dt: 6.83557938e-14

Derivative of Primary's Spin Rate: -1.39871691e-32
Primary dObl/dt: -0.00000000
Primary Equilibrium Rotation Rate: 62.41995184
Primary Equilibrium Rotation Period: 0.10065989
Primary Tidal Heat [W]: 4.65575460e+08
Primary Tidal Surface Flux [W/m^2]: 2.62511716e-10
Primary Equilibrium Tidal Surface Flux [W/m^2]: 0.00000000

Derivative of Secondary's Spin Rate: -3.95426672e-19
Secondary dObl/dt: 5.42049505e-16
Secondary Equilibrium Rotation Rate: 62.41995184
Secondary Equilibrium Rotation Period: 0.10065989
Secondary Tidal Heat [W]: 2.07857098e+16
Secondary Tidal Surface Flux [W/m^2]: 16.75706743
Secondary Equilibrium Tidal Surface Flux [W/m^2]: 0.07449493

Use Discrete Rotation States: 1
Discrete Equilibrium Spin Period: 0.10065989
Continuous Equilibrium Spin Period: 0.10065989
Primary epsilons: 1 -1 1 1 -1 1
Primary Gamma_Rotation: 4.00000000
Primary Gamma_Orbital: 4.00000000
Secondary epsilons: 1 1 1 1 1 1
Secondary Gamma_Rotation: 4.00000000
Secondary Gamma_Orbital: 4.00000000

----------- Halt ---------

Primary's Minimum Obliquity: -57.29577951
Secondary's Minimum Obliquity: -57.29577951

--------- Primary Body ---------

Primary Final Obliquity: 0.00000000
Primary Final Spin Period: 0.08213552
Primary Final Spin Frequency: 76.49778111

--------- Secondary Body ---------

Secondary Final Obliquity: 36.66978797
Secondary Final Spin Period: 0.09196508
Secondary Final Spin Frequency: 68.32142607
Final Angular Size of Primary body: 1.64135567

-------------- Orbit ----------

Final Semi-major Axis: 0.17531142
Final Orbital Mean Motion: 62.41972858
Final Orbital Period: 0.10066025
Final Eccentricity: 0.00000000

--------- Tidal Effects ---------

da/dt: 2.27538408e-14
de/dt: -0.00000000
dP/dt: 1.95974673e-14

Derivative of Primary's Spin Rate: -1.39869690e-32
Primary dObl/dt: -0.00000000
Primary Equilibrium Rotation Rate: 62.41972858
Primary Equilibrium Rotation Period: 0.10066025
Primary Tidal Heat [W]: 4.65576182e+08
Primary Tidal Surface Flux [W/m^2]: 2.62512123e-10
Primary Equilibrium Tidal Surface Flux [W/m^2]: 0.00000000

Derivative of Secondary's Spin Rate: 2.93873605e-39
Secondary dObl/dt: -2.72689436e-14
Secondary Equilibrium Rotation Rate: 62.41972858
Secondary Equilibrium Rotation Period: 0.10066025
Secondary Tidal Heat [W]: 2.42616536e+14
Secondary Tidal Surface Flux [W/m^2]: 0.19559311
Secondary Equilibrium Tidal Surface Flux [W/m^2]: 0.16709464

Use Discrete Rotation States: 1
Discrete Equilibrium Spin Period: 0.10066025
Continuous Equilibrium Spin Period: 0.10066025
Primary epsilons: 1 -1 1 1 -1 1
Primary Gamma_Rotation: 4.00000000
Primary Gamma_Orbital: 4.00000000
Secondary epsilons: 1 -1 1 1 -1 1
Secondary Gamma_Rotation: 2.57339771
Secondary Gamma_Orbital: 1.14679542

----------- Halt ---------

Primary's Minimum Obliquity: -57.29577951
Secondary's Minimum Obliquity: -57.29577951
