System Name: K03443.01
Tidal Model: Constant-Phase-Lag
Use Discrete Rotation Rate Model: 1
Integration Method: 4th order Runge-Kutta
Verbosity Level: 5

--------- Input/Output Units ---------

Mass Units: Solar
Length Units: AU
Time Units: Years
Angle Units: Degrees
Minimum Value of ecc and obl: 1.00000000e-10

--------- Files ---------

Executable: /Users/rory/src/eqtide/eqtide
Input: tide.in
Forward Output: K03443.01.forward
---------- Integration(s) ----------

Use Variable Timestep: Yes
Timestep Coefficient: 0.01000000

--------- Forward Integration ---------

Input Time Step: 0.00000000
Stop Time: 1.50000000e+10
Output Interval: 1.00000000e+09
Input Minimum Semi-major Axis: 0.00000000
Output Order: Time SemiMajorAxis Eccentricity SecPer[days] OrbPeriod[days] SecObliquity 

--------- Primary Body ---------

Primary Mass: 0.76111300
Primary Radius: 0.00330183
Primary Tidal Q: 1.00000000e+06

Primary Love Number k2: 0.50000000
Primary Input Obliquity: 0.00000000
Primary Input Spin Period: 0.08213552
Primary Input Spin Frequency: 76.49778111
Primary Radius of Gyration: 0.50000000

--------- Secondary Body ---------

Secondary Mass: 6.83711911e-05
Secondary Radius: 0.00010037
Secondary Tidal Q: 34.00000000
Secondary Love Number k2: 0.30000000
Secondary Radius of Gyration: 0.50000000
Secondary Input Obliquity: 23.50000000
Secondary Input Spin Period: 0.00273785
Secondary Input Spin Frequency: 2294.93343338
Input Angular Size of Primary body: 1.00872602

-------------- Orbit ----------

Input Semi-major Axis: 0.37507900
Input Orbital Mean Motion: 23.86333142
Input Orbital Period: 0.26329875
Input Eccentricity: 0.00000000

--------- Tidal Effects ---------

da/dt: 3.61957515e-15
de/dt: 0.00000000
dP/dt: 3.81148670e-15

Derivative of Primary's Spin Rate: -4.72117302e-33
Primary dObl/dt: 0.00000000
Primary Equilibrium Rotation Rate: 23.86333142
Primary Equilibrium Rotation Period: 0.26329875
Primary Tidal Heat [W]: 1.45379488e+09
Primary Tidal Surface Flux [W/m^2]: 4.74168354e-10
Primary Equilibrium Tidal Surface Flux [W/m^2]: 0.00000000

Derivative of Secondary's Spin Rate: -6.45741512e-21
Secondary dObl/dt: 8.85179859e-18
Secondary Equilibrium Rotation Rate: 23.86333142
Secondary Equilibrium Rotation Period: 0.26329875
Secondary Tidal Heat [W]: 3.56110986e+15
Secondary Tidal Surface Flux [W/m^2]: 1.25688580
Secondary Equilibrium Tidal Surface Flux [W/m^2]: 0.00209989

Use Discrete Rotation States: 1
Discrete Equilibrium Spin Period: 0.26329875
Continuous Equilibrium Spin Period: 0.26329875
Primary epsilons: 1 1 1 1 1 1
Primary Gamma_Rotation: 4.00000000
Primary Gamma_Orbital: 4.00000000
Secondary epsilons: 1 1 1 1 1 1
Secondary Gamma_Rotation: 4.00000000
Secondary Gamma_Orbital: 4.00000000

----------- Halt ---------

Primary's Minimum Obliquity: -57.29577951
Secondary's Minimum Obliquity: -57.29577951

--------- Primary Body ---------

Primary Final Obliquity: 0.00000000
Primary Final Spin Period: 0.08213552
Primary Final Spin Frequency: 76.49778111

--------- Secondary Body ---------

Secondary Final Obliquity: 37.50805904
Secondary Final Spin Period: 0.24098632
Secondary Final Spin Frequency: 26.07278851
Final Angular Size of Primary body: 1.00872274

-------------- Orbit ----------

Final Semi-major Axis: 0.37508022
Final Orbital Mean Motion: 23.86321488
Final Orbital Period: 0.26330003
Final Eccentricity: 0.00000000

--------- Tidal Effects ---------

da/dt: 9.35861921e-16
de/dt: -0.00000000
dP/dt: 9.85483358e-16

Derivative of Primary's Spin Rate: -4.72108080e-33
Primary dObl/dt: 0.00000000
Primary Equilibrium Rotation Rate: 23.86321488
Primary Equilibrium Rotation Period: 0.26330003
Primary Tidal Heat [W]: 1.45376970e+09
Primary Tidal Surface Flux [W/m^2]: 4.74160141e-10
Primary Equilibrium Tidal Surface Flux [W/m^2]: 0.00000000

Derivative of Secondary's Spin Rate: 2.93873605e-39
Secondary dObl/dt: -1.18968906e-15
Secondary Equilibrium Rotation Rate: 23.86321488
Secondary Equilibrium Rotation Period: 0.26330003
Secondary Tidal Heat [W]: 1.60518603e+13
Secondary Tidal Surface Flux [W/m^2]: 0.00566547
Secondary Equilibrium Tidal Surface Flux [W/m^2]: 0.00489598

Use Discrete Rotation States: 1
Discrete Equilibrium Spin Period: 0.26330003
Continuous Equilibrium Spin Period: 0.26330003
Primary epsilons: 1 1 1 1 1 1
Primary Gamma_Rotation: 4.00000000
Primary Gamma_Orbital: 4.00000000
Secondary epsilons: 1 -1 1 1 -1 1
Secondary Gamma_Rotation: 2.51709461
Secondary Gamma_Orbital: 1.03418923

----------- Halt ---------

Primary's Minimum Obliquity: -57.29577951
Secondary's Minimum Obliquity: -57.29577951
