System Name: K03407.01
Tidal Model: Constant-Phase-Lag
Use Discrete Rotation Rate Model: 1
Integration Method: 4th order Runge-Kutta
Verbosity Level: 5

--------- Input/Output Units ---------

Mass Units: Solar
Length Units: AU
Time Units: Years
Angle Units: Degrees
Minimum Value of ecc and obl: 1.00000000e-10

--------- Files ---------

Executable: /Users/rory/src/eqtide/eqtide
Input: tide.in
Forward Output: K03407.01.forward
---------- Integration(s) ----------

Use Variable Timestep: Yes
Timestep Coefficient: 0.01000000

--------- Forward Integration ---------

Input Time Step: 0.00000000
Stop Time: 1.50000000e+10
Output Interval: 1.00000000e+09
Input Minimum Semi-major Axis: 0.00000000
Output Order: Time SemiMajorAxis Eccentricity SecPer[days] OrbPeriod[days] SecObliquity 

--------- Primary Body ---------

Primary Mass: 0.80583300
Primary Radius: 0.00346460
Primary Tidal Q: 1.00000000e+06

Primary Love Number k2: 0.50000000
Primary Input Obliquity: 0.00000000
Primary Input Spin Period: 0.08213552
Primary Input Spin Frequency: 76.49778111
Primary Radius of Gyration: 0.50000000

--------- Secondary Body ---------

Secondary Mass: 6.70227025e-05
Secondary Radius: 9.98260606e-05
Secondary Tidal Q: 34.00000000
Secondary Love Number k2: 0.30000000
Secondary Radius of Gyration: 0.50000000
Secondary Input Obliquity: 23.50000000
Secondary Input Spin Period: 0.00273785
Secondary Input Spin Frequency: 2294.93343338
Input Angular Size of Primary body: 1.06627784

-------------- Orbit ----------

Input Semi-major Axis: 0.37232500
Input Orbital Mean Motion: 24.82723805
Input Orbital Period: 0.25307629
Input Eccentricity: 0.00000000

--------- Tidal Effects ---------

da/dt: 4.07619130e-15
de/dt: 0.00000000
dP/dt: 4.15616843e-15

Derivative of Primary's Spin Rate: -5.17426501e-33
Primary dObl/dt: 0.00000000
Primary Equilibrium Rotation Rate: 24.82723805
Primary Equilibrium Rotation Period: 0.25307629
Primary Tidal Heat [W]: 1.82333547e+09
Primary Tidal Surface Flux [W/m^2]: 5.40132320e-10
Primary Equilibrium Tidal Surface Flux [W/m^2]: 0.00000000

Derivative of Secondary's Spin Rate: -7.59267251e-21
Secondary dObl/dt: 1.04080055e-17
Secondary Equilibrium Rotation Rate: 24.82723805
Secondary Equilibrium Rotation Period: 0.25307629
Secondary Tidal Heat [W]: 4.05831272e+15
Secondary Tidal Surface Flux [W/m^2]: 1.44809217
Secondary Equilibrium Tidal Surface Flux [W/m^2]: 0.00251813

Use Discrete Rotation States: 1
Discrete Equilibrium Spin Period: 0.25307629
Continuous Equilibrium Spin Period: 0.25307629
Primary epsilons: 1 1 1 1 1 1
Primary Gamma_Rotation: 4.00000000
Primary Gamma_Orbital: 4.00000000
Secondary epsilons: 1 1 1 1 1 1
Secondary Gamma_Rotation: 4.00000000
Secondary Gamma_Orbital: 4.00000000

----------- Halt ---------

Primary's Minimum Obliquity: -57.29577951
Secondary's Minimum Obliquity: -57.29577951

--------- Primary Body ---------

Primary Final Obliquity: 0.00000000
Primary Final Spin Period: 0.08213552
Primary Final Spin Frequency: 76.49778111

--------- Secondary Body ---------

Secondary Final Obliquity: 37.47243694
Secondary Final Spin Period: 0.23107983
Secondary Final Spin Frequency: 27.19053940
Final Angular Size of Primary body: 1.06627450

-------------- Orbit ----------

Final Semi-major Axis: 0.37232617
Final Orbital Mean Motion: 24.82712127
Final Orbital Period: 0.25307748
Final Eccentricity: 0.00000000

--------- Tidal Effects ---------

da/dt: 1.05882495e-15
de/dt: -0.00000000
dP/dt: 1.07960137e-15

Derivative of Primary's Spin Rate: -5.17416766e-33
Primary dObl/dt: 0.00000000
Primary Equilibrium Rotation Rate: 24.82712127
Primary Equilibrium Rotation Period: 0.25307748
Primary Tidal Heat [W]: 1.82330529e+09
Primary Tidal Surface Flux [W/m^2]: 5.40123378e-10
Primary Equilibrium Tidal Surface Flux [W/m^2]: 0.00000000

Derivative of Secondary's Spin Rate: 2.93873605e-39
Secondary dObl/dt: -1.34025486e-15
Secondary Equilibrium Rotation Rate: 24.82712127
Secondary Equilibrium Rotation Period: 0.25307748
Secondary Tidal Heat [W]: 1.90885782e+13
Secondary Tidal Surface Flux [W/m^2]: 0.00681121
Secondary Equilibrium Tidal Surface Flux [W/m^2]: 0.00586162

Use Discrete Rotation States: 1
Discrete Equilibrium Spin Period: 0.25307748
Continuous Equilibrium Spin Period: 0.25307748
Primary epsilons: 1 1 1 1 1 1
Primary Gamma_Rotation: 4.00000000
Primary Gamma_Orbital: 4.00000000
Secondary epsilons: 1 -1 1 1 -1 1
Secondary Gamma_Rotation: 2.51949655
Secondary Gamma_Orbital: 1.03899309

----------- Halt ---------

Primary's Minimum Obliquity: -57.29577951
Secondary's Minimum Obliquity: -57.29577951
