System Name: K03508.01
Tidal Model: Constant-Phase-Lag
Use Discrete Rotation Rate Model: 1
Integration Method: 4th order Runge-Kutta
Verbosity Level: 5

--------- Input/Output Units ---------

Mass Units: Solar
Length Units: AU
Time Units: Years
Angle Units: Degrees
Minimum Value of ecc and obl: 1.00000000e-10

--------- Files ---------

Executable: /Users/rory/src/eqtide/eqtide
Input: tide.in
Forward Output: K03508.01.forward
---------- Integration(s) ----------

Use Variable Timestep: Yes
Timestep Coefficient: 0.01000000

--------- Forward Integration ---------

Input Time Step: 0.00000000
Stop Time: 1.50000000e+10
Output Interval: 1.00000000e+09
Input Minimum Semi-major Axis: 0.00000000
Output Order: Time SemiMajorAxis Eccentricity SecPer[days] OrbPeriod[days] SecObliquity 

--------- Primary Body ---------

Primary Mass: 1.03981400
Primary Radius: 0.00461326
Primary Tidal Q: 1.00000000e+06

Primary Love Number k2: 0.50000000
Primary Input Obliquity: 0.00000000
Primary Input Spin Period: 0.08213552
Primary Input Spin Frequency: 76.49778111
Primary Radius of Gyration: 0.50000000

--------- Secondary Body ---------

Secondary Mass: 2.64794367e-05
Secondary Radius: 7.74011116e-05
Secondary Tidal Q: 34.00000000
Secondary Love Number k2: 0.30000000
Secondary Radius of Gyration: 0.50000000
Secondary Input Obliquity: 23.50000000
Secondary Input Spin Period: 0.00273785
Secondary Input Spin Frequency: 2294.93343338
Input Angular Size of Primary body: 0.80447520

-------------- Orbit ----------

Input Semi-major Axis: 0.65711400
Input Orbital Mean Motion: 12.02799950
Input Orbital Period: 0.52237991
Input Eccentricity: 0.00000000

--------- Tidal Effects ---------

da/dt: 1.86289778e-16
de/dt: 0.00000000
dP/dt: 2.22142451e-16

Derivative of Primary's Spin Rate: -4.88952571e-35
Primary dObl/dt: -0.00000000
Primary Equilibrium Rotation Rate: 12.02799950
Primary Equilibrium Rotation Period: 0.52237991
Primary Tidal Heat [W]: 4.91834774e+07
Primary Tidal Surface Flux [W/m^2]: 8.21754358e-12
Primary Equilibrium Tidal Surface Flux [W/m^2]: 0.00000000

Derivative of Secondary's Spin Rate: -4.93546128e-22
Secondary dObl/dt: 6.76551757e-19
Secondary Equilibrium Rotation Rate: 12.02799950
Secondary Equilibrium Rotation Period: 0.52237991
Secondary Tidal Heat [W]: 6.30106084e+13
Secondary Tidal Surface Flux [W/m^2]: 0.03739881
Secondary Equilibrium Tidal Surface Flux [W/m^2]: 3.13301650e-05

Use Discrete Rotation States: 1
Discrete Equilibrium Spin Period: 0.52237991
Continuous Equilibrium Spin Period: 0.52237991
Primary epsilons: 1 1 1 1 1 1
Primary Gamma_Rotation: 4.00000000
Primary Gamma_Orbital: 4.00000000
Secondary epsilons: 1 1 1 1 1 1
Secondary Gamma_Rotation: 4.00000000
Secondary Gamma_Orbital: 4.00000000

----------- Halt ---------

Primary's Minimum Obliquity: -57.29577951
Secondary's Minimum Obliquity: -57.29577951

--------- Primary Body ---------

Primary Final Obliquity: 0.00000000
Primary Final Spin Period: 0.08213552
Primary Final Spin Frequency: 76.49778111

--------- Secondary Body ---------

Secondary Final Obliquity: 42.78502755
Secondary Final Spin Period: 0.47942724
Secondary Final Spin Frequency: 13.10560774
Final Angular Size of Primary body: 0.80447417

-------------- Orbit ----------

Final Semi-major Axis: 0.65711485
Final Orbital Mean Motion: 12.02797630
Final Orbital Period: 0.52238092
Final Eccentricity: 0.00000000

--------- Tidal Effects ---------

da/dt: 1.43936931e-17
de/dt: -0.00000000
dP/dt: 1.71638636e-17

Derivative of Primary's Spin Rate: -4.88948798e-35
Primary dObl/dt: -0.00000000
Primary Equilibrium Rotation Rate: 12.02797630
Primary Equilibrium Rotation Period: 0.52238092
Primary Tidal Heat [W]: 4.91831155e+07
Primary Tidal Surface Flux [W/m^2]: 8.21748313e-12
Primary Equilibrium Tidal Surface Flux [W/m^2]: 0.00000000

Derivative of Secondary's Spin Rate: 2.93873605e-39
Secondary dObl/dt: -2.01809018e-16
Secondary Equilibrium Rotation Rate: 12.02797630
Secondary Equilibrium Rotation Period: 0.52238092
Secondary Tidal Heat [W]: 1.69190454e+11
Secondary Tidal Surface Flux [W/m^2]: 0.00010042
Secondary Equilibrium Tidal Surface Flux [W/m^2]: 9.09112942e-05

Use Discrete Rotation States: 1
Discrete Equilibrium Spin Period: 0.52238092
Continuous Equilibrium Spin Period: 0.52238092
Primary epsilons: 1 1 1 1 1 1
Primary Gamma_Rotation: 4.00000000
Primary Gamma_Orbital: 4.00000000
Secondary epsilons: 1 -1 1 1 -1 1
Secondary Gamma_Rotation: 2.15448023
Secondary Gamma_Orbital: 0.30896046

----------- Halt ---------

Primary's Minimum Obliquity: -57.29577951
Secondary's Minimum Obliquity: -57.29577951
