System Name: K03966.01
Tidal Model: Constant-Phase-Lag
Use Discrete Rotation Rate Model: 1
Integration Method: 4th order Runge-Kutta
Verbosity Level: 5

--------- Input/Output Units ---------

Mass Units: Solar
Length Units: AU
Time Units: Years
Angle Units: Degrees
Minimum Value of ecc and obl: 1.00000000e-10

--------- Files ---------

Executable: /Users/rory/src/eqtide/eqtide
Input: tide.in
Forward Output: K03966.01.forward
---------- Integration(s) ----------

Use Variable Timestep: Yes
Timestep Coefficient: 0.01000000

--------- Forward Integration ---------

Input Time Step: 0.00000000
Stop Time: 1.50000000e+10
Output Interval: 1.00000000e+09
Input Minimum Semi-major Axis: 0.00000000
Output Order: Time SemiMajorAxis Eccentricity SecPer[days] OrbPeriod[days] SecObliquity 

--------- Primary Body ---------

Primary Mass: 0.92820900
Primary Radius: 0.00392964
Primary Tidal Q: 1.00000000e+06

Primary Love Number k2: 0.50000000
Primary Input Obliquity: 0.00000000
Primary Input Spin Period: 0.08213552
Primary Input Spin Frequency: 76.49778111
Primary Radius of Gyration: 0.50000000

--------- Secondary Body ---------

Secondary Mass: 4.72928930e-05
Secondary Radius: 9.07313482e-05
Secondary Tidal Q: 34.00000000
Secondary Love Number k2: 0.30000000
Secondary Radius of Gyration: 0.50000000
Secondary Input Obliquity: 23.50000000
Secondary Input Spin Period: 0.00273785
Secondary Input Spin Frequency: 2294.93343338
Input Angular Size of Primary body: 0.87925211

-------------- Orbit ----------

Input Semi-major Axis: 0.51213400
Input Orbital Mean Motion: 16.51694258
Input Orbital Period: 0.38040850
Input Eccentricity: 0.00000000

--------- Tidal Effects ---------

da/dt: 7.67017488e-16
de/dt: 0.00000000
dP/dt: 8.54622237e-16

Derivative of Primary's Spin Rate: -4.81868655e-34
Primary dObl/dt: -0.00000000
Primary Equilibrium Rotation Rate: 16.51694258
Primary Equilibrium Rotation Period: 0.38040850
Primary Tidal Heat [W]: 2.92090677e+08
Primary Tidal Surface Flux [W/m^2]: 6.72590002e-11
Primary Equilibrium Tidal Surface Flux [W/m^2]: 0.00000000

Derivative of Secondary's Spin Rate: -1.58268324e-21
Secondary dObl/dt: 2.16953717e-18
Secondary Equilibrium Rotation Rate: 16.51694258
Secondary Equilibrium Rotation Period: 0.38040850
Secondary Tidal Heat [W]: 4.94917255e+14
Secondary Tidal Surface Flux [W/m^2]: 0.21377476
Secondary Equilibrium Tidal Surface Flux [W/m^2]: 0.00024641

Use Discrete Rotation States: 1
Discrete Equilibrium Spin Period: 0.38040850
Continuous Equilibrium Spin Period: 0.38040850
Primary epsilons: 1 1 1 1 1 1
Primary Gamma_Rotation: 4.00000000
Primary Gamma_Orbital: 4.00000000
Secondary epsilons: 1 1 1 1 1 1
Secondary Gamma_Rotation: 4.00000000
Secondary Gamma_Orbital: 4.00000000

----------- Halt ---------

Primary's Minimum Obliquity: -57.29577951
Secondary's Minimum Obliquity: -57.29577951

--------- Primary Body ---------

Primary Final Obliquity: 0.00000000
Primary Final Spin Period: 0.08213552
Primary Final Spin Frequency: 76.49778111

--------- Secondary Body ---------

Secondary Final Obliquity: 39.72499453
Secondary Final Spin Period: 0.34608014
Secondary Final Spin Frequency: 18.15528981
Final Angular Size of Primary body: 0.87925027

-------------- Orbit ----------

Final Semi-major Axis: 0.51213507
Final Orbital Mean Motion: 16.51689069
Final Orbital Period: 0.38040969
Final Eccentricity: 0.00000000

--------- Tidal Effects ---------

da/dt: 1.40448495e-16
de/dt: -0.00000000
dP/dt: 1.56489956e-16

Derivative of Primary's Spin Rate: -4.81862600e-34
Primary dObl/dt: -0.00000000
Primary Equilibrium Rotation Rate: 16.51689069
Primary Equilibrium Rotation Period: 0.38040969
Primary Tidal Heat [W]: 2.92087259e+08
Primary Tidal Surface Flux [W/m^2]: 6.72582131e-11
Primary Equilibrium Tidal Surface Flux [W/m^2]: 0.00000000

Derivative of Secondary's Spin Rate: 2.93873605e-39
Secondary dObl/dt: -4.39542095e-16
Secondary Equilibrium Rotation Rate: 16.51689069
Secondary Equilibrium Rotation Period: 0.38040969
Secondary Tidal Heat [W]: 1.67595289e+12
Secondary Tidal Surface Flux [W/m^2]: 0.00072391
Secondary Equilibrium Tidal Surface Flux [W/m^2]: 0.00063298

Use Discrete Rotation States: 1
Discrete Equilibrium Spin Period: 0.38040969
Continuous Equilibrium Spin Period: 0.38040969
Primary epsilons: 1 1 1 1 1 1
Primary Gamma_Rotation: 4.00000000
Primary Gamma_Orbital: 4.00000000
Secondary epsilons: 1 -1 1 1 -1 1
Secondary Gamma_Rotation: 2.36618739
Secondary Gamma_Orbital: 0.73237478

----------- Halt ---------

Primary's Minimum Obliquity: -57.29577951
Secondary's Minimum Obliquity: -57.29577951
