System Name: K04054.01
Tidal Model: Constant-Phase-Lag
Use Discrete Rotation Rate Model: 1
Integration Method: 4th order Runge-Kutta
Verbosity Level: 5

--------- Input/Output Units ---------

Mass Units: Solar
Length Units: AU
Time Units: Years
Angle Units: Degrees
Minimum Value of ecc and obl: 1.00000000e-10

--------- Files ---------

Executable: /Users/rory/src/eqtide/eqtide
Input: tide.in
Forward Output: K04054.01.forward
---------- Integration(s) ----------

Use Variable Timestep: Yes
Timestep Coefficient: 0.01000000

--------- Forward Integration ---------

Input Time Step: 0.00000000
Stop Time: 1.50000000e+10
Output Interval: 1.00000000e+09
Input Minimum Semi-major Axis: 0.00000000
Output Order: Time SemiMajorAxis Eccentricity SecPer[days] OrbPeriod[days] SecObliquity 

--------- Primary Body ---------

Primary Mass: 0.85705200
Primary Radius: 0.00362271
Primary Tidal Q: 1.00000000e+06

Primary Love Number k2: 0.50000000
Primary Input Obliquity: 0.00000000
Primary Input Spin Period: 0.08213552
Primary Input Spin Frequency: 76.49778111
Primary Radius of Gyration: 0.50000000

--------- Secondary Body ---------

Secondary Mass: 5.35712487e-05
Secondary Radius: 9.38834337e-05
Secondary Tidal Q: 34.00000000
Secondary Love Number k2: 0.30000000
Secondary Radius of Gyration: 0.50000000
Secondary Input Obliquity: 23.50000000
Secondary Input Spin Period: 0.00273785
Secondary Input Spin Frequency: 2294.93343338
Input Angular Size of Primary body: 0.73015587

-------------- Orbit ----------

Input Semi-major Axis: 0.56854500
Input Orbital Mean Motion: 13.56878665
Input Orbital Period: 0.46306169
Input Eccentricity: 0.00000000

--------- Tidal Effects ---------

da/dt: 4.01119415e-16
de/dt: 0.00000000
dP/dt: 4.90063690e-16

Derivative of Primary's Spin Rate: -2.80281149e-34
Primary dObl/dt: 0.00000000
Primary Equilibrium Rotation Rate: 13.56878665
Primary Equilibrium Rotation Period: 0.46306169
Primary Tidal Heat [W]: 1.39876276e+08
Primary Tidal Surface Flux [W/m^2]: 3.78979114e-11
Primary Equilibrium Tidal Surface Flux [W/m^2]: 0.00000000

Derivative of Secondary's Spin Rate: -7.04998677e-22
Secondary dObl/dt: 9.66409890e-19
Secondary Equilibrium Rotation Rate: 13.56878665
Secondary Equilibrium Rotation Period: 0.46306169
Secondary Tidal Heat [W]: 2.67724166e+14
Secondary Tidal Surface Flux [W/m^2]: 0.10800608
Secondary Equilibrium Tidal Surface Flux [W/m^2]: 0.00010214

Use Discrete Rotation States: 1
Discrete Equilibrium Spin Period: 0.46306169
Continuous Equilibrium Spin Period: 0.46306169
Primary epsilons: 1 1 1 1 1 1
Primary Gamma_Rotation: 4.00000000
Primary Gamma_Orbital: 4.00000000
Secondary epsilons: 1 1 1 1 1 1
Secondary Gamma_Rotation: 4.00000000
Secondary Gamma_Orbital: 4.00000000

----------- Halt ---------

Primary's Minimum Obliquity: -57.29577951
Secondary's Minimum Obliquity: -57.29577951

--------- Primary Body ---------

Primary Final Obliquity: 0.00000000
Primary Final Spin Period: 0.08213552
Primary Final Spin Frequency: 76.49778111

--------- Secondary Body ---------

Secondary Final Obliquity: 41.60572234
Secondary Final Spin Period: 0.42164840
Secondary Final Spin Frequency: 14.90148022
Final Angular Size of Primary body: 0.73015424

-------------- Orbit ----------

Final Semi-major Axis: 0.56854627
Final Orbital Mean Motion: 13.56874123
Final Orbital Period: 0.46306324
Final Eccentricity: 0.00000000

--------- Tidal Effects ---------

da/dt: 4.74206881e-17
de/dt: -0.00000000
dP/dt: 5.79358226e-17

Derivative of Primary's Spin Rate: -2.80277396e-34
Primary dObl/dt: 0.00000000
Primary Equilibrium Rotation Rate: 13.56874123
Primary Equilibrium Rotation Period: 0.46306324
Primary Tidal Heat [W]: 1.39874504e+08
Primary Tidal Surface Flux [W/m^2]: 3.78974313e-11
Primary Equilibrium Tidal Surface Flux [W/m^2]: 0.00000000

Derivative of Secondary's Spin Rate: 2.93873605e-39
Secondary dObl/dt: -2.47836762e-16
Secondary Equilibrium Rotation Rate: 13.56874123
Secondary Equilibrium Rotation Period: 0.46306324
Secondary Tidal Heat [W]: 7.89486124e+11
Secondary Tidal Surface Flux [W/m^2]: 0.00031850
Secondary Equilibrium Tidal Surface Flux [W/m^2]: 0.00028322

Use Discrete Rotation States: 1
Discrete Equilibrium Spin Period: 0.46306324
Continuous Equilibrium Spin Period: 0.46306324
Primary epsilons: 1 1 1 1 1 1
Primary Gamma_Rotation: 4.00000000
Primary Gamma_Orbital: 4.00000000
Secondary epsilons: 1 -1 1 1 -1 1
Secondary Gamma_Rotation: 2.23641125
Secondary Gamma_Orbital: 0.47282250

----------- Halt ---------

Primary's Minimum Obliquity: -57.29577951
Secondary's Minimum Obliquity: -57.29577951
