System Name: K04036.01
Tidal Model: Constant-Phase-Lag
Use Discrete Rotation Rate Model: 1
Integration Method: 4th order Runge-Kutta
Verbosity Level: 5

--------- Input/Output Units ---------

Mass Units: Solar
Length Units: AU
Time Units: Years
Angle Units: Degrees
Minimum Value of ecc and obl: 1.00000000e-10

--------- Files ---------

Executable: /Users/rory/src/eqtide/eqtide
Input: tide.in
Forward Output: K04036.01.forward
---------- Integration(s) ----------

Use Variable Timestep: Yes
Timestep Coefficient: 0.01000000

--------- Forward Integration ---------

Input Time Step: 0.00000000
Stop Time: 1.50000000e+10
Output Interval: 1.00000000e+09
Input Minimum Semi-major Axis: 0.00000000
Output Order: Time SemiMajorAxis Eccentricity SecPer[days] OrbPeriod[days] SecObliquity 

--------- Primary Body ---------

Primary Mass: 0.73570200
Primary Radius: 0.00353900
Primary Tidal Q: 1.00000000e+06

Primary Love Number k2: 0.50000000
Primary Input Obliquity: 0.00000000
Primary Input Spin Period: 0.08213552
Primary Input Spin Frequency: 76.49778111
Primary Radius of Gyration: 0.50000000

--------- Secondary Body ---------

Secondary Mass: 4.14915185e-05
Secondary Radius: 8.75357751e-05
Secondary Tidal Q: 34.00000000
Secondary Love Number k2: 0.30000000
Secondary Radius of Gyration: 0.50000000
Secondary Input Obliquity: 23.50000000
Secondary Input Spin Period: 0.00273785
Secondary Input Spin Frequency: 2294.93343338
Input Angular Size of Primary body: 0.75147875

-------------- Orbit ----------

Input Semi-major Axis: 0.53964800
Input Orbital Mean Motion: 13.59466400
Input Orbital Period: 0.46218026
Input Eccentricity: 0.00000000

--------- Tidal Effects ---------

da/dt: 3.86695175e-16
de/dt: 0.00000000
dP/dt: 4.96790265e-16

Derivative of Primary's Spin Rate: -2.49701687e-34
Primary dObl/dt: -0.00000000
Primary Equilibrium Rotation Rate: 13.59466400
Primary Equilibrium Rotation Period: 0.46218026
Primary Tidal Heat [W]: 1.02042758e+08
Primary Tidal Surface Flux [W/m^2]: 2.89707009e-11
Primary Equilibrium Tidal Surface Flux [W/m^2]: 0.00000000

Derivative of Secondary's Spin Rate: -7.43473948e-22
Secondary dObl/dt: 1.01915171e-18
Secondary Equilibrium Rotation Rate: 13.59466400
Secondary Equilibrium Rotation Period: 0.46218026
Secondary Tidal Heat [W]: 1.90099465e+14
Secondary Tidal Surface Flux [W/m^2]: 0.08821619
Secondary Equilibrium Tidal Surface Flux [W/m^2]: 8.35846163e-05

Use Discrete Rotation States: 1
Discrete Equilibrium Spin Period: 0.46218026
Continuous Equilibrium Spin Period: 0.46218026
Primary epsilons: 1 1 1 1 1 1
Primary Gamma_Rotation: 4.00000000
Primary Gamma_Orbital: 4.00000000
Secondary epsilons: 1 1 1 1 1 1
Secondary Gamma_Rotation: 4.00000000
Secondary Gamma_Orbital: 4.00000000

----------- Halt ---------

Primary's Minimum Obliquity: -57.29577951
Secondary's Minimum Obliquity: -57.29577951

--------- Primary Body ---------

Primary Final Obliquity: 0.00000000
Primary Final Spin Period: 0.08213552
Primary Final Spin Frequency: 76.49778111

--------- Secondary Body ---------

Secondary Final Obliquity: 41.24552633
Secondary Final Spin Period: 0.42431926
Secondary Final Spin Frequency: 14.80768352
Final Angular Size of Primary body: 0.75147713

-------------- Orbit ----------

Final Semi-major Axis: 0.53964916
Final Orbital Mean Motion: 13.59462018
Final Orbital Period: 0.46218175
Final Eccentricity: 0.00000000

--------- Tidal Effects ---------

da/dt: 5.05396650e-17
de/dt: -0.00000000
dP/dt: 6.49287660e-17

Derivative of Primary's Spin Rate: -2.49698467e-34
Primary dObl/dt: -0.00000000
Primary Equilibrium Rotation Rate: 13.59462018
Primary Equilibrium Rotation Period: 0.46218175
Primary Tidal Heat [W]: 1.02041513e+08
Primary Tidal Surface Flux [W/m^2]: 2.89703476e-11
Primary Equilibrium Tidal Surface Flux [W/m^2]: 0.00000000

Derivative of Secondary's Spin Rate: 2.93873605e-39
Secondary dObl/dt: -2.61150944e-16
Secondary Equilibrium Rotation Rate: 13.59462018
Secondary Equilibrium Rotation Period: 0.46218175
Secondary Tidal Heat [W]: 5.49526650e+11
Secondary Tidal Surface Flux [W/m^2]: 0.00025501
Secondary Equilibrium Tidal Surface Flux [W/m^2]: 0.00022849

Use Discrete Rotation States: 1
Discrete Equilibrium Spin Period: 0.46218175
Continuous Equilibrium Spin Period: 0.46218175
Primary epsilons: 1 1 1 1 1 1
Primary Gamma_Rotation: 4.00000000
Primary Gamma_Orbital: 4.00000000
Secondary epsilons: 1 -1 1 1 -1 1
Secondary Gamma_Rotation: 2.26136203
Secondary Gamma_Orbital: 0.52272406

----------- Halt ---------

Primary's Minimum Obliquity: -57.29577951
Secondary's Minimum Obliquity: -57.29577951
