System Name: K04103.01
Tidal Model: Constant-Phase-Lag
Use Discrete Rotation Rate Model: 1
Integration Method: 4th order Runge-Kutta
Verbosity Level: 5

--------- Input/Output Units ---------

Mass Units: Solar
Length Units: AU
Time Units: Years
Angle Units: Degrees
Minimum Value of ecc and obl: 1.00000000e-10

--------- Files ---------

Executable: /Users/rory/src/eqtide/eqtide
Input: tide.in
Forward Output: K04103.01.forward
---------- Integration(s) ----------

Use Variable Timestep: Yes
Timestep Coefficient: 0.01000000

--------- Forward Integration ---------

Input Time Step: 0.00000000
Stop Time: 1.50000000e+10
Output Interval: 1.00000000e+09
Input Minimum Semi-major Axis: 0.00000000
Output Order: Time SemiMajorAxis Eccentricity SecPer[days] OrbPeriod[days] SecObliquity 

--------- Primary Body ---------

Primary Mass: 0.71467700
Primary Radius: 0.00314836
Primary Tidal Q: 1.00000000e+06

Primary Love Number k2: 0.50000000
Primary Input Obliquity: 0.00000000
Primary Input Spin Period: 0.08213552
Primary Input Spin Frequency: 76.49778111
Primary Radius of Gyration: 0.50000000

--------- Secondary Body ---------

Secondary Mass: 7.06238621e-05
Secondary Radius: 0.00010127
Secondary Tidal Q: 34.00000000
Secondary Love Number k2: 0.30000000
Secondary Radius of Gyration: 0.50000000
Secondary Input Obliquity: 23.50000000
Secondary Input Spin Period: 0.00273785
Secondary Input Spin Frequency: 2294.93343338
Input Angular Size of Primary body: 0.63556178

-------------- Orbit ----------

Input Semi-major Axis: 0.56764300
Input Orbital Mean Motion: 12.42037052
Input Orbital Period: 0.50587745
Input Eccentricity: 0.00000000

--------- Tidal Effects ---------

da/dt: 3.41285906e-16
de/dt: 0.00000000
dP/dt: 4.56248132e-16

Derivative of Primary's Spin Rate: -3.87098620e-34
Primary dObl/dt: 0.00000000
Primary Equilibrium Rotation Rate: 12.42037052
Primary Equilibrium Rotation Period: 0.50587745
Primary Tidal Heat [W]: 1.23888505e+08
Primary Tidal Surface Flux [W/m^2]: 4.44426354e-11
Primary Equilibrium Tidal Surface Flux [W/m^2]: 0.00000000

Derivative of Secondary's Spin Rate: -4.71148644e-22
Secondary dObl/dt: 6.45848822e-19
Secondary Equilibrium Rotation Rate: 12.42037052
Secondary Equilibrium Rotation Period: 0.50587745
Secondary Tidal Heat [W]: 2.74574347e+14
Secondary Tidal Surface Flux [W/m^2]: 0.09520420
Secondary Equilibrium Tidal Surface Flux [W/m^2]: 8.23714576e-05

Use Discrete Rotation States: 1
Discrete Equilibrium Spin Period: 0.50587745
Continuous Equilibrium Spin Period: 0.50587745
Primary epsilons: 1 1 1 1 1 1
Primary Gamma_Rotation: 4.00000000
Primary Gamma_Orbital: 4.00000000
Secondary epsilons: 1 1 1 1 1 1
Secondary Gamma_Rotation: 4.00000000
Secondary Gamma_Orbital: 4.00000000

----------- Halt ---------

Primary's Minimum Obliquity: -57.29577951
Secondary's Minimum Obliquity: -57.29577951

--------- Primary Body ---------

Primary Final Obliquity: 0.00000000
Primary Final Spin Period: 0.08213552
Primary Final Spin Frequency: 76.49778111

--------- Secondary Body ---------

Secondary Final Obliquity: 42.70932273
Secondary Final Spin Period: 0.46059673
Secondary Final Spin Frequency: 13.64140232
Final Angular Size of Primary body: 0.63555997

-------------- Orbit ----------

Final Semi-major Axis: 0.56764462
Final Orbital Mean Motion: 12.42031734
Final Orbital Period: 0.50587961
Final Eccentricity: 0.00000000

--------- Tidal Effects ---------

da/dt: 2.72646751e-17
de/dt: -0.00000000
dP/dt: 3.64488384e-17

Derivative of Primary's Spin Rate: -3.87091990e-34
Primary dObl/dt: 0.00000000
Primary Equilibrium Rotation Rate: 12.42031734
Primary Equilibrium Rotation Period: 0.50587961
Primary Tidal Heat [W]: 1.23886486e+08
Primary Tidal Surface Flux [W/m^2]: 4.44419112e-11
Primary Equilibrium Tidal Surface Flux [W/m^2]: 0.00000000

Derivative of Secondary's Spin Rate: 2.93873605e-39
Secondary dObl/dt: -1.84817888e-16
Secondary Equilibrium Rotation Rate: 12.42031734
Secondary Equilibrium Rotation Period: 0.50587961
Secondary Tidal Heat [W]: 7.66677587e+11
Secondary Tidal Surface Flux [W/m^2]: 0.00026583
Secondary Equilibrium Tidal Surface Flux [W/m^2]: 0.00023833

Use Discrete Rotation States: 1
Discrete Equilibrium Spin Period: 0.50587961
Continuous Equilibrium Spin Period: 0.50587961
Primary epsilons: 1 1 1 1 1 1
Primary Gamma_Rotation: 4.00000000
Primary Gamma_Orbital: 4.00000000
Secondary epsilons: 1 -1 1 1 -1 1
Secondary Gamma_Rotation: 2.15974909
Secondary Gamma_Orbital: 0.31949818

----------- Halt ---------

Primary's Minimum Obliquity: -57.29577951
Secondary's Minimum Obliquity: -57.29577951
