System Name: K04290.01
Tidal Model: Constant-Phase-Lag
Use Discrete Rotation Rate Model: 1
Integration Method: 4th order Runge-Kutta
Verbosity Level: 5

--------- Input/Output Units ---------

Mass Units: Solar
Length Units: AU
Time Units: Years
Angle Units: Degrees
Minimum Value of ecc and obl: 1.00000000e-10

--------- Files ---------

Executable: /Users/rory/src/eqtide/eqtide
Input: tide.in
Forward Output: K04290.01.forward
---------- Integration(s) ----------

Use Variable Timestep: Yes
Timestep Coefficient: 0.01000000

--------- Forward Integration ---------

Input Time Step: 0.00000000
Stop Time: 1.50000000e+10
Output Interval: 1.00000000e+09
Input Minimum Semi-major Axis: 0.00000000
Output Order: Time SemiMajorAxis Eccentricity SecPer[days] OrbPeriod[days] SecObliquity 

--------- Primary Body ---------

Primary Mass: 0.13099300
Primary Radius: 0.00073477
Primary Tidal Q: 1.00000000e+06

Primary Love Number k2: 0.50000000
Primary Input Obliquity: 0.00000000
Primary Input Spin Period: 0.08213552
Primary Input Spin Frequency: 76.49778111
Primary Radius of Gyration: 0.50000000

--------- Secondary Body ---------

Secondary Mass: 1.62401665e-06
Secondary Radius: 3.53226544e-05
Secondary Tidal Q: 34.00000000
Secondary Love Number k2: 0.30000000
Secondary Radius of Gyration: 0.50000000
Secondary Input Obliquity: 23.50000000
Secondary Input Spin Period: 0.00273785
Secondary Input Spin Frequency: 2294.93343338
Input Angular Size of Primary body: 2.96075086

-------------- Orbit ----------

Input Semi-major Axis: 0.02843200
Input Orbital Mean Motion: 474.33671579
Input Orbital Period: 0.01324626
Input Eccentricity: 0.00000000

--------- Tidal Effects ---------

da/dt: 8.52206706e-11
de/dt: 0.00000000
dP/dt: 5.95558756e-11

Derivative of Primary's Spin Rate: 8.99029372e-31
Primary dObl/dt: -0.00000000
Primary Equilibrium Rotation Rate: 474.33671579
Primary Equilibrium Rotation Period: 0.01324626
Primary Tidal Heat [W]: 1.78344910e+10
Primary Tidal Surface Flux [W/m^2]: 1.17460724e-07
Primary Equilibrium Tidal Surface Flux [W/m^2]: 0.00000000

Derivative of Secondary's Spin Rate: -1.84990373e-15
Secondary dObl/dt: 2.53584020e-12
Secondary Equilibrium Rotation Rate: 474.33671579
Secondary Equilibrium Rotation Period: 0.01324626
Secondary Tidal Heat [W]: 2.40577435e+18
Secondary Tidal Surface Flux [W/m^2]: 6856.25226540
Secondary Equilibrium Tidal Surface Flux [W/m^2]: 284.02668126

Use Discrete Rotation States: 1
Discrete Equilibrium Spin Period: 0.01324626
Continuous Equilibrium Spin Period: 0.01324626
Primary epsilons: -1 -1 -1 1 -1 1
Primary Gamma_Rotation: -4.00000000
Primary Gamma_Orbital: -4.00000000
Secondary epsilons: 1 1 1 1 1 1
Secondary Gamma_Rotation: 4.00000000
Secondary Gamma_Orbital: 4.00000000

----------- Halt ---------

Primary's Minimum Obliquity: -57.29577951
Secondary's Minimum Obliquity: -57.29577951

--------- Primary Body ---------

Primary Final Obliquity: 0.00000000
Primary Final Spin Period: 0.08213552
Primary Final Spin Frequency: 76.49778111

--------- Secondary Body ---------

Secondary Final Obliquity: 24.38244477
Secondary Final Spin Period: 0.01206858
Secondary Final Spin Frequency: 520.62333561
Final Angular Size of Primary body: 2.96074304

-------------- Orbit ----------

Final Semi-major Axis: 0.02843208
Final Orbital Mean Motion: 474.33483488
Final Orbital Period: 0.01324631
Final Eccentricity: 0.00000000

--------- Tidal Effects ---------

da/dt: 5.61724224e-11
de/dt: -0.00000000
dP/dt: 3.92557603e-11

Derivative of Primary's Spin Rate: 8.99015112e-31
Primary dObl/dt: -0.00000000
Primary Equilibrium Rotation Rate: 474.33483488
Primary Equilibrium Rotation Period: 0.01324631
Primary Tidal Heat [W]: 1.78341238e+10
Primary Tidal Surface Flux [W/m^2]: 1.17458306e-07
Primary Equilibrium Tidal Surface Flux [W/m^2]: 0.00000000

Derivative of Secondary's Spin Rate: 2.93873605e-39
Secondary dObl/dt: -1.15725623e-11
Secondary Equilibrium Rotation Rate: 474.33483488
Secondary Equilibrium Rotation Period: 0.01324631
Secondary Tidal Heat [W]: 1.57561349e+17
Secondary Tidal Surface Flux [W/m^2]: 449.03644351
Secondary Equilibrium Tidal Surface Flux [W/m^2]: 304.42754362

Use Discrete Rotation States: 1
Discrete Equilibrium Spin Period: 0.01324631
Continuous Equilibrium Spin Period: 0.01324631
Primary epsilons: -1 -1 -1 1 -1 1
Primary Gamma_Rotation: -4.00000000
Primary Gamma_Orbital: -4.00000000
Secondary epsilons: 1 -1 1 1 -1 1
Secondary Gamma_Rotation: 3.31830082
Secondary Gamma_Orbital: 2.63660164

----------- Halt ---------

Primary's Minimum Obliquity: -57.29577951
Secondary's Minimum Obliquity: -57.29577951
