System Name: K04307.01
Tidal Model: Constant-Phase-Lag
Use Discrete Rotation Rate Model: 1
Integration Method: 4th order Runge-Kutta
Verbosity Level: 5

--------- Input/Output Units ---------

Mass Units: Solar
Length Units: AU
Time Units: Years
Angle Units: Degrees
Minimum Value of ecc and obl: 1.00000000e-10

--------- Files ---------

Executable: /Users/rory/src/eqtide/eqtide
Input: tide.in
Forward Output: K04307.01.forward
---------- Integration(s) ----------

Use Variable Timestep: Yes
Timestep Coefficient: 0.01000000

--------- Forward Integration ---------

Input Time Step: 0.00000000
Stop Time: 1.50000000e+10
Output Interval: 1.00000000e+09
Input Minimum Semi-major Axis: 0.00000000
Output Order: Time SemiMajorAxis Eccentricity SecPer[days] OrbPeriod[days] SecObliquity 

--------- Primary Body ---------

Primary Mass: 0.95290600
Primary Radius: 0.00452955
Primary Tidal Q: 1.00000000e+06

Primary Love Number k2: 0.50000000
Primary Input Obliquity: 0.00000000
Primary Input Spin Period: 0.08213552
Primary Input Spin Frequency: 76.49778111
Primary Radius of Gyration: 0.50000000

--------- Secondary Body ---------

Secondary Mass: 6.32418502e-05
Secondary Radius: 9.82505294e-05
Secondary Tidal Q: 34.00000000
Secondary Love Number k2: 0.30000000
Secondary Radius of Gyration: 0.50000000
Secondary Input Obliquity: 23.50000000
Secondary Input Spin Period: 0.00273785
Secondary Input Spin Frequency: 2294.93343338
Input Angular Size of Primary body: 0.91121858

-------------- Orbit ----------

Input Semi-major Axis: 0.56960800
Input Orbital Mean Motion: 14.26745275
Input Orbital Period: 0.44038592
Input Eccentricity: 0.00000000

--------- Tidal Effects ---------

da/dt: 4.94935129e-16
de/dt: 0.00000000
dP/dt: 5.73999210e-16

Derivative of Primary's Spin Rate: -6.79037374e-34
Primary dObl/dt: -0.00000000
Primary Equilibrium Rotation Rate: 14.26745275
Primary Equilibrium Rotation Period: 0.44038592
Primary Tidal Heat [W]: 5.82480029e+08
Primary Tidal Surface Flux [W/m^2]: 1.00950681e-10
Primary Equilibrium Tidal Surface Flux [W/m^2]: 0.00000000

Derivative of Secondary's Spin Rate: -8.36703661e-22
Secondary dObl/dt: 1.14695060e-18
Secondary Equilibrium Rotation Rate: 14.26745275
Secondary Equilibrium Rotation Period: 0.44038592
Secondary Tidal Heat [W]: 4.10679085e+14
Secondary Tidal Surface Flux [W/m^2]: 0.15127646
Secondary Equilibrium Tidal Surface Flux [W/m^2]: 0.00015047

Use Discrete Rotation States: 1
Discrete Equilibrium Spin Period: 0.44038592
Continuous Equilibrium Spin Period: 0.44038592
Primary epsilons: 1 1 1 1 1 1
Primary Gamma_Rotation: 4.00000000
Primary Gamma_Orbital: 4.00000000
Secondary epsilons: 1 1 1 1 1 1
Secondary Gamma_Rotation: 4.00000000
Secondary Gamma_Orbital: 4.00000000

----------- Halt ---------

Primary's Minimum Obliquity: -57.29577951
Secondary's Minimum Obliquity: -57.29577951

--------- Primary Body ---------

Primary Final Obliquity: 0.00000000
Primary Final Spin Period: 0.08213552
Primary Final Spin Frequency: 76.49778111

--------- Secondary Body ---------

Secondary Final Obliquity: 41.01006017
Secondary Final Spin Period: 0.40124074
Secondary Final Spin Frequency: 15.65939002
Final Angular Size of Primary body: 0.91121647

-------------- Orbit ----------

Final Semi-major Axis: 0.56960932
Final Orbital Mean Motion: 14.26740329
Final Orbital Period: 0.44038745
Final Eccentricity: 0.00000000

--------- Tidal Effects ---------

da/dt: 6.87308198e-17
de/dt: -0.00000000
dP/dt: 7.97104096e-17

Derivative of Primary's Spin Rate: -6.79027957e-34
Primary dObl/dt: -0.00000000
Primary Equilibrium Rotation Rate: 14.26740329
Primary Equilibrium Rotation Period: 0.44038745
Primary Tidal Heat [W]: 5.82472413e+08
Primary Tidal Surface Flux [W/m^2]: 1.00949362e-10
Primary Equilibrium Tidal Surface Flux [W/m^2]: 0.00000000

Derivative of Secondary's Spin Rate: 2.93873605e-39
Secondary dObl/dt: -2.76608432e-16
Secondary Equilibrium Rotation Rate: 14.26740329
Secondary Equilibrium Rotation Period: 0.44038745
Secondary Tidal Heat [W]: 1.24894289e+12
Secondary Tidal Surface Flux [W/m^2]: 0.00046006
Secondary Equilibrium Tidal Surface Flux [W/m^2]: 0.00040748

Use Discrete Rotation States: 1
Discrete Equilibrium Spin Period: 0.44038745
Continuous Equilibrium Spin Period: 0.44038745
Primary epsilons: 1 1 1 1 1 1
Primary Gamma_Rotation: 4.00000000
Primary Gamma_Orbital: 4.00000000
Secondary epsilons: 1 -1 1 1 -1 1
Secondary Gamma_Rotation: 2.27765069
Secondary Gamma_Orbital: 0.55530138

----------- Halt ---------

Primary's Minimum Obliquity: -57.29577951
Secondary's Minimum Obliquity: -57.29577951
