System Name: K04356.01
Tidal Model: Constant-Phase-Lag
Use Discrete Rotation Rate Model: 1
Integration Method: 4th order Runge-Kutta
Verbosity Level: 5

--------- Input/Output Units ---------

Mass Units: Solar
Length Units: AU
Time Units: Years
Angle Units: Degrees
Minimum Value of ecc and obl: 1.00000000e-10

--------- Files ---------

Executable: /Users/rory/src/eqtide/eqtide
Input: tide.in
Forward Output: K04356.01.forward
---------- Integration(s) ----------

Use Variable Timestep: Yes
Timestep Coefficient: 0.01000000

--------- Forward Integration ---------

Input Time Step: 0.00000000
Stop Time: 1.50000000e+10
Output Interval: 1.00000000e+09
Input Minimum Semi-major Axis: 0.00000000
Output Order: Time SemiMajorAxis Eccentricity SecPer[days] OrbPeriod[days] SecObliquity 

--------- Primary Body ---------

Primary Mass: 0.49539900
Primary Radius: 0.00211596
Primary Tidal Q: 1.00000000e+06

Primary Love Number k2: 0.50000000
Primary Input Obliquity: 0.00000000
Primary Input Spin Period: 0.08213552
Primary Input Spin Frequency: 76.49778111
Primary Radius of Gyration: 0.50000000

--------- Secondary Body ---------

Secondary Mass: 4.27648567e-05
Secondary Radius: 8.82637238e-05
Secondary Tidal Q: 34.00000000
Secondary Love Number k2: 0.30000000
Secondary Radius of Gyration: 0.50000000
Secondary Input Obliquity: 23.50000000
Secondary Input Spin Period: 0.00273785
Secondary Input Spin Frequency: 2294.93343338
Input Angular Size of Primary body: 0.50139415

-------------- Orbit ----------

Input Semi-major Axis: 0.48359100
Input Orbital Mean Motion: 13.15073766
Input Orbital Period: 0.47778197
Input Eccentricity: 0.00000000

--------- Tidal Effects ---------

da/dt: 3.94985957e-16
de/dt: 0.00000000
dP/dt: 5.85387175e-16

Derivative of Primary's Spin Rate: -1.62591585e-34
Primary dObl/dt: 0.00000000
Primary Equilibrium Rotation Rate: 13.15073766
Primary Equilibrium Rotation Period: 0.47778197
Primary Tidal Heat [W]: 1.61071843e+07
Primary Tidal Surface Flux [W/m^2]: 1.27921329e-11
Primary Equilibrium Tidal Surface Flux [W/m^2]: 0.00000000

Derivative of Secondary's Spin Rate: -6.47483354e-22
Secondary dObl/dt: 8.87567807e-19
Secondary Equilibrium Rotation Rate: 13.15073766
Secondary Equilibrium Rotation Period: 0.47778197
Secondary Tidal Heat [W]: 1.73519892e+14
Secondary Tidal Surface Flux [W/m^2]: 0.07919966
Secondary Equilibrium Tidal Surface Flux [W/m^2]: 7.25769200e-05

Use Discrete Rotation States: 1
Discrete Equilibrium Spin Period: 0.47778197
Continuous Equilibrium Spin Period: 0.47778197
Primary epsilons: 1 1 1 1 1 1
Primary Gamma_Rotation: 4.00000000
Primary Gamma_Orbital: 4.00000000
Secondary epsilons: 1 1 1 1 1 1
Secondary Gamma_Rotation: 4.00000000
Secondary Gamma_Orbital: 4.00000000

----------- Halt ---------

Primary's Minimum Obliquity: -57.29577951
Secondary's Minimum Obliquity: -57.29577951

--------- Primary Body ---------

Primary Final Obliquity: 0.00000000
Primary Final Spin Period: 0.08213552
Primary Final Spin Frequency: 76.49778111

--------- Secondary Body ---------

Secondary Final Obliquity: 41.86828173
Secondary Final Spin Period: 0.43513547
Secondary Final Spin Frequency: 14.43960740
Final Angular Size of Primary body: 0.50139273

-------------- Orbit ----------

Final Semi-major Axis: 0.48359236
Final Orbital Mean Motion: 13.15068211
Final Orbital Period: 0.47778399
Final Eccentricity: 0.00000000

--------- Tidal Effects ---------

da/dt: 4.30934731e-17
de/dt: -0.00000000
dP/dt: 6.38665794e-17

Derivative of Primary's Spin Rate: -1.62588838e-34
Primary dObl/dt: 0.00000000
Primary Equilibrium Rotation Rate: 13.15068211
Primary Equilibrium Rotation Period: 0.47778399
Primary Tidal Heat [W]: 1.61069263e+07
Primary Tidal Surface Flux [W/m^2]: 1.27919280e-11
Primary Equilibrium Tidal Surface Flux [W/m^2]: 0.00000000

Derivative of Secondary's Spin Rate: 2.93873605e-39
Secondary dObl/dt: -2.36107268e-16
Secondary Equilibrium Rotation Rate: 13.15068211
Secondary Equilibrium Rotation Period: 0.47778399
Secondary Tidal Heat [W]: 4.99820919e+11
Secondary Tidal Surface Flux [W/m^2]: 0.00022813
Secondary Equilibrium Tidal Surface Flux [W/m^2]: 0.00020332

Use Discrete Rotation States: 1
Discrete Equilibrium Spin Period: 0.47778399
Continuous Equilibrium Spin Period: 0.47778399
Primary epsilons: 1 1 1 1 1 1
Primary Gamma_Rotation: 4.00000000
Primary Gamma_Orbital: 4.00000000
Secondary epsilons: 1 -1 1 1 -1 1
Secondary Gamma_Rotation: 2.21819998
Secondary Gamma_Orbital: 0.43639996

----------- Halt ---------

Primary's Minimum Obliquity: -57.29577951
Secondary's Minimum Obliquity: -57.29577951
