System Name: K04367.01
Tidal Model: Constant-Phase-Lag
Use Discrete Rotation Rate Model: 1
Integration Method: 4th order Runge-Kutta
Verbosity Level: 5

--------- Input/Output Units ---------

Mass Units: Solar
Length Units: AU
Time Units: Years
Angle Units: Degrees
Minimum Value of ecc and obl: 1.00000000e-10

--------- Files ---------

Executable: /Users/rory/src/eqtide/eqtide
Input: tide.in
Forward Output: K04367.01.forward
---------- Integration(s) ----------

Use Variable Timestep: Yes
Timestep Coefficient: 0.01000000

--------- Forward Integration ---------

Input Time Step: 0.00000000
Stop Time: 1.50000000e+10
Output Interval: 1.00000000e+09
Input Minimum Semi-major Axis: 0.00000000
Output Order: Time SemiMajorAxis Eccentricity SecPer[days] OrbPeriod[days] SecObliquity 

--------- Primary Body ---------

Primary Mass: 1.02121700
Primary Radius: 0.00443189
Primary Tidal Q: 1.00000000e+06

Primary Love Number k2: 0.50000000
Primary Input Obliquity: 0.00000000
Primary Input Spin Period: 0.08213552
Primary Input Spin Frequency: 76.49778111
Primary Radius of Gyration: 0.50000000

--------- Secondary Body ---------

Secondary Mass: 7.16610300e-05
Secondary Radius: 0.00010167
Secondary Tidal Q: 34.00000000
Secondary Love Number k2: 0.30000000
Secondary Radius of Gyration: 0.50000000
Secondary Input Obliquity: 23.50000000
Secondary Input Spin Period: 0.00273785
Secondary Input Spin Frequency: 2294.93343338
Input Angular Size of Primary body: 0.83642971

-------------- Orbit ----------

Input Semi-major Axis: 0.60716200
Input Orbital Mean Motion: 13.42111206
Input Orbital Period: 0.46815683
Input Eccentricity: 0.00000000

--------- Tidal Effects ---------

da/dt: 4.04778136e-16
de/dt: 0.00000000
dP/dt: 4.68177270e-16

Derivative of Primary's Spin Rate: -5.19533404e-34
Primary dObl/dt: -0.00000000
Primary Equilibrium Rotation Rate: 13.42111206
Primary Equilibrium Rotation Period: 0.46815683
Primary Tidal Heat [W]: 4.63450503e+08
Primary Tidal Surface Flux [W/m^2]: 8.39003332e-11
Primary Equilibrium Tidal Surface Flux [W/m^2]: 0.00000000

Derivative of Secondary's Spin Rate: -6.40723952e-22
Secondary dObl/dt: 8.78302267e-19
Secondary Equilibrium Rotation Rate: 13.42111206
Secondary Equilibrium Rotation Period: 0.46815683
Secondary Tidal Heat [W]: 3.81753808e+14
Secondary Tidal Surface Flux [W/m^2]: 0.13131376
Secondary Equilibrium Tidal Surface Flux [W/m^2]: 0.00012282

Use Discrete Rotation States: 1
Discrete Equilibrium Spin Period: 0.46815683
Continuous Equilibrium Spin Period: 0.46815683
Primary epsilons: 1 1 1 1 1 1
Primary Gamma_Rotation: 4.00000000
Primary Gamma_Orbital: 4.00000000
Secondary epsilons: 1 1 1 1 1 1
Secondary Gamma_Rotation: 4.00000000
Secondary Gamma_Orbital: 4.00000000

----------- Halt ---------

Primary's Minimum Obliquity: -57.29577951
Secondary's Minimum Obliquity: -57.29577951

--------- Primary Body ---------

Primary Final Obliquity: 0.00000000
Primary Final Spin Period: 0.08213552
Primary Final Spin Frequency: 76.49778111

--------- Secondary Body ---------

Secondary Final Obliquity: 41.73951939
Secondary Final Spin Period: 0.42653422
Secondary Final Spin Frequency: 14.73078827
Final Angular Size of Primary body: 0.83642777

-------------- Orbit ----------

Final Semi-major Axis: 0.60716341
Final Orbital Mean Motion: 13.42106533
Final Orbital Period: 0.46815846
Final Eccentricity: 0.00000000

--------- Tidal Effects ---------

da/dt: 4.59844838e-17
de/dt: -0.00000000
dP/dt: 5.31869515e-17

Derivative of Primary's Spin Rate: -5.19526169e-34
Primary dObl/dt: -0.00000000
Primary Equilibrium Rotation Rate: 13.42106533
Primary Equilibrium Rotation Period: 0.46815846
Primary Tidal Heat [W]: 4.63444392e+08
Primary Tidal Surface Flux [W/m^2]: 8.38992269e-11
Primary Equilibrium Tidal Surface Flux [W/m^2]: 0.00000000

Derivative of Secondary's Spin Rate: 2.93873605e-39
Secondary dObl/dt: -2.28449885e-16
Secondary Equilibrium Rotation Rate: 13.42106533
Secondary Equilibrium Rotation Period: 0.46815846
Secondary Tidal Heat [W]: 1.11732513e+12
Secondary Tidal Surface Flux [W/m^2]: 0.00038433
Secondary Equilibrium Tidal Surface Flux [W/m^2]: 0.00034236

Use Discrete Rotation States: 1
Discrete Equilibrium Spin Period: 0.46815846
Continuous Equilibrium Spin Period: 0.46815846
Primary epsilons: 1 1 1 1 1 1
Primary Gamma_Rotation: 4.00000000
Primary Gamma_Orbital: 4.00000000
Secondary epsilons: 1 -1 1 1 -1 1
Secondary Gamma_Rotation: 2.22713339
Secondary Gamma_Orbital: 0.45426679

----------- Halt ---------

Primary's Minimum Obliquity: -57.29577951
Secondary's Minimum Obliquity: -57.29577951
