System Name: K04333.01
Tidal Model: Constant-Phase-Lag
Use Discrete Rotation Rate Model: 1
Integration Method: 4th order Runge-Kutta
Verbosity Level: 5

--------- Input/Output Units ---------

Mass Units: Solar
Length Units: AU
Time Units: Years
Angle Units: Degrees
Minimum Value of ecc and obl: 1.00000000e-10

--------- Files ---------

Executable: /Users/rory/src/eqtide/eqtide
Input: tide.in
Forward Output: K04333.01.forward
---------- Integration(s) ----------

Use Variable Timestep: Yes
Timestep Coefficient: 0.01000000

--------- Forward Integration ---------

Input Time Step: 0.00000000
Stop Time: 1.50000000e+10
Output Interval: 1.00000000e+09
Input Minimum Semi-major Axis: 0.00000000
Output Order: Time SemiMajorAxis Eccentricity SecPer[days] OrbPeriod[days] SecObliquity 

--------- Primary Body ---------

Primary Mass: 1.06925800
Primary Radius: 0.00491554
Primary Tidal Q: 1.00000000e+06

Primary Love Number k2: 0.50000000
Primary Input Obliquity: 0.00000000
Primary Input Spin Period: 0.08213552
Primary Input Spin Frequency: 76.49778111
Primary Radius of Gyration: 0.50000000

--------- Secondary Body ---------

Secondary Mass: 6.97082664e-05
Secondary Radius: 0.00010091
Secondary Tidal Q: 34.00000000
Secondary Love Number k2: 0.30000000
Secondary Radius of Gyration: 0.50000000
Secondary Input Obliquity: 23.50000000
Secondary Input Spin Period: 0.00273785
Secondary Input Spin Frequency: 2294.93343338
Input Angular Size of Primary body: 0.61546540

-------------- Orbit ----------

Input Semi-major Axis: 0.91520000
Input Orbital Mean Motion: 7.42083055
Input Orbital Period: 0.84669570
Input Eccentricity: 0.00000000

--------- Tidal Effects ---------

da/dt: 4.49336134e-17
de/dt: 0.00000000
dP/dt: 6.23574148e-17

Derivative of Primary's Spin Rate: -5.46171665e-35
Primary dObl/dt: -0.00000000
Primary Equilibrium Rotation Rate: 7.42083055
Primary Equilibrium Rotation Period: 0.84669570
Primary Tidal Heat [W]: 6.87245806e+07
Primary Tidal Surface Flux [W/m^2]: 1.01136578e-11
Primary Equilibrium Tidal Surface Flux [W/m^2]: 0.00000000

Derivative of Secondary's Spin Rate: -6.01821892e-23
Secondary dObl/dt: 8.24975666e-20
Secondary Equilibrium Rotation Rate: 7.42083055
Secondary Equilibrium Rotation Period: 0.84669570
Secondary Tidal Heat [W]: 3.44466959e+13
Secondary Tidal Surface Flux [W/m^2]: 0.01202954
Secondary Equilibrium Tidal Surface Flux [W/m^2]: 6.20493975e-06

Use Discrete Rotation States: 1
Discrete Equilibrium Spin Period: 0.84669570
Continuous Equilibrium Spin Period: 0.84669570
Primary epsilons: 1 1 1 1 1 1
Primary Gamma_Rotation: 4.00000000
Primary Gamma_Orbital: 4.00000000
Secondary epsilons: 1 1 1 1 1 1
Secondary Gamma_Rotation: 4.00000000
Secondary Gamma_Orbital: 4.00000000

----------- Halt ---------

Primary's Minimum Obliquity: -57.29577951
Secondary's Minimum Obliquity: -57.29577951

--------- Primary Body ---------

Primary Final Obliquity: 0.00000000
Primary Final Spin Period: 0.08213552
Primary Final Spin Frequency: 76.49778111

--------- Secondary Body ---------

Secondary Final Obliquity: 29.90044189
Secondary Final Spin Period: 0.00450111
Secondary Final Spin Frequency: 1395.91992909
Final Angular Size of Primary body: 0.61546495

-------------- Orbit ----------

Final Semi-major Axis: 0.91520067
Final Orbital Mean Motion: 7.42082235
Final Orbital Period: 0.84669663
Final Eccentricity: 0.00000000

--------- Tidal Effects ---------

da/dt: 4.49334314e-17
de/dt: 0.00000000
dP/dt: 6.23571852e-17

Derivative of Primary's Spin Rate: -5.46169251e-35
Primary dObl/dt: -0.00000000
Primary Equilibrium Rotation Rate: 7.42082235
Primary Equilibrium Rotation Period: 0.84669663
Primary Tidal Heat [W]: 6.87242851e+07
Primary Tidal Surface Flux [W/m^2]: 1.01136143e-11
Primary Equilibrium Tidal Surface Flux [W/m^2]: 0.00000000

Derivative of Secondary's Spin Rate: -6.01819233e-23
Secondary dObl/dt: 1.69554605e-19
Secondary Equilibrium Rotation Rate: 7.42082235
Secondary Equilibrium Rotation Period: 0.84669663
Secondary Tidal Heat [W]: 2.09087351e+13
Secondary Tidal Surface Flux [W/m^2]: 0.00730179
Secondary Equilibrium Tidal Surface Flux [W/m^2]: 9.69742476e-06

Use Discrete Rotation States: 1
Discrete Equilibrium Spin Period: 0.84669663
Continuous Equilibrium Spin Period: 0.84669663
Primary epsilons: 1 1 1 1 1 1
Primary Gamma_Rotation: 4.00000000
Primary Gamma_Orbital: 4.00000000
Secondary epsilons: 1 1 1 1 1 1
Secondary Gamma_Rotation: 4.00000000
Secondary Gamma_Orbital: 4.00000000

----------- Halt ---------

Primary's Minimum Obliquity: -57.29577951
Secondary's Minimum Obliquity: -57.29577951
