System Name: K04450.01
Tidal Model: Constant-Phase-Lag
Use Discrete Rotation Rate Model: 1
Integration Method: 4th order Runge-Kutta
Verbosity Level: 5

--------- Input/Output Units ---------

Mass Units: Solar
Length Units: AU
Time Units: Years
Angle Units: Degrees
Minimum Value of ecc and obl: 1.00000000e-10

--------- Files ---------

Executable: /Users/rory/src/eqtide/eqtide
Input: tide.in
Forward Output: K04450.01.forward
---------- Integration(s) ----------

Use Variable Timestep: Yes
Timestep Coefficient: 0.01000000

--------- Forward Integration ---------

Input Time Step: 0.00000000
Stop Time: 1.50000000e+10
Output Interval: 1.00000000e+09
Input Minimum Semi-major Axis: 0.00000000
Output Order: Time SemiMajorAxis Eccentricity SecPer[days] OrbPeriod[days] SecObliquity 

--------- Primary Body ---------

Primary Mass: 0.89394900
Primary Radius: 0.00379478
Primary Tidal Q: 1.00000000e+06

Primary Love Number k2: 0.50000000
Primary Input Obliquity: 0.00000000
Primary Input Spin Period: 0.08213552
Primary Input Spin Frequency: 76.49778111
Primary Radius of Gyration: 0.50000000

--------- Secondary Body ---------

Secondary Mass: 5.28902226e-05
Secondary Radius: 9.35549316e-05
Secondary Tidal Q: 34.00000000
Secondary Love Number k2: 0.30000000
Secondary Radius of Gyration: 0.50000000
Secondary Input Obliquity: 23.50000000
Secondary Input Spin Period: 0.00273785
Secondary Input Spin Frequency: 2294.93343338
Input Angular Size of Primary body: 0.68255960

-------------- Orbit ----------

Input Semi-major Axis: 0.63707900
Input Orbital Mean Motion: 11.68289317
Input Orbital Period: 0.53781073
Input Eccentricity: 0.00000000

--------- Tidal Effects ---------

da/dt: 2.27416030e-16
de/dt: 0.00000000
dP/dt: 2.87979354e-16

Derivative of Primary's Spin Rate: -1.52076812e-34
Primary dObl/dt: 0.00000000
Primary Equilibrium Rotation Rate: 11.68289317
Primary Equilibrium Rotation Period: 0.53781073
Primary Tidal Heat [W]: 8.94639622e+07
Primary Tidal Surface Flux [W/m^2]: 2.20909270e-11
Primary Equilibrium Tidal Surface Flux [W/m^2]: 0.00000000

Derivative of Secondary's Spin Rate: -3.88345527e-22
Secondary dObl/dt: 5.32342834e-19
Secondary Equilibrium Rotation Rate: 11.68289317
Secondary Equilibrium Rotation Period: 0.53781073
Secondary Tidal Heat [W]: 1.44702325e+14
Secondary Tidal Surface Flux [W/m^2]: 0.05878692
Secondary Equilibrium Tidal Surface Flux [W/m^2]: 4.78274138e-05

Use Discrete Rotation States: 1
Discrete Equilibrium Spin Period: 0.53781073
Continuous Equilibrium Spin Period: 0.53781073
Primary epsilons: 1 1 1 1 1 1
Primary Gamma_Rotation: 4.00000000
Primary Gamma_Orbital: 4.00000000
Secondary epsilons: 1 1 1 1 1 1
Secondary Gamma_Rotation: 4.00000000
Secondary Gamma_Orbital: 4.00000000

----------- Halt ---------

Primary's Minimum Obliquity: -57.29577951
Secondary's Minimum Obliquity: -57.29577951

--------- Primary Body ---------

Primary Final Obliquity: 0.00000000
Primary Final Spin Period: 0.08213552
Primary Final Spin Frequency: 76.49778111

--------- Secondary Body ---------

Secondary Final Obliquity: 43.48625830
Secondary Final Spin Period: 0.48936911
Secondary Final Spin Frequency: 12.83935826
Final Angular Size of Primary body: 0.68255819

-------------- Orbit ----------

Final Semi-major Axis: 0.63708031
Final Orbital Mean Motion: 11.68285707
Final Orbital Period: 0.53781239
Final Eccentricity: 0.00000000

--------- Tidal Effects ---------

da/dt: 1.20155257e-17
de/dt: -0.00000000
dP/dt: 1.52154046e-17

Derivative of Primary's Spin Rate: -1.52074932e-34
Primary dObl/dt: 0.00000000
Primary Equilibrium Rotation Rate: 11.68285707
Primary Equilibrium Rotation Period: 0.53781239
Primary Tidal Heat [W]: 8.94629061e+07
Primary Tidal Surface Flux [W/m^2]: 2.20906662e-11
Primary Equilibrium Tidal Surface Flux [W/m^2]: 0.00000000

Derivative of Secondary's Spin Rate: 2.93873605e-39
Secondary dObl/dt: -1.64216208e-16
Secondary Equilibrium Rotation Rate: 11.68285707
Secondary Equilibrium Rotation Period: 0.53781239
Secondary Tidal Heat [W]: 3.89229269e+11
Secondary Tidal Surface Flux [W/m^2]: 0.00015813
Secondary Equilibrium Tidal Surface Flux [W/m^2]: 0.00014245

Use Discrete Rotation States: 1
Discrete Equilibrium Spin Period: 0.53781239
Continuous Equilibrium Spin Period: 0.53781239
Primary epsilons: 1 1 1 1 1 1
Primary Gamma_Rotation: 4.00000000
Primary Gamma_Orbital: 4.00000000
Secondary epsilons: 1 -1 1 1 -1 1
Secondary Gamma_Rotation: 2.10562994
Secondary Gamma_Orbital: 0.21125988

----------- Halt ---------

Primary's Minimum Obliquity: -57.29577951
Secondary's Minimum Obliquity: -57.29577951
