System Name: K04583.01
Tidal Model: Constant-Phase-Lag
Use Discrete Rotation Rate Model: 1
Integration Method: 4th order Runge-Kutta
Verbosity Level: 5

--------- Input/Output Units ---------

Mass Units: Solar
Length Units: AU
Time Units: Years
Angle Units: Degrees
Minimum Value of ecc and obl: 1.00000000e-10

--------- Files ---------

Executable: /Users/rory/src/eqtide/eqtide
Input: tide.in
Forward Output: K04583.01.forward
---------- Integration(s) ----------

Use Variable Timestep: Yes
Timestep Coefficient: 0.01000000

--------- Forward Integration ---------

Input Time Step: 0.00000000
Stop Time: 1.50000000e+10
Output Interval: 1.00000000e+09
Input Minimum Semi-major Axis: 0.00000000
Output Order: Time SemiMajorAxis Eccentricity SecPer[days] OrbPeriod[days] SecObliquity 

--------- Primary Body ---------

Primary Mass: 0.83711500
Primary Radius: 0.00357621
Primary Tidal Q: 1.00000000e+06

Primary Love Number k2: 0.50000000
Primary Input Obliquity: 0.00000000
Primary Input Spin Period: 0.08213552
Primary Input Spin Frequency: 76.49778111
Primary Radius of Gyration: 0.50000000

--------- Secondary Body ---------

Secondary Mass: 6.09989106e-05
Secondary Radius: 9.72833135e-05
Secondary Tidal Q: 34.00000000
Secondary Love Number k2: 0.30000000
Secondary Radius of Gyration: 0.50000000
Secondary Input Obliquity: 23.50000000
Secondary Input Spin Period: 0.00273785
Secondary Input Spin Frequency: 2294.93343338
Input Angular Size of Primary body: 0.46440509

-------------- Orbit ----------

Input Semi-major Axis: 0.88242100
Input Orbital Mean Motion: 6.93530801
Input Orbital Period: 0.90597062
Input Eccentricity: 0.00000000

--------- Tidal Effects ---------

da/dt: 3.62067543e-17
de/dt: 0.00000000
dP/dt: 5.57615652e-17

Derivative of Primary's Spin Rate: -2.56033775e-35
Primary dObl/dt: 0.00000000
Primary Equilibrium Rotation Rate: 6.93530801
Primary Equilibrium Rotation Period: 0.90597062
Primary Tidal Heat [W]: 1.34439649e+07
Primary Tidal Surface Flux [W/m^2]: 3.73784096e-12
Primary Equilibrium Tidal Surface Flux [W/m^2]: 0.00000000

Derivative of Secondary's Spin Rate: -4.70149652e-23
Secondary dObl/dt: 6.44479707e-20
Secondary Equilibrium Rotation Rate: 6.93530801
Secondary Equilibrium Rotation Period: 0.90597062
Secondary Tidal Heat [W]: 2.18919998e+13
Secondary Tidal Surface Flux [W/m^2]: 0.00822522
Secondary Equilibrium Tidal Surface Flux [W/m^2]: 3.96421082e-06

Use Discrete Rotation States: 1
Discrete Equilibrium Spin Period: 0.90597062
Continuous Equilibrium Spin Period: 0.90597062
Primary epsilons: 1 1 1 1 1 1
Primary Gamma_Rotation: 4.00000000
Primary Gamma_Orbital: 4.00000000
Secondary epsilons: 1 1 1 1 1 1
Secondary Gamma_Rotation: 4.00000000
Secondary Gamma_Orbital: 4.00000000

----------- Halt ---------

Primary's Minimum Obliquity: -57.29577951
Secondary's Minimum Obliquity: -57.29577951

--------- Primary Body ---------

Primary Final Obliquity: 0.00000000
Primary Final Spin Period: 0.08213552
Primary Final Spin Frequency: 76.49778111

--------- Secondary Body ---------

Secondary Final Obliquity: 28.06171539
Secondary Final Spin Period: 0.00394520
Secondary Final Spin Frequency: 1592.61428296
Final Angular Size of Primary body: 0.46440480

-------------- Orbit ----------

Final Semi-major Axis: 0.88242154
Final Orbital Mean Motion: 6.93530161
Final Orbital Period: 0.90597146
Final Eccentricity: 0.00000000

--------- Tidal Effects ---------

da/dt: 3.62066317e-17
de/dt: 0.00000000
dP/dt: 5.57613936e-17

Derivative of Primary's Spin Rate: -2.56032829e-35
Primary dObl/dt: 0.00000000
Primary Equilibrium Rotation Rate: 6.93530161
Primary Equilibrium Rotation Period: 0.90597146
Primary Tidal Heat [W]: 1.34439165e+07
Primary Tidal Surface Flux [W/m^2]: 3.73782750e-12
Primary Equilibrium Tidal Surface Flux [W/m^2]: 0.00000000

Derivative of Secondary's Spin Rate: -4.70147916e-23
Secondary dObl/dt: 1.09560883e-19
Secondary Equilibrium Rotation Rate: 6.93530161
Secondary Equilibrium Rotation Period: 0.90597146
Secondary Tidal Heat [W]: 1.51720211e+13
Secondary Tidal Surface Flux [W/m^2]: 0.00570040
Secondary Equilibrium Tidal Surface Flux [W/m^2]: 5.51735921e-06

Use Discrete Rotation States: 1
Discrete Equilibrium Spin Period: 0.90597146
Continuous Equilibrium Spin Period: 0.90597146
Primary epsilons: 1 1 1 1 1 1
Primary Gamma_Rotation: 4.00000000
Primary Gamma_Orbital: 4.00000000
Secondary epsilons: 1 1 1 1 1 1
Secondary Gamma_Rotation: 4.00000000
Secondary Gamma_Orbital: 4.00000000

----------- Halt ---------

Primary's Minimum Obliquity: -57.29577951
Secondary's Minimum Obliquity: -57.29577951
