System Name: K04810.01
Tidal Model: Constant-Phase-Lag
Use Discrete Rotation Rate Model: 1
Integration Method: 4th order Runge-Kutta
Verbosity Level: 5

--------- Input/Output Units ---------

Mass Units: Solar
Length Units: AU
Time Units: Years
Angle Units: Degrees
Minimum Value of ecc and obl: 1.00000000e-10

--------- Files ---------

Executable: /Users/rory/src/eqtide/eqtide
Input: tide.in
Forward Output: K04810.01.forward
---------- Integration(s) ----------

Use Variable Timestep: Yes
Timestep Coefficient: 0.01000000

--------- Forward Integration ---------

Input Time Step: 0.00000000
Stop Time: 1.50000000e+10
Output Interval: 1.00000000e+09
Input Minimum Semi-major Axis: 0.00000000
Output Order: Time SemiMajorAxis Eccentricity SecPer[days] OrbPeriod[days] SecObliquity 

--------- Primary Body ---------

Primary Mass: 0.96598600
Primary Radius: 0.00404590
Primary Tidal Q: 1.00000000e+06

Primary Love Number k2: 0.50000000
Primary Input Obliquity: 0.00000000
Primary Input Spin Period: 0.08213552
Primary Input Spin Frequency: 76.49778111
Primary Radius of Gyration: 0.50000000

--------- Secondary Body ---------

Secondary Mass: 5.89814819e-05
Secondary Radius: 9.63910497e-05
Secondary Tidal Q: 34.00000000
Secondary Love Number k2: 0.30000000
Secondary Radius of Gyration: 0.50000000
Secondary Input Obliquity: 23.50000000
Secondary Input Spin Period: 0.00273785
Secondary Input Spin Frequency: 2294.93343338
Input Angular Size of Primary body: 1.01194672

-------------- Orbit ----------

Input Semi-major Axis: 0.45814100
Input Orbital Mean Motion: 19.91457566
Input Orbital Period: 0.31550686
Input Eccentricity: 0.00000000

--------- Tidal Effects ---------

da/dt: 1.63075480e-15
de/dt: 0.00000000
dP/dt: 1.68462342e-15

Derivative of Primary's Spin Rate: -1.53368985e-33
Primary dObl/dt: -0.00000000
Primary Equilibrium Rotation Rate: 19.91457566
Primary Equilibrium Rotation Period: 0.31550686
Primary Tidal Heat [W]: 9.67501667e+08
Primary Tidal Surface Flux [W/m^2]: 2.10164494e-10
Primary Equilibrium Tidal Surface Flux [W/m^2]: 0.00000000

Derivative of Secondary's Spin Rate: -3.21565208e-21
Secondary dObl/dt: 4.40800486e-18
Secondary Equilibrium Rotation Rate: 19.91457566
Secondary Equilibrium Rotation Period: 0.31550686
Secondary Tidal Heat [W]: 1.41331191e+15
Secondary Tidal Surface Flux [W/m^2]: 0.54088279
Secondary Equilibrium Tidal Surface Flux [W/m^2]: 0.00075282

Use Discrete Rotation States: 1
Discrete Equilibrium Spin Period: 0.31550686
Continuous Equilibrium Spin Period: 0.31550686
Primary epsilons: 1 1 1 1 1 1
Primary Gamma_Rotation: 4.00000000
Primary Gamma_Orbital: 4.00000000
Secondary epsilons: 1 1 1 1 1 1
Secondary Gamma_Rotation: 4.00000000
Secondary Gamma_Orbital: 4.00000000

----------- Halt ---------

Primary's Minimum Obliquity: -57.29577951
Secondary's Minimum Obliquity: -57.29577951

--------- Primary Body ---------

Primary Final Obliquity: 0.00000000
Primary Final Spin Period: 0.08213552
Primary Final Spin Frequency: 76.49778111

--------- Secondary Body ---------

Secondary Final Obliquity: 38.33020020
Secondary Final Spin Period: 0.28816038
Secondary Final Spin Frequency: 21.80447359
Final Angular Size of Primary body: 1.01194426

-------------- Orbit ----------

Final Semi-major Axis: 0.45814211
Final Orbital Mean Motion: 19.91450304
Final Orbital Period: 0.31550801
Final Eccentricity: 0.00000000

--------- Tidal Effects ---------

da/dt: 3.76280976e-16
de/dt: -0.00000000
dP/dt: 3.88711115e-16

Derivative of Primary's Spin Rate: -1.53366749e-33
Primary dObl/dt: -0.00000000
Primary Equilibrium Rotation Rate: 19.91450304
Primary Equilibrium Rotation Period: 0.31550801
Primary Tidal Heat [W]: 9.67488797e+08
Primary Tidal Surface Flux [W/m^2]: 2.10161698e-10
Primary Equilibrium Tidal Surface Flux [W/m^2]: 0.00000000

Derivative of Secondary's Spin Rate: 2.93873605e-39
Secondary dObl/dt: -7.21585308e-16
Secondary Equilibrium Rotation Rate: 19.91450304
Secondary Equilibrium Rotation Period: 0.31550801
Secondary Tidal Heat [W]: 5.48098157e+12
Secondary Tidal Surface Flux [W/m^2]: 0.00209760
Secondary Equilibrium Tidal Surface Flux [W/m^2]: 0.00182110

Use Discrete Rotation States: 1
Discrete Equilibrium Spin Period: 0.31550801
Continuous Equilibrium Spin Period: 0.31550801
Primary epsilons: 1 1 1 1 1 1
Primary Gamma_Rotation: 4.00000000
Primary Gamma_Orbital: 4.00000000
Secondary epsilons: 1 -1 1 1 -1 1
Secondary Gamma_Rotation: 2.46144458
Secondary Gamma_Orbital: 0.92288915

----------- Halt ---------

Primary's Minimum Obliquity: -57.29577951
Secondary's Minimum Obliquity: -57.29577951
