System Name: K04878.01
Tidal Model: Constant-Phase-Lag
Use Discrete Rotation Rate Model: 1
Integration Method: 4th order Runge-Kutta
Verbosity Level: 5

--------- Input/Output Units ---------

Mass Units: Solar
Length Units: AU
Time Units: Years
Angle Units: Degrees
Minimum Value of ecc and obl: 1.00000000e-10

--------- Files ---------

Executable: /Users/rory/src/eqtide/eqtide
Input: tide.in
Forward Output: K04878.01.forward
---------- Integration(s) ----------

Use Variable Timestep: Yes
Timestep Coefficient: 0.01000000

--------- Forward Integration ---------

Input Time Step: 0.00000000
Stop Time: 1.50000000e+10
Output Interval: 1.00000000e+09
Input Minimum Semi-major Axis: 0.00000000
Output Order: Time SemiMajorAxis Eccentricity SecPer[days] OrbPeriod[days] SecObliquity 

--------- Primary Body ---------

Primary Mass: 0.97067700
Primary Radius: 0.00496669
Primary Tidal Q: 1.00000000e+06

Primary Love Number k2: 0.50000000
Primary Input Obliquity: 0.00000000
Primary Input Spin Period: 0.08213552
Primary Input Spin Frequency: 76.49778111
Primary Radius of Gyration: 0.50000000

--------- Secondary Body ---------

Secondary Mass: 4.70187526e-06
Secondary Radius: 4.82050964e-05
Secondary Tidal Q: 34.00000000
Secondary Love Number k2: 0.30000000
Secondary Radius of Gyration: 0.50000000
Secondary Input Obliquity: 23.50000000
Secondary Input Spin Period: 0.00273785
Secondary Input Spin Frequency: 2294.93343338
Input Angular Size of Primary body: 0.50089917

-------------- Orbit ----------

Input Semi-major Axis: 1.13623200
Input Orbital Mean Motion: 5.11103693
Input Orbital Period: 1.22933671
Input Eccentricity: 0.00000000

--------- Tidal Effects ---------

da/dt: 4.36193977e-18
de/dt: 0.00000000
dP/dt: 7.07906352e-18

Derivative of Primary's Spin Rate: -7.71069177e-38
Primary dObl/dt: -0.00000000
Primary Equilibrium Rotation Rate: 5.11103693
Primary Equilibrium Rotation Period: 1.22933671
Primary Tidal Heat [W]: 9.29277572e+04
Primary Tidal Surface Flux [W/m^2]: 1.33951962e-14
Primary Equilibrium Tidal Surface Flux [W/m^2]: 0.00000000

Derivative of Secondary's Spin Rate: -2.18918791e-23
Secondary dObl/dt: 3.00093452e-20
Secondary Equilibrium Rotation Rate: 5.11103693
Secondary Equilibrium Rotation Period: 1.22933671
Secondary Tidal Heat [W]: 1.93079747e+11
Secondary Tidal Surface Flux [W/m^2]: 0.00029545
Secondary Equilibrium Tidal Surface Flux [W/m^2]: 1.04856644e-07

Use Discrete Rotation States: 1
Discrete Equilibrium Spin Period: 1.22933671
Continuous Equilibrium Spin Period: 1.22933671
Primary epsilons: 1 1 1 1 1 1
Primary Gamma_Rotation: 4.00000000
Primary Gamma_Orbital: 4.00000000
Secondary epsilons: 1 1 1 1 1 1
Secondary Gamma_Rotation: 4.00000000
Secondary Gamma_Orbital: 4.00000000

----------- Halt ---------

Primary's Minimum Obliquity: -57.29577951
Secondary's Minimum Obliquity: -57.29577951

--------- Primary Body ---------

Primary Final Obliquity: 0.00000000
Primary Final Spin Period: 0.08213552
Primary Final Spin Frequency: 76.49778111

--------- Secondary Body ---------

Secondary Final Obliquity: 25.32841567
Secondary Final Spin Period: 0.00319283
Secondary Final Spin Frequency: 1967.90752548
Final Angular Size of Primary body: 0.50089914

-------------- Orbit ----------

Final Semi-major Axis: 1.13623207
Final Orbital Mean Motion: 5.11103649
Final Orbital Period: 1.22933681
Final Eccentricity: 0.00000000

--------- Tidal Effects ---------

da/dt: 4.36193839e-18
de/dt: 0.00000000
dP/dt: 7.07906148e-18

Derivative of Primary's Spin Rate: -7.71068911e-38
Primary dObl/dt: -0.00000000
Primary Equilibrium Rotation Rate: 5.11103649
Primary Equilibrium Rotation Period: 1.22933681
Primary Tidal Heat [W]: 9.29277257e+04
Primary Tidal Surface Flux [W/m^2]: 1.33951917e-14
Primary Equilibrium Tidal Surface Flux [W/m^2]: 0.00000000

Derivative of Secondary's Spin Rate: -2.18918716e-23
Secondary dObl/dt: 3.75464748e-20
Secondary Equilibrium Rotation Rate: 5.11103649
Secondary Equilibrium Rotation Period: 1.22933681
Secondary Tidal Heat [W]: 1.65504590e+11
Secondary Tidal Surface Flux [W/m^2]: 0.00025326
Secondary Equilibrium Tidal Surface Flux [W/m^2]: 1.20695347e-07

Use Discrete Rotation States: 1
Discrete Equilibrium Spin Period: 1.22933681
Continuous Equilibrium Spin Period: 1.22933681
Primary epsilons: 1 1 1 1 1 1
Primary Gamma_Rotation: 4.00000000
Primary Gamma_Orbital: 4.00000000
Secondary epsilons: 1 1 1 1 1 1
Secondary Gamma_Rotation: 4.00000000
Secondary Gamma_Orbital: 4.00000000

----------- Halt ---------

Primary's Minimum Obliquity: -57.29577951
Secondary's Minimum Obliquity: -57.29577951
