System Name: K04902.01
Tidal Model: Constant-Phase-Lag
Use Discrete Rotation Rate Model: 1
Integration Method: 4th order Runge-Kutta
Verbosity Level: 5

--------- Input/Output Units ---------

Mass Units: Solar
Length Units: AU
Time Units: Years
Angle Units: Degrees
Minimum Value of ecc and obl: 1.00000000e-10

--------- Files ---------

Executable: /Users/rory/src/eqtide/eqtide
Input: tide.in
Forward Output: K04902.01.forward
---------- Integration(s) ----------

Use Variable Timestep: Yes
Timestep Coefficient: 0.01000000

--------- Forward Integration ---------

Input Time Step: 0.00000000
Stop Time: 1.50000000e+10
Output Interval: 1.00000000e+09
Input Minimum Semi-major Axis: 0.00000000
Output Order: Time SemiMajorAxis Eccentricity SecPer[days] OrbPeriod[days] SecObliquity 

--------- Primary Body ---------

Primary Mass: 0.76564200
Primary Radius: 0.00371572
Primary Tidal Q: 1.00000000e+06

Primary Love Number k2: 0.50000000
Primary Input Obliquity: 0.00000000
Primary Input Spin Period: 0.08213552
Primary Input Spin Frequency: 76.49778111
Primary Radius of Gyration: 0.50000000

--------- Secondary Body ---------

Secondary Mass: 3.83426634e-05
Secondary Radius: 8.56632490e-05
Secondary Tidal Q: 34.00000000
Secondary Love Number k2: 0.30000000
Secondary Radius of Gyration: 0.50000000
Secondary Input Obliquity: 23.50000000
Secondary Input Spin Period: 0.00273785
Secondary Input Spin Frequency: 2294.93343338
Input Angular Size of Primary body: 0.43134168

-------------- Orbit ----------

Input Semi-major Axis: 0.98712500
Input Orbital Mean Motion: 5.60578767
Input Orbital Period: 1.12083898
Input Eccentricity: 0.00000000

--------- Tidal Effects ---------

da/dt: 1.43958493e-17
de/dt: 0.00000000
dP/dt: 2.45194373e-17

Derivative of Primary's Spin Rate: -6.33082710e-36
Primary dObl/dt: 0.00000000
Primary Equilibrium Rotation Rate: 5.60578767
Primary Equilibrium Rotation Period: 1.12083898
Primary Tidal Heat [W]: 3.34498552e+06
Primary Tidal Surface Flux [W/m^2]: 8.61483200e-13
Primary Equilibrium Tidal Surface Flux [W/m^2]: 0.00000000

Derivative of Secondary's Spin Rate: -2.17995656e-23
Secondary dObl/dt: 2.98827849e-20
Secondary Equilibrium Rotation Rate: 5.60578767
Secondary Equilibrium Rotation Period: 1.12083898
Secondary Tidal Heat [W]: 4.95019171e+12
Secondary Tidal Surface Flux [W/m^2]: 0.00239868
Secondary Equilibrium Tidal Surface Flux [W/m^2]: 9.33898226e-07

Use Discrete Rotation States: 1
Discrete Equilibrium Spin Period: 1.12083898
Continuous Equilibrium Spin Period: 1.12083898
Primary epsilons: 1 1 1 1 1 1
Primary Gamma_Rotation: 4.00000000
Primary Gamma_Orbital: 4.00000000
Secondary epsilons: 1 1 1 1 1 1
Secondary Gamma_Rotation: 4.00000000
Secondary Gamma_Orbital: 4.00000000

----------- Halt ---------

Primary's Minimum Obliquity: -57.29577951
Secondary's Minimum Obliquity: -57.29577951

--------- Primary Body ---------

Primary Final Obliquity: 0.00000000
Primary Final Spin Period: 0.08213552
Primary Final Spin Frequency: 76.49778111

--------- Secondary Body ---------

Secondary Final Obliquity: 25.31979624
Secondary Final Spin Period: 0.00319059
Secondary Final Spin Frequency: 1969.28668408
Final Angular Size of Primary body: 0.43134158

-------------- Orbit ----------

Final Semi-major Axis: 0.98712522
Final Orbital Mean Motion: 5.60578583
Final Orbital Period: 1.12083934
Final Eccentricity: 0.00000000

--------- Tidal Effects ---------

da/dt: 1.43958320e-17
de/dt: 0.00000000
dP/dt: 2.45194105e-17

Derivative of Primary's Spin Rate: -6.33081879e-36
Primary dObl/dt: 0.00000000
Primary Equilibrium Rotation Rate: 5.60578583
Primary Equilibrium Rotation Period: 1.12083934
Primary Tidal Heat [W]: 3.34498121e+06
Primary Tidal Surface Flux [W/m^2]: 8.61482092e-13
Primary Equilibrium Tidal Surface Flux [W/m^2]: 0.00000000

Derivative of Secondary's Spin Rate: -2.17995370e-23
Secondary dObl/dt: 3.73500347e-20
Secondary Equilibrium Rotation Rate: 5.60578583
Secondary Equilibrium Rotation Period: 1.12083934
Secondary Tidal Heat [W]: 4.24604323e+12
Secondary Tidal Surface Flux [W/m^2]: 0.00205747
Secondary Equilibrium Tidal Surface Flux [W/m^2]: 1.07427994e-06

Use Discrete Rotation States: 1
Discrete Equilibrium Spin Period: 1.12083934
Continuous Equilibrium Spin Period: 1.12083934
Primary epsilons: 1 1 1 1 1 1
Primary Gamma_Rotation: 4.00000000
Primary Gamma_Orbital: 4.00000000
Secondary epsilons: 1 1 1 1 1 1
Secondary Gamma_Rotation: 4.00000000
Secondary Gamma_Orbital: 4.00000000

----------- Halt ---------

Primary's Minimum Obliquity: -57.29577951
Secondary's Minimum Obliquity: -57.29577951
