System Name: K04961.01
Tidal Model: Constant-Phase-Lag
Use Discrete Rotation Rate Model: 1
Integration Method: 4th order Runge-Kutta
Verbosity Level: 5

--------- Input/Output Units ---------

Mass Units: Solar
Length Units: AU
Time Units: Years
Angle Units: Degrees
Minimum Value of ecc and obl: 1.00000000e-10

--------- Files ---------

Executable: /Users/rory/src/eqtide/eqtide
Input: tide.in
Forward Output: K04961.01.forward
---------- Integration(s) ----------

Use Variable Timestep: Yes
Timestep Coefficient: 0.01000000

--------- Forward Integration ---------

Input Time Step: 0.00000000
Stop Time: 1.50000000e+10
Output Interval: 1.00000000e+09
Input Minimum Semi-major Axis: 0.00000000
Output Order: Time SemiMajorAxis Eccentricity SecPer[days] OrbPeriod[days] SecObliquity 

--------- Primary Body ---------

Primary Mass: 0.83826800
Primary Radius: 0.00368317
Primary Tidal Q: 1.00000000e+06

Primary Love Number k2: 0.50000000
Primary Input Obliquity: 0.00000000
Primary Input Spin Period: 0.08213552
Primary Input Spin Frequency: 76.49778111
Primary Radius of Gyration: 0.50000000

--------- Secondary Body ---------

Secondary Mass: 4.42609097e-05
Secondary Radius: 8.90991553e-05
Secondary Tidal Q: 34.00000000
Secondary Love Number k2: 0.30000000
Secondary Radius of Gyration: 0.50000000
Secondary Input Obliquity: 23.50000000
Secondary Input Spin Period: 0.00273785
Secondary Input Spin Frequency: 2294.93343338
Input Angular Size of Primary body: 0.46144059

-------------- Orbit ----------

Input Semi-major Axis: 0.91465200
Input Orbital Mean Motion: 6.57642994
Input Orbital Period: 0.95540975
Input Eccentricity: 0.00000000

--------- Tidal Effects ---------

da/dt: 2.64526389e-17
de/dt: 0.00000000
dP/dt: 4.14481842e-17

Derivative of Primary's Spin Rate: -1.18580210e-35
Primary dObl/dt: 0.00000000
Primary Equilibrium Rotation Rate: 6.57642994
Primary Equilibrium Rotation Period: 0.95540975
Primary Tidal Heat [W]: 6.64771774e+06
Primary Tidal Surface Flux [W/m^2]: 1.74248215e-12
Primary Equilibrium Tidal Surface Flux [W/m^2]: 0.00000000

Derivative of Secondary's Spin Rate: -4.02493403e-23
Secondary dObl/dt: 5.51736825e-20
Secondary Equilibrium Rotation Rate: 6.57642994
Secondary Equilibrium Rotation Period: 0.95540975
Secondary Tidal Heat [W]: 1.14089301e+13
Secondary Tidal Surface Flux [W/m^2]: 0.00511018
Secondary Equilibrium Tidal Surface Flux [W/m^2]: 2.33508176e-06

Use Discrete Rotation States: 1
Discrete Equilibrium Spin Period: 0.95540975
Continuous Equilibrium Spin Period: 0.95540975
Primary epsilons: 1 1 1 1 1 1
Primary Gamma_Rotation: 4.00000000
Primary Gamma_Orbital: 4.00000000
Secondary epsilons: 1 1 1 1 1 1
Secondary Gamma_Rotation: 4.00000000
Secondary Gamma_Orbital: 4.00000000

----------- Halt ---------

Primary's Minimum Obliquity: -57.29577951
Secondary's Minimum Obliquity: -57.29577951

--------- Primary Body ---------

Primary Final Obliquity: 0.00000000
Primary Final Spin Period: 0.08213552
Primary Final Spin Frequency: 76.49778111

--------- Secondary Body ---------

Secondary Final Obliquity: 27.24021650
Secondary Final Spin Period: 0.00370978
Secondary Final Spin Frequency: 1693.68024244
Final Angular Size of Primary body: 0.46144039

-------------- Orbit ----------

Final Semi-major Axis: 0.91465240
Final Orbital Mean Motion: 6.57642566
Final Orbital Period: 0.95541037
Final Eccentricity: 0.00000000

--------- Tidal Effects ---------

da/dt: 2.64525758e-17
de/dt: 0.00000000
dP/dt: 4.14480943e-17

Derivative of Primary's Spin Rate: -1.18579901e-35
Primary dObl/dt: 0.00000000
Primary Equilibrium Rotation Rate: 6.57642566
Primary Equilibrium Rotation Period: 0.95541037
Primary Tidal Heat [W]: 6.64770084e+06
Primary Tidal Surface Flux [W/m^2]: 1.74247772e-12
Primary Equilibrium Tidal Surface Flux [W/m^2]: 0.00000000

Derivative of Secondary's Spin Rate: -4.02492355e-23
Secondary dObl/dt: 8.58167003e-20
Secondary Equilibrium Rotation Rate: 6.57642566
Secondary Equilibrium Rotation Period: 0.95541037
Secondary Tidal Heat [W]: 8.41127474e+12
Secondary Tidal Surface Flux [W/m^2]: 0.00376750
Secondary Equilibrium Tidal Surface Flux [W/m^2]: 3.07684123e-06

Use Discrete Rotation States: 1
Discrete Equilibrium Spin Period: 0.95541037
Continuous Equilibrium Spin Period: 0.95541037
Primary epsilons: 1 1 1 1 1 1
Primary Gamma_Rotation: 4.00000000
Primary Gamma_Orbital: 4.00000000
Secondary epsilons: 1 1 1 1 1 1
Secondary Gamma_Rotation: 4.00000000
Secondary Gamma_Orbital: 4.00000000

----------- Halt ---------

Primary's Minimum Obliquity: -57.29577951
Secondary's Minimum Obliquity: -57.29577951
