System Name: K04986.01
Tidal Model: Constant-Phase-Lag
Use Discrete Rotation Rate Model: 1
Integration Method: 4th order Runge-Kutta
Verbosity Level: 5

--------- Input/Output Units ---------

Mass Units: Solar
Length Units: AU
Time Units: Years
Angle Units: Degrees
Minimum Value of ecc and obl: 1.00000000e-10

--------- Files ---------

Executable: /Users/rory/src/eqtide/eqtide
Input: tide.in
Forward Output: K04986.01.forward
---------- Integration(s) ----------

Use Variable Timestep: Yes
Timestep Coefficient: 0.01000000

--------- Forward Integration ---------

Input Time Step: 0.00000000
Stop Time: 1.50000000e+10
Output Interval: 1.00000000e+09
Input Minimum Semi-major Axis: 0.00000000
Output Order: Time SemiMajorAxis Eccentricity SecPer[days] OrbPeriod[days] SecObliquity 

--------- Primary Body ---------

Primary Mass: 0.80501800
Primary Radius: 0.00337624
Primary Tidal Q: 1.00000000e+06

Primary Love Number k2: 0.50000000
Primary Input Obliquity: 0.00000000
Primary Input Spin Period: 0.08213552
Primary Input Spin Frequency: 76.49778111
Primary Radius of Gyration: 0.50000000

--------- Secondary Body ---------

Secondary Mass: 1.73888119e-05
Secondary Radius: 6.89777714e-05
Secondary Tidal Q: 34.00000000
Secondary Love Number k2: 0.30000000
Secondary Radius of Gyration: 0.50000000
Secondary Input Obliquity: 23.50000000
Secondary Input Spin Period: 0.00273785
Secondary Input Spin Frequency: 2294.93343338
Input Angular Size of Primary body: 0.36511403

-------------- Orbit ----------

Input Semi-major Axis: 1.05963300
Input Orbital Mean Motion: 5.16827239
Input Orbital Period: 1.21572255
Input Eccentricity: 0.00000000

--------- Tidal Effects ---------

da/dt: 7.84461779e-18
de/dt: 0.00000000
dP/dt: 1.35004031e-17

Derivative of Primary's Spin Rate: -6.07191183e-37
Primary dObl/dt: -0.00000000
Primary Equilibrium Rotation Rate: 5.16827239
Primary Equilibrium Rotation Period: 1.21572255
Primary Tidal Heat [W]: 2.80214636e+05
Primary Tidal Surface Flux [W/m^2]: 8.74105198e-14
Primary Equilibrium Tidal Surface Flux [W/m^2]: 0.00000000

Derivative of Secondary's Spin Rate: -1.81327551e-23
Secondary dObl/dt: 2.48563386e-20
Secondary Equilibrium Rotation Rate: 5.16827239
Secondary Equilibrium Rotation Period: 1.21572255
Secondary Tidal Heat [W]: 1.21098240e+12
Secondary Tidal Surface Flux [W/m^2]: 0.00090502
Secondary Equilibrium Tidal Surface Flux [W/m^2]: 3.24796912e-07

Use Discrete Rotation States: 1
Discrete Equilibrium Spin Period: 1.21572255
Continuous Equilibrium Spin Period: 1.21572255
Primary epsilons: 1 1 1 1 1 1
Primary Gamma_Rotation: 4.00000000
Primary Gamma_Orbital: 4.00000000
Secondary epsilons: 1 1 1 1 1 1
Secondary Gamma_Rotation: 4.00000000
Secondary Gamma_Orbital: 4.00000000

----------- Halt ---------

Primary's Minimum Obliquity: -57.29577951
Secondary's Minimum Obliquity: -57.29577951

--------- Primary Body ---------

Primary Final Obliquity: 0.00000000
Primary Final Spin Period: 0.08213552
Primary Final Spin Frequency: 76.49778111

--------- Secondary Body ---------

Secondary Final Obliquity: 24.98311847
Secondary Final Spin Period: 0.00310425
Secondary Final Spin Frequency: 2024.06222551
Final Angular Size of Primary body: 0.36511399

-------------- Orbit ----------

Final Semi-major Axis: 1.05963312
Final Orbital Mean Motion: 5.16827153
Final Orbital Period: 1.21572275
Final Eccentricity: 0.00000000

--------- Tidal Effects ---------

da/dt: 7.84461300e-18
de/dt: 0.00000000
dP/dt: 1.35003956e-17

Derivative of Primary's Spin Rate: -6.07190778e-37
Primary dObl/dt: -0.00000000
Primary Equilibrium Rotation Rate: 5.16827153
Primary Equilibrium Rotation Period: 1.21572275
Primary Tidal Heat [W]: 2.80214452e+05
Primary Tidal Surface Flux [W/m^2]: 8.74104626e-14
Primary Equilibrium Tidal Surface Flux [W/m^2]: 0.00000000

Derivative of Secondary's Spin Rate: -1.81327430e-23
Secondary dObl/dt: 2.98508832e-20
Secondary Equilibrium Rotation Rate: 5.16827153
Secondary Equilibrium Rotation Period: 1.21572275
Secondary Tidal Heat [W]: 1.06772671e+12
Secondary Tidal Surface Flux [W/m^2]: 0.00079796
Secondary Equilibrium Tidal Surface Flux [W/m^2]: 3.64384296e-07

Use Discrete Rotation States: 1
Discrete Equilibrium Spin Period: 1.21572275
Continuous Equilibrium Spin Period: 1.21572275
Primary epsilons: 1 1 1 1 1 1
Primary Gamma_Rotation: 4.00000000
Primary Gamma_Orbital: 4.00000000
Secondary epsilons: 1 1 1 1 1 1
Secondary Gamma_Rotation: 4.00000000
Secondary Gamma_Orbital: 4.00000000

----------- Halt ---------

Primary's Minimum Obliquity: -57.29577951
Secondary's Minimum Obliquity: -57.29577951
