System Name: K05098.01
Tidal Model: Constant-Phase-Lag
Use Discrete Rotation Rate Model: 1
Integration Method: 4th order Runge-Kutta
Verbosity Level: 5

--------- Input/Output Units ---------

Mass Units: Solar
Length Units: AU
Time Units: Years
Angle Units: Degrees
Minimum Value of ecc and obl: 1.00000000e-10

--------- Files ---------

Executable: /Users/rory/src/eqtide/eqtide
Input: tide.in
Forward Output: K05098.01.forward
---------- Integration(s) ----------

Use Variable Timestep: Yes
Timestep Coefficient: 0.01000000

--------- Forward Integration ---------

Input Time Step: 0.00000000
Stop Time: 1.50000000e+10
Output Interval: 1.00000000e+09
Input Minimum Semi-major Axis: 0.00000000
Output Order: Time SemiMajorAxis Eccentricity SecPer[days] OrbPeriod[days] SecObliquity 

--------- Primary Body ---------

Primary Mass: 0.81548800
Primary Radius: 0.00418542
Primary Tidal Q: 1.00000000e+06

Primary Love Number k2: 0.50000000
Primary Input Obliquity: 0.00000000
Primary Input Spin Period: 0.08213552
Primary Input Spin Frequency: 76.49778111
Primary Radius of Gyration: 0.50000000

--------- Secondary Body ---------

Secondary Mass: 2.21993684e-05
Secondary Radius: 7.37512632e-05
Secondary Tidal Q: 34.00000000
Secondary Love Number k2: 0.30000000
Secondary Radius of Gyration: 0.50000000
Secondary Input Obliquity: 23.50000000
Secondary Input Spin Period: 0.00273785
Secondary Input Spin Frequency: 2294.93343338
Input Angular Size of Primary body: 1.21469164

-------------- Orbit ----------

Input Semi-major Axis: 0.39482900
Input Orbital Mean Motion: 22.87032069
Input Orbital Period: 0.27473097
Input Eccentricity: 0.00000000

--------- Tidal Effects ---------

da/dt: 1.99680051e-15
de/dt: 0.00000000
dP/dt: 2.08415695e-15

Derivative of Primary's Spin Rate: -6.95426353e-34
Primary dObl/dt: -0.00000000
Primary Equilibrium Rotation Rate: 22.87032069
Primary Equilibrium Rotation Period: 0.27473097
Primary Tidal Heat [W]: 3.75628263e+08
Primary Tidal Surface Flux [W/m^2]: 7.62464051e-11
Primary Equilibrium Tidal Surface Flux [W/m^2]: 0.00000000

Derivative of Secondary's Spin Rate: -6.65696931e-21
Secondary dObl/dt: 9.12535439e-18
Secondary Equilibrium Rotation Rate: 22.87032069
Secondary Equilibrium Rotation Period: 0.27473097
Secondary Tidal Heat [W]: 6.43830219e+14
Secondary Tidal Surface Flux [W/m^2]: 0.42089231
Secondary Equilibrium Tidal Surface Flux [W/m^2]: 0.00067363

Use Discrete Rotation States: 1
Discrete Equilibrium Spin Period: 0.27473097
Continuous Equilibrium Spin Period: 0.27473097
Primary epsilons: 1 1 1 1 1 1
Primary Gamma_Rotation: 4.00000000
Primary Gamma_Orbital: 4.00000000
Secondary epsilons: 1 1 1 1 1 1
Secondary Gamma_Rotation: 4.00000000
Secondary Gamma_Orbital: 4.00000000

----------- Halt ---------

Primary's Minimum Obliquity: -57.29577951
Secondary's Minimum Obliquity: -57.29577951

--------- Primary Body ---------

Primary Final Obliquity: 0.00000000
Primary Final Spin Period: 0.08213552
Primary Final Spin Frequency: 76.49778111

--------- Secondary Body ---------

Secondary Final Obliquity: 37.73466652
Secondary Final Spin Period: 0.25069522
Secondary Final Spin Frequency: 25.06304390
Final Angular Size of Primary body: 1.21468963

-------------- Orbit ----------

Final Semi-major Axis: 0.39482965
Final Orbital Mean Motion: 22.87026380
Final Orbital Period: 0.27473165
Final Eccentricity: 0.00000000

--------- Tidal Effects ---------

da/dt: 5.01025976e-16
de/dt: -0.00000000
dP/dt: 5.22945395e-16

Derivative of Primary's Spin Rate: -6.95419433e-34
Primary dObl/dt: -0.00000000
Primary Equilibrium Rotation Rate: 22.87026380
Primary Equilibrium Rotation Period: 0.27473165
Primary Tidal Heat [W]: 3.75624924e+08
Primary Tidal Surface Flux [W/m^2]: 7.62457273e-11
Primary Equilibrium Tidal Surface Flux [W/m^2]: 0.00000000

Derivative of Secondary's Spin Rate: 2.93873605e-39
Secondary dObl/dt: -1.28244232e-15
Secondary Equilibrium Rotation Rate: 22.87026380
Secondary Equilibrium Rotation Period: 0.27473165
Secondary Tidal Heat [W]: 2.81595688e+12
Secondary Tidal Surface Flux [W/m^2]: 0.00184088
Secondary Equilibrium Tidal Surface Flux [W/m^2]: 0.00158682

Use Discrete Rotation States: 1
Discrete Equilibrium Spin Period: 0.27473165
Continuous Equilibrium Spin Period: 0.27473165
Primary epsilons: 1 1 1 1 1 1
Primary Gamma_Rotation: 4.00000000
Primary Gamma_Orbital: 4.00000000
Secondary epsilons: 1 -1 1 1 -1 1
Secondary Gamma_Rotation: 2.50179632
Secondary Gamma_Orbital: 1.00359264

----------- Halt ---------

Primary's Minimum Obliquity: -57.29577951
Secondary's Minimum Obliquity: -57.29577951
