System Name: K05068.01
Tidal Model: Constant-Phase-Lag
Use Discrete Rotation Rate Model: 1
Integration Method: 4th order Runge-Kutta
Verbosity Level: 5

--------- Input/Output Units ---------

Mass Units: Solar
Length Units: AU
Time Units: Years
Angle Units: Degrees
Minimum Value of ecc and obl: 1.00000000e-10

--------- Files ---------

Executable: /Users/rory/src/eqtide/eqtide
Input: tide.in
Forward Output: K05068.01.forward
---------- Integration(s) ----------

Use Variable Timestep: Yes
Timestep Coefficient: 0.01000000

--------- Forward Integration ---------

Input Time Step: 0.00000000
Stop Time: 1.50000000e+10
Output Interval: 1.00000000e+09
Input Minimum Semi-major Axis: 0.00000000
Output Order: Time SemiMajorAxis Eccentricity SecPer[days] OrbPeriod[days] SecObliquity 

--------- Primary Body ---------

Primary Mass: 0.91577600
Primary Radius: 0.00489694
Primary Tidal Q: 1.00000000e+06

Primary Love Number k2: 0.50000000
Primary Input Obliquity: 0.00000000
Primary Input Spin Period: 0.08213552
Primary Input Spin Frequency: 76.49778111
Primary Radius of Gyration: 0.50000000

--------- Secondary Body ---------

Secondary Mass: 2.07350683e-05
Secondary Radius: 7.23852828e-05
Secondary Tidal Q: 34.00000000
Secondary Love Number k2: 0.30000000
Secondary Radius of Gyration: 0.50000000
Secondary Input Obliquity: 23.50000000
Secondary Input Spin Period: 0.00273785
Secondary Input Spin Frequency: 2294.93343338
Input Angular Size of Primary body: 0.55763079

-------------- Orbit ----------

Input Semi-major Axis: 1.00629900
Input Orbital Mean Motion: 5.95634857
Input Orbital Period: 1.05487200
Input Eccentricity: 0.00000000

--------- Tidal Effects ---------

da/dt: 1.34954874e-17
de/dt: 0.00000000
dP/dt: 2.12205909e-17

Derivative of Primary's Spin Rate: -3.15688503e-36
Primary dObl/dt: -0.00000000
Primary Equilibrium Rotation Rate: 5.95634857
Primary Equilibrium Rotation Period: 1.05487200
Primary Tidal Heat [W]: 3.44799267e+06
Primary Tidal Surface Flux [W/m^2]: 5.11276370e-13
Primary Equilibrium Tidal Surface Flux [W/m^2]: 0.00000000

Derivative of Secondary's Spin Rate: -3.10019864e-23
Secondary dObl/dt: 4.24974498e-20
Secondary Equilibrium Rotation Rate: 5.95634857
Secondary Equilibrium Rotation Period: 1.05487200
Secondary Tidal Heat [W]: 2.71788986e+12
Secondary Tidal Surface Flux [W/m^2]: 0.00184446
Secondary Equilibrium Tidal Surface Flux [W/m^2]: 7.63146449e-07

Use Discrete Rotation States: 1
Discrete Equilibrium Spin Period: 1.05487200
Continuous Equilibrium Spin Period: 1.05487200
Primary epsilons: 1 1 1 1 1 1
Primary Gamma_Rotation: 4.00000000
Primary Gamma_Orbital: 4.00000000
Secondary epsilons: 1 1 1 1 1 1
Secondary Gamma_Rotation: 4.00000000
Secondary Gamma_Orbital: 4.00000000

----------- Halt ---------

Primary's Minimum Obliquity: -57.29577951
Secondary's Minimum Obliquity: -57.29577951

--------- Primary Body ---------

Primary Final Obliquity: 0.00000000
Primary Final Spin Period: 0.08213552
Primary Final Spin Frequency: 76.49778111

--------- Secondary Body ---------

Secondary Final Obliquity: 26.22365896
Secondary Final Spin Period: 0.00343003
Secondary Final Spin Frequency: 1831.81885495
Final Angular Size of Primary body: 0.55763068

-------------- Orbit ----------

Final Semi-major Axis: 1.00629920
Final Orbital Mean Motion: 5.95634678
Final Orbital Period: 1.05487231
Final Eccentricity: 0.00000000

--------- Tidal Effects ---------

da/dt: 1.34954725e-17
de/dt: 0.00000000
dP/dt: 2.12205695e-17

Derivative of Primary's Spin Rate: -3.15688122e-36
Primary dObl/dt: -0.00000000
Primary Equilibrium Rotation Rate: 5.95634678
Primary Equilibrium Rotation Period: 1.05487231
Primary Tidal Heat [W]: 3.44798860e+06
Primary Tidal Surface Flux [W/m^2]: 5.11275766e-13
Primary Equilibrium Tidal Surface Flux [W/m^2]: 0.00000000

Derivative of Secondary's Spin Rate: -3.10019490e-23
Secondary dObl/dt: 5.89998627e-20
Secondary Equilibrium Rotation Rate: 5.95634678
Secondary Equilibrium Rotation Period: 1.05487231
Secondary Tidal Heat [W]: 2.16799340e+12
Secondary Tidal Surface Flux [W/m^2]: 0.00147128
Secondary Equilibrium Tidal Surface Flux [W/m^2]: 9.37150454e-07

Use Discrete Rotation States: 1
Discrete Equilibrium Spin Period: 1.05487231
Continuous Equilibrium Spin Period: 1.05487231
Primary epsilons: 1 1 1 1 1 1
Primary Gamma_Rotation: 4.00000000
Primary Gamma_Orbital: 4.00000000
Secondary epsilons: 1 1 1 1 1 1
Secondary Gamma_Rotation: 4.00000000
Secondary Gamma_Orbital: 4.00000000

----------- Halt ---------

Primary's Minimum Obliquity: -57.29577951
Secondary's Minimum Obliquity: -57.29577951
