System Name: K05087.01
Tidal Model: Constant-Phase-Lag
Use Discrete Rotation Rate Model: 1
Integration Method: 4th order Runge-Kutta
Verbosity Level: 5

--------- Input/Output Units ---------

Mass Units: Solar
Length Units: AU
Time Units: Years
Angle Units: Degrees
Minimum Value of ecc and obl: 1.00000000e-10

--------- Files ---------

Executable: /Users/rory/src/eqtide/eqtide
Input: tide.in
Forward Output: K05087.01.forward
---------- Integration(s) ----------

Use Variable Timestep: Yes
Timestep Coefficient: 0.01000000

--------- Forward Integration ---------

Input Time Step: 0.00000000
Stop Time: 1.50000000e+10
Output Interval: 1.00000000e+09
Input Minimum Semi-major Axis: 0.00000000
Output Order: Time SemiMajorAxis Eccentricity SecPer[days] OrbPeriod[days] SecObliquity 

--------- Primary Body ---------

Primary Mass: 0.95799300
Primary Radius: 0.00586423
Primary Tidal Q: 1.00000000e+06

Primary Love Number k2: 0.50000000
Primary Input Obliquity: 0.00000000
Primary Input Spin Period: 0.08213552
Primary Input Spin Frequency: 76.49778111
Primary Radius of Gyration: 0.50000000

--------- Secondary Body ---------

Secondary Mass: 2.10684676e-05
Secondary Radius: 7.27023161e-05
Secondary Tidal Q: 34.00000000
Secondary Love Number k2: 0.30000000
Secondary Radius of Gyration: 0.50000000
Secondary Input Obliquity: 23.50000000
Secondary Input Spin Period: 0.00273785
Secondary Input Spin Frequency: 2294.93343338
Input Angular Size of Primary body: 0.46367796

-------------- Orbit ----------

Input Semi-major Axis: 1.44925600
Input Orbital Mean Motion: 3.52483997
Input Orbital Period: 1.78254484
Input Eccentricity: 0.00000000

--------- Tidal Effects ---------

da/dt: 1.95359182e-18
de/dt: 0.00000000
dP/dt: 3.60433558e-18

Derivative of Primary's Spin Rate: -5.99642486e-37
Primary dObl/dt: -0.00000000
Primary Equilibrium Rotation Rate: 3.52483997
Primary Equilibrium Rotation Period: 1.78254484
Primary Tidal Heat [W]: 1.01639858e+06
Primary Tidal Surface Flux [W/m^2]: 1.05094504e-13
Primary Equilibrium Tidal Surface Flux [W/m^2]: 0.00000000

Derivative of Secondary's Spin Rate: -3.79134859e-24
Secondary dObl/dt: 5.19717216e-21
Secondary Equilibrium Rotation Rate: 3.52483997
Secondary Equilibrium Rotation Period: 1.78254484
Secondary Tidal Heat [W]: 3.41051970e+11
Secondary Tidal Surface Flux [W/m^2]: 0.00022944
Secondary Equilibrium Tidal Surface Flux [W/m^2]: 5.61175705e-08

Use Discrete Rotation States: 1
Discrete Equilibrium Spin Period: 1.78254484
Continuous Equilibrium Spin Period: 1.78254484
Primary epsilons: 1 1 1 1 1 1
Primary Gamma_Rotation: 4.00000000
Primary Gamma_Orbital: 4.00000000
Secondary epsilons: 1 1 1 1 1 1
Secondary Gamma_Rotation: 4.00000000
Secondary Gamma_Orbital: 4.00000000

----------- Halt ---------

Primary's Minimum Obliquity: -57.29577951
Secondary's Minimum Obliquity: -57.29577951

--------- Primary Body ---------

Primary Final Obliquity: 0.00000000
Primary Final Spin Period: 0.08213552
Primary Final Spin Frequency: 76.49778111

--------- Secondary Body ---------

Secondary Final Obliquity: 23.78733114
Secondary Final Spin Period: 0.00280713
Secondary Final Spin Frequency: 2238.29739289
Final Angular Size of Primary body: 0.46367795

-------------- Orbit ----------

Final Semi-major Axis: 1.44925603
Final Orbital Mean Motion: 3.52483986
Final Orbital Period: 1.78254490
Final Eccentricity: 0.00000000

--------- Tidal Effects ---------

da/dt: 1.95359160e-18
de/dt: 0.00000000
dP/dt: 3.60433521e-18

Derivative of Primary's Spin Rate: -5.99642414e-37
Primary dObl/dt: -0.00000000
Primary Equilibrium Rotation Rate: 3.52483986
Primary Equilibrium Rotation Period: 1.78254490
Primary Tidal Heat [W]: 1.01639846e+06
Primary Tidal Surface Flux [W/m^2]: 1.05094491e-13
Primary Equilibrium Tidal Surface Flux [W/m^2]: 0.00000000

Derivative of Secondary's Spin Rate: -3.79134813e-24
Secondary dObl/dt: 5.39006716e-21
Secondary Equilibrium Rotation Rate: 3.52483986
Secondary Equilibrium Rotation Period: 1.78254490
Secondary Tidal Heat [W]: 3.32622253e+11
Secondary Tidal Surface Flux [W/m^2]: 0.00022377
Secondary Equilibrium Tidal Surface Flux [W/m^2]: 5.74180487e-08

Use Discrete Rotation States: 1
Discrete Equilibrium Spin Period: 1.78254490
Continuous Equilibrium Spin Period: 1.78254490
Primary epsilons: 1 1 1 1 1 1
Primary Gamma_Rotation: 4.00000000
Primary Gamma_Orbital: 4.00000000
Secondary epsilons: 1 1 1 1 1 1
Secondary Gamma_Rotation: 4.00000000
Secondary Gamma_Orbital: 4.00000000

----------- Halt ---------

Primary's Minimum Obliquity: -57.29577951
Secondary's Minimum Obliquity: -57.29577951
