System Name: K05135.01
Tidal Model: Constant-Phase-Lag
Use Discrete Rotation Rate Model: 1
Integration Method: 4th order Runge-Kutta
Verbosity Level: 5

--------- Input/Output Units ---------

Mass Units: Solar
Length Units: AU
Time Units: Years
Angle Units: Degrees
Minimum Value of ecc and obl: 1.00000000e-10

--------- Files ---------

Executable: /Users/rory/src/eqtide/eqtide
Input: tide.in
Forward Output: K05135.01.forward
---------- Integration(s) ----------

Use Variable Timestep: Yes
Timestep Coefficient: 0.01000000

--------- Forward Integration ---------

Input Time Step: 0.00000000
Stop Time: 1.50000000e+10
Output Interval: 1.00000000e+09
Input Minimum Semi-major Axis: 0.00000000
Output Order: Time SemiMajorAxis Eccentricity SecPer[days] OrbPeriod[days] SecObliquity 

--------- Primary Body ---------

Primary Mass: 0.82761100
Primary Radius: 0.00351110
Primary Tidal Q: 1.00000000e+06

Primary Love Number k2: 0.50000000
Primary Input Obliquity: 0.00000000
Primary Input Spin Period: 0.08213552
Primary Input Spin Frequency: 76.49778111
Primary Radius of Gyration: 0.50000000

--------- Secondary Body ---------

Secondary Mass: 5.59219295e-05
Secondary Radius: 9.49945426e-05
Secondary Tidal Q: 34.00000000
Secondary Love Number k2: 0.30000000
Secondary Radius of Gyration: 0.50000000
Secondary Input Obliquity: 23.50000000
Secondary Input Spin Period: 0.00273785
Secondary Input Spin Frequency: 2294.93343338
Input Angular Size of Primary body: 0.47320491

-------------- Orbit ----------

Input Semi-major Axis: 0.85024500
Input Orbital Mean Motion: 7.29092769
Input Orbital Period: 0.86178132
Input Eccentricity: 0.00000000

--------- Tidal Effects ---------

da/dt: 4.22780720e-17
de/dt: 0.00000000
dP/dt: 6.42797377e-17

Derivative of Primary's Spin Rate: -2.57411884e-35
Primary dObl/dt: 0.00000000
Primary Equilibrium Rotation Rate: 7.29092769
Primary Equilibrium Rotation Period: 0.86178132
Primary Tidal Heat [W]: 1.28148978e+07
Primary Tidal Surface Flux [W/m^2]: 3.69630137e-12
Primary Equilibrium Tidal Surface Flux [W/m^2]: 0.00000000

Derivative of Secondary's Spin Rate: -5.83216370e-23
Secondary dObl/dt: 7.99471238e-20
Secondary Equilibrium Rotation Rate: 7.29092769
Secondary Equilibrium Rotation Period: 0.86178132
Secondary Tidal Heat [W]: 2.37351614e+13
Secondary Tidal Surface Flux [W/m^2]: 0.00935262
Secondary Equilibrium Tidal Surface Flux [W/m^2]: 4.73944443e-06

Use Discrete Rotation States: 1
Discrete Equilibrium Spin Period: 0.86178132
Continuous Equilibrium Spin Period: 0.86178132
Primary epsilons: 1 1 1 1 1 1
Primary Gamma_Rotation: 4.00000000
Primary Gamma_Orbital: 4.00000000
Secondary epsilons: 1 1 1 1 1 1
Secondary Gamma_Rotation: 4.00000000
Secondary Gamma_Orbital: 4.00000000

----------- Halt ---------

Primary's Minimum Obliquity: -57.29577951
Secondary's Minimum Obliquity: -57.29577951

--------- Primary Body ---------

Primary Final Obliquity: 0.00000000
Primary Final Spin Period: 0.08213552
Primary Final Spin Frequency: 76.49778111

--------- Secondary Body ---------

Secondary Final Obliquity: 29.61858591
Secondary Final Spin Period: 0.00441324
Secondary Final Spin Frequency: 1423.71325174
Final Angular Size of Primary body: 0.47320455

-------------- Orbit ----------

Final Semi-major Axis: 0.85024563
Final Orbital Mean Motion: 7.29091953
Final Orbital Period: 0.86178229
Final Eccentricity: 0.00000000

--------- Tidal Effects ---------

da/dt: 4.22778985e-17
de/dt: 0.00000000
dP/dt: 6.42794979e-17

Derivative of Primary's Spin Rate: -2.57410732e-35
Primary dObl/dt: 0.00000000
Primary Equilibrium Rotation Rate: 7.29091953
Primary Equilibrium Rotation Period: 0.86178229
Primary Tidal Heat [W]: 1.28148420e+07
Primary Tidal Surface Flux [W/m^2]: 3.69628526e-12
Primary Equilibrium Tidal Surface Flux [W/m^2]: 0.00000000

Derivative of Secondary's Spin Rate: -5.83213760e-23
Secondary dObl/dt: 1.59724921e-19
Secondary Equilibrium Rotation Rate: 7.29091953
Secondary Equilibrium Rotation Period: 0.86178229
Secondary Tidal Heat [W]: 1.46958548e+13
Secondary Tidal Surface Flux [W/m^2]: 0.00579077
Secondary Equilibrium Tidal Surface Flux [W/m^2]: 7.28069964e-06

Use Discrete Rotation States: 1
Discrete Equilibrium Spin Period: 0.86178229
Continuous Equilibrium Spin Period: 0.86178229
Primary epsilons: 1 1 1 1 1 1
Primary Gamma_Rotation: 4.00000000
Primary Gamma_Orbital: 4.00000000
Secondary epsilons: 1 1 1 1 1 1
Secondary Gamma_Rotation: 4.00000000
Secondary Gamma_Orbital: 4.00000000

----------- Halt ---------

Primary's Minimum Obliquity: -57.29577951
Secondary's Minimum Obliquity: -57.29577951
