System Name: K05164.01
Tidal Model: Constant-Phase-Lag
Use Discrete Rotation Rate Model: 1
Integration Method: 4th order Runge-Kutta
Verbosity Level: 5

--------- Input/Output Units ---------

Mass Units: Solar
Length Units: AU
Time Units: Years
Angle Units: Degrees
Minimum Value of ecc and obl: 1.00000000e-10

--------- Files ---------

Executable: /Users/rory/src/eqtide/eqtide
Input: tide.in
Forward Output: K05164.01.forward
---------- Integration(s) ----------

Use Variable Timestep: Yes
Timestep Coefficient: 0.01000000

--------- Forward Integration ---------

Input Time Step: 0.00000000
Stop Time: 1.50000000e+10
Output Interval: 1.00000000e+09
Input Minimum Semi-major Axis: 0.00000000
Output Order: Time SemiMajorAxis Eccentricity SecPer[days] OrbPeriod[days] SecObliquity 

--------- Primary Body ---------

Primary Mass: 1.08809700
Primary Radius: 0.00484578
Primary Tidal Q: 1.00000000e+06

Primary Love Number k2: 0.50000000
Primary Input Obliquity: 0.00000000
Primary Input Spin Period: 0.08213552
Primary Input Spin Frequency: 76.49778111
Primary Radius of Gyration: 0.50000000

--------- Secondary Body ---------

Secondary Mass: 6.68445446e-06
Secondary Radius: 5.30828733e-05
Secondary Tidal Q: 34.00000000
Secondary Love Number k2: 0.30000000
Secondary Radius of Gyration: 0.50000000
Secondary Input Obliquity: 23.50000000
Secondary Input Spin Period: 0.00273785
Secondary Input Spin Frequency: 2294.93343338
Input Angular Size of Primary body: 0.78087955

-------------- Orbit ----------

Input Semi-major Axis: 0.71109200
Input Orbital Mean Motion: 10.92993484
Input Orbital Period: 0.57486027
Input Eccentricity: 0.00000000

--------- Tidal Effects ---------

da/dt: 7.76350144e-17
de/dt: 0.00000000
dP/dt: 9.41427182e-17

Derivative of Primary's Spin Rate: -2.14895312e-36
Primary dObl/dt: -0.00000000
Primary Equilibrium Rotation Rate: 10.92993484
Primary Equilibrium Rotation Period: 0.57486027
Primary Tidal Heat [W]: 2.53827226e+06
Primary Tidal Surface Flux [W/m^2]: 3.84369478e-13
Primary Equilibrium Tidal Surface Flux [W/m^2]: 0.00000000

Derivative of Secondary's Spin Rate: -4.30036843e-22
Secondary dObl/dt: 5.89493611e-19
Secondary Equilibrium Rotation Rate: 10.92993484
Secondary Equilibrium Rotation Period: 0.57486027
Secondary Tidal Heat [W]: 6.52186955e+12
Secondary Tidal Surface Flux [W/m^2]: 0.00823004
Secondary Equilibrium Tidal Surface Flux [W/m^2]: 6.26212881e-06

Use Discrete Rotation States: 1
Discrete Equilibrium Spin Period: 0.57486027
Continuous Equilibrium Spin Period: 0.57486027
Primary epsilons: 1 1 1 1 1 1
Primary Gamma_Rotation: 4.00000000
Primary Gamma_Orbital: 4.00000000
Secondary epsilons: 1 1 1 1 1 1
Secondary Gamma_Rotation: 4.00000000
Secondary Gamma_Orbital: 4.00000000

----------- Halt ---------

Primary's Minimum Obliquity: -57.29577951
Secondary's Minimum Obliquity: -57.29577951

--------- Primary Body ---------

Primary Final Obliquity: 0.00000000
Primary Final Spin Period: 0.08213552
Primary Final Spin Frequency: 76.49778111

--------- Secondary Body ---------

Secondary Final Obliquity: 44.64452625
Secondary Final Spin Period: 0.52301489
Secondary Final Spin Frequency: 12.01339667
Final Angular Size of Primary body: 0.78087910

-------------- Orbit ----------

Final Semi-major Axis: 0.71109241
Final Orbital Mean Motion: 10.92992549
Final Orbital Period: 0.57486076
Final Eccentricity: 0.00000000

--------- Tidal Effects ---------

da/dt: 9.64336044e-19
de/dt: -0.00000000
dP/dt: 1.16938527e-18

Derivative of Primary's Spin Rate: -2.14894576e-36
Primary dObl/dt: -0.00000000
Primary Equilibrium Rotation Rate: 10.92992549
Primary Equilibrium Rotation Period: 0.57486076
Primary Tidal Heat [W]: 2.53826394e+06
Primary Tidal Surface Flux [W/m^2]: 3.84368218e-13
Primary Equilibrium Tidal Surface Flux [W/m^2]: 0.00000000

Derivative of Secondary's Spin Rate: 2.93873605e-39
Secondary dObl/dt: -1.98452288e-16
Secondary Equilibrium Rotation Rate: 10.92992549
Secondary Equilibrium Rotation Period: 0.57486076
Secondary Tidal Heat [W]: 1.69773665e+10
Secondary Tidal Surface Flux [W/m^2]: 2.14239744e-05
Secondary Equilibrium Tidal Surface Flux [W/m^2]: 1.94477032e-05

Use Discrete Rotation States: 1
Discrete Equilibrium Spin Period: 0.57486076
Continuous Equilibrium Spin Period: 0.57486076
Primary epsilons: 1 1 1 1 1 1
Primary Gamma_Rotation: 4.00000000
Primary Gamma_Orbital: 4.00000000
Secondary epsilons: 1 -1 1 1 -1 1
Secondary Gamma_Rotation: 2.02481611
Secondary Gamma_Orbital: 0.04963222

----------- Halt ---------

Primary's Minimum Obliquity: -57.29577951
Secondary's Minimum Obliquity: -57.29577951
