System Name: K05176.01
Tidal Model: Constant-Phase-Lag
Use Discrete Rotation Rate Model: 1
Integration Method: 4th order Runge-Kutta
Verbosity Level: 5

--------- Input/Output Units ---------

Mass Units: Solar
Length Units: AU
Time Units: Years
Angle Units: Degrees
Minimum Value of ecc and obl: 1.00000000e-10

--------- Files ---------

Executable: /Users/rory/src/eqtide/eqtide
Input: tide.in
Forward Output: K05176.01.forward
---------- Integration(s) ----------

Use Variable Timestep: Yes
Timestep Coefficient: 0.01000000

--------- Forward Integration ---------

Input Time Step: 0.00000000
Stop Time: 1.50000000e+10
Output Interval: 1.00000000e+09
Input Minimum Semi-major Axis: 0.00000000
Output Order: Time SemiMajorAxis Eccentricity SecPer[days] OrbPeriod[days] SecObliquity 

--------- Primary Body ---------

Primary Mass: 0.80515600
Primary Radius: 0.00398080
Primary Tidal Q: 1.00000000e+06

Primary Love Number k2: 0.50000000
Primary Input Obliquity: 0.00000000
Primary Input Spin Period: 0.08213552
Primary Input Spin Frequency: 76.49778111
Primary Radius of Gyration: 0.50000000

--------- Secondary Body ---------

Secondary Mass: 8.91455420e-06
Secondary Radius: 5.74394381e-05
Secondary Tidal Q: 34.00000000
Secondary Love Number k2: 0.30000000
Secondary Radius of Gyration: 0.50000000
Secondary Input Obliquity: 23.50000000
Secondary Input Spin Period: 0.00273785
Secondary Input Spin Frequency: 2294.93343338
Input Angular Size of Primary body: 0.69653817

-------------- Orbit ----------

Input Semi-major Axis: 0.65489600
Input Orbital Mean Motion: 10.63787875
Input Orbital Period: 0.59064269
Input Eccentricity: 0.00000000

--------- Tidal Effects ---------

da/dt: 8.64500839e-17
de/dt: 0.00000000
dP/dt: 1.16953057e-16

Derivative of Primary's Spin Rate: -4.69267751e-36
Primary dObl/dt: -0.00000000
Primary Equilibrium Rotation Rate: 10.63787875
Primary Equilibrium Rotation Period: 0.59064269
Primary Tidal Heat [W]: 2.78026792e+06
Primary Tidal Surface Flux [W/m^2]: 6.23857281e-13
Primary Equilibrium Tidal Surface Flux [W/m^2]: 0.00000000

Derivative of Secondary's Spin Rate: -3.66593581e-22
Secondary dObl/dt: 5.02525658e-19
Secondary Equilibrium Rotation Rate: 10.63787875
Secondary Equilibrium Rotation Period: 0.59064269
Secondary Tidal Heat [W]: 8.68264436e+12
Secondary Tidal Surface Flux [W/m^2]: 0.00935772
Secondary Equilibrium Tidal Surface Flux [W/m^2]: 6.92902795e-06

Use Discrete Rotation States: 1
Discrete Equilibrium Spin Period: 0.59064269
Continuous Equilibrium Spin Period: 0.59064269
Primary epsilons: 1 1 1 1 1 1
Primary Gamma_Rotation: 4.00000000
Primary Gamma_Orbital: 4.00000000
Secondary epsilons: 1 1 1 1 1 1
Secondary Gamma_Rotation: 4.00000000
Secondary Gamma_Orbital: 4.00000000

----------- Halt ---------

Primary's Minimum Obliquity: -57.29577951
Secondary's Minimum Obliquity: -57.29577951

--------- Primary Body ---------

Primary Final Obliquity: 0.00000000
Primary Final Spin Period: 0.08213552
Primary Final Spin Frequency: 76.49778111

--------- Secondary Body ---------

Secondary Final Obliquity: 44.67668214
Secondary Final Spin Period: 0.54139982
Secondary Final Spin Frequency: 11.60544409
Final Angular Size of Primary body: 0.69653761

-------------- Orbit ----------

Final Semi-major Axis: 0.65489653
Final Orbital Mean Motion: 10.63786583
Final Orbital Period: 0.59064341
Final Eccentricity: 0.00000000

--------- Tidal Effects ---------

da/dt: 9.76593177e-19
de/dt: -0.00000000
dP/dt: 1.32117400e-18

Derivative of Primary's Spin Rate: -4.69265472e-36
Primary dObl/dt: -0.00000000
Primary Equilibrium Rotation Rate: 10.63786583
Primary Equilibrium Rotation Period: 0.59064341
Primary Tidal Heat [W]: 2.78025496e+06
Primary Tidal Surface Flux [W/m^2]: 6.23854373e-13
Primary Equilibrium Tidal Surface Flux [W/m^2]: 0.00000000

Derivative of Secondary's Spin Rate: 2.93873605e-39
Secondary dObl/dt: -1.75220686e-16
Secondary Equilibrium Rotation Rate: 10.63786583
Secondary Equilibrium Rotation Period: 0.59064341
Secondary Tidal Heat [W]: 2.18487208e+10
Secondary Tidal Surface Flux [W/m^2]: 2.35474677e-05
Secondary Equilibrium Tidal Surface Flux [W/m^2]: 2.15432460e-05

Use Discrete Rotation States: 1
Discrete Equilibrium Spin Period: 0.59064341
Continuous Equilibrium Spin Period: 0.59064341
Primary epsilons: 1 1 1 1 1 1
Primary Gamma_Rotation: 4.00000000
Primary Gamma_Orbital: 4.00000000
Secondary epsilons: 1 -1 1 1 -1 1
Secondary Gamma_Rotation: 2.02257137
Secondary Gamma_Orbital: 0.04514273

----------- Halt ---------

Primary's Minimum Obliquity: -57.29577951
Secondary's Minimum Obliquity: -57.29577951
