System Name: K05254.01
Tidal Model: Constant-Phase-Lag
Use Discrete Rotation Rate Model: 1
Integration Method: 4th order Runge-Kutta
Verbosity Level: 5

--------- Input/Output Units ---------

Mass Units: Solar
Length Units: AU
Time Units: Years
Angle Units: Degrees
Minimum Value of ecc and obl: 1.00000000e-10

--------- Files ---------

Executable: /Users/rory/src/eqtide/eqtide
Input: tide.in
Forward Output: K05254.01.forward
---------- Integration(s) ----------

Use Variable Timestep: Yes
Timestep Coefficient: 0.01000000

--------- Forward Integration ---------

Input Time Step: 0.00000000
Stop Time: 1.50000000e+10
Output Interval: 1.00000000e+09
Input Minimum Semi-major Axis: 0.00000000
Output Order: Time SemiMajorAxis Eccentricity SecPer[days] OrbPeriod[days] SecObliquity 

--------- Primary Body ---------

Primary Mass: 1.04663600
Primary Radius: 0.00695709
Primary Tidal Q: 1.00000000e+06

Primary Love Number k2: 0.50000000
Primary Input Obliquity: 0.00000000
Primary Input Spin Period: 0.08213552
Primary Input Spin Frequency: 76.49778111
Primary Radius of Gyration: 0.50000000

--------- Secondary Body ---------

Secondary Mass: 8.12770310e-06
Secondary Radius: 5.60035364e-05
Secondary Tidal Q: 34.00000000
Secondary Love Number k2: 0.30000000
Secondary Radius of Gyration: 0.50000000
Secondary Input Obliquity: 23.50000000
Secondary Input Spin Period: 0.00273785
Secondary Input Spin Frequency: 2294.93343338
Input Angular Size of Primary body: 1.05982638

-------------- Orbit ----------

Input Semi-major Axis: 0.75220000
Input Orbital Mean Motion: 9.85304914
Input Orbital Period: 0.63768943
Input Eccentricity: 0.00000000

--------- Tidal Effects ---------

da/dt: 5.78029394e-17
de/dt: 0.00000000
dP/dt: 7.35053179e-17

Derivative of Primary's Spin Rate: -6.97668340e-36
Primary dObl/dt: -0.00000000
Primary Equilibrium Rotation Rate: 9.85304914
Primary Equilibrium Rotation Period: 0.63768943
Primary Tidal Heat [W]: 1.66069925e+07
Primary Tidal Surface Flux [W/m^2]: 1.22003961e-12
Primary Equilibrium Tidal Surface Flux [W/m^2]: 0.00000000

Derivative of Secondary's Spin Rate: -2.74282301e-22
Secondary dObl/dt: 3.75985597e-19
Secondary Equilibrium Rotation Rate: 9.85304914
Secondary Equilibrium Rotation Period: 0.63768943
Secondary Tidal Heat [W]: 5.63239191e+12
Secondary Tidal Surface Flux [W/m^2]: 0.00638558
Secondary Equilibrium Tidal Surface Flux [W/m^2]: 4.37793243e-06

Use Discrete Rotation States: 1
Discrete Equilibrium Spin Period: 0.63768943
Continuous Equilibrium Spin Period: 0.63768943
Primary epsilons: 1 1 1 1 1 1
Primary Gamma_Rotation: 4.00000000
Primary Gamma_Orbital: 4.00000000
Secondary epsilons: 1 1 1 1 1 1
Secondary Gamma_Rotation: 4.00000000
Secondary Gamma_Orbital: 4.00000000

----------- Halt ---------

Primary's Minimum Obliquity: -57.29577951
Secondary's Minimum Obliquity: -57.29577951

--------- Primary Body ---------

Primary Final Obliquity: 0.00000000
Primary Final Spin Period: 0.08213552
Primary Final Spin Frequency: 76.49778111

--------- Secondary Body ---------

Secondary Final Obliquity: 45.98494123
Secondary Final Spin Period: 0.58550920
Secondary Final Spin Frequency: 10.73114697
Final Angular Size of Primary body: 1.05982571

-------------- Orbit ----------

Final Semi-major Axis: 0.75220047
Final Orbital Mean Motion: 9.85303981
Final Orbital Period: 0.63769004
Final Eccentricity: 0.00000000

--------- Tidal Effects ---------

da/dt: -1.98087682e-18
de/dt: -0.00000000
dP/dt: -2.51898999e-18

Derivative of Primary's Spin Rate: -6.97665698e-36
Primary dObl/dt: -0.00000000
Primary Equilibrium Rotation Rate: 9.85303981
Primary Equilibrium Rotation Period: 0.63769004
Primary Tidal Heat [W]: 1.66069319e+07
Primary Tidal Surface Flux [W/m^2]: 1.22003516e-12
Primary Equilibrium Tidal Surface Flux [W/m^2]: 0.00000000

Derivative of Secondary's Spin Rate: 2.93873605e-39
Secondary dObl/dt: -1.45016630e-16
Secondary Equilibrium Rotation Rate: 9.85303981
Secondary Equilibrium Rotation Period: 0.63769004
Secondary Tidal Heat [W]: 1.36055204e+10
Secondary Tidal Surface Flux [W/m^2]: 1.54249162e-05
Secondary Equilibrium Tidal Surface Flux [W/m^2]: 1.42401742e-05

Use Discrete Rotation States: 1
Discrete Equilibrium Spin Period: 0.63769004
Continuous Equilibrium Spin Period: 0.63769004
Primary epsilons: 1 1 1 1 1 1
Primary Gamma_Rotation: 4.00000000
Primary Gamma_Orbital: 4.00000000
Secondary epsilons: 1 -1 1 1 -1 1
Secondary Gamma_Rotation: 1.93125168
Secondary Gamma_Orbital: -0.13749665

----------- Halt ---------

Primary's Minimum Obliquity: -57.29577951
Secondary's Minimum Obliquity: -57.29577951
