System Name: K05279.01
Tidal Model: Constant-Phase-Lag
Use Discrete Rotation Rate Model: 1
Integration Method: 4th order Runge-Kutta
Verbosity Level: 5

--------- Input/Output Units ---------

Mass Units: Solar
Length Units: AU
Time Units: Years
Angle Units: Degrees
Minimum Value of ecc and obl: 1.00000000e-10

--------- Files ---------

Executable: /Users/rory/src/eqtide/eqtide
Input: tide.in
Forward Output: K05279.01.forward
---------- Integration(s) ----------

Use Variable Timestep: Yes
Timestep Coefficient: 0.01000000

--------- Forward Integration ---------

Input Time Step: 0.00000000
Stop Time: 1.50000000e+10
Output Interval: 1.00000000e+09
Input Minimum Semi-major Axis: 0.00000000
Output Order: Time SemiMajorAxis Eccentricity SecPer[days] OrbPeriod[days] SecObliquity 

--------- Primary Body ---------

Primary Mass: 0.88822800
Primary Radius: 0.00391104
Primary Tidal Q: 1.00000000e+06

Primary Love Number k2: 0.50000000
Primary Input Obliquity: 0.00000000
Primary Input Spin Period: 0.08213552
Primary Input Spin Frequency: 76.49778111
Primary Radius of Gyration: 0.50000000

--------- Secondary Body ---------

Secondary Mass: 2.02795742e-05
Secondary Radius: 7.19461430e-05
Secondary Tidal Q: 34.00000000
Secondary Love Number k2: 0.30000000
Secondary Radius of Gyration: 0.50000000
Secondary Input Obliquity: 23.50000000
Secondary Input Spin Period: 0.00273785
Secondary Input Spin Frequency: 2294.93343338
Input Angular Size of Primary body: 1.07912082

-------------- Orbit ----------

Input Semi-major Axis: 0.41530000
Input Orbital Mean Motion: 22.12561813
Input Orbital Period: 0.28397784
Input Eccentricity: 0.00000000

--------- Tidal Effects ---------

da/dt: 1.66234278e-15
de/dt: 0.00000000
dP/dt: 1.70505865e-15

Derivative of Primary's Spin Rate: -3.21013887e-34
Primary dObl/dt: -0.00000000
Primary Equilibrium Rotation Rate: 22.12561813
Primary Equilibrium Rotation Period: 0.28397784
Primary Tidal Heat [W]: 1.67199192e+08
Primary Tidal Surface Flux [W/m^2]: 3.88676525e-11
Primary Equilibrium Tidal Surface Flux [W/m^2]: 0.00000000

Derivative of Secondary's Spin Rate: -5.92609963e-21
Secondary dObl/dt: 8.12348111e-18
Secondary Equilibrium Rotation Rate: 22.12561813
Secondary Equilibrium Rotation Period: 0.28397784
Secondary Tidal Heat [W]: 4.98425660e+14
Secondary Tidal Surface Flux [W/m^2]: 0.34239225
Secondary Equilibrium Tidal Surface Flux [W/m^2]: 0.00052998

Use Discrete Rotation States: 1
Discrete Equilibrium Spin Period: 0.28397784
Continuous Equilibrium Spin Period: 0.28397784
Primary epsilons: 1 1 1 1 1 1
Primary Gamma_Rotation: 4.00000000
Primary Gamma_Orbital: 4.00000000
Secondary epsilons: 1 1 1 1 1 1
Secondary Gamma_Rotation: 4.00000000
Secondary Gamma_Orbital: 4.00000000

----------- Halt ---------

Primary's Minimum Obliquity: -57.29577951
Secondary's Minimum Obliquity: -57.29577951

--------- Primary Body ---------

Primary Final Obliquity: 0.00000000
Primary Final Spin Period: 0.08213552
Primary Final Spin Frequency: 76.49778111

--------- Secondary Body ---------

Secondary Final Obliquity: 37.98068586
Secondary Final Spin Period: 0.25827397
Secondary Final Spin Frequency: 24.32759762
Final Angular Size of Primary body: 1.07911922

-------------- Orbit ----------

Final Semi-major Axis: 0.41530061
Final Orbital Mean Motion: 22.12556912
Final Orbital Period: 0.28397847
Final Eccentricity: 0.00000000

--------- Tidal Effects ---------

da/dt: 4.03258851e-16
de/dt: -0.00000000
dP/dt: 4.13621372e-16

Derivative of Primary's Spin Rate: -3.21011043e-34
Primary dObl/dt: -0.00000000
Primary Equilibrium Rotation Rate: 22.12556912
Primary Equilibrium Rotation Period: 0.28397847
Primary Tidal Heat [W]: 1.67197861e+08
Primary Tidal Surface Flux [W/m^2]: 3.88673432e-11
Primary Equilibrium Tidal Surface Flux [W/m^2]: 0.00000000

Derivative of Secondary's Spin Rate: 2.93873605e-39
Secondary dObl/dt: -1.18267222e-15
Secondary Equilibrium Rotation Rate: 22.12556912
Secondary Equilibrium Rotation Period: 0.28397847
Secondary Tidal Heat [W]: 2.13756197e+12
Secondary Tidal Surface Flux [W/m^2]: 0.00146839
Secondary Equilibrium Tidal Surface Flux [W/m^2]: 0.00126230

Use Discrete Rotation States: 1
Discrete Equilibrium Spin Period: 0.28397847
Continuous Equilibrium Spin Period: 0.28397847
Primary epsilons: 1 1 1 1 1 1
Primary Gamma_Rotation: 4.00000000
Primary Gamma_Orbital: 4.00000000
Secondary epsilons: 1 -1 1 1 -1 1
Secondary Gamma_Rotation: 2.48515201
Secondary Gamma_Orbital: 0.97030402

----------- Halt ---------

Primary's Minimum Obliquity: -57.29577951
Secondary's Minimum Obliquity: -57.29577951
