System Name: K05202.01
Tidal Model: Constant-Phase-Lag
Use Discrete Rotation Rate Model: 1
Integration Method: 4th order Runge-Kutta
Verbosity Level: 5

--------- Input/Output Units ---------

Mass Units: Solar
Length Units: AU
Time Units: Years
Angle Units: Degrees
Minimum Value of ecc and obl: 1.00000000e-10

--------- Files ---------

Executable: /Users/rory/src/eqtide/eqtide
Input: tide.in
Forward Output: K05202.01.forward
---------- Integration(s) ----------

Use Variable Timestep: Yes
Timestep Coefficient: 0.01000000

--------- Forward Integration ---------

Input Time Step: 0.00000000
Stop Time: 1.50000000e+10
Output Interval: 1.00000000e+09
Input Minimum Semi-major Axis: 0.00000000
Output Order: Time SemiMajorAxis Eccentricity SecPer[days] OrbPeriod[days] SecObliquity 

--------- Primary Body ---------

Primary Mass: 1.04391100
Primary Radius: 0.00445514
Primary Tidal Q: 1.00000000e+06

Primary Love Number k2: 0.50000000
Primary Input Obliquity: 0.00000000
Primary Input Spin Period: 0.08213552
Primary Input Spin Frequency: 76.49778111
Primary Radius of Gyration: 0.50000000

--------- Secondary Body ---------

Secondary Mass: 3.24132050e-05
Secondary Radius: 8.18098189e-05
Secondary Tidal Q: 34.00000000
Secondary Love Number k2: 0.30000000
Secondary Radius of Gyration: 0.50000000
Secondary Input Obliquity: 23.50000000
Secondary Input Spin Period: 0.00273785
Secondary Input Spin Frequency: 2294.93343338
Input Angular Size of Primary body: 0.38974198

-------------- Orbit ----------

Input Semi-major Axis: 1.30989200
Input Orbital Mean Motion: 4.28209567
Input Orbital Period: 1.46731549
Input Eccentricity: 0.00000000

--------- Tidal Effects ---------

da/dt: 4.54420608e-18
de/dt: 0.00000000
dP/dt: 7.63561516e-18

Derivative of Primary's Spin Rate: -1.04755850e-36
Primary dObl/dt: -0.00000000
Primary Equilibrium Rotation Rate: 4.28209567
Primary Equilibrium Rotation Period: 1.46731549
Primary Tidal Heat [W]: 1.10515096e+06
Primary Tidal Surface Flux [W/m^2]: 1.97987019e-13
Primary Equilibrium Tidal Surface Flux [W/m^2]: 0.00000000

Derivative of Secondary's Spin Rate: -7.64779476e-24
Secondary dObl/dt: 1.04835788e-20
Secondary Equilibrium Rotation Rate: 4.28209567
Secondary Equilibrium Rotation Period: 1.46731549
Secondary Tidal Heat [W]: 1.33974739e+12
Secondary Tidal Surface Flux [W/m^2]: 0.00071179
Secondary Equilibrium Tidal Surface Flux [W/m^2]: 2.11566722e-07

Use Discrete Rotation States: 1
Discrete Equilibrium Spin Period: 1.46731549
Continuous Equilibrium Spin Period: 1.46731549
Primary epsilons: 1 1 1 1 1 1
Primary Gamma_Rotation: 4.00000000
Primary Gamma_Orbital: 4.00000000
Secondary epsilons: 1 1 1 1 1 1
Secondary Gamma_Rotation: 4.00000000
Secondary Gamma_Orbital: 4.00000000

----------- Halt ---------

Primary's Minimum Obliquity: -57.29577951
Secondary's Minimum Obliquity: -57.29577951

--------- Primary Body ---------

Primary Final Obliquity: 0.00000000
Primary Final Spin Period: 0.08213552
Primary Final Spin Frequency: 76.49778111

--------- Secondary Body ---------

Secondary Final Obliquity: 24.09120061
Secondary Final Spin Period: 0.00288128
Secondary Final Spin Frequency: 2180.68892053
Final Angular Size of Primary body: 0.38974196

-------------- Orbit ----------

Final Semi-major Axis: 1.30989207
Final Orbital Mean Motion: 4.28209534
Final Orbital Period: 1.46731560
Final Eccentricity: 0.00000000

--------- Tidal Effects ---------

da/dt: 4.54420478e-18
de/dt: 0.00000000
dP/dt: 7.63561318e-18

Derivative of Primary's Spin Rate: -1.04755817e-36
Primary dObl/dt: -0.00000000
Primary Equilibrium Rotation Rate: 4.28209534
Primary Equilibrium Rotation Period: 1.46731560
Primary Tidal Heat [W]: 1.10515062e+06
Primary Tidal Surface Flux [W/m^2]: 1.97986958e-13
Primary Equilibrium Tidal Surface Flux [W/m^2]: 0.00000000

Derivative of Secondary's Spin Rate: -7.64779238e-24
Secondary dObl/dt: 1.12940258e-20
Secondary Equilibrium Rotation Rate: 4.28209534
Secondary Equilibrium Rotation Period: 1.46731560
Secondary Tidal Heat [W]: 1.27292810e+12
Secondary Tidal Surface Flux [W/m^2]: 0.00067629
Secondary Equilibrium Tidal Surface Flux [W/m^2]: 2.21703785e-07

Use Discrete Rotation States: 1
Discrete Equilibrium Spin Period: 1.46731560
Continuous Equilibrium Spin Period: 1.46731560
Primary epsilons: 1 1 1 1 1 1
Primary Gamma_Rotation: 4.00000000
Primary Gamma_Orbital: 4.00000000
Secondary epsilons: 1 1 1 1 1 1
Secondary Gamma_Rotation: 4.00000000
Secondary Gamma_Orbital: 4.00000000

----------- Halt ---------

Primary's Minimum Obliquity: -57.29577951
Secondary's Minimum Obliquity: -57.29577951
