System Name: K05276.01
Tidal Model: Constant-Phase-Lag
Use Discrete Rotation Rate Model: 1
Integration Method: 4th order Runge-Kutta
Verbosity Level: 5

--------- Input/Output Units ---------

Mass Units: Solar
Length Units: AU
Time Units: Years
Angle Units: Degrees
Minimum Value of ecc and obl: 1.00000000e-10

--------- Files ---------

Executable: /Users/rory/src/eqtide/eqtide
Input: tide.in
Forward Output: K05276.01.forward
---------- Integration(s) ----------

Use Variable Timestep: Yes
Timestep Coefficient: 0.01000000

--------- Forward Integration ---------

Input Time Step: 0.00000000
Stop Time: 1.50000000e+10
Output Interval: 1.00000000e+09
Input Minimum Semi-major Axis: 0.00000000
Output Order: Time SemiMajorAxis Eccentricity SecPer[days] OrbPeriod[days] SecObliquity 

--------- Primary Body ---------

Primary Mass: 0.75273700
Primary Radius: 0.00324602
Primary Tidal Q: 1.00000000e+06

Primary Love Number k2: 0.50000000
Primary Input Obliquity: 0.00000000
Primary Input Spin Period: 0.08213552
Primary Input Spin Frequency: 76.49778111
Primary Radius of Gyration: 0.50000000

--------- Secondary Body ---------

Secondary Mass: 7.94842153e-05
Secondary Radius: 0.00010460
Secondary Tidal Q: 34.00000000
Secondary Love Number k2: 0.30000000
Secondary Radius of Gyration: 0.50000000
Secondary Input Obliquity: 23.50000000
Secondary Input Spin Period: 0.00273785
Secondary Input Spin Frequency: 2294.93343338
Input Angular Size of Primary body: 0.57206188

-------------- Orbit ----------

Input Semi-major Axis: 0.65021600
Input Orbital Mean Motion: 10.39750657
Input Orbital Period: 0.60429732
Input Eccentricity: 0.00000000

--------- Tidal Effects ---------

da/dt: 1.82600493e-16
de/dt: 0.00000000
dP/dt: 2.54571127e-16

Derivative of Primary's Spin Rate: -2.25867159e-34
Primary dObl/dt: 0.00000000
Primary Equilibrium Rotation Rate: 10.39750657
Primary Equilibrium Rotation Period: 0.60429732
Primary Tidal Heat [W]: 8.34887108e+07
Primary Tidal Surface Flux [W/m^2]: 2.81749425e-11
Primary Equilibrium Tidal Surface Flux [W/m^2]: 0.00000000

Derivative of Secondary's Spin Rate: -2.26563171e-22
Secondary dObl/dt: 3.10571971e-19
Secondary Equilibrium Rotation Rate: 10.39750657
Secondary Equilibrium Rotation Period: 0.60429732
Secondary Tidal Heat [W]: 1.58683167e+14
Secondary Tidal Surface Flux [W/m^2]: 0.05157053
Secondary Equilibrium Tidal Surface Flux [W/m^2]: 3.73191892e-05

Use Discrete Rotation States: 1
Discrete Equilibrium Spin Period: 0.60429732
Continuous Equilibrium Spin Period: 0.60429732
Primary epsilons: 1 1 1 1 1 1
Primary Gamma_Rotation: 4.00000000
Primary Gamma_Orbital: 4.00000000
Secondary epsilons: 1 1 1 1 1 1
Secondary Gamma_Rotation: 4.00000000
Secondary Gamma_Orbital: 4.00000000

----------- Halt ---------

Primary's Minimum Obliquity: -57.29577951
Secondary's Minimum Obliquity: -57.29577951

--------- Primary Body ---------

Primary Final Obliquity: 0.00000000
Primary Final Spin Period: 0.08213552
Primary Final Spin Frequency: 76.49778111

--------- Secondary Body ---------

Secondary Final Obliquity: 45.42771025
Secondary Final Spin Period: 0.55020225
Secondary Final Spin Frequency: 11.41977384
Final Angular Size of Primary body: 0.57206028

-------------- Orbit ----------

Final Semi-major Axis: 0.65021781
Final Orbital Mean Motion: 10.39746309
Final Orbital Period: 0.60429984
Final Eccentricity: 0.00000000

--------- Tidal Effects ---------

da/dt: -2.72269492e-18
de/dt: -0.00000000
dP/dt: -3.79583028e-18

Derivative of Primary's Spin Rate: -2.25863381e-34
Primary dObl/dt: 0.00000000
Primary Equilibrium Rotation Rate: 10.39746309
Primary Equilibrium Rotation Period: 0.60429984
Primary Tidal Heat [W]: 8.34873690e+07
Primary Tidal Surface Flux [W/m^2]: 2.81744897e-11
Primary Equilibrium Tidal Surface Flux [W/m^2]: 0.00000000

Derivative of Secondary's Spin Rate: 2.93873605e-39
Secondary dObl/dt: -1.11499120e-16
Secondary Equilibrium Rotation Rate: 10.39746309
Secondary Equilibrium Rotation Period: 0.60429984
Secondary Tidal Heat [W]: 4.01461243e+11
Secondary Tidal Surface Flux [W/m^2]: 0.00013047
Secondary Equilibrium Tidal Surface Flux [W/m^2]: 0.00011910

Use Discrete Rotation States: 1
Discrete Equilibrium Spin Period: 0.60429984
Continuous Equilibrium Spin Period: 0.60429984
Primary epsilons: 1 1 1 1 1 1
Primary Gamma_Rotation: 4.00000000
Primary Gamma_Orbital: 4.00000000
Secondary epsilons: 1 -1 1 1 -1 1
Secondary Gamma_Rotation: 1.97014130
Secondary Gamma_Orbital: -0.05971740

----------- Halt ---------

Primary's Minimum Obliquity: -57.29577951
Secondary's Minimum Obliquity: -57.29577951
