System Name: K05290.01
Tidal Model: Constant-Phase-Lag
Use Discrete Rotation Rate Model: 1
Integration Method: 4th order Runge-Kutta
Verbosity Level: 5

--------- Input/Output Units ---------

Mass Units: Solar
Length Units: AU
Time Units: Years
Angle Units: Degrees
Minimum Value of ecc and obl: 1.00000000e-10

--------- Files ---------

Executable: /Users/rory/src/eqtide/eqtide
Input: tide.in
Forward Output: K05290.01.forward
---------- Integration(s) ----------

Use Variable Timestep: Yes
Timestep Coefficient: 0.01000000

--------- Forward Integration ---------

Input Time Step: 0.00000000
Stop Time: 1.50000000e+10
Output Interval: 1.00000000e+09
Input Minimum Semi-major Axis: 0.00000000
Output Order: Time SemiMajorAxis Eccentricity SecPer[days] OrbPeriod[days] SecObliquity 

--------- Primary Body ---------

Primary Mass: 0.97919600
Primary Radius: 0.00410171
Primary Tidal Q: 1.00000000e+06

Primary Love Number k2: 0.50000000
Primary Input Obliquity: 0.00000000
Primary Input Spin Period: 0.08213552
Primary Input Spin Frequency: 76.49778111
Primary Radius of Gyration: 0.50000000

--------- Secondary Body ---------

Secondary Mass: 5.92819570e-05
Secondary Radius: 9.65253071e-05
Secondary Tidal Q: 34.00000000
Secondary Love Number k2: 0.30000000
Secondary Radius of Gyration: 0.50000000
Secondary Input Obliquity: 23.50000000
Secondary Input Spin Period: 0.00273785
Secondary Input Spin Frequency: 2294.93343338
Input Angular Size of Primary body: 0.42093961

-------------- Orbit ----------

Input Semi-major Axis: 1.11659500
Input Orbital Mean Motion: 5.26957469
Input Orbital Period: 1.19235150
Input Eccentricity: 0.00000000

--------- Tidal Effects ---------

da/dt: 1.24200115e-17
de/dt: 0.00000000
dP/dt: 1.98945916e-17

Derivative of Primary's Spin Rate: -7.59838564e-36
Primary dObl/dt: 0.00000000
Primary Equilibrium Rotation Rate: 5.26957469
Primary Equilibrium Rotation Period: 1.19235150
Primary Tidal Heat [W]: 6.28633374e+06
Primary Tidal Surface Flux [W/m^2]: 1.32863715e-12
Primary Equilibrium Tidal Surface Flux [W/m^2]: 0.00000000

Derivative of Secondary's Spin Rate: -1.57504922e-23
Secondary dObl/dt: 2.15907307e-20
Secondary Equilibrium Rotation Rate: 5.26957469
Secondary Equilibrium Rotation Period: 1.19235150
Secondary Tidal Heat [W]: 7.02207785e+12
Secondary Tidal Surface Flux [W/m^2]: 0.00267992
Secondary Equilibrium Tidal Surface Flux [W/m^2]: 9.80674803e-07

Use Discrete Rotation States: 1
Discrete Equilibrium Spin Period: 1.19235150
Continuous Equilibrium Spin Period: 1.19235150
Primary epsilons: 1 1 1 1 1 1
Primary Gamma_Rotation: 4.00000000
Primary Gamma_Orbital: 4.00000000
Secondary epsilons: 1 1 1 1 1 1
Secondary Gamma_Rotation: 4.00000000
Secondary Gamma_Orbital: 4.00000000

----------- Halt ---------

Primary's Minimum Obliquity: -57.29577951
Secondary's Minimum Obliquity: -57.29577951

--------- Primary Body ---------

Primary Final Obliquity: 0.00000000
Primary Final Spin Period: 0.08213552
Primary Final Spin Frequency: 76.49778111

--------- Secondary Body ---------

Secondary Final Obliquity: 24.77141294
Secondary Final Spin Period: 0.00305061
Secondary Final Spin Frequency: 2059.64904828
Final Angular Size of Primary body: 0.42093954

-------------- Orbit ----------

Final Semi-major Axis: 1.11659519
Final Orbital Mean Motion: 5.26957338
Final Orbital Period: 1.19235180
Final Eccentricity: 0.00000000

--------- Tidal Effects ---------

da/dt: 1.24200001e-17
de/dt: 0.00000000
dP/dt: 1.98945750e-17

Derivative of Primary's Spin Rate: -7.59837803e-36
Primary dObl/dt: 0.00000000
Primary Equilibrium Rotation Rate: 5.26957338
Primary Equilibrium Rotation Period: 1.19235180
Primary Tidal Heat [W]: 6.28632756e+06
Primary Tidal Surface Flux [W/m^2]: 1.32863585e-12
Primary Equilibrium Tidal Surface Flux [W/m^2]: 0.00000000

Derivative of Secondary's Spin Rate: -1.57504764e-23
Secondary dObl/dt: 2.52788448e-20
Secondary Equilibrium Rotation Rate: 5.26957338
Secondary Equilibrium Rotation Period: 1.19235180
Secondary Tidal Heat [W]: 6.30048734e+12
Secondary Tidal Surface Flux [W/m^2]: 0.00240453
Secondary Equilibrium Tidal Surface Flux [W/m^2]: 1.08280761e-06

Use Discrete Rotation States: 1
Discrete Equilibrium Spin Period: 1.19235180
Continuous Equilibrium Spin Period: 1.19235180
Primary epsilons: 1 1 1 1 1 1
Primary Gamma_Rotation: 4.00000000
Primary Gamma_Orbital: 4.00000000
Secondary epsilons: 1 1 1 1 1 1
Secondary Gamma_Rotation: 4.00000000
Secondary Gamma_Orbital: 4.00000000

----------- Halt ---------

Primary's Minimum Obliquity: -57.29577951
Secondary's Minimum Obliquity: -57.29577951
