System Name: K05237.01
Tidal Model: Constant-Phase-Lag
Use Discrete Rotation Rate Model: 1
Integration Method: 4th order Runge-Kutta
Verbosity Level: 5

--------- Input/Output Units ---------

Mass Units: Solar
Length Units: AU
Time Units: Years
Angle Units: Degrees
Minimum Value of ecc and obl: 1.00000000e-10

--------- Files ---------

Executable: /Users/rory/src/eqtide/eqtide
Input: tide.in
Forward Output: K05237.01.forward
---------- Integration(s) ----------

Use Variable Timestep: Yes
Timestep Coefficient: 0.01000000

--------- Forward Integration ---------

Input Time Step: 0.00000000
Stop Time: 1.50000000e+10
Output Interval: 1.00000000e+09
Input Minimum Semi-major Axis: 0.00000000
Output Order: Time SemiMajorAxis Eccentricity SecPer[days] OrbPeriod[days] SecObliquity 

--------- Primary Body ---------

Primary Mass: 0.82081400
Primary Radius: 0.00346460
Primary Tidal Q: 1.00000000e+06

Primary Love Number k2: 0.50000000
Primary Input Obliquity: 0.00000000
Primary Input Spin Period: 0.08213552
Primary Input Spin Frequency: 76.49778111
Primary Radius of Gyration: 0.50000000

--------- Secondary Body ---------

Secondary Mass: 3.73931914e-05
Secondary Radius: 8.50768056e-05
Secondary Tidal Q: 34.00000000
Secondary Love Number k2: 0.30000000
Secondary Radius of Gyration: 0.50000000
Secondary Input Obliquity: 23.50000000
Secondary Input Spin Period: 0.00273785
Secondary Input Spin Frequency: 2294.93343338
Input Angular Size of Primary body: 0.41269058

-------------- Orbit ----------

Input Semi-major Axis: 0.96200800
Input Orbital Mean Motion: 6.03302835
Input Orbital Period: 1.04146458
Input Eccentricity: 0.00000000

--------- Tidal Effects ---------

da/dt: 1.82430749e-17
de/dt: 0.00000000
dP/dt: 2.96254538e-17

Derivative of Primary's Spin Rate: -5.31436332e-36
Primary dObl/dt: 0.00000000
Primary Equilibrium Rotation Rate: 6.03302835
Primary Equilibrium Rotation Period: 1.04146458
Primary Tidal Heat [W]: 2.60134389e+06
Primary Tidal Surface Flux [W/m^2]: 7.70604164e-13
Primary Equilibrium Tidal Surface Flux [W/m^2]: 0.00000000

Derivative of Secondary's Spin Rate: -2.93755697e-23
Secondary dObl/dt: 4.02679518e-20
Secondary Equilibrium Rotation Rate: 6.03302835
Secondary Equilibrium Rotation Period: 1.04146458
Secondary Tidal Heat [W]: 6.41538822e+12
Secondary Tidal Surface Flux [W/m^2]: 0.00315166
Secondary Equilibrium Tidal Surface Flux [W/m^2]: 1.32083019e-06

Use Discrete Rotation States: 1
Discrete Equilibrium Spin Period: 1.04146458
Continuous Equilibrium Spin Period: 1.04146458
Primary epsilons: 1 1 1 1 1 1
Primary Gamma_Rotation: 4.00000000
Primary Gamma_Orbital: 4.00000000
Secondary epsilons: 1 1 1 1 1 1
Secondary Gamma_Rotation: 4.00000000
Secondary Gamma_Orbital: 4.00000000

----------- Halt ---------

Primary's Minimum Obliquity: -57.29577951
Secondary's Minimum Obliquity: -57.29577951

--------- Primary Body ---------

Primary Final Obliquity: 0.00000000
Primary Final Spin Period: 0.08213552
Primary Final Spin Frequency: 76.49778111

--------- Secondary Body ---------

Secondary Final Obliquity: 26.05657987
Secondary Final Spin Period: 0.00338513
Secondary Final Spin Frequency: 1856.11473867
Final Angular Size of Primary body: 0.41269046

-------------- Orbit ----------

Final Semi-major Axis: 0.96200827
Final Orbital Mean Motion: 6.03302577
Final Orbital Period: 1.04146502
Final Eccentricity: 0.00000000

--------- Tidal Effects ---------

da/dt: 1.82430464e-17
de/dt: 0.00000000
dP/dt: 2.96254117e-17

Derivative of Primary's Spin Rate: -5.31435425e-36
Primary dObl/dt: 0.00000000
Primary Equilibrium Rotation Rate: 6.03302577
Primary Equilibrium Rotation Period: 1.04146502
Primary Tidal Heat [W]: 2.60133954e+06
Primary Tidal Surface Flux [W/m^2]: 7.70602877e-13
Primary Equilibrium Tidal Surface Flux [W/m^2]: 0.00000000

Derivative of Secondary's Spin Rate: -2.93755196e-23
Secondary dObl/dt: 5.48459576e-20
Secondary Equilibrium Rotation Rate: 6.03302577
Secondary Equilibrium Rotation Period: 1.04146502
Secondary Tidal Heat [W]: 5.18544719e+12
Secondary Tidal Surface Flux [W/m^2]: 0.00254743
Secondary Equilibrium Tidal Surface Flux [W/m^2]: 1.60282843e-06

Use Discrete Rotation States: 1
Discrete Equilibrium Spin Period: 1.04146502
Continuous Equilibrium Spin Period: 1.04146502
Primary epsilons: 1 1 1 1 1 1
Primary Gamma_Rotation: 4.00000000
Primary Gamma_Orbital: 4.00000000
Secondary epsilons: 1 1 1 1 1 1
Secondary Gamma_Rotation: 4.00000000
Secondary Gamma_Orbital: 4.00000000

----------- Halt ---------

Primary's Minimum Obliquity: -57.29577951
Secondary's Minimum Obliquity: -57.29577951
