System Name: K05387.01
Tidal Model: Constant-Phase-Lag
Use Discrete Rotation Rate Model: 1
Integration Method: 4th order Runge-Kutta
Verbosity Level: 5

--------- Input/Output Units ---------

Mass Units: Solar
Length Units: AU
Time Units: Years
Angle Units: Degrees
Minimum Value of ecc and obl: 1.00000000e-10

--------- Files ---------

Executable: /Users/rory/src/eqtide/eqtide
Input: tide.in
Forward Output: K05387.01.forward
---------- Integration(s) ----------

Use Variable Timestep: Yes
Timestep Coefficient: 0.01000000

--------- Forward Integration ---------

Input Time Step: 0.00000000
Stop Time: 1.50000000e+10
Output Interval: 1.00000000e+09
Input Minimum Semi-major Axis: 0.00000000
Output Order: Time SemiMajorAxis Eccentricity SecPer[days] OrbPeriod[days] SecObliquity 

--------- Primary Body ---------

Primary Mass: 0.57628400
Primary Radius: 0.00274377
Primary Tidal Q: 1.00000000e+06

Primary Love Number k2: 0.50000000
Primary Input Obliquity: 0.00000000
Primary Input Spin Period: 0.08213552
Primary Input Spin Frequency: 76.49778111
Primary Radius of Gyration: 0.50000000

--------- Secondary Body ---------

Secondary Mass: 7.28632065e-06
Secondary Radius: 5.43516461e-05
Secondary Tidal Q: 34.00000000
Secondary Love Number k2: 0.30000000
Secondary Radius of Gyration: 0.50000000
Secondary Input Obliquity: 23.50000000
Secondary Input Spin Period: 0.00273785
Secondary Input Spin Frequency: 2294.93343338
Input Angular Size of Primary body: 0.43293034

-------------- Orbit ----------

Input Semi-major Axis: 0.72624100
Input Orbital Mean Motion: 7.70674524
Input Orbital Period: 0.81528390
Input Eccentricity: 0.00000000

--------- Tidal Effects ---------

da/dt: 2.75108888e-17
de/dt: 0.00000000
dP/dt: 4.63262054e-17

Derivative of Primary's Spin Rate: -7.71197597e-37
Primary dObl/dt: -0.00000000
Primary Equilibrium Rotation Rate: 7.70674524
Primary Equilibrium Rotation Period: 0.81528390
Primary Tidal Heat [W]: 1.62276411e+05
Primary Tidal Surface Flux [W/m^2]: 7.66474130e-14
Primary Equilibrium Tidal Surface Flux [W/m^2]: 0.00000000

Derivative of Secondary's Spin Rate: -1.04675794e-22
Secondary dObl/dt: 1.43489344e-19
Secondary Equilibrium Rotation Rate: 7.70674524
Secondary Equilibrium Rotation Period: 0.81528390
Secondary Tidal Heat [W]: 1.81670338e+12
Secondary Tidal Surface Flux [W/m^2]: 0.00218674
Secondary Equilibrium Tidal Surface Flux [W/m^2]: 1.17154329e-06

Use Discrete Rotation States: 1
Discrete Equilibrium Spin Period: 0.81528390
Continuous Equilibrium Spin Period: 0.81528390
Primary epsilons: 1 1 1 1 1 1
Primary Gamma_Rotation: 4.00000000
Primary Gamma_Orbital: 4.00000000
Secondary epsilons: 1 1 1 1 1 1
Secondary Gamma_Rotation: 4.00000000
Secondary Gamma_Orbital: 4.00000000

----------- Halt ---------

Primary's Minimum Obliquity: -57.29577951
Secondary's Minimum Obliquity: -57.29577951

--------- Primary Body ---------

Primary Final Obliquity: 0.00000000
Primary Final Spin Period: 0.08213552
Primary Final Spin Frequency: 76.49778111

--------- Secondary Body ---------

Secondary Final Obliquity: 40.56092671
Secondary Final Spin Period: 0.00859222
Secondary Final Spin Frequency: 731.26482054
Final Angular Size of Primary body: 0.43293010

-------------- Orbit ----------

Final Semi-major Axis: 0.72624141
Final Orbital Mean Motion: 7.70673867
Final Orbital Period: 0.81528459
Final Eccentricity: 0.00000000

--------- Tidal Effects ---------

da/dt: 2.75108029e-17
de/dt: 0.00000000
dP/dt: 4.63260738e-17

Derivative of Primary's Spin Rate: -7.71194968e-37
Primary dObl/dt: -0.00000000
Primary Equilibrium Rotation Rate: 7.70673867
Primary Equilibrium Rotation Period: 0.81528459
Primary Tidal Heat [W]: 1.62275874e+05
Primary Tidal Surface Flux [W/m^2]: 7.66471590e-14
Primary Equilibrium Tidal Surface Flux [W/m^2]: 0.00000000

Derivative of Secondary's Spin Rate: -1.04675438e-22
Secondary dObl/dt: 7.34342349e-19
Secondary Equilibrium Rotation Rate: 7.70673867
Secondary Equilibrium Rotation Period: 0.81528459
Secondary Tidal Heat [W]: 5.74707325e+11
Secondary Tidal Surface Flux [W/m^2]: 0.00069177
Secondary Equilibrium Tidal Surface Flux [W/m^2]: 3.11548904e-06

Use Discrete Rotation States: 1
Discrete Equilibrium Spin Period: 0.81528459
Continuous Equilibrium Spin Period: 0.81528459
Primary epsilons: 1 1 1 1 1 1
Primary Gamma_Rotation: 4.00000000
Primary Gamma_Orbital: 4.00000000
Secondary epsilons: 1 1 1 1 1 1
Secondary Gamma_Rotation: 4.00000000
Secondary Gamma_Orbital: 4.00000000

----------- Halt ---------

Primary's Minimum Obliquity: -57.29577951
Secondary's Minimum Obliquity: -57.29577951
