System Name: K05499.01
Tidal Model: Constant-Phase-Lag
Use Discrete Rotation Rate Model: 1
Integration Method: 4th order Runge-Kutta
Verbosity Level: 5

--------- Input/Output Units ---------

Mass Units: Solar
Length Units: AU
Time Units: Years
Angle Units: Degrees
Minimum Value of ecc and obl: 1.00000000e-10

--------- Files ---------

Executable: /Users/rory/src/eqtide/eqtide
Input: tide.in
Forward Output: K05499.01.forward
---------- Integration(s) ----------

Use Variable Timestep: Yes
Timestep Coefficient: 0.01000000

--------- Forward Integration ---------

Input Time Step: 0.00000000
Stop Time: 1.50000000e+10
Output Interval: 1.00000000e+09
Input Minimum Semi-major Axis: 0.00000000
Output Order: Time SemiMajorAxis Eccentricity SecPer[days] OrbPeriod[days] SecObliquity 

--------- Primary Body ---------

Primary Mass: 0.65280700
Primary Radius: 0.00311116
Primary Tidal Q: 1.00000000e+06

Primary Love Number k2: 0.50000000
Primary Input Obliquity: 0.00000000
Primary Input Spin Period: 0.08213552
Primary Input Spin Frequency: 76.49778111
Primary Radius of Gyration: 0.50000000

--------- Secondary Body ---------

Secondary Mass: 7.89437705e-06
Secondary Radius: 5.55583851e-05
Secondary Tidal Q: 34.00000000
Secondary Love Number k2: 0.30000000
Secondary Radius of Gyration: 0.50000000
Secondary Input Obliquity: 23.50000000
Secondary Input Spin Period: 0.00273785
Secondary Input Spin Frequency: 2294.93343338
Input Angular Size of Primary body: 0.85096567

-------------- Orbit ----------

Input Semi-major Axis: 0.41894300
Input Orbital Mean Motion: 18.72120252
Input Orbital Period: 0.33561868
Input Eccentricity: 0.00000000

--------- Tidal Effects ---------

da/dt: 7.04197645e-16
de/dt: 0.00000000
dP/dt: 8.46212901e-16

Derivative of Primary's Spin Rate: -3.16165055e-35
Primary dObl/dt: -0.00000000
Primary Equilibrium Rotation Rate: 18.72120252
Primary Equilibrium Rotation Period: 0.33561868
Primary Tidal Heat [W]: 8.13804371e+06
Primary Tidal Surface Flux [W/m^2]: 2.98960569e-12
Primary Equilibrium Tidal Surface Flux [W/m^2]: 0.00000000

Derivative of Secondary's Spin Rate: -3.59334444e-21
Secondary dObl/dt: 4.92574788e-18
Secondary Equilibrium Rotation Rate: 18.72120252
Secondary Equilibrium Rotation Period: 0.33561868
Secondary Tidal Heat [W]: 7.02624937e+13
Secondary Tidal Surface Flux [W/m^2]: 0.08093994
Secondary Equilibrium Tidal Surface Flux [W/m^2]: 0.00010585

Use Discrete Rotation States: 1
Discrete Equilibrium Spin Period: 0.33561868
Continuous Equilibrium Spin Period: 0.33561868
Primary epsilons: 1 1 1 1 1 1
Primary Gamma_Rotation: 4.00000000
Primary Gamma_Orbital: 4.00000000
Secondary epsilons: 1 1 1 1 1 1
Secondary Gamma_Rotation: 4.00000000
Secondary Gamma_Orbital: 4.00000000

----------- Halt ---------

Primary's Minimum Obliquity: -57.29577951
Secondary's Minimum Obliquity: -57.29577951

--------- Primary Body ---------

Primary Final Obliquity: 0.00000000
Primary Final Spin Period: 0.08213552
Primary Final Spin Frequency: 76.49778111

--------- Secondary Body ---------

Secondary Final Obliquity: 38.76221747
Secondary Final Spin Period: 0.30649591
Secondary Final Spin Frequency: 20.50006251
Final Angular Size of Primary body: 0.85096479

-------------- Orbit ----------

Final Semi-major Axis: 0.41894343
Final Orbital Mean Motion: 18.72117360
Final Orbital Period: 0.33561920
Final Eccentricity: 0.00000000

--------- Tidal Effects ---------

da/dt: 1.52124710e-16
de/dt: -0.00000000
dP/dt: 1.82803733e-16

Derivative of Primary's Spin Rate: -3.16163101e-35
Primary dObl/dt: -0.00000000
Primary Equilibrium Rotation Rate: 18.72117360
Primary Equilibrium Rotation Period: 0.33561920
Primary Tidal Heat [W]: 8.13799749e+06
Primary Tidal Surface Flux [W/m^2]: 2.98958871e-12
Primary Equilibrium Tidal Surface Flux [W/m^2]: 0.00000000

Derivative of Secondary's Spin Rate: 2.93873605e-39
Secondary dObl/dt: -8.65807931e-16
Secondary Equilibrium Rotation Rate: 18.72117360
Secondary Equilibrium Rotation Period: 0.33561920
Secondary Tidal Heat [W]: 2.59910429e+11
Secondary Tidal Surface Flux [W/m^2]: 0.00029941
Secondary Equilibrium Tidal Surface Flux [W/m^2]: 0.00026095

Use Discrete Rotation States: 1
Discrete Equilibrium Spin Period: 0.33561920
Continuous Equilibrium Spin Period: 0.33561920
Primary epsilons: 1 1 1 1 1 1
Primary Gamma_Rotation: 4.00000000
Primary Gamma_Orbital: 4.00000000
Secondary epsilons: 1 -1 1 1 -1 1
Secondary Gamma_Rotation: 2.43204647
Secondary Gamma_Orbital: 0.86409293

----------- Halt ---------

Primary's Minimum Obliquity: -57.29577951
Secondary's Minimum Obliquity: -57.29577951
