System Name: K05413.01
Tidal Model: Constant-Phase-Lag
Use Discrete Rotation Rate Model: 1
Integration Method: 4th order Runge-Kutta
Verbosity Level: 5

--------- Input/Output Units ---------

Mass Units: Solar
Length Units: AU
Time Units: Years
Angle Units: Degrees
Minimum Value of ecc and obl: 1.00000000e-10

--------- Files ---------

Executable: /Users/rory/src/eqtide/eqtide
Input: tide.in
Forward Output: K05413.01.forward
---------- Integration(s) ----------

Use Variable Timestep: Yes
Timestep Coefficient: 0.01000000

--------- Forward Integration ---------

Input Time Step: 0.00000000
Stop Time: 1.50000000e+10
Output Interval: 1.00000000e+09
Input Minimum Semi-major Axis: 0.00000000
Output Order: Time SemiMajorAxis Eccentricity SecPer[days] OrbPeriod[days] SecObliquity 

--------- Primary Body ---------

Primary Mass: 0.79637600
Primary Radius: 0.00443189
Primary Tidal Q: 1.00000000e+06

Primary Love Number k2: 0.50000000
Primary Input Obliquity: 0.00000000
Primary Input Spin Period: 0.08213552
Primary Input Spin Frequency: 76.49778111
Primary Radius of Gyration: 0.50000000

--------- Secondary Body ---------

Secondary Mass: 4.08117328e-05
Secondary Radius: 8.71405067e-05
Secondary Tidal Q: 34.00000000
Secondary Love Number k2: 0.30000000
Secondary Radius of Gyration: 0.50000000
Secondary Input Obliquity: 23.50000000
Secondary Input Spin Period: 0.00273785
Secondary Input Spin Frequency: 2294.93343338
Input Angular Size of Primary body: 0.49265101

-------------- Orbit ----------

Input Semi-major Axis: 1.03086000
Input Orbital Mean Motion: 5.35724859
Input Orbital Period: 1.17283811
Input Eccentricity: 0.00000000

--------- Tidal Effects ---------

da/dt: 1.23129514e-17
de/dt: 0.00000000
dP/dt: 2.10137196e-17

Derivative of Primary's Spin Rate: -9.02083405e-36
Primary dObl/dt: -0.00000000
Primary Equilibrium Rotation Rate: 5.35724859
Primary Equilibrium Rotation Period: 1.17283811
Primary Tidal Heat [W]: 7.07758450e+06
Primary Tidal Surface Flux [W/m^2]: 1.28128396e-12
Primary Equilibrium Tidal Surface Flux [W/m^2]: 0.00000000

Derivative of Secondary's Spin Rate: -1.79821370e-23
Secondary dObl/dt: 2.46498644e-20
Secondary Equilibrium Rotation Rate: 5.35724859
Secondary Equilibrium Rotation Period: 1.17283811
Secondary Tidal Heat [W]: 4.49796905e+12
Secondary Tidal Surface Flux [W/m^2]: 0.00210627
Secondary Equilibrium Tidal Surface Flux [W/m^2]: 7.83611726e-07

Use Discrete Rotation States: 1
Discrete Equilibrium Spin Period: 1.17283811
Continuous Equilibrium Spin Period: 1.17283811
Primary epsilons: 1 1 1 1 1 1
Primary Gamma_Rotation: 4.00000000
Primary Gamma_Orbital: 4.00000000
Secondary epsilons: 1 1 1 1 1 1
Secondary Gamma_Rotation: 4.00000000
Secondary Gamma_Orbital: 4.00000000

----------- Halt ---------

Primary's Minimum Obliquity: -57.29577951
Secondary's Minimum Obliquity: -57.29577951

--------- Primary Body ---------

Primary Final Obliquity: 0.00000000
Primary Final Spin Period: 0.08213552
Primary Final Spin Frequency: 76.49778111

--------- Secondary Body ---------

Secondary Final Obliquity: 24.96956498
Secondary Final Spin Period: 0.00310080
Secondary Final Spin Frequency: 2026.31224716
Final Angular Size of Primary body: 0.49265093

-------------- Orbit ----------

Final Semi-major Axis: 1.03086018
Final Orbital Mean Motion: 5.35724715
Final Orbital Period: 1.17283843
Final Eccentricity: 0.00000000

--------- Tidal Effects ---------

da/dt: 1.23129392e-17
de/dt: 0.00000000
dP/dt: 2.10137007e-17

Derivative of Primary's Spin Rate: -9.02082435e-36
Primary dObl/dt: -0.00000000
Primary Equilibrium Rotation Rate: 5.35724715
Primary Equilibrium Rotation Period: 1.17283843
Primary Tidal Heat [W]: 7.07757703e+06
Primary Tidal Surface Flux [W/m^2]: 1.28128261e-12
Primary Equilibrium Tidal Surface Flux [W/m^2]: 0.00000000

Derivative of Secondary's Spin Rate: -1.79821177e-23
Secondary dObl/dt: 2.95550257e-20
Secondary Equilibrium Rotation Rate: 5.35724715
Secondary Equilibrium Rotation Period: 1.17283843
Secondary Tidal Heat [W]: 3.97024713e+12
Secondary Tidal Surface Flux [W/m^2]: 0.00185916
Secondary Equilibrium Tidal Surface Flux [W/m^2]: 8.78228170e-07

Use Discrete Rotation States: 1
Discrete Equilibrium Spin Period: 1.17283843
Continuous Equilibrium Spin Period: 1.17283843
Primary epsilons: 1 1 1 1 1 1
Primary Gamma_Rotation: 4.00000000
Primary Gamma_Orbital: 4.00000000
Secondary epsilons: 1 1 1 1 1 1
Secondary Gamma_Rotation: 4.00000000
Secondary Gamma_Orbital: 4.00000000

----------- Halt ---------

Primary's Minimum Obliquity: -57.29577951
Secondary's Minimum Obliquity: -57.29577951
