System Name: K05475.01
Tidal Model: Constant-Phase-Lag
Use Discrete Rotation Rate Model: 1
Integration Method: 4th order Runge-Kutta
Verbosity Level: 5

--------- Input/Output Units ---------

Mass Units: Solar
Length Units: AU
Time Units: Years
Angle Units: Degrees
Minimum Value of ecc and obl: 1.00000000e-10

--------- Files ---------

Executable: /Users/rory/src/eqtide/eqtide
Input: tide.in
Forward Output: K05475.01.forward
---------- Integration(s) ----------

Use Variable Timestep: Yes
Timestep Coefficient: 0.01000000

--------- Forward Integration ---------

Input Time Step: 0.00000000
Stop Time: 1.50000000e+10
Output Interval: 1.00000000e+09
Input Minimum Semi-major Axis: 0.00000000
Output Order: Time SemiMajorAxis Eccentricity SecPer[days] OrbPeriod[days] SecObliquity 

--------- Primary Body ---------

Primary Mass: 0.84536500
Primary Radius: 0.00377618
Primary Tidal Q: 1.00000000e+06

Primary Love Number k2: 0.50000000
Primary Input Obliquity: 0.00000000
Primary Input Spin Period: 0.08213552
Primary Input Spin Frequency: 76.49778111
Primary Radius of Gyration: 0.50000000

--------- Secondary Body ---------

Secondary Mass: 2.52463572e-05
Secondary Radius: 7.63964195e-05
Secondary Tidal Q: 34.00000000
Secondary Love Number k2: 0.30000000
Secondary Radius of Gyration: 0.50000000
Secondary Input Obliquity: 23.50000000
Secondary Input Spin Period: 0.00273785
Secondary Input Spin Frequency: 2294.93343338
Input Angular Size of Primary body: 0.39921043

-------------- Orbit ----------

Input Semi-major Axis: 1.08393000
Input Orbital Mean Motion: 5.11915033
Input Orbital Period: 1.22738832
Input Eccentricity: 0.00000000

--------- Tidal Effects ---------

da/dt: 8.55408518e-18
de/dt: 0.00000000
dP/dt: 1.45295466e-17

Derivative of Primary's Spin Rate: -1.48842880e-36
Primary dObl/dt: -0.00000000
Primary Equilibrium Rotation Rate: 5.11915033
Primary Equilibrium Rotation Period: 1.22738832
Primary Tidal Heat [W]: 9.02962872e+05
Primary Tidal Surface Flux [W/m^2]: 2.25166597e-13
Primary Equilibrium Tidal Surface Flux [W/m^2]: 0.00000000

Derivative of Secondary's Spin Rate: -1.63316211e-23
Secondary dObl/dt: 2.23873464e-20
Secondary Equilibrium Rotation Rate: 5.11915033
Secondary Equilibrium Rotation Period: 1.22738832
Secondary Tidal Heat [W]: 1.94253635e+12
Secondary Tidal Surface Flux [W/m^2]: 0.00118348
Secondary Equilibrium Tidal Surface Flux [W/m^2]: 4.20686613e-07

Use Discrete Rotation States: 1
Discrete Equilibrium Spin Period: 1.22738832
Continuous Equilibrium Spin Period: 1.22738832
Primary epsilons: 1 1 1 1 1 1
Primary Gamma_Rotation: 4.00000000
Primary Gamma_Orbital: 4.00000000
Secondary epsilons: 1 1 1 1 1 1
Secondary Gamma_Rotation: 4.00000000
Secondary Gamma_Orbital: 4.00000000

----------- Halt ---------

Primary's Minimum Obliquity: -57.29577951
Secondary's Minimum Obliquity: -57.29577951

--------- Primary Body ---------

Primary Final Obliquity: 0.00000000
Primary Final Spin Period: 0.08213552
Primary Final Spin Frequency: 76.49778111

--------- Secondary Body ---------

Secondary Final Obliquity: 24.82253964
Secondary Final Spin Period: 0.00306352
Secondary Final Spin Frequency: 2050.96797835
Final Angular Size of Primary body: 0.39921038

-------------- Orbit ----------

Final Semi-major Axis: 1.08393013
Final Orbital Mean Motion: 5.11914942
Final Orbital Period: 1.22738853
Final Eccentricity: 0.00000000

--------- Tidal Effects ---------

da/dt: 8.55407961e-18
de/dt: 0.00000000
dP/dt: 1.45295380e-17

Derivative of Primary's Spin Rate: -1.48842775e-36
Primary dObl/dt: -0.00000000
Primary Equilibrium Rotation Rate: 5.11914942
Primary Equilibrium Rotation Period: 1.22738853
Primary Tidal Heat [W]: 9.02962242e+05
Primary Tidal Surface Flux [W/m^2]: 2.25166440e-13
Primary Equilibrium Tidal Surface Flux [W/m^2]: 0.00000000

Derivative of Secondary's Spin Rate: -1.63316095e-23
Secondary dObl/dt: 2.63733792e-20
Secondary Equilibrium Rotation Rate: 5.11914942
Secondary Equilibrium Rotation Period: 1.22738853
Secondary Tidal Heat [W]: 1.73556996e+12
Secondary Tidal Surface Flux [W/m^2]: 0.00105739
Secondary Equilibrium Tidal Surface Flux [W/m^2]: 4.66297156e-07

Use Discrete Rotation States: 1
Discrete Equilibrium Spin Period: 1.22738853
Continuous Equilibrium Spin Period: 1.22738853
Primary epsilons: 1 1 1 1 1 1
Primary Gamma_Rotation: 4.00000000
Primary Gamma_Orbital: 4.00000000
Secondary epsilons: 1 1 1 1 1 1
Secondary Gamma_Rotation: 4.00000000
Secondary Gamma_Orbital: 4.00000000

----------- Halt ---------

Primary's Minimum Obliquity: -57.29577951
Secondary's Minimum Obliquity: -57.29577951
