System Name: K05476.01
Tidal Model: Constant-Phase-Lag
Use Discrete Rotation Rate Model: 1
Integration Method: 4th order Runge-Kutta
Verbosity Level: 5

--------- Input/Output Units ---------

Mass Units: Solar
Length Units: AU
Time Units: Years
Angle Units: Degrees
Minimum Value of ecc and obl: 1.00000000e-10

--------- Files ---------

Executable: /Users/rory/src/eqtide/eqtide
Input: tide.in
Forward Output: K05476.01.forward
---------- Integration(s) ----------

Use Variable Timestep: Yes
Timestep Coefficient: 0.01000000

--------- Forward Integration ---------

Input Time Step: 0.00000000
Stop Time: 1.50000000e+10
Output Interval: 1.00000000e+09
Input Minimum Semi-major Axis: 0.00000000
Output Order: Time SemiMajorAxis Eccentricity SecPer[days] OrbPeriod[days] SecObliquity 

--------- Primary Body ---------

Primary Mass: 1.01803800
Primary Radius: 0.00433423
Primary Tidal Q: 1.00000000e+06

Primary Love Number k2: 0.50000000
Primary Input Obliquity: 0.00000000
Primary Input Spin Period: 0.08213552
Primary Input Spin Frequency: 76.49778111
Primary Radius of Gyration: 0.50000000

--------- Secondary Body ---------

Secondary Mass: 6.75833278e-05
Secondary Radius: 0.00010005
Secondary Tidal Q: 34.00000000
Secondary Love Number k2: 0.30000000
Secondary Radius of Gyration: 0.50000000
Secondary Input Obliquity: 23.50000000
Secondary Input Spin Period: 0.00273785
Secondary Input Spin Frequency: 2294.93343338
Input Angular Size of Primary body: 0.90092103

-------------- Orbit ----------

Input Semi-major Axis: 0.55127600
Input Orbital Mean Motion: 15.48866200
Input Orbital Period: 0.40566353
Input Eccentricity: 0.00000000

--------- Tidal Effects ---------

da/dt: 6.70527946e-16
de/dt: 0.00000000
dP/dt: 7.40149478e-16

Derivative of Primary's Spin Rate: -7.73860349e-34
Primary dObl/dt: -0.00000000
Primary Equilibrium Rotation Rate: 15.48866200
Primary Equilibrium Rotation Period: 0.40566353
Primary Tidal Heat [W]: 6.36605602e+08
Primary Tidal Surface Flux [W/m^2]: 1.20499366e-10
Primary Equilibrium Tidal Surface Flux [W/m^2]: 0.00000000

Derivative of Secondary's Spin Rate: -1.14843561e-21
Secondary dObl/dt: 1.57427169e-18
Secondary Equilibrium Rotation Rate: 15.48866200
Secondary Equilibrium Rotation Period: 0.40566353
Secondary Tidal Heat [W]: 6.24367187e+14
Secondary Tidal Surface Flux [W/m^2]: 0.22177303
Secondary Equilibrium Tidal Surface Flux [W/m^2]: 0.00023960

Use Discrete Rotation States: 1
Discrete Equilibrium Spin Period: 0.40566353
Continuous Equilibrium Spin Period: 0.40566353
Primary epsilons: 1 1 1 1 1 1
Primary Gamma_Rotation: 4.00000000
Primary Gamma_Orbital: 4.00000000
Secondary epsilons: 1 1 1 1 1 1
Secondary Gamma_Rotation: 4.00000000
Secondary Gamma_Orbital: 4.00000000

----------- Halt ---------

Primary's Minimum Obliquity: -57.29577951
Secondary's Minimum Obliquity: -57.29577951

--------- Primary Body ---------

Primary Final Obliquity: 0.00000000
Primary Final Spin Period: 0.08213552
Primary Final Spin Frequency: 76.49778111

--------- Secondary Body ---------

Secondary Final Obliquity: 39.95744399
Secondary Final Spin Period: 0.37229860
Secondary Final Spin Frequency: 16.87673634
Final Angular Size of Primary body: 0.90091891

-------------- Orbit ----------

Final Semi-major Axis: 0.55127730
Final Orbital Mean Motion: 15.48860741
Final Orbital Period: 0.40566496
Final Eccentricity: 0.00000000

--------- Tidal Effects ---------

da/dt: 1.17436306e-16
de/dt: -0.00000000
dP/dt: 1.29629978e-16

Derivative of Primary's Spin Rate: -7.73849438e-34
Primary dObl/dt: -0.00000000
Primary Equilibrium Rotation Rate: 15.48860741
Primary Equilibrium Rotation Period: 0.40566496
Primary Tidal Heat [W]: 6.36597196e+08
Primary Tidal Surface Flux [W/m^2]: 1.20497774e-10
Primary Equilibrium Tidal Surface Flux [W/m^2]: 0.00000000

Derivative of Secondary's Spin Rate: 2.93873605e-39
Secondary dObl/dt: -3.44777434e-16
Secondary Equilibrium Rotation Rate: 15.48860741
Secondary Equilibrium Rotation Period: 0.40566496
Secondary Tidal Heat [W]: 1.97317763e+12
Secondary Tidal Surface Flux [W/m^2]: 0.00070087
Secondary Equilibrium Tidal Surface Flux [W/m^2]: 0.00062151

Use Discrete Rotation States: 1
Discrete Equilibrium Spin Period: 0.40566496
Continuous Equilibrium Spin Period: 0.40566496
Primary epsilons: 1 1 1 1 1 1
Primary Gamma_Rotation: 4.00000000
Primary Gamma_Orbital: 4.00000000
Secondary epsilons: 1 -1 1 1 -1 1
Secondary Gamma_Rotation: 2.35022181
Secondary Gamma_Orbital: 0.70044361

----------- Halt ---------

Primary's Minimum Obliquity: -57.29577951
Secondary's Minimum Obliquity: -57.29577951
