System Name: K05554.01
Tidal Model: Constant-Phase-Lag
Use Discrete Rotation Rate Model: 1
Integration Method: 4th order Runge-Kutta
Verbosity Level: 5

--------- Input/Output Units ---------

Mass Units: Solar
Length Units: AU
Time Units: Years
Angle Units: Degrees
Minimum Value of ecc and obl: 1.00000000e-10

--------- Files ---------

Executable: /Users/rory/src/eqtide/eqtide
Input: tide.in
Forward Output: K05554.01.forward
---------- Integration(s) ----------

Use Variable Timestep: Yes
Timestep Coefficient: 0.01000000

--------- Forward Integration ---------

Input Time Step: 0.00000000
Stop Time: 1.50000000e+10
Output Interval: 1.00000000e+09
Input Minimum Semi-major Axis: 0.00000000
Output Order: Time SemiMajorAxis Eccentricity SecPer[days] OrbPeriod[days] SecObliquity 

--------- Primary Body ---------

Primary Mass: 0.87561700
Primary Radius: 0.00593864
Primary Tidal Q: 1.00000000e+06

Primary Love Number k2: 0.50000000
Primary Input Obliquity: 0.00000000
Primary Input Spin Period: 0.08213552
Primary Input Spin Frequency: 76.49778111
Primary Radius of Gyration: 0.50000000

--------- Secondary Body ---------

Secondary Mass: 3.10620854e-06
Secondary Radius: 4.30295572e-05
Secondary Tidal Q: 34.00000000
Secondary Love Number k2: 0.30000000
Secondary Radius of Gyration: 0.50000000
Secondary Input Obliquity: 23.50000000
Secondary Input Spin Period: 0.00273785
Secondary Input Spin Frequency: 2294.93343338
Input Angular Size of Primary body: 0.71528358

-------------- Orbit ----------

Input Semi-major Axis: 0.95138400
Input Orbital Mean Motion: 6.33570896
Input Orbital Period: 0.99170990
Input Eccentricity: 0.00000000

--------- Tidal Effects ---------

da/dt: 8.51273089e-18
de/dt: 0.00000000
dP/dt: 1.33103581e-17

Derivative of Primary's Spin Rate: -1.85054173e-37
Primary dObl/dt: -0.00000000
Primary Equilibrium Rotation Rate: 6.33570896
Primary Equilibrium Rotation Period: 0.99170990
Primary Tidal Heat [W]: 2.82692679e+05
Primary Tidal Surface Flux [W/m^2]: 2.85022336e-14
Primary Equilibrium Tidal Surface Flux [W/m^2]: 0.00000000

Derivative of Secondary's Spin Rate: -5.56533392e-23
Secondary dObl/dt: 7.62894900e-20
Secondary Equilibrium Rotation Rate: 6.33570896
Secondary Equilibrium Rotation Period: 0.99170990
Secondary Tidal Heat [W]: 2.58237862e+11
Secondary Tidal Surface Flux [W/m^2]: 0.00049593
Secondary Equilibrium Tidal Surface Flux [W/m^2]: 2.18298045e-07

Use Discrete Rotation States: 1
Discrete Equilibrium Spin Period: 0.99170990
Continuous Equilibrium Spin Period: 0.99170990
Primary epsilons: 1 1 1 1 1 1
Primary Gamma_Rotation: 4.00000000
Primary Gamma_Orbital: 4.00000000
Secondary epsilons: 1 1 1 1 1 1
Secondary Gamma_Rotation: 4.00000000
Secondary Gamma_Orbital: 4.00000000

----------- Halt ---------

Primary's Minimum Obliquity: -57.29577951
Secondary's Minimum Obliquity: -57.29577951

--------- Primary Body ---------

Primary Final Obliquity: 0.00000000
Primary Final Spin Period: 0.08213552
Primary Final Spin Frequency: 76.49778111

--------- Secondary Body ---------

Secondary Final Obliquity: 29.22780249
Secondary Final Spin Period: 0.00429305
Secondary Final Spin Frequency: 1463.57128867
Final Angular Size of Primary body: 0.71528349

-------------- Orbit ----------

Final Semi-major Axis: 0.95138413
Final Orbital Mean Motion: 6.33570769
Final Orbital Period: 0.99171010
Final Eccentricity: 0.00000000

--------- Tidal Effects ---------

da/dt: 8.51272460e-18
de/dt: 0.00000000
dP/dt: 1.33103492e-17

Derivative of Primary's Spin Rate: -1.85054023e-37
Primary dObl/dt: -0.00000000
Primary Equilibrium Rotation Rate: 6.33570769
Primary Equilibrium Rotation Period: 0.99171010
Primary Tidal Heat [W]: 2.82692456e+05
Primary Tidal Surface Flux [W/m^2]: 2.85022112e-14
Primary Equilibrium Tidal Surface Flux [W/m^2]: 0.00000000

Derivative of Secondary's Spin Rate: -5.56532944e-23
Secondary dObl/dt: 1.46484842e-19
Secondary Equilibrium Rotation Rate: 6.33570769
Secondary Equilibrium Rotation Period: 0.99171010
Secondary Tidal Heat [W]: 1.64429552e+11
Secondary Tidal Surface Flux [W/m^2]: 0.00031578
Secondary Equilibrium Tidal Surface Flux [W/m^2]: 3.27335855e-07

Use Discrete Rotation States: 1
Discrete Equilibrium Spin Period: 0.99171010
Continuous Equilibrium Spin Period: 0.99171010
Primary epsilons: 1 1 1 1 1 1
Primary Gamma_Rotation: 4.00000000
Primary Gamma_Orbital: 4.00000000
Secondary epsilons: 1 1 1 1 1 1
Secondary Gamma_Rotation: 4.00000000
Secondary Gamma_Orbital: 4.00000000

----------- Halt ---------

Primary's Minimum Obliquity: -57.29577951
Secondary's Minimum Obliquity: -57.29577951
