System Name: K05541.01
Tidal Model: Constant-Phase-Lag
Use Discrete Rotation Rate Model: 1
Integration Method: 4th order Runge-Kutta
Verbosity Level: 5

--------- Input/Output Units ---------

Mass Units: Solar
Length Units: AU
Time Units: Years
Angle Units: Degrees
Minimum Value of ecc and obl: 1.00000000e-10

--------- Files ---------

Executable: /Users/rory/src/eqtide/eqtide
Input: tide.in
Forward Output: K05541.01.forward
---------- Integration(s) ----------

Use Variable Timestep: Yes
Timestep Coefficient: 0.01000000

--------- Forward Integration ---------

Input Time Step: 0.00000000
Stop Time: 1.50000000e+10
Output Interval: 1.00000000e+09
Input Minimum Semi-major Axis: 0.00000000
Output Order: Time SemiMajorAxis Eccentricity SecPer[days] OrbPeriod[days] SecObliquity 

--------- Primary Body ---------

Primary Mass: 0.98487700
Primary Radius: 0.00419007
Primary Tidal Q: 1.00000000e+06

Primary Love Number k2: 0.50000000
Primary Input Obliquity: 0.00000000
Primary Input Spin Period: 0.08213552
Primary Input Spin Frequency: 76.49778111
Primary Radius of Gyration: 0.50000000

--------- Secondary Body ---------

Secondary Mass: 5.66805779e-05
Secondary Radius: 9.53458971e-05
Secondary Tidal Q: 34.00000000
Secondary Love Number k2: 0.30000000
Secondary Radius of Gyration: 0.50000000
Secondary Input Obliquity: 23.50000000
Secondary Input Spin Period: 0.00273785
Secondary Input Spin Frequency: 2294.93343338
Input Angular Size of Primary body: 0.50655554

-------------- Orbit ----------

Input Semi-major Axis: 0.94785900
Input Orbital Mean Motion: 6.75707919
Input Orbital Period: 0.92986705
Input Eccentricity: 0.00000000

--------- Tidal Effects ---------

da/dt: 3.03402238e-17
de/dt: 0.00000000
dP/dt: 4.46477582e-17

Derivative of Primary's Spin Rate: -1.96749077e-35
Primary dObl/dt: 0.00000000
Primary Equilibrium Rotation Rate: 6.75707919
Primary Equilibrium Rotation Period: 0.92986705
Primary Tidal Heat [W]: 1.67281490e+07
Primary Tidal Surface Flux [W/m^2]: 3.38800807e-12
Primary Equilibrium Tidal Surface Flux [W/m^2]: 0.00000000

Derivative of Secondary's Spin Rate: -4.29241019e-23
Secondary dObl/dt: 5.88402364e-20
Secondary Equilibrium Rotation Rate: 6.75707919
Secondary Equilibrium Rotation Period: 0.92986705
Secondary Tidal Heat [W]: 1.78411919e+13
Secondary Tidal Surface Flux [W/m^2]: 0.00697844
Secondary Equilibrium Tidal Surface Flux [W/m^2]: 3.27662912e-06

Use Discrete Rotation States: 1
Discrete Equilibrium Spin Period: 0.92986705
Continuous Equilibrium Spin Period: 0.92986705
Primary epsilons: 1 1 1 1 1 1
Primary Gamma_Rotation: 4.00000000
Primary Gamma_Orbital: 4.00000000
Secondary epsilons: 1 1 1 1 1 1
Secondary Gamma_Rotation: 4.00000000
Secondary Gamma_Orbital: 4.00000000

----------- Halt ---------

Primary's Minimum Obliquity: -57.29577951
Secondary's Minimum Obliquity: -57.29577951

--------- Primary Body ---------

Primary Final Obliquity: 0.00000000
Primary Final Spin Period: 0.08213552
Primary Final Spin Frequency: 76.49778111

--------- Secondary Body ---------

Secondary Final Obliquity: 27.55633697
Secondary Final Spin Period: 0.00379942
Secondary Final Spin Frequency: 1653.72417428
Final Angular Size of Primary body: 0.50655530

-------------- Orbit ----------

Final Semi-major Axis: 0.94785946
Final Orbital Mean Motion: 6.75707433
Final Orbital Period: 0.92986772
Final Eccentricity: 0.00000000

--------- Tidal Effects ---------

da/dt: 3.03401437e-17
de/dt: 0.00000000
dP/dt: 4.46476510e-17

Derivative of Primary's Spin Rate: -1.96748510e-35
Primary dObl/dt: 0.00000000
Primary Equilibrium Rotation Rate: 6.75707433
Primary Equilibrium Rotation Period: 0.92986772
Primary Tidal Heat [W]: 1.67281020e+07
Primary Tidal Surface Flux [W/m^2]: 3.38799854e-12
Primary Equilibrium Tidal Surface Flux [W/m^2]: 0.00000000

Derivative of Secondary's Spin Rate: -4.29239783e-23
Secondary dObl/dt: 9.47339237e-20
Secondary Equilibrium Rotation Rate: 6.75707433
Secondary Equilibrium Rotation Period: 0.92986772
Secondary Tidal Heat [W]: 1.28415676e+13
Secondary Tidal Surface Flux [W/m^2]: 0.00502288
Secondary Equilibrium Tidal Surface Flux [W/m^2]: 4.41038206e-06

Use Discrete Rotation States: 1
Discrete Equilibrium Spin Period: 0.92986772
Continuous Equilibrium Spin Period: 0.92986772
Primary epsilons: 1 1 1 1 1 1
Primary Gamma_Rotation: 4.00000000
Primary Gamma_Orbital: 4.00000000
Secondary epsilons: 1 1 1 1 1 1
Secondary Gamma_Rotation: 4.00000000
Secondary Gamma_Orbital: 4.00000000

----------- Halt ---------

Primary's Minimum Obliquity: -57.29577951
Secondary's Minimum Obliquity: -57.29577951
