System Name: K05506.01
Tidal Model: Constant-Phase-Lag
Use Discrete Rotation Rate Model: 1
Integration Method: 4th order Runge-Kutta
Verbosity Level: 5

--------- Input/Output Units ---------

Mass Units: Solar
Length Units: AU
Time Units: Years
Angle Units: Degrees
Minimum Value of ecc and obl: 1.00000000e-10

--------- Files ---------

Executable: /Users/rory/src/eqtide/eqtide
Input: tide.in
Forward Output: K05506.01.forward
---------- Integration(s) ----------

Use Variable Timestep: Yes
Timestep Coefficient: 0.01000000

--------- Forward Integration ---------

Input Time Step: 0.00000000
Stop Time: 1.50000000e+10
Output Interval: 1.00000000e+09
Input Minimum Semi-major Axis: 0.00000000
Output Order: Time SemiMajorAxis Eccentricity SecPer[days] OrbPeriod[days] SecObliquity 

--------- Primary Body ---------

Primary Mass: 1.09005800
Primary Radius: 0.00479463
Primary Tidal Q: 1.00000000e+06

Primary Love Number k2: 0.50000000
Primary Input Obliquity: 0.00000000
Primary Input Spin Period: 0.08213552
Primary Input Spin Frequency: 76.49778111
Primary Radius of Gyration: 0.50000000

--------- Secondary Body ---------

Secondary Mass: 2.23180153e-05
Secondary Radius: 7.38590443e-05
Secondary Tidal Q: 34.00000000
Secondary Love Number k2: 0.30000000
Secondary Radius of Gyration: 0.50000000
Secondary Input Obliquity: 23.50000000
Secondary Input Spin Period: 0.00273785
Secondary Input Spin Frequency: 2294.93343338
Input Angular Size of Primary body: 0.36669813

-------------- Orbit ----------

Input Semi-major Axis: 1.49829500
Input Orbital Mean Motion: 3.57688004
Input Orbital Period: 1.75661057
Input Eccentricity: 0.00000000

--------- Tidal Effects ---------

da/dt: 2.01698652e-18
de/dt: 0.00000000
dP/dt: 3.54712803e-18

Derivative of Primary's Spin Rate: -2.64708425e-37
Primary dObl/dt: -0.00000000
Primary Equilibrium Rotation Rate: 3.57688004
Primary Equilibrium Rotation Period: 1.75661057
Primary Tidal Heat [W]: 3.41038980e+05
Primary Tidal Surface Flux [W/m^2]: 5.27512578e-14
Primary Equilibrium Tidal Surface Flux [W/m^2]: 0.00000000

Derivative of Secondary's Spin Rate: -3.97922605e-24
Secondary dObl/dt: 5.45471427e-21
Secondary Equilibrium Rotation Rate: 3.57688004
Secondary Equilibrium Rotation Period: 1.75661057
Secondary Tidal Heat [W]: 3.91335358e+11
Secondary Tidal Surface Flux [W/m^2]: 0.00025508
Secondary Equilibrium Tidal Surface Flux [W/m^2]: 6.33127747e-08

Use Discrete Rotation States: 1
Discrete Equilibrium Spin Period: 1.75661057
Continuous Equilibrium Spin Period: 1.75661057
Primary epsilons: 1 1 1 1 1 1
Primary Gamma_Rotation: 4.00000000
Primary Gamma_Orbital: 4.00000000
Secondary epsilons: 1 1 1 1 1 1
Secondary Gamma_Rotation: 4.00000000
Secondary Gamma_Orbital: 4.00000000

----------- Halt ---------

Primary's Minimum Obliquity: -57.29577951
Secondary's Minimum Obliquity: -57.29577951

--------- Primary Body ---------

Primary Final Obliquity: 0.00000000
Primary Final Spin Period: 0.08213552
Primary Final Spin Frequency: 76.49778111

--------- Secondary Body ---------

Secondary Final Obliquity: 23.80185772
Secondary Final Spin Period: 0.00281065
Secondary Final Spin Frequency: 2235.49083600
Final Angular Size of Primary body: 0.36669812

-------------- Orbit ----------

Final Semi-major Axis: 1.49829503
Final Orbital Mean Motion: 3.57687993
Final Orbital Period: 1.75661063
Final Eccentricity: 0.00000000

--------- Tidal Effects ---------

da/dt: 2.01698630e-18
de/dt: 0.00000000
dP/dt: 3.54712767e-18

Derivative of Primary's Spin Rate: -2.64708393e-37
Primary dObl/dt: -0.00000000
Primary Equilibrium Rotation Rate: 3.57687993
Primary Equilibrium Rotation Period: 1.75661063
Primary Tidal Heat [W]: 3.41038939e+05
Primary Tidal Surface Flux [W/m^2]: 5.27512515e-14
Primary Equilibrium Tidal Surface Flux [W/m^2]: 0.00000000

Derivative of Secondary's Spin Rate: -3.97922557e-24
Secondary dObl/dt: 5.66752821e-21
Secondary Equilibrium Rotation Rate: 3.57687993
Secondary Equilibrium Rotation Period: 1.75661063
Secondary Tidal Heat [W]: 3.81183251e+11
Secondary Tidal Surface Flux [W/m^2]: 0.00024846
Secondary Equilibrium Tidal Surface Flux [W/m^2]: 6.48545346e-08

Use Discrete Rotation States: 1
Discrete Equilibrium Spin Period: 1.75661063
Continuous Equilibrium Spin Period: 1.75661063
Primary epsilons: 1 1 1 1 1 1
Primary Gamma_Rotation: 4.00000000
Primary Gamma_Orbital: 4.00000000
Secondary epsilons: 1 1 1 1 1 1
Secondary Gamma_Rotation: 4.00000000
Secondary Gamma_Orbital: 4.00000000

----------- Halt ---------

Primary's Minimum Obliquity: -57.29577951
Secondary's Minimum Obliquity: -57.29577951
