System Name: K05568.01
Tidal Model: Constant-Phase-Lag
Use Discrete Rotation Rate Model: 1
Integration Method: 4th order Runge-Kutta
Verbosity Level: 5

--------- Input/Output Units ---------

Mass Units: Solar
Length Units: AU
Time Units: Years
Angle Units: Degrees
Minimum Value of ecc and obl: 1.00000000e-10

--------- Files ---------

Executable: /Users/rory/src/eqtide/eqtide
Input: tide.in
Forward Output: K05568.01.forward
---------- Integration(s) ----------

Use Variable Timestep: Yes
Timestep Coefficient: 0.01000000

--------- Forward Integration ---------

Input Time Step: 0.00000000
Stop Time: 1.50000000e+10
Output Interval: 1.00000000e+09
Input Minimum Semi-major Axis: 0.00000000
Output Order: Time SemiMajorAxis Eccentricity SecPer[days] OrbPeriod[days] SecObliquity 

--------- Primary Body ---------

Primary Mass: 1.00797900
Primary Radius: 0.00428308
Primary Tidal Q: 1.00000000e+06

Primary Love Number k2: 0.50000000
Primary Input Obliquity: 0.00000000
Primary Input Spin Period: 0.08213552
Primary Input Spin Frequency: 76.49778111
Primary Radius of Gyration: 0.50000000

--------- Secondary Body ---------

Secondary Mass: 4.86090400e-06
Secondary Radius: 4.86464105e-05
Secondary Tidal Q: 34.00000000
Secondary Love Number k2: 0.30000000
Secondary Radius of Gyration: 0.50000000
Secondary Input Obliquity: 23.50000000
Secondary Input Spin Period: 0.00273785
Secondary Input Spin Frequency: 2294.93343338
Input Angular Size of Primary body: 0.76650161

-------------- Orbit ----------

Input Semi-major Axis: 0.64030800
Input Orbital Mean Motion: 12.31160063
Input Orbital Period: 0.51034675
Input Eccentricity: 0.00000000

--------- Tidal Effects ---------

da/dt: 1.09525153e-16
de/dt: 0.00000000
dP/dt: 1.30943094e-16

Derivative of Primary's Spin Rate: -1.58906676e-36
Primary dObl/dt: -0.00000000
Primary Equilibrium Rotation Rate: 12.31160063
Primary Equilibrium Rotation Period: 0.51034675
Primary Tidal Heat [W]: 1.32975525e+06
Primary Tidal Surface Flux [W/m^2]: 2.57749946e-13
Primary Equilibrium Tidal Surface Flux [W/m^2]: 0.00000000

Derivative of Secondary's Spin Rate: -7.32710905e-22
Secondary dObl/dt: 1.00439861e-18
Secondary Equilibrium Rotation Rate: 12.31160063
Secondary Equilibrium Rotation Period: 0.51034675
Secondary Tidal Heat [W]: 6.78234899e+12
Secondary Tidal Surface Flux [W/m^2]: 0.01019101
Secondary Equilibrium Tidal Surface Flux [W/m^2]: 8.73970974e-06

Use Discrete Rotation States: 1
Discrete Equilibrium Spin Period: 0.51034675
Continuous Equilibrium Spin Period: 0.51034675
Primary epsilons: 1 1 1 1 1 1
Primary Gamma_Rotation: 4.00000000
Primary Gamma_Orbital: 4.00000000
Secondary epsilons: 1 1 1 1 1 1
Secondary Gamma_Rotation: 4.00000000
Secondary Gamma_Orbital: 4.00000000

----------- Halt ---------

Primary's Minimum Obliquity: -57.29577951
Secondary's Minimum Obliquity: -57.29577951

--------- Primary Body ---------

Primary Final Obliquity: 0.00000000
Primary Final Spin Period: 0.08213552
Primary Final Spin Frequency: 76.49778111

--------- Secondary Body ---------

Secondary Final Obliquity: 42.84619172
Secondary Final Spin Period: 0.46425141
Secondary Final Spin Frequency: 13.53401452
Final Angular Size of Primary body: 0.76650121

-------------- Orbit ----------

Final Semi-major Axis: 0.64030833
Final Orbital Mean Motion: 12.31159098
Final Orbital Period: 0.51034715
Final Eccentricity: 0.00000000

--------- Tidal Effects ---------

da/dt: 8.22725780e-18
de/dt: -0.00000000
dP/dt: 9.83612292e-18

Derivative of Primary's Spin Rate: -1.58906178e-36
Primary dObl/dt: -0.00000000
Primary Equilibrium Rotation Rate: 12.31159098
Primary Equilibrium Rotation Period: 0.51034715
Primary Tidal Heat [W]: 1.32975128e+06
Primary Tidal Surface Flux [W/m^2]: 2.57749177e-13
Primary Equilibrium Tidal Surface Flux [W/m^2]: 0.00000000

Derivative of Secondary's Spin Rate: 2.93873605e-39
Secondary dObl/dt: -2.90454678e-16
Secondary Equilibrium Rotation Rate: 12.31159098
Secondary Equilibrium Rotation Period: 0.51034715
Secondary Tidal Heat [W]: 1.88693049e+10
Secondary Tidal Surface Flux [W/m^2]: 2.83525981e-05
Secondary Equilibrium Tidal Surface Flux [W/m^2]: 2.54188225e-05

Use Discrete Rotation States: 1
Discrete Equilibrium Spin Period: 0.51034715
Continuous Equilibrium Spin Period: 0.51034715
Primary epsilons: 1 1 1 1 1 1
Primary Gamma_Rotation: 4.00000000
Primary Gamma_Orbital: 4.00000000
Secondary epsilons: 1 -1 1 1 -1 1
Secondary Gamma_Rotation: 2.15022257
Secondary Gamma_Orbital: 0.30044514

----------- Halt ---------

Primary's Minimum Obliquity: -57.29577951
Secondary's Minimum Obliquity: -57.29577951
