System Name: K05570.01
Tidal Model: Constant-Phase-Lag
Use Discrete Rotation Rate Model: 1
Integration Method: 4th order Runge-Kutta
Verbosity Level: 5

--------- Input/Output Units ---------

Mass Units: Solar
Length Units: AU
Time Units: Years
Angle Units: Degrees
Minimum Value of ecc and obl: 1.00000000e-10

--------- Files ---------

Executable: /Users/rory/src/eqtide/eqtide
Input: tide.in
Forward Output: K05570.01.forward
---------- Integration(s) ----------

Use Variable Timestep: Yes
Timestep Coefficient: 0.01000000

--------- Forward Integration ---------

Input Time Step: 0.00000000
Stop Time: 1.50000000e+10
Output Interval: 1.00000000e+09
Input Minimum Semi-major Axis: 0.00000000
Output Order: Time SemiMajorAxis Eccentricity SecPer[days] OrbPeriod[days] SecObliquity 

--------- Primary Body ---------

Primary Mass: 0.87825100
Primary Radius: 0.00381803
Primary Tidal Q: 1.00000000e+06

Primary Love Number k2: 0.50000000
Primary Input Obliquity: 0.00000000
Primary Input Spin Period: 0.08213552
Primary Input Spin Frequency: 76.49778111
Primary Radius of Gyration: 0.50000000

--------- Secondary Body ---------

Secondary Mass: 7.46126459e-05
Secondary Radius: 0.00010280
Secondary Tidal Q: 34.00000000
Secondary Love Number k2: 0.30000000
Secondary Radius of Gyration: 0.50000000
Secondary Input Obliquity: 23.50000000
Secondary Input Spin Period: 0.00273785
Secondary Input Spin Frequency: 2294.93343338
Input Angular Size of Primary body: 0.33772852

-------------- Orbit ----------

Input Semi-major Axis: 1.29545700
Input Orbital Mean Motion: 3.99359842
Input Orbital Period: 1.57331425
Input Eccentricity: 0.00000000

--------- Tidal Effects ---------

da/dt: 5.07336755e-18
de/dt: 0.00000000
dP/dt: 9.24269255e-18

Derivative of Primary's Spin Rate: -4.43825146e-36
Primary dObl/dt: 0.00000000
Primary Equilibrium Rotation Rate: 3.99359842
Primary Equilibrium Rotation Period: 1.57331425
Primary Tidal Heat [W]: 2.90467285e+06
Primary Tidal Surface Flux [W/m^2]: 7.08528038e-13
Primary Equilibrium Tidal Surface Flux [W/m^2]: 0.00000000

Derivative of Secondary's Spin Rate: -4.98700384e-24
Secondary dObl/dt: 6.83617032e-21
Secondary Equilibrium Rotation Rate: 3.99359842
Secondary Equilibrium Rotation Period: 1.57331425
Secondary Tidal Heat [W]: 3.17597685e+12
Secondary Tidal Surface Flux [W/m^2]: 0.00106856
Secondary Equilibrium Tidal Surface Flux [W/m^2]: 2.96175634e-07

Use Discrete Rotation States: 1
Discrete Equilibrium Spin Period: 1.57331425
Continuous Equilibrium Spin Period: 1.57331425
Primary epsilons: 1 1 1 1 1 1
Primary Gamma_Rotation: 4.00000000
Primary Gamma_Orbital: 4.00000000
Secondary epsilons: 1 1 1 1 1 1
Secondary Gamma_Rotation: 4.00000000
Secondary Gamma_Orbital: 4.00000000

----------- Halt ---------

Primary's Minimum Obliquity: -57.29577951
Secondary's Minimum Obliquity: -57.29577951

--------- Primary Body ---------

Primary Final Obliquity: 0.00000000
Primary Final Spin Period: 0.08213552
Primary Final Spin Frequency: 76.49778111

--------- Secondary Body ---------

Secondary Final Obliquity: 23.88025572
Secondary Final Spin Period: 0.00282971
Secondary Final Spin Frequency: 2220.43642733
Final Angular Size of Primary body: 0.33772850

-------------- Orbit ----------

Final Semi-major Axis: 1.29545708
Final Orbital Mean Motion: 3.99359807
Final Orbital Period: 1.57331439
Final Eccentricity: 0.00000000

--------- Tidal Effects ---------

da/dt: 5.07336591e-18
de/dt: 0.00000000
dP/dt: 9.24268984e-18

Derivative of Primary's Spin Rate: -4.43824989e-36
Primary dObl/dt: 0.00000000
Primary Equilibrium Rotation Rate: 3.99359807
Primary Equilibrium Rotation Period: 1.57331439
Primary Tidal Heat [W]: 2.90467184e+06
Primary Tidal Surface Flux [W/m^2]: 7.08527792e-13
Primary Equilibrium Tidal Surface Flux [W/m^2]: 0.00000000

Derivative of Secondary's Spin Rate: -4.98700208e-24
Secondary dObl/dt: 7.17321329e-21
Secondary Equilibrium Rotation Rate: 3.99359807
Secondary Equilibrium Rotation Period: 1.57331439
Secondary Tidal Heat [W]: 3.07269904e+12
Secondary Tidal Surface Flux [W/m^2]: 0.00103381
Secondary Equilibrium Tidal Surface Flux [W/m^2]: 3.05272481e-07

Use Discrete Rotation States: 1
Discrete Equilibrium Spin Period: 1.57331439
Continuous Equilibrium Spin Period: 1.57331439
Primary epsilons: 1 1 1 1 1 1
Primary Gamma_Rotation: 4.00000000
Primary Gamma_Orbital: 4.00000000
Secondary epsilons: 1 1 1 1 1 1
Secondary Gamma_Rotation: 4.00000000
Secondary Gamma_Orbital: 4.00000000

----------- Halt ---------

Primary's Minimum Obliquity: -57.29577951
Secondary's Minimum Obliquity: -57.29577951
