System Name: K05666.01
Tidal Model: Constant-Phase-Lag
Use Discrete Rotation Rate Model: 1
Integration Method: 4th order Runge-Kutta
Verbosity Level: 5

--------- Input/Output Units ---------

Mass Units: Solar
Length Units: AU
Time Units: Years
Angle Units: Degrees
Minimum Value of ecc and obl: 1.00000000e-10

--------- Files ---------

Executable: /Users/rory/src/eqtide/eqtide
Input: tide.in
Forward Output: K05666.01.forward
---------- Integration(s) ----------

Use Variable Timestep: Yes
Timestep Coefficient: 0.01000000

--------- Forward Integration ---------

Input Time Step: 0.00000000
Stop Time: 1.50000000e+10
Output Interval: 1.00000000e+09
Input Minimum Semi-major Axis: 0.00000000
Output Order: Time SemiMajorAxis Eccentricity SecPer[days] OrbPeriod[days] SecObliquity 

--------- Primary Body ---------

Primary Mass: 0.95299800
Primary Radius: 0.00431098
Primary Tidal Q: 1.00000000e+06

Primary Love Number k2: 0.50000000
Primary Input Obliquity: 0.00000000
Primary Input Spin Period: 0.08213552
Primary Input Spin Frequency: 76.49778111
Primary Radius of Gyration: 0.50000000

--------- Secondary Body ---------

Secondary Mass: 9.51648648e-06
Secondary Radius: 5.84769591e-05
Secondary Tidal Q: 34.00000000
Secondary Love Number k2: 0.30000000
Secondary Radius of Gyration: 0.50000000
Secondary Input Obliquity: 23.50000000
Secondary Input Spin Period: 0.00273785
Secondary Input Spin Frequency: 2294.93343338
Input Angular Size of Primary body: 0.79735977

-------------- Orbit ----------

Input Semi-major Axis: 0.61953700
Input Orbital Mean Motion: 12.57819757
Input Orbital Period: 0.49952986
Input Eccentricity: 0.00000000

--------- Tidal Effects ---------

da/dt: 1.54759605e-16
de/dt: 0.00000000
dP/dt: 1.87173882e-16

Derivative of Primary's Spin Rate: -8.00591931e-36
Primary dObl/dt: -0.00000000
Primary Equilibrium Rotation Rate: 12.57819757
Primary Equilibrium Rotation Period: 0.49952986
Primary Tidal Heat [W]: 6.39019183e+06
Primary Tidal Surface Flux [W/m^2]: 1.22264551e-12
Primary Equilibrium Tidal Surface Flux [W/m^2]: 0.00000000

Derivative of Secondary's Spin Rate: -7.08249199e-22
Secondary dObl/dt: 9.70866420e-19
Secondary Equilibrium Rotation Rate: 12.57819757
Secondary Equilibrium Rotation Period: 0.49952986
Secondary Tidal Heat [W]: 1.85442979e+13
Secondary Tidal Surface Flux [W/m^2]: 0.01928321
Secondary Equilibrium Tidal Surface Flux [W/m^2]: 1.68971683e-05

Use Discrete Rotation States: 1
Discrete Equilibrium Spin Period: 0.49952986
Continuous Equilibrium Spin Period: 0.49952986
Primary epsilons: 1 1 1 1 1 1
Primary Gamma_Rotation: 4.00000000
Primary Gamma_Orbital: 4.00000000
Secondary epsilons: 1 1 1 1 1 1
Secondary Gamma_Rotation: 4.00000000
Secondary Gamma_Orbital: 4.00000000

----------- Halt ---------

Primary's Minimum Obliquity: -57.29577951
Secondary's Minimum Obliquity: -57.29577951

--------- Primary Body ---------

Primary Final Obliquity: 0.00000000
Primary Final Spin Period: 0.08213552
Primary Final Spin Frequency: 76.49778111

--------- Secondary Body ---------

Secondary Final Obliquity: 42.18399092
Secondary Final Spin Period: 0.45861748
Secondary Final Spin Frequency: 13.70027441
Final Angular Size of Primary body: 0.79735914

-------------- Orbit ----------

Final Semi-major Axis: 0.61953749
Final Orbital Mean Motion: 12.57818269
Final Orbital Period: 0.49953045
Final Eccentricity: 0.00000000

--------- Tidal Effects ---------

da/dt: 1.51896104e-17
de/dt: -0.00000000
dP/dt: 1.83710696e-17

Derivative of Primary's Spin Rate: -8.00588143e-36
Primary dObl/dt: -0.00000000
Primary Equilibrium Rotation Rate: 12.57818269
Primary Equilibrium Rotation Period: 0.49953045
Primary Tidal Heat [W]: 6.39016309e+06
Primary Tidal Surface Flux [W/m^2]: 1.22264001e-12
Primary Equilibrium Tidal Surface Flux [W/m^2]: 0.00000000

Derivative of Secondary's Spin Rate: 2.93873605e-39
Secondary dObl/dt: -2.73875729e-16
Secondary Equilibrium Rotation Rate: 12.57818269
Secondary Equilibrium Rotation Period: 0.49953045
Secondary Tidal Heat [W]: 5.10901410e+10
Secondary Tidal Surface Flux [W/m^2]: 5.31258757e-05
Secondary Equilibrium Tidal Surface Flux [W/m^2]: 4.79205274e-05

Use Discrete Rotation States: 1
Discrete Equilibrium Spin Period: 0.49953045
Continuous Equilibrium Spin Period: 0.49953045
Primary epsilons: 1 1 1 1 1 1
Primary Gamma_Rotation: 4.00000000
Primary Gamma_Orbital: 4.00000000
Secondary epsilons: 1 -1 1 1 -1 1
Secondary Gamma_Rotation: 2.19627808
Secondary Gamma_Orbital: 0.39255616

----------- Halt ---------

Primary's Minimum Obliquity: -57.29577951
Secondary's Minimum Obliquity: -57.29577951
