System Name: K05694.01
Tidal Model: Constant-Phase-Lag
Use Discrete Rotation Rate Model: 1
Integration Method: 4th order Runge-Kutta
Verbosity Level: 5

--------- Input/Output Units ---------

Mass Units: Solar
Length Units: AU
Time Units: Years
Angle Units: Degrees
Minimum Value of ecc and obl: 1.00000000e-10

--------- Files ---------

Executable: /Users/rory/src/eqtide/eqtide
Input: tide.in
Forward Output: K05694.01.forward
---------- Integration(s) ----------

Use Variable Timestep: Yes
Timestep Coefficient: 0.01000000

--------- Forward Integration ---------

Input Time Step: 0.00000000
Stop Time: 1.50000000e+10
Output Interval: 1.00000000e+09
Input Minimum Semi-major Axis: 0.00000000
Output Order: Time SemiMajorAxis Eccentricity SecPer[days] OrbPeriod[days] SecObliquity 

--------- Primary Body ---------

Primary Mass: 0.87959200
Primary Radius: 0.00372967
Primary Tidal Q: 1.00000000e+06

Primary Love Number k2: 0.50000000
Primary Input Obliquity: 0.00000000
Primary Input Spin Period: 0.08213552
Primary Input Spin Frequency: 76.49778111
Primary Radius of Gyration: 0.50000000

--------- Secondary Body ---------

Secondary Mass: 9.77047054e-06
Secondary Radius: 5.89004945e-05
Secondary Tidal Q: 34.00000000
Secondary Love Number k2: 0.30000000
Secondary Radius of Gyration: 0.50000000
Secondary Input Obliquity: 23.50000000
Secondary Input Spin Period: 0.00273785
Secondary Input Spin Frequency: 2294.93343338
Input Angular Size of Primary body: 1.00559507

-------------- Orbit ----------

Input Semi-major Axis: 0.42500000
Input Orbital Mean Motion: 21.26820188
Input Orbital Period: 0.29542626
Input Eccentricity: 0.00000000

--------- Tidal Effects ---------

da/dt: 1.10129136e-15
de/dt: 0.00000000
dP/dt: 1.14830186e-15

Derivative of Primary's Spin Rate: -5.68137465e-35
Primary dObl/dt: -0.00000000
Primary Equilibrium Rotation Rate: 21.26820188
Primary Equilibrium Rotation Period: 0.29542626
Primary Tidal Heat [W]: 2.70690157e+07
Primary Tidal Surface Flux [W/m^2]: 6.91942261e-12
Primary Equilibrium Tidal Surface Flux [W/m^2]: 0.00000000

Derivative of Secondary's Spin Rate: -5.76233100e-21
Secondary dObl/dt: 7.89898958e-18
Secondary Equilibrium Rotation Rate: 21.26820188
Secondary Equilibrium Rotation Period: 0.29542626
Secondary Tidal Heat [W]: 1.56557165e+14
Secondary Tidal Surface Flux [W/m^2]: 0.16046253
Secondary Equilibrium Tidal Surface Flux [W/m^2]: 0.00023866

Use Discrete Rotation States: 1
Discrete Equilibrium Spin Period: 0.29542626
Continuous Equilibrium Spin Period: 0.29542626
Primary epsilons: 1 1 1 1 1 1
Primary Gamma_Rotation: 4.00000000
Primary Gamma_Orbital: 4.00000000
Secondary epsilons: 1 1 1 1 1 1
Secondary Gamma_Rotation: 4.00000000
Secondary Gamma_Orbital: 4.00000000

----------- Halt ---------

Primary's Minimum Obliquity: -57.29577951
Secondary's Minimum Obliquity: -57.29577951

--------- Primary Body ---------

Primary Final Obliquity: 0.00000000
Primary Final Spin Period: 0.08213552
Primary Final Spin Frequency: 76.49778111

--------- Secondary Body ---------

Secondary Final Obliquity: 37.95843247
Secondary Final Spin Period: 0.27081875
Secondary Final Spin Frequency: 23.20070259
Final Angular Size of Primary body: 1.00559408

-------------- Orbit ----------

Final Semi-major Axis: 0.42500042
Final Orbital Mean Motion: 21.26817046
Final Orbital Period: 0.29542669
Final Eccentricity: 0.00000000

--------- Tidal Effects ---------

da/dt: 2.67981179e-16
de/dt: -0.00000000
dP/dt: 2.79420550e-16

Derivative of Primary's Spin Rate: -5.68134108e-35
Primary dObl/dt: -0.00000000
Primary Equilibrium Rotation Rate: 21.26817046
Primary Equilibrium Rotation Period: 0.29542669
Primary Tidal Heat [W]: 2.70688711e+07
Primary Tidal Surface Flux [W/m^2]: 6.91938566e-12
Primary Equilibrium Tidal Surface Flux [W/m^2]: 0.00000000

Derivative of Secondary's Spin Rate: 2.93873605e-39
Secondary dObl/dt: -1.20524927e-15
Secondary Equilibrium Rotation Rate: 21.26817046
Secondary Equilibrium Rotation Period: 0.29542669
Secondary Tidal Heat [W]: 6.36775441e+11
Secondary Tidal Surface Flux [W/m^2]: 0.00065266
Secondary Equilibrium Tidal Surface Flux [W/m^2]: 0.00056787

Use Discrete Rotation States: 1
Discrete Equilibrium Spin Period: 0.29542669
Continuous Equilibrium Spin Period: 0.29542669
Primary epsilons: 1 1 1 1 1 1
Primary Gamma_Rotation: 4.00000000
Primary Gamma_Orbital: 4.00000000
Secondary epsilons: 1 -1 1 1 -1 1
Secondary Gamma_Rotation: 2.48665904
Secondary Gamma_Orbital: 0.97331808

----------- Halt ---------

Primary's Minimum Obliquity: -57.29577951
Secondary's Minimum Obliquity: -57.29577951
