System Name: K05638.01
Tidal Model: Constant-Phase-Lag
Use Discrete Rotation Rate Model: 1
Integration Method: 4th order Runge-Kutta
Verbosity Level: 5

--------- Input/Output Units ---------

Mass Units: Solar
Length Units: AU
Time Units: Years
Angle Units: Degrees
Minimum Value of ecc and obl: 1.00000000e-10

--------- Files ---------

Executable: /Users/rory/src/eqtide/eqtide
Input: tide.in
Forward Output: K05638.01.forward
---------- Integration(s) ----------

Use Variable Timestep: Yes
Timestep Coefficient: 0.01000000

--------- Forward Integration ---------

Input Time Step: 0.00000000
Stop Time: 1.50000000e+10
Output Interval: 1.00000000e+09
Input Minimum Semi-major Axis: 0.00000000
Output Order: Time SemiMajorAxis Eccentricity SecPer[days] OrbPeriod[days] SecObliquity 

--------- Primary Body ---------

Primary Mass: 1.16363300
Primary Radius: 0.00533873
Primary Tidal Q: 1.00000000e+06

Primary Love Number k2: 0.50000000
Primary Input Obliquity: 0.00000000
Primary Input Spin Period: 0.08213552
Primary Input Spin Frequency: 76.49778111
Primary Radius of Gyration: 0.50000000

--------- Secondary Body ---------

Secondary Mass: 1.84616733e-05
Secondary Radius: 7.01185115e-05
Secondary Tidal Q: 34.00000000
Secondary Love Number k2: 0.30000000
Secondary Radius of Gyration: 0.50000000
Secondary Input Obliquity: 23.50000000
Secondary Input Spin Period: 0.00273785
Secondary Input Spin Frequency: 2294.93343338
Input Angular Size of Primary body: 0.67830551

-------------- Orbit ----------

Input Semi-major Axis: 0.90190400
Input Orbital Mean Motion: 7.91301724
Input Orbital Period: 0.79403155
Input Eccentricity: 0.00000000

--------- Tidal Effects ---------

da/dt: 3.38211767e-17
de/dt: 0.00000000
dP/dt: 4.46643338e-17

Derivative of Primary's Spin Rate: -4.92384184e-36
Primary dObl/dt: -0.00000000
Primary Equilibrium Rotation Rate: 7.91301724
Primary Equilibrium Rotation Period: 0.79403155
Primary Tidal Heat [W]: 7.89675820e+06
Primary Tidal Surface Flux [W/m^2]: 9.85170034e-13
Primary Equilibrium Tidal Surface Flux [W/m^2]: 0.00000000

Derivative of Secondary's Spin Rate: -9.85882328e-23
Secondary dObl/dt: 1.35144525e-19
Secondary Equilibrium Rotation Rate: 7.91301724
Secondary Equilibrium Rotation Period: 0.79403155
Secondary Tidal Heat [W]: 7.21483538e+12
Secondary Tidal Surface Flux [W/m^2]: 0.00521795
Secondary Equilibrium Tidal Surface Flux [W/m^2]: 2.87058919e-06

Use Discrete Rotation States: 1
Discrete Equilibrium Spin Period: 0.79403155
Continuous Equilibrium Spin Period: 0.79403155
Primary epsilons: 1 1 1 1 1 1
Primary Gamma_Rotation: 4.00000000
Primary Gamma_Orbital: 4.00000000
Secondary epsilons: 1 1 1 1 1 1
Secondary Gamma_Rotation: 4.00000000
Secondary Gamma_Orbital: 4.00000000

----------- Halt ---------

Primary's Minimum Obliquity: -57.29577951
Secondary's Minimum Obliquity: -57.29577951

--------- Primary Body ---------

Primary Final Obliquity: 0.00000000
Primary Final Spin Period: 0.08213552
Primary Final Spin Frequency: 76.49778111

--------- Secondary Body ---------

Secondary Final Obliquity: 38.41539648
Secondary Final Spin Period: 0.00764190
Secondary Final Spin Frequency: 822.20204813
Final Angular Size of Primary body: 0.67830513

-------------- Orbit ----------

Final Semi-major Axis: 0.90190451
Final Orbital Mean Motion: 7.91301056
Final Orbital Period: 0.79403222
Final Eccentricity: 0.00000000

--------- Tidal Effects ---------

da/dt: 3.38210720e-17
de/dt: 0.00000000
dP/dt: 4.46642082e-17

Derivative of Primary's Spin Rate: -4.92382522e-36
Primary dObl/dt: -0.00000000
Primary Equilibrium Rotation Rate: 7.91301056
Primary Equilibrium Rotation Period: 0.79403222
Primary Tidal Heat [W]: 7.89673232e+06
Primary Tidal Surface Flux [W/m^2]: 9.85166805e-13
Primary Equilibrium Tidal Surface Flux [W/m^2]: 0.00000000

Derivative of Secondary's Spin Rate: -9.85879000e-23
Secondary dObl/dt: 5.87802067e-19
Secondary Equilibrium Rotation Rate: 7.91301056
Secondary Equilibrium Rotation Period: 0.79403222
Secondary Tidal Heat [W]: 2.56881901e+12
Secondary Tidal Surface Flux [W/m^2]: 0.00185783
Secondary Equilibrium Tidal Surface Flux [W/m^2]: 6.97034266e-06

Use Discrete Rotation States: 1
Discrete Equilibrium Spin Period: 0.79403222
Continuous Equilibrium Spin Period: 0.79403222
Primary epsilons: 1 1 1 1 1 1
Primary Gamma_Rotation: 4.00000000
Primary Gamma_Orbital: 4.00000000
Secondary epsilons: 1 1 1 1 1 1
Secondary Gamma_Rotation: 4.00000000
Secondary Gamma_Orbital: 4.00000000

----------- Halt ---------

Primary's Minimum Obliquity: -57.29577951
Secondary's Minimum Obliquity: -57.29577951
