System Name: K05623.01
Tidal Model: Constant-Phase-Lag
Use Discrete Rotation Rate Model: 1
Integration Method: 4th order Runge-Kutta
Verbosity Level: 5

--------- Input/Output Units ---------

Mass Units: Solar
Length Units: AU
Time Units: Years
Angle Units: Degrees
Minimum Value of ecc and obl: 1.00000000e-10

--------- Files ---------

Executable: /Users/rory/src/eqtide/eqtide
Input: tide.in
Forward Output: K05623.01.forward
---------- Integration(s) ----------

Use Variable Timestep: Yes
Timestep Coefficient: 0.01000000

--------- Forward Integration ---------

Input Time Step: 0.00000000
Stop Time: 1.50000000e+10
Output Interval: 1.00000000e+09
Input Minimum Semi-major Axis: 0.00000000
Output Order: Time SemiMajorAxis Eccentricity SecPer[days] OrbPeriod[days] SecObliquity 

--------- Primary Body ---------

Primary Mass: 1.07849000
Primary Radius: 0.00519922
Primary Tidal Q: 1.00000000e+06

Primary Love Number k2: 0.50000000
Primary Input Obliquity: 0.00000000
Primary Input Spin Period: 0.08213552
Primary Input Spin Frequency: 76.49778111
Primary Radius of Gyration: 0.50000000

--------- Secondary Body ---------

Secondary Mass: 5.05923160e-05
Secondary Radius: 9.24233154e-05
Secondary Tidal Q: 34.00000000
Secondary Love Number k2: 0.30000000
Secondary Radius of Gyration: 0.50000000
Secondary Input Obliquity: 23.50000000
Secondary Input Spin Period: 0.00273785
Secondary Input Spin Frequency: 2294.93343338
Input Angular Size of Primary body: 0.42499913

-------------- Orbit ----------

Input Semi-major Axis: 1.40184700
Input Orbital Mean Motion: 3.93132044
Input Orbital Period: 1.59823790
Input Eccentricity: 0.00000000

--------- Tidal Effects ---------

da/dt: 3.87408688e-18
de/dt: 0.00000000
dP/dt: 6.62539245e-18

Derivative of Primary's Spin Rate: -2.61329795e-36
Primary dObl/dt: -0.00000000
Primary Equilibrium Rotation Rate: 3.93132044
Primary Equilibrium Rotation Period: 1.59823790
Primary Tidal Heat [W]: 3.89800051e+06
Primary Tidal Surface Flux [W/m^2]: 5.12748518e-13
Primary Equilibrium Tidal Surface Flux [W/m^2]: 0.00000000

Derivative of Secondary's Spin Rate: -5.01899209e-24
Secondary dObl/dt: 6.88002158e-21
Secondary Equilibrium Rotation Rate: 3.93132044
Secondary Equilibrium Rotation Period: 1.59823790
Secondary Tidal Heat [W]: 1.75179997e+12
Secondary Tidal Surface Flux [W/m^2]: 0.00072922
Secondary Equilibrium Tidal Surface Flux [W/m^2]: 1.98962994e-07

Use Discrete Rotation States: 1
Discrete Equilibrium Spin Period: 1.59823790
Continuous Equilibrium Spin Period: 1.59823790
Primary epsilons: 1 1 1 1 1 1
Primary Gamma_Rotation: 4.00000000
Primary Gamma_Orbital: 4.00000000
Secondary epsilons: 1 1 1 1 1 1
Secondary Gamma_Rotation: 4.00000000
Secondary Gamma_Orbital: 4.00000000

----------- Halt ---------

Primary's Minimum Obliquity: -57.29577951
Secondary's Minimum Obliquity: -57.29577951

--------- Primary Body ---------

Primary Final Obliquity: 0.00000000
Primary Final Spin Period: 0.08213552
Primary Final Spin Frequency: 76.49778111

--------- Secondary Body ---------

Secondary Final Obliquity: 23.88275757
Secondary Final Spin Period: 0.00283032
Secondary Final Spin Frequency: 2219.95857561
Final Angular Size of Primary body: 0.42499911

-------------- Orbit ----------

Final Semi-major Axis: 1.40184706
Final Orbital Mean Motion: 3.93132019
Final Orbital Period: 1.59823800
Final Eccentricity: 0.00000000

--------- Tidal Effects ---------

da/dt: 3.87408600e-18
de/dt: 0.00000000
dP/dt: 6.62539108e-18

Derivative of Primary's Spin Rate: -2.61329730e-36
Primary dObl/dt: -0.00000000
Primary Equilibrium Rotation Rate: 3.93132019
Primary Equilibrium Rotation Period: 1.59823800
Primary Tidal Heat [W]: 3.89799955e+06
Primary Tidal Surface Flux [W/m^2]: 5.12748392e-13
Primary Equilibrium Tidal Surface Flux [W/m^2]: 0.00000000

Derivative of Secondary's Spin Rate: -5.01899084e-24
Secondary dObl/dt: 7.22149336e-21
Secondary Equilibrium Rotation Rate: 3.93132019
Secondary Equilibrium Rotation Period: 1.59823800
Secondary Tidal Heat [W]: 1.69447051e+12
Secondary Tidal Surface Flux [W/m^2]: 0.00070536
Secondary Equilibrium Tidal Surface Flux [W/m^2]: 2.05114497e-07

Use Discrete Rotation States: 1
Discrete Equilibrium Spin Period: 1.59823800
Continuous Equilibrium Spin Period: 1.59823800
Primary epsilons: 1 1 1 1 1 1
Primary Gamma_Rotation: 4.00000000
Primary Gamma_Orbital: 4.00000000
Secondary epsilons: 1 1 1 1 1 1
Secondary Gamma_Rotation: 4.00000000
Secondary Gamma_Orbital: 4.00000000

----------- Halt ---------

Primary's Minimum Obliquity: -57.29577951
Secondary's Minimum Obliquity: -57.29577951
