System Name: K05671.01
Tidal Model: Constant-Phase-Lag
Use Discrete Rotation Rate Model: 1
Integration Method: 4th order Runge-Kutta
Verbosity Level: 5

--------- Input/Output Units ---------

Mass Units: Solar
Length Units: AU
Time Units: Years
Angle Units: Degrees
Minimum Value of ecc and obl: 1.00000000e-10

--------- Files ---------

Executable: /Users/rory/src/eqtide/eqtide
Input: tide.in
Forward Output: K05671.01.forward
---------- Integration(s) ----------

Use Variable Timestep: Yes
Timestep Coefficient: 0.01000000

--------- Forward Integration ---------

Input Time Step: 0.00000000
Stop Time: 1.50000000e+10
Output Interval: 1.00000000e+09
Input Minimum Semi-major Axis: 0.00000000
Output Order: Time SemiMajorAxis Eccentricity SecPer[days] OrbPeriod[days] SecObliquity 

--------- Primary Body ---------

Primary Mass: 0.97691700
Primary Radius: 0.00525967
Primary Tidal Q: 1.00000000e+06

Primary Love Number k2: 0.50000000
Primary Input Obliquity: 0.00000000
Primary Input Spin Period: 0.08213552
Primary Input Spin Frequency: 76.49778111
Primary Radius of Gyration: 0.50000000

--------- Secondary Body ---------

Secondary Mass: 2.88787139e-05
Secondary Radius: 7.92624246e-05
Secondary Tidal Q: 34.00000000
Secondary Love Number k2: 0.30000000
Secondary Radius of Gyration: 0.50000000
Secondary Input Obliquity: 23.50000000
Secondary Input Spin Period: 0.00273785
Secondary Input Spin Frequency: 2294.93343338
Input Angular Size of Primary body: 0.93612232

-------------- Orbit ----------

Input Semi-major Axis: 0.64382700
Input Orbital Mean Motion: 12.02133212
Input Orbital Period: 0.52266964
Input Eccentricity: 0.00000000

--------- Tidal Effects ---------

da/dt: 1.96012469e-16
de/dt: 0.00000000
dP/dt: 2.38692880e-16

Derivative of Primary's Spin Rate: -1.03701478e-34
Primary dObl/dt: -0.00000000
Primary Equilibrium Rotation Rate: 12.02133212
Primary Equilibrium Rotation Period: 0.52266964
Primary Tidal Heat [W]: 1.27404929e+08
Primary Tidal Surface Flux [W/m^2]: 1.63759743e-11
Primary Equilibrium Tidal Surface Flux [W/m^2]: 0.00000000

Derivative of Secondary's Spin Rate: -4.84900161e-22
Secondary dObl/dt: 6.64699847e-19
Secondary Equilibrium Rotation Rate: 12.02133212
Secondary Equilibrium Rotation Period: 0.52266964
Secondary Tidal Heat [W]: 7.08025565e+13
Secondary Tidal Surface Flux [W/m^2]: 0.04007309
Secondary Equilibrium Tidal Surface Flux [W/m^2]: 3.35517798e-05

Use Discrete Rotation States: 1
Discrete Equilibrium Spin Period: 0.52266964
Continuous Equilibrium Spin Period: 0.52266964
Primary epsilons: 1 1 1 1 1 1
Primary Gamma_Rotation: 4.00000000
Primary Gamma_Orbital: 4.00000000
Secondary epsilons: 1 1 1 1 1 1
Secondary Gamma_Rotation: 4.00000000
Secondary Gamma_Orbital: 4.00000000

----------- Halt ---------

Primary's Minimum Obliquity: -57.29577951
Secondary's Minimum Obliquity: -57.29577951

--------- Primary Body ---------

Primary Final Obliquity: 0.00000000
Primary Final Spin Period: 0.08213552
Primary Final Spin Frequency: 76.49778111

--------- Secondary Body ---------

Secondary Final Obliquity: 42.79755652
Secondary Final Spin Period: 0.47986270
Secondary Final Spin Frequency: 13.09371469
Final Angular Size of Primary body: 0.93612101

-------------- Orbit ----------

Final Semi-major Axis: 0.64382791
Final Orbital Mean Motion: 12.02130677
Final Orbital Period: 0.52267074
Final Eccentricity: 0.00000000

--------- Tidal Effects ---------

da/dt: 1.50659674e-17
de/dt: -0.00000000
dP/dt: 1.83464945e-17

Derivative of Primary's Spin Rate: -1.03700604e-34
Primary dObl/dt: -0.00000000
Primary Equilibrium Rotation Rate: 12.02130677
Primary Equilibrium Rotation Period: 0.52267074
Primary Tidal Heat [W]: 1.27403904e+08
Primary Tidal Surface Flux [W/m^2]: 1.63758426e-11
Primary Equilibrium Tidal Surface Flux [W/m^2]: 0.00000000

Derivative of Secondary's Spin Rate: 2.93873605e-39
Secondary dObl/dt: -1.98500550e-16
Secondary Equilibrium Rotation Rate: 12.02130677
Secondary Equilibrium Rotation Period: 0.52267074
Secondary Tidal Heat [W]: 1.90003345e+11
Secondary Tidal Surface Flux [W/m^2]: 0.00010754
Secondary Equilibrium Tidal Surface Flux [W/m^2]: 9.74037115e-05

Use Discrete Rotation States: 1
Discrete Equilibrium Spin Period: 0.52267074
Continuous Equilibrium Spin Period: 0.52267074
Primary epsilons: 1 1 1 1 1 1
Primary Gamma_Rotation: 4.00000000
Primary Gamma_Orbital: 4.00000000
Secondary epsilons: 1 -1 1 1 -1 1
Secondary Gamma_Rotation: 2.15360814
Secondary Gamma_Orbital: 0.30721628

----------- Halt ---------

Primary's Minimum Obliquity: -57.29577951
Secondary's Minimum Obliquity: -57.29577951
