System Name: K05758.01
Tidal Model: Constant-Phase-Lag
Use Discrete Rotation Rate Model: 1
Integration Method: 4th order Runge-Kutta
Verbosity Level: 5

--------- Input/Output Units ---------

Mass Units: Solar
Length Units: AU
Time Units: Years
Angle Units: Degrees
Minimum Value of ecc and obl: 1.00000000e-10

--------- Files ---------

Executable: /Users/rory/src/eqtide/eqtide
Input: tide.in
Forward Output: K05758.01.forward
---------- Integration(s) ----------

Use Variable Timestep: Yes
Timestep Coefficient: 0.01000000

--------- Forward Integration ---------

Input Time Step: 0.00000000
Stop Time: 1.50000000e+10
Output Interval: 1.00000000e+09
Input Minimum Semi-major Axis: 0.00000000
Output Order: Time SemiMajorAxis Eccentricity SecPer[days] OrbPeriod[days] SecObliquity 

--------- Primary Body ---------

Primary Mass: 0.87354500
Primary Radius: 0.00367852
Primary Tidal Q: 1.00000000e+06

Primary Love Number k2: 0.50000000
Primary Input Obliquity: 0.00000000
Primary Input Spin Period: 0.08213552
Primary Input Spin Frequency: 76.49778111
Primary Radius of Gyration: 0.50000000

--------- Secondary Body ---------

Secondary Mass: 5.13004367e-05
Secondary Radius: 9.27759488e-05
Secondary Tidal Q: 34.00000000
Secondary Love Number k2: 0.30000000
Secondary Radius of Gyration: 0.50000000
Secondary Input Obliquity: 23.50000000
Secondary Input Spin Period: 0.00273785
Secondary Input Spin Frequency: 2294.93343338
Input Angular Size of Primary body: 1.02875679

-------------- Orbit ----------

Input Semi-major Axis: 0.40973300
Input Orbital Mean Motion: 22.39108298
Input Orbital Period: 0.28061105
Input Eccentricity: 0.00000000

--------- Tidal Effects ---------

da/dt: 2.46141293e-15
de/dt: 0.00000000
dP/dt: 2.52867092e-15

Derivative of Primary's Spin Rate: -1.88449438e-33
Primary dObl/dt: -0.00000000
Primary Equilibrium Rotation Rate: 22.39108298
Primary Equilibrium Rotation Period: 0.28061105
Primary Tidal Heat [W]: 8.49770051e+08
Primary Tidal Surface Flux [W/m^2]: 2.23303013e-10
Primary Equilibrium Tidal Surface Flux [W/m^2]: 0.00000000

Derivative of Secondary's Spin Rate: -5.26839043e-21
Secondary dObl/dt: 7.22189129e-18
Secondary Equilibrium Rotation Rate: 22.39108298
Secondary Equilibrium Rotation Period: 0.28061105
Secondary Tidal Heat [W]: 1.86370287e+15
Secondary Tidal Surface Flux [W/m^2]: 0.76991792
Secondary Equilibrium Tidal Surface Flux [W/m^2]: 0.00120617

Use Discrete Rotation States: 1
Discrete Equilibrium Spin Period: 0.28061105
Continuous Equilibrium Spin Period: 0.28061105
Primary epsilons: 1 1 1 1 1 1
Primary Gamma_Rotation: 4.00000000
Primary Gamma_Orbital: 4.00000000
Secondary epsilons: 1 1 1 1 1 1
Secondary Gamma_Rotation: 4.00000000
Secondary Gamma_Orbital: 4.00000000

----------- Halt ---------

Primary's Minimum Obliquity: -57.29577951
Secondary's Minimum Obliquity: -57.29577951

--------- Primary Body ---------

Primary Final Obliquity: 0.00000000
Primary Final Spin Period: 0.08213552
Primary Final Spin Frequency: 76.49778111

--------- Secondary Body ---------

Secondary Final Obliquity: 37.86900715
Secondary Final Spin Period: 0.25532031
Secondary Final Spin Frequency: 24.60903061
Final Angular Size of Primary body: 1.02875423

-------------- Orbit ----------

Final Semi-major Axis: 0.40973402
Final Orbital Mean Motion: 22.39099931
Final Orbital Period: 0.28061210
Final Eccentricity: 0.00000000

--------- Tidal Effects ---------

da/dt: 6.06411161e-16
de/dt: -0.00000000
dP/dt: 6.22982093e-16

Derivative of Primary's Spin Rate: -1.88446621e-33
Primary dObl/dt: -0.00000000
Primary Equilibrium Rotation Rate: 22.39099931
Primary Equilibrium Rotation Period: 0.28061210
Primary Tidal Heat [W]: 8.49758664e+08
Primary Tidal Surface Flux [W/m^2]: 2.23300021e-10
Primary Equilibrium Tidal Surface Flux [W/m^2]: 0.00000000

Derivative of Secondary's Spin Rate: 2.93873605e-39
Secondary dObl/dt: -1.03678585e-15
Secondary Equilibrium Rotation Rate: 22.39099931
Secondary Equilibrium Rotation Period: 0.28061210
Secondary Tidal Heat [W]: 8.05293445e+12
Secondary Tidal Surface Flux [W/m^2]: 0.00332676
Secondary Equilibrium Tidal Surface Flux [W/m^2]: 0.00285848

Use Discrete Rotation States: 1
Discrete Equilibrium Spin Period: 0.28061210
Continuous Equilibrium Spin Period: 0.28061210
Primary epsilons: 1 1 1 1 1 1
Primary Gamma_Rotation: 4.00000000
Primary Gamma_Orbital: 4.00000000
Secondary epsilons: 1 -1 1 1 -1 1
Secondary Gamma_Rotation: 2.49271208
Secondary Gamma_Orbital: 0.98542416

----------- Halt ---------

Primary's Minimum Obliquity: -57.29577951
Secondary's Minimum Obliquity: -57.29577951
