System Name: K05798.01
Tidal Model: Constant-Phase-Lag
Use Discrete Rotation Rate Model: 1
Integration Method: 4th order Runge-Kutta
Verbosity Level: 5

--------- Input/Output Units ---------

Mass Units: Solar
Length Units: AU
Time Units: Years
Angle Units: Degrees
Minimum Value of ecc and obl: 1.00000000e-10

--------- Files ---------

Executable: /Users/rory/src/eqtide/eqtide
Input: tide.in
Forward Output: K05798.01.forward
---------- Integration(s) ----------

Use Variable Timestep: Yes
Timestep Coefficient: 0.01000000

--------- Forward Integration ---------

Input Time Step: 0.00000000
Stop Time: 1.50000000e+10
Output Interval: 1.00000000e+09
Input Minimum Semi-major Axis: 0.00000000
Output Order: Time SemiMajorAxis Eccentricity SecPer[days] OrbPeriod[days] SecObliquity 

--------- Primary Body ---------

Primary Mass: 0.82873500
Primary Radius: 0.00352970
Primary Tidal Q: 1.00000000e+06

Primary Love Number k2: 0.50000000
Primary Input Obliquity: 0.00000000
Primary Input Spin Period: 0.08213552
Primary Input Spin Frequency: 76.49778111
Primary Radius of Gyration: 0.50000000

--------- Secondary Body ---------

Secondary Mass: 6.04683082e-05
Secondary Radius: 9.70507399e-05
Secondary Tidal Q: 34.00000000
Secondary Love Number k2: 0.30000000
Secondary Radius of Gyration: 0.50000000
Secondary Input Obliquity: 23.50000000
Secondary Input Spin Period: 0.00273785
Secondary Input Spin Frequency: 2294.93343338
Input Angular Size of Primary body: 0.47201025

-------------- Orbit ----------

Input Semi-major Axis: 0.85691300
Input Orbital Mean Motion: 7.21090391
Input Orbital Period: 0.87134503
Input Eccentricity: 0.00000000

--------- Tidal Effects ---------

da/dt: 4.17731119e-17
de/dt: 0.00000000
dP/dt: 6.37172995e-17

Derivative of Primary's Spin Rate: -2.91379578e-35
Primary dObl/dt: 0.00000000
Primary Equilibrium Rotation Rate: 7.21090391
Primary Equilibrium Rotation Period: 0.87134503
Primary Tidal Heat [W]: 1.46969299e+07
Primary Tidal Surface Flux [W/m^2]: 4.19458694e-12
Primary Equilibrium Tidal Surface Flux [W/m^2]: 0.00000000

Derivative of Secondary's Spin Rate: -5.50310254e-23
Secondary dObl/dt: 7.54363604e-20
Secondary Equilibrium Rotation Rate: 7.21090391
Secondary Equilibrium Rotation Period: 0.87134503
Secondary Tidal Heat [W]: 2.52773382e+13
Secondary Tidal Surface Flux [W/m^2]: 0.00954272
Secondary Equilibrium Tidal Surface Flux [W/m^2]: 4.78253241e-06

Use Discrete Rotation States: 1
Discrete Equilibrium Spin Period: 0.87134503
Continuous Equilibrium Spin Period: 0.87134503
Primary epsilons: 1 1 1 1 1 1
Primary Gamma_Rotation: 4.00000000
Primary Gamma_Orbital: 4.00000000
Secondary epsilons: 1 1 1 1 1 1
Secondary Gamma_Rotation: 4.00000000
Secondary Gamma_Orbital: 4.00000000

----------- Halt ---------

Primary's Minimum Obliquity: -57.29577951
Secondary's Minimum Obliquity: -57.29577951

--------- Primary Body ---------

Primary Final Obliquity: 0.00000000
Primary Final Spin Period: 0.08213552
Primary Final Spin Frequency: 76.49778111

--------- Secondary Body ---------

Secondary Final Obliquity: 29.13887691
Secondary Final Spin Period: 0.00426595
Secondary Final Spin Frequency: 1472.86902525
Final Angular Size of Primary body: 0.47200991

-------------- Orbit ----------

Final Semi-major Axis: 0.85691363
Final Orbital Mean Motion: 7.21089600
Final Orbital Period: 0.87134599
Final Eccentricity: 0.00000000

--------- Tidal Effects ---------

da/dt: 4.17729439e-17
de/dt: 0.00000000
dP/dt: 6.37170665e-17

Derivative of Primary's Spin Rate: -2.91378299e-35
Primary dObl/dt: 0.00000000
Primary Equilibrium Rotation Rate: 7.21089600
Primary Equilibrium Rotation Period: 0.87134599
Primary Tidal Heat [W]: 1.46968671e+07
Primary Tidal Surface Flux [W/m^2]: 4.19456902e-12
Primary Equilibrium Tidal Surface Flux [W/m^2]: 0.00000000

Derivative of Secondary's Spin Rate: -5.50307839e-23
Secondary dObl/dt: 1.43532465e-19
Secondary Equilibrium Rotation Rate: 7.21089600
Secondary Equilibrium Rotation Period: 0.87134599
Secondary Tidal Heat [W]: 1.61941727e+13
Secondary Tidal Surface Flux [W/m^2]: 0.00611364
Secondary Equilibrium Tidal Surface Flux [W/m^2]: 7.13158297e-06

Use Discrete Rotation States: 1
Discrete Equilibrium Spin Period: 0.87134599
Continuous Equilibrium Spin Period: 0.87134599
Primary epsilons: 1 1 1 1 1 1
Primary Gamma_Rotation: 4.00000000
Primary Gamma_Orbital: 4.00000000
Secondary epsilons: 1 1 1 1 1 1
Secondary Gamma_Rotation: 4.00000000
Secondary Gamma_Orbital: 4.00000000

----------- Halt ---------

Primary's Minimum Obliquity: -57.29577951
Secondary's Minimum Obliquity: -57.29577951
