System Name: K05810.01
Tidal Model: Constant-Phase-Lag
Use Discrete Rotation Rate Model: 1
Integration Method: 4th order Runge-Kutta
Verbosity Level: 5

--------- Input/Output Units ---------

Mass Units: Solar
Length Units: AU
Time Units: Years
Angle Units: Degrees
Minimum Value of ecc and obl: 1.00000000e-10

--------- Files ---------

Executable: /Users/rory/src/eqtide/eqtide
Input: tide.in
Forward Output: K05810.01.forward
---------- Integration(s) ----------

Use Variable Timestep: Yes
Timestep Coefficient: 0.01000000

--------- Forward Integration ---------

Input Time Step: 0.00000000
Stop Time: 1.50000000e+10
Output Interval: 1.00000000e+09
Input Minimum Semi-major Axis: 0.00000000
Output Order: Time SemiMajorAxis Eccentricity SecPer[days] OrbPeriod[days] SecObliquity 

--------- Primary Body ---------

Primary Mass: 0.93166600
Primary Radius: 0.00670132
Primary Tidal Q: 1.00000000e+06

Primary Love Number k2: 0.50000000
Primary Input Obliquity: 0.00000000
Primary Input Spin Period: 0.08213552
Primary Input Spin Frequency: 76.49778111
Primary Radius of Gyration: 0.50000000

--------- Secondary Body ---------

Secondary Mass: 7.59252668e-05
Secondary Radius: 0.00010330
Secondary Tidal Q: 34.00000000
Secondary Love Number k2: 0.30000000
Secondary Radius of Gyration: 0.50000000
Secondary Input Obliquity: 23.50000000
Secondary Input Spin Period: 0.00273785
Secondary Input Spin Frequency: 2294.93343338
Input Angular Size of Primary body: 0.71003202

-------------- Orbit ----------

Input Semi-major Axis: 1.08150700
Input Orbital Mean Motion: 5.39231108
Input Orbital Period: 1.16521195
Input Eccentricity: 0.00000000

--------- Tidal Effects ---------

da/dt: 1.50626087e-17
de/dt: 0.00000000
dP/dt: 2.43435967e-17

Derivative of Primary's Spin Rate: -6.91898767e-35
Primary dObl/dt: -0.00000000
Primary Equilibrium Rotation Rate: 5.39231108
Primary Equilibrium Rotation Period: 1.16521195
Primary Tidal Heat [W]: 1.45127953e+08
Primary Tidal Surface Flux [W/m^2]: 1.14913020e-11
Primary Equilibrium Tidal Surface Flux [W/m^2]: 0.00000000

Derivative of Secondary's Spin Rate: -1.65248085e-23
Secondary dObl/dt: 2.26521579e-20
Secondary Equilibrium Rotation Rate: 5.39231108
Secondary Equilibrium Rotation Period: 1.16521195
Secondary Tidal Heat [W]: 1.08052047e+13
Secondary Tidal Surface Flux [W/m^2]: 0.00360085
Secondary Equilibrium Tidal Surface Flux [W/m^2]: 1.34843648e-06

Use Discrete Rotation States: 1
Discrete Equilibrium Spin Period: 1.16521195
Continuous Equilibrium Spin Period: 1.16521195
Primary epsilons: 1 1 1 1 1 1
Primary Gamma_Rotation: 4.00000000
Primary Gamma_Orbital: 4.00000000
Secondary epsilons: 1 1 1 1 1 1
Secondary Gamma_Rotation: 4.00000000
Secondary Gamma_Orbital: 4.00000000

----------- Halt ---------

Primary's Minimum Obliquity: -57.29577951
Secondary's Minimum Obliquity: -57.29577951

--------- Primary Body ---------

Primary Final Obliquity: 0.00000000
Primary Final Spin Period: 0.08213552
Primary Final Spin Frequency: 76.49778111

--------- Secondary Body ---------

Secondary Final Obliquity: 24.83960799
Secondary Final Spin Period: 0.00306784
Secondary Final Spin Frequency: 2048.08216836
Final Angular Size of Primary body: 0.71003187

-------------- Orbit ----------

Final Semi-major Axis: 1.08150723
Final Orbital Mean Motion: 5.39230939
Final Orbital Period: 1.16521232
Final Eccentricity: 0.00000000

--------- Tidal Effects ---------

da/dt: 1.50625914e-17
de/dt: 0.00000000
dP/dt: 2.43435713e-17

Derivative of Primary's Spin Rate: -6.91897900e-35
Primary dObl/dt: -0.00000000
Primary Equilibrium Rotation Rate: 5.39230939
Primary Equilibrium Rotation Period: 1.16521232
Primary Tidal Heat [W]: 1.45127775e+08
Primary Tidal Surface Flux [W/m^2]: 1.14912878e-11
Primary Equilibrium Tidal Surface Flux [W/m^2]: 0.00000000

Derivative of Secondary's Spin Rate: -1.65247878e-23
Secondary dObl/dt: 2.67401367e-20
Secondary Equilibrium Rotation Rate: 5.39230939
Secondary Equilibrium Rotation Period: 1.16521232
Secondary Tidal Heat [W]: 9.64020873e+12
Secondary Tidal Surface Flux [W/m^2]: 0.00321261
Secondary Equilibrium Tidal Surface Flux [W/m^2]: 1.49655770e-06

Use Discrete Rotation States: 1
Discrete Equilibrium Spin Period: 1.16521232
Continuous Equilibrium Spin Period: 1.16521232
Primary epsilons: 1 1 1 1 1 1
Primary Gamma_Rotation: 4.00000000
Primary Gamma_Orbital: 4.00000000
Secondary epsilons: 1 1 1 1 1 1
Secondary Gamma_Rotation: 4.00000000
Secondary Gamma_Orbital: 4.00000000

----------- Halt ---------

Primary's Minimum Obliquity: -57.29577951
Secondary's Minimum Obliquity: -57.29577951
