System Name: K05888.01
Tidal Model: Constant-Phase-Lag
Use Discrete Rotation Rate Model: 1
Integration Method: 4th order Runge-Kutta
Verbosity Level: 5

--------- Input/Output Units ---------

Mass Units: Solar
Length Units: AU
Time Units: Years
Angle Units: Degrees
Minimum Value of ecc and obl: 1.00000000e-10

--------- Files ---------

Executable: /Users/rory/src/eqtide/eqtide
Input: tide.in
Forward Output: K05888.01.forward
---------- Integration(s) ----------

Use Variable Timestep: Yes
Timestep Coefficient: 0.01000000

--------- Forward Integration ---------

Input Time Step: 0.00000000
Stop Time: 1.50000000e+10
Output Interval: 1.00000000e+09
Input Minimum Semi-major Axis: 0.00000000
Output Order: Time SemiMajorAxis Eccentricity SecPer[days] OrbPeriod[days] SecObliquity 

--------- Primary Body ---------

Primary Mass: 0.88994600
Primary Radius: 0.00373432
Primary Tidal Q: 1.00000000e+06

Primary Love Number k2: 0.50000000
Primary Input Obliquity: 0.00000000
Primary Input Spin Period: 0.08213552
Primary Input Spin Frequency: 76.49778111
Primary Radius of Gyration: 0.50000000

--------- Secondary Body ---------

Secondary Mass: 3.64730815e-05
Secondary Radius: 8.44980791e-05
Secondary Tidal Q: 34.00000000
Secondary Love Number k2: 0.30000000
Secondary Radius of Gyration: 0.50000000
Secondary Input Obliquity: 23.50000000
Secondary Input Spin Period: 0.00273785
Secondary Input Spin Frequency: 2294.93343338
Input Angular Size of Primary body: 0.68573093

-------------- Orbit ----------

Input Semi-major Axis: 0.62403000
Input Orbital Mean Motion: 12.02412952
Input Orbital Period: 0.52254804
Input Eccentricity: 0.00000000

--------- Tidal Effects ---------

da/dt: 2.20611278e-16
de/dt: 0.00000000
dP/dt: 2.77107719e-16

Derivative of Primary's Spin Rate: -7.83807288e-35
Primary dObl/dt: -0.00000000
Primary Equilibrium Rotation Rate: 12.02412952
Primary Equilibrium Rotation Period: 0.52254804
Primary Tidal Heat [W]: 4.42184591e+07
Primary Tidal Surface Flux [W/m^2]: 1.12750543e-11
Primary Equilibrium Tidal Surface Flux [W/m^2]: 0.00000000

Derivative of Secondary's Spin Rate: -4.65575853e-22
Secondary dObl/dt: 6.38210040e-19
Secondary Equilibrium Rotation Rate: 12.02412952
Secondary Equilibrium Rotation Period: 0.52254804
Secondary Tidal Heat [W]: 9.75753459e+13
Secondary Tidal Surface Flux [W/m^2]: 0.04859426
Secondary Equilibrium Tidal Surface Flux [W/m^2]: 4.06957766e-05

Use Discrete Rotation States: 1
Discrete Equilibrium Spin Period: 0.52254804
Continuous Equilibrium Spin Period: 0.52254804
Primary epsilons: 1 1 1 1 1 1
Primary Gamma_Rotation: 4.00000000
Primary Gamma_Orbital: 4.00000000
Secondary epsilons: 1 1 1 1 1 1
Secondary Gamma_Rotation: 4.00000000
Secondary Gamma_Orbital: 4.00000000

----------- Halt ---------

Primary's Minimum Obliquity: -57.29577951
Secondary's Minimum Obliquity: -57.29577951

--------- Primary Body ---------

Primary Final Obliquity: 0.00000000
Primary Final Spin Period: 0.08213552
Primary Final Spin Frequency: 76.49778111

--------- Secondary Body ---------

Secondary Final Obliquity: 42.80359131
Secondary Final Spin Period: 0.47898018
Secondary Final Spin Frequency: 13.11783984
Final Angular Size of Primary body: 0.68572976

-------------- Orbit ----------

Final Semi-major Axis: 0.62403106
Final Orbital Mean Motion: 12.02409885
Final Orbital Period: 0.52254937
Final Eccentricity: 0.00000000

--------- Tidal Effects ---------

da/dt: 1.69006191e-17
de/dt: -0.00000000
dP/dt: 2.12287242e-17

Derivative of Primary's Spin Rate: -7.83799292e-35
Primary dObl/dt: -0.00000000
Primary Equilibrium Rotation Rate: 12.02409885
Primary Equilibrium Rotation Period: 0.52254937
Primary Tidal Heat [W]: 4.42180290e+07
Primary Tidal Surface Flux [W/m^2]: 1.12749447e-11
Primary Equilibrium Tidal Surface Flux [W/m^2]: 0.00000000

Derivative of Secondary's Spin Rate: 2.93873605e-39
Secondary dObl/dt: -1.90260667e-16
Secondary Equilibrium Rotation Rate: 12.02409885
Secondary Equilibrium Rotation Period: 0.52254937
Secondary Tidal Heat [W]: 2.62444818e+11
Secondary Tidal Surface Flux [W/m^2]: 0.00013070
Secondary Equilibrium Tidal Surface Flux [W/m^2]: 0.00011817

Use Discrete Rotation States: 1
Discrete Equilibrium Spin Period: 0.52254937
Continuous Equilibrium Spin Period: 0.52254937
Primary epsilons: 1 1 1 1 1 1
Primary Gamma_Rotation: 4.00000000
Primary Gamma_Orbital: 4.00000000
Secondary epsilons: 1 -1 1 1 -1 1
Secondary Gamma_Rotation: 2.15318807
Secondary Gamma_Orbital: 0.30637615

----------- Halt ---------

Primary's Minimum Obliquity: -57.29577951
Secondary's Minimum Obliquity: -57.29577951
