System Name: K05819.01
Tidal Model: Constant-Phase-Lag
Use Discrete Rotation Rate Model: 1
Integration Method: 4th order Runge-Kutta
Verbosity Level: 5

--------- Input/Output Units ---------

Mass Units: Solar
Length Units: AU
Time Units: Years
Angle Units: Degrees
Minimum Value of ecc and obl: 1.00000000e-10

--------- Files ---------

Executable: /Users/rory/src/eqtide/eqtide
Input: tide.in
Forward Output: K05819.01.forward
---------- Integration(s) ----------

Use Variable Timestep: Yes
Timestep Coefficient: 0.01000000

--------- Forward Integration ---------

Input Time Step: 0.00000000
Stop Time: 1.50000000e+10
Output Interval: 1.00000000e+09
Input Minimum Semi-major Axis: 0.00000000
Output Order: Time SemiMajorAxis Eccentricity SecPer[days] OrbPeriod[days] SecObliquity 

--------- Primary Body ---------

Primary Mass: 0.79687000
Primary Radius: 0.00339019
Primary Tidal Q: 1.00000000e+06

Primary Love Number k2: 0.50000000
Primary Input Obliquity: 0.00000000
Primary Input Spin Period: 0.08213552
Primary Input Spin Frequency: 76.49778111
Primary Radius of Gyration: 0.50000000

--------- Secondary Body ---------

Secondary Mass: 8.88282234e-06
Secondary Radius: 5.73833732e-05
Secondary Tidal Q: 34.00000000
Secondary Love Number k2: 0.30000000
Secondary Radius of Gyration: 0.50000000
Secondary Input Obliquity: 23.50000000
Secondary Input Spin Period: 0.00273785
Secondary Input Spin Frequency: 2294.93343338
Input Angular Size of Primary body: 0.40713787

-------------- Orbit ----------

Input Semi-major Axis: 0.95418600
Input Orbital Mean Motion: 6.01752247
Input Orbital Period: 1.04414821
Input Eccentricity: 0.00000000

--------- Tidal Effects ---------

da/dt: 1.07255167e-17
de/dt: 0.00000000
dP/dt: 1.76052020e-17

Derivative of Primary's Spin Rate: -3.03957620e-37
Primary dObl/dt: -0.00000000
Primary Equilibrium Rotation Rate: 6.01752247
Primary Equilibrium Rotation Period: 1.04414821
Primary Tidal Heat [W]: 1.38337636e+05
Primary Tidal Surface Flux [W/m^2]: 4.27987834e-14
Primary Equilibrium Tidal Surface Flux [W/m^2]: 0.00000000

Derivative of Secondary's Spin Rate: -3.75588128e-23
Secondary dObl/dt: 5.14855399e-20
Secondary Equilibrium Rotation Rate: 6.01752247
Secondary Equilibrium Rotation Period: 1.04414821
Secondary Tidal Heat [W]: 8.86461103e+11
Secondary Tidal Surface Flux [W/m^2]: 0.00095725
Secondary Equilibrium Tidal Surface Flux [W/m^2]: 4.00141267e-07

Use Discrete Rotation States: 1
Discrete Equilibrium Spin Period: 1.04414821
Continuous Equilibrium Spin Period: 1.04414821
Primary epsilons: 1 1 1 1 1 1
Primary Gamma_Rotation: 4.00000000
Primary Gamma_Orbital: 4.00000000
Secondary epsilons: 1 1 1 1 1 1
Secondary Gamma_Rotation: 4.00000000
Secondary Gamma_Orbital: 4.00000000

----------- Halt ---------

Primary's Minimum Obliquity: -57.29577951
Secondary's Minimum Obliquity: -57.29577951

--------- Primary Body ---------

Primary Final Obliquity: 0.00000000
Primary Final Spin Period: 0.08213552
Primary Final Spin Frequency: 76.49778111

--------- Secondary Body ---------

Secondary Final Obliquity: 26.93264116
Secondary Final Spin Period: 0.00362379
Secondary Final Spin Frequency: 1733.87146674
Final Angular Size of Primary body: 0.40713781

-------------- Orbit ----------

Final Semi-major Axis: 0.95418616
Final Orbital Mean Motion: 6.01752095
Final Orbital Period: 1.04414847
Final Eccentricity: 0.00000000

--------- Tidal Effects ---------

da/dt: 1.07255068e-17
de/dt: 0.00000000
dP/dt: 1.76051871e-17

Derivative of Primary's Spin Rate: -3.03957312e-37
Primary dObl/dt: -0.00000000
Primary Equilibrium Rotation Rate: 6.01752095
Primary Equilibrium Rotation Period: 1.04414847
Primary Tidal Heat [W]: 1.38337499e+05
Primary Tidal Surface Flux [W/m^2]: 4.27987410e-14
Primary Equilibrium Tidal Surface Flux [W/m^2]: 0.00000000

Derivative of Secondary's Spin Rate: -3.75587748e-23
Secondary dObl/dt: 7.74072491e-20
Secondary Equilibrium Rotation Rate: 6.01752095
Secondary Equilibrium Rotation Period: 1.04414847
Secondary Tidal Heat [W]: 6.69169959e+11
Secondary Tidal Surface Flux [W/m^2]: 0.00072261
Secondary Equilibrium Tidal Surface Flux [W/m^2]: 5.16297401e-07

Use Discrete Rotation States: 1
Discrete Equilibrium Spin Period: 1.04414847
Continuous Equilibrium Spin Period: 1.04414847
Primary epsilons: 1 1 1 1 1 1
Primary Gamma_Rotation: 4.00000000
Primary Gamma_Orbital: 4.00000000
Secondary epsilons: 1 1 1 1 1 1
Secondary Gamma_Rotation: 4.00000000
Secondary Gamma_Orbital: 4.00000000

----------- Halt ---------

Primary's Minimum Obliquity: -57.29577951
Secondary's Minimum Obliquity: -57.29577951
