System Name: K05801.01
Tidal Model: Constant-Phase-Lag
Use Discrete Rotation Rate Model: 1
Integration Method: 4th order Runge-Kutta
Verbosity Level: 5

--------- Input/Output Units ---------

Mass Units: Solar
Length Units: AU
Time Units: Years
Angle Units: Degrees
Minimum Value of ecc and obl: 1.00000000e-10

--------- Files ---------

Executable: /Users/rory/src/eqtide/eqtide
Input: tide.in
Forward Output: K05801.01.forward
---------- Integration(s) ----------

Use Variable Timestep: Yes
Timestep Coefficient: 0.01000000

--------- Forward Integration ---------

Input Time Step: 0.00000000
Stop Time: 1.50000000e+10
Output Interval: 1.00000000e+09
Input Minimum Semi-major Axis: 0.00000000
Output Order: Time SemiMajorAxis Eccentricity SecPer[days] OrbPeriod[days] SecObliquity 

--------- Primary Body ---------

Primary Mass: 1.01289300
Primary Radius: 0.00427378
Primary Tidal Q: 1.00000000e+06

Primary Love Number k2: 0.50000000
Primary Input Obliquity: 0.00000000
Primary Input Spin Period: 0.08213552
Primary Input Spin Frequency: 76.49778111
Primary Radius of Gyration: 0.50000000

--------- Secondary Body ---------

Secondary Mass: 4.90298589e-05
Secondary Radius: 9.16323948e-05
Secondary Tidal Q: 34.00000000
Secondary Love Number k2: 0.30000000
Secondary Radius of Gyration: 0.50000000
Secondary Input Obliquity: 23.50000000
Secondary Input Spin Period: 0.00273785
Secondary Input Spin Frequency: 2294.93343338
Input Angular Size of Primary body: 0.78928255

-------------- Orbit ----------

Input Semi-major Axis: 0.62047600
Input Orbital Mean Motion: 12.93826184
Input Orbital Period: 0.48562824
Input Eccentricity: 0.00000000

--------- Tidal Effects ---------

da/dt: 3.08390091e-16
de/dt: 0.00000000
dP/dt: 3.62060486e-16

Derivative of Primary's Spin Rate: -1.93049438e-34
Primary dObl/dt: -0.00000000
Primary Equilibrium Rotation Rate: 12.93826184
Primary Equilibrium Rotation Period: 0.48562824
Primary Tidal Heat [W]: 1.60051972e+08
Primary Tidal Surface Flux [W/m^2]: 3.11584709e-11
Primary Equilibrium Tidal Surface Flux [W/m^2]: 0.00000000

Derivative of Secondary's Spin Rate: -5.92095252e-22
Secondary dObl/dt: 8.11642393e-19
Secondary Equilibrium Rotation Rate: 12.93826184
Secondary Equilibrium Rotation Period: 0.48562824
Secondary Tidal Heat [W]: 1.96092003e+14
Secondary Tidal Surface Flux [W/m^2]: 0.08304249
Secondary Equilibrium Tidal Surface Flux [W/m^2]: 7.48619177e-05

Use Discrete Rotation States: 1
Discrete Equilibrium Spin Period: 0.48562824
Continuous Equilibrium Spin Period: 0.48562824
Primary epsilons: 1 1 1 1 1 1
Primary Gamma_Rotation: 4.00000000
Primary Gamma_Orbital: 4.00000000
Secondary epsilons: 1 1 1 1 1 1
Secondary Gamma_Rotation: 4.00000000
Secondary Gamma_Orbital: 4.00000000

----------- Halt ---------

Primary's Minimum Obliquity: -57.29577951
Secondary's Minimum Obliquity: -57.29577951

--------- Primary Body ---------

Primary Final Obliquity: 0.00000000
Primary Final Spin Period: 0.08213552
Primary Final Spin Frequency: 76.49778111

--------- Secondary Body ---------

Secondary Final Obliquity: 42.12393802
Secondary Final Spin Period: 0.44230084
Secondary Final Spin Frequency: 14.20568257
Final Angular Size of Primary body: 0.78928107

-------------- Orbit ----------

Final Semi-major Axis: 0.62047716
Final Orbital Mean Motion: 12.93822545
Final Orbital Period: 0.48562960
Final Eccentricity: 0.00000000

--------- Tidal Effects ---------

da/dt: 3.09161924e-17
de/dt: -0.00000000
dP/dt: 3.62966985e-17

Derivative of Primary's Spin Rate: -1.93047266e-34
Primary dObl/dt: -0.00000000
Primary Equilibrium Rotation Rate: 12.93822545
Primary Equilibrium Rotation Period: 0.48562960
Primary Tidal Heat [W]: 1.60050264e+08
Primary Tidal Surface Flux [W/m^2]: 3.11581383e-11
Primary Equilibrium Tidal Surface Flux [W/m^2]: 0.00000000

Derivative of Secondary's Spin Rate: 2.93873605e-39
Secondary dObl/dt: -2.20556848e-16
Secondary Equilibrium Rotation Rate: 12.93822545
Secondary Equilibrium Rotation Period: 0.48562960
Secondary Tidal Heat [W]: 5.60085050e+11
Secondary Tidal Surface Flux [W/m^2]: 0.00023719
Secondary Equilibrium Tidal Surface Flux [W/m^2]: 0.00021182

Use Discrete Rotation States: 1
Discrete Equilibrium Spin Period: 0.48562960
Continuous Equilibrium Spin Period: 0.48562960
Primary epsilons: 1 1 1 1 1 1
Primary Gamma_Rotation: 4.00000000
Primary Gamma_Orbital: 4.00000000
Secondary epsilons: 1 -1 1 1 -1 1
Secondary Gamma_Rotation: 2.20044989
Secondary Gamma_Orbital: 0.40089978

----------- Halt ---------

Primary's Minimum Obliquity: -57.29577951
Secondary's Minimum Obliquity: -57.29577951
