System Name: K05829.01
Tidal Model: Constant-Phase-Lag
Use Discrete Rotation Rate Model: 1
Integration Method: 4th order Runge-Kutta
Verbosity Level: 5

--------- Input/Output Units ---------

Mass Units: Solar
Length Units: AU
Time Units: Years
Angle Units: Degrees
Minimum Value of ecc and obl: 1.00000000e-10

--------- Files ---------

Executable: /Users/rory/src/eqtide/eqtide
Input: tide.in
Forward Output: K05829.01.forward
---------- Integration(s) ----------

Use Variable Timestep: Yes
Timestep Coefficient: 0.01000000

--------- Forward Integration ---------

Input Time Step: 0.00000000
Stop Time: 1.50000000e+10
Output Interval: 1.00000000e+09
Input Minimum Semi-major Axis: 0.00000000
Output Order: Time SemiMajorAxis Eccentricity SecPer[days] OrbPeriod[days] SecObliquity 

--------- Primary Body ---------

Primary Mass: 0.97707800
Primary Radius: 0.00399940
Primary Tidal Q: 1.00000000e+06

Primary Love Number k2: 0.50000000
Primary Input Obliquity: 0.00000000
Primary Input Spin Period: 0.08213552
Primary Input Spin Frequency: 76.49778111
Primary Radius of Gyration: 0.50000000

--------- Secondary Body ---------

Secondary Mass: 4.33996412e-05
Secondary Radius: 8.86207487e-05
Secondary Tidal Q: 34.00000000
Secondary Love Number k2: 0.30000000
Secondary Radius of Gyration: 0.50000000
Secondary Input Obliquity: 23.50000000
Secondary Input Spin Period: 0.00273785
Secondary Input Spin Frequency: 2294.93343338
Input Angular Size of Primary body: 0.33782640

-------------- Orbit ----------

Input Semi-major Axis: 1.35660200
Input Orbital Mean Motion: 3.93067109
Input Orbital Period: 1.59850193
Input Eccentricity: 0.00000000

--------- Tidal Effects ---------

da/dt: 3.78050437e-18
de/dt: 0.00000000
dP/dt: 6.68207521e-18

Derivative of Primary's Spin Rate: -1.17635362e-36
Primary dObl/dt: 0.00000000
Primary Equilibrium Rotation Rate: 3.93067109
Primary Equilibrium Rotation Period: 1.59850193
Primary Tidal Heat [W]: 9.40635039e+05
Primary Tidal Surface Flux [W/m^2]: 2.09107871e-13
Primary Equilibrium Tidal Surface Flux [W/m^2]: 0.00000000

Derivative of Secondary's Spin Rate: -5.15456185e-24
Secondary dObl/dt: 7.06586034e-21
Secondary Equilibrium Rotation Rate: 3.93067109
Secondary Equilibrium Rotation Period: 1.59850193
Secondary Tidal Heat [W]: 1.41895689e+12
Secondary Tidal Surface Flux [W/m^2]: 0.00064245
Secondary Equilibrium Tidal Surface Flux [W/m^2]: 1.75257813e-07

Use Discrete Rotation States: 1
Discrete Equilibrium Spin Period: 1.59850193
Continuous Equilibrium Spin Period: 1.59850193
Primary epsilons: 1 1 1 1 1 1
Primary Gamma_Rotation: 4.00000000
Primary Gamma_Orbital: 4.00000000
Secondary epsilons: 1 1 1 1 1 1
Secondary Gamma_Rotation: 4.00000000
Secondary Gamma_Orbital: 4.00000000

----------- Halt ---------

Primary's Minimum Obliquity: -57.29577951
Secondary's Minimum Obliquity: -57.29577951

--------- Primary Body ---------

Primary Final Obliquity: 0.00000000
Primary Final Spin Period: 0.08213552
Primary Final Spin Frequency: 76.49778111

--------- Secondary Body ---------

Secondary Final Obliquity: 23.89336934
Secondary Final Spin Period: 0.00283290
Secondary Final Spin Frequency: 2217.93340352
Final Angular Size of Primary body: 0.33782638

-------------- Orbit ----------

Final Semi-major Axis: 1.35660206
Final Orbital Mean Motion: 3.93067084
Final Orbital Period: 1.59850203
Final Eccentricity: 0.00000000

--------- Tidal Effects ---------

da/dt: 3.78050350e-18
de/dt: 0.00000000
dP/dt: 6.68207382e-18

Derivative of Primary's Spin Rate: -1.17635333e-36
Primary dObl/dt: 0.00000000
Primary Equilibrium Rotation Rate: 3.93067084
Primary Equilibrium Rotation Period: 1.59850203
Primary Tidal Heat [W]: 9.40634807e+05
Primary Tidal Surface Flux [W/m^2]: 2.09107819e-13
Primary Equilibrium Tidal Surface Flux [W/m^2]: 0.00000000

Derivative of Secondary's Spin Rate: -5.15456055e-24
Secondary dObl/dt: 7.42643268e-21
Secondary Equilibrium Rotation Rate: 3.93067084
Secondary Equilibrium Rotation Period: 1.59850203
Secondary Tidal Heat [W]: 1.37126576e+12
Secondary Tidal Surface Flux [W/m^2]: 0.00062085
Secondary Equilibrium Tidal Surface Flux [W/m^2]: 1.80827579e-07

Use Discrete Rotation States: 1
Discrete Equilibrium Spin Period: 1.59850203
Continuous Equilibrium Spin Period: 1.59850203
Primary epsilons: 1 1 1 1 1 1
Primary Gamma_Rotation: 4.00000000
Primary Gamma_Orbital: 4.00000000
Secondary epsilons: 1 1 1 1 1 1
Secondary Gamma_Rotation: 4.00000000
Secondary Gamma_Orbital: 4.00000000

----------- Halt ---------

Primary's Minimum Obliquity: -57.29577951
Secondary's Minimum Obliquity: -57.29577951
