System Name: K05885.01
Tidal Model: Constant-Phase-Lag
Use Discrete Rotation Rate Model: 1
Integration Method: 4th order Runge-Kutta
Verbosity Level: 5

--------- Input/Output Units ---------

Mass Units: Solar
Length Units: AU
Time Units: Years
Angle Units: Degrees
Minimum Value of ecc and obl: 1.00000000e-10

--------- Files ---------

Executable: /Users/rory/src/eqtide/eqtide
Input: tide.in
Forward Output: K05885.01.forward
---------- Integration(s) ----------

Use Variable Timestep: Yes
Timestep Coefficient: 0.01000000

--------- Forward Integration ---------

Input Time Step: 0.00000000
Stop Time: 1.50000000e+10
Output Interval: 1.00000000e+09
Input Minimum Semi-major Axis: 0.00000000
Output Order: Time SemiMajorAxis Eccentricity SecPer[days] OrbPeriod[days] SecObliquity 

--------- Primary Body ---------

Primary Mass: 1.06303900
Primary Radius: 0.00440864
Primary Tidal Q: 1.00000000e+06

Primary Love Number k2: 0.50000000
Primary Input Obliquity: 0.00000000
Primary Input Spin Period: 0.08213552
Primary Input Spin Frequency: 76.49778111
Primary Radius of Gyration: 0.50000000

--------- Secondary Body ---------

Secondary Mass: 4.14835893e-05
Secondary Radius: 8.75312131e-05
Secondary Tidal Q: 34.00000000
Secondary Love Number k2: 0.30000000
Secondary Radius of Gyration: 0.50000000
Secondary Input Obliquity: 23.50000000
Secondary Input Spin Period: 0.00273785
Secondary Input Spin Frequency: 2294.93343338
Input Angular Size of Primary body: 1.09408531

-------------- Orbit ----------

Input Semi-major Axis: 0.46173500
Input Orbital Mean Motion: 20.64738237
Input Orbital Period: 0.30430905
Input Eccentricity: 0.00000000

--------- Tidal Effects ---------

da/dt: 1.58327796e-15
de/dt: 0.00000000
dP/dt: 1.56523292e-15

Derivative of Primary's Spin Rate: -8.51110418e-34
Primary dObl/dt: -0.00000000
Primary Equilibrium Rotation Rate: 20.64738237
Primary Equilibrium Rotation Period: 0.30430905
Primary Tidal Heat [W]: 6.92461050e+08
Primary Tidal Surface Flux [W/m^2]: 1.26684886e-10
Primary Equilibrium Tidal Surface Flux [W/m^2]: 0.00000000

Derivative of Secondary's Spin Rate: -3.95623459e-21
Secondary dObl/dt: 5.42319433e-18
Secondary Equilibrium Rotation Rate: 20.64738237
Secondary Equilibrium Rotation Period: 0.30430905
Secondary Tidal Heat [W]: 1.00814781e+15
Secondary Tidal Surface Flux [W/m^2]: 0.46788258
Secondary Equilibrium Tidal Surface Flux [W/m^2]: 0.00067539

Use Discrete Rotation States: 1
Discrete Equilibrium Spin Period: 0.30430905
Continuous Equilibrium Spin Period: 0.30430905
Primary epsilons: 1 1 1 1 1 1
Primary Gamma_Rotation: 4.00000000
Primary Gamma_Orbital: 4.00000000
Secondary epsilons: 1 1 1 1 1 1
Secondary Gamma_Rotation: 4.00000000
Secondary Gamma_Orbital: 4.00000000

----------- Halt ---------

Primary's Minimum Obliquity: -57.29577951
Secondary's Minimum Obliquity: -57.29577951

--------- Primary Body ---------

Primary Final Obliquity: 0.00000000
Primary Final Spin Period: 0.08213552
Primary Final Spin Frequency: 76.49778111

--------- Secondary Body ---------

Secondary Final Obliquity: 38.01939629
Secondary Final Spin Period: 0.27933192
Secondary Final Spin Frequency: 22.49361770
Final Angular Size of Primary body: 1.09408324

-------------- Orbit ----------

Final Semi-major Axis: 0.46173588
Final Orbital Mean Motion: 20.64732351
Final Orbital Period: 0.30430992
Final Eccentricity: 0.00000000

--------- Tidal Effects ---------

da/dt: 3.82018995e-16
de/dt: -0.00000000
dP/dt: 3.77665380e-16

Derivative of Primary's Spin Rate: -8.51100713e-34
Primary dObl/dt: -0.00000000
Primary Equilibrium Rotation Rate: 20.64732351
Primary Equilibrium Rotation Period: 0.30430992
Primary Tidal Heat [W]: 6.92453884e+08
Primary Tidal Surface Flux [W/m^2]: 1.26683575e-10
Primary Equilibrium Tidal Surface Flux [W/m^2]: 0.00000000

Derivative of Secondary's Spin Rate: 2.93873605e-39
Secondary dObl/dt: -8.54657000e-16
Secondary Equilibrium Rotation Rate: 20.64732351
Secondary Equilibrium Rotation Period: 0.30430992
Secondary Tidal Heat [W]: 3.98008375e+12
Secondary Tidal Surface Flux [W/m^2]: 0.00184716
Secondary Equilibrium Tidal Surface Flux [W/m^2]: 0.00161143

Use Discrete Rotation States: 1
Discrete Equilibrium Spin Period: 0.30430992
Continuous Equilibrium Spin Period: 0.30430992
Primary epsilons: 1 1 1 1 1 1
Primary Gamma_Rotation: 4.00000000
Primary Gamma_Orbital: 4.00000000
Secondary epsilons: 1 -1 1 1 -1 1
Secondary Gamma_Rotation: 2.48252979
Secondary Gamma_Orbital: 0.96505957

----------- Halt ---------

Primary's Minimum Obliquity: -57.29577951
Secondary's Minimum Obliquity: -57.29577951
