System Name: K05806.01
Tidal Model: Constant-Phase-Lag
Use Discrete Rotation Rate Model: 1
Integration Method: 4th order Runge-Kutta
Verbosity Level: 5

--------- Input/Output Units ---------

Mass Units: Solar
Length Units: AU
Time Units: Years
Angle Units: Degrees
Minimum Value of ecc and obl: 1.00000000e-10

--------- Files ---------

Executable: /Users/rory/src/eqtide/eqtide
Input: tide.in
Forward Output: K05806.01.forward
---------- Integration(s) ----------

Use Variable Timestep: Yes
Timestep Coefficient: 0.01000000

--------- Forward Integration ---------

Input Time Step: 0.00000000
Stop Time: 1.50000000e+10
Output Interval: 1.00000000e+09
Input Minimum Semi-major Axis: 0.00000000
Output Order: Time SemiMajorAxis Eccentricity SecPer[days] OrbPeriod[days] SecObliquity 

--------- Primary Body ---------

Primary Mass: 0.97984600
Primary Radius: 0.00452490
Primary Tidal Q: 1.00000000e+06

Primary Love Number k2: 0.50000000
Primary Input Obliquity: 0.00000000
Primary Input Spin Period: 0.08213552
Primary Input Spin Frequency: 76.49778111
Primary Radius of Gyration: 0.50000000

--------- Secondary Body ---------

Secondary Mass: 9.61931994e-06
Secondary Radius: 5.86494174e-05
Secondary Tidal Q: 34.00000000
Secondary Love Number k2: 0.30000000
Secondary Radius of Gyration: 0.50000000
Secondary Input Obliquity: 23.50000000
Secondary Input Spin Period: 0.00273785
Secondary Input Spin Frequency: 2294.93343338
Input Angular Size of Primary body: 0.57762070

-------------- Orbit ----------

Input Semi-major Axis: 0.89766700
Input Orbital Mean Motion: 7.31272557
Input Orbital Period: 0.85921251
Input Eccentricity: 0.00000000

--------- Tidal Effects ---------

da/dt: 2.10727045e-17
de/dt: 0.00000000
dP/dt: 3.02551285e-17

Derivative of Primary's Spin Rate: -9.94241971e-37
Primary dObl/dt: -0.00000000
Primary Equilibrium Rotation Rate: 7.31272557
Primary Equilibrium Rotation Period: 0.85921251
Primary Tidal Heat [W]: 9.72982847e+05
Primary Tidal Surface Flux [W/m^2]: 1.68976236e-13
Primary Equilibrium Tidal Surface Flux [W/m^2]: 0.00000000

Derivative of Secondary's Spin Rate: -8.07604486e-23
Secondary dObl/dt: 1.10706251e-19
Secondary Equilibrium Rotation Rate: 7.31272557
Secondary Equilibrium Rotation Period: 0.85921251
Secondary Tidal Heat [W]: 2.15501046e+12
Secondary Tidal Surface Flux [W/m^2]: 0.00222772
Secondary Equilibrium Tidal Surface Flux [W/m^2]: 1.13228345e-06

Use Discrete Rotation States: 1
Discrete Equilibrium Spin Period: 0.85921251
Continuous Equilibrium Spin Period: 0.85921251
Primary epsilons: 1 1 1 1 1 1
Primary Gamma_Rotation: 4.00000000
Primary Gamma_Orbital: 4.00000000
Secondary epsilons: 1 1 1 1 1 1
Secondary Gamma_Rotation: 4.00000000
Secondary Gamma_Orbital: 4.00000000

----------- Halt ---------

Primary's Minimum Obliquity: -57.29577951
Secondary's Minimum Obliquity: -57.29577951

--------- Primary Body ---------

Primary Final Obliquity: 0.00000000
Primary Final Spin Period: 0.08213552
Primary Final Spin Frequency: 76.49778111

--------- Secondary Body ---------

Secondary Final Obliquity: 33.66848255
Secondary Final Spin Period: 0.00577225
Secondary Final Spin Frequency: 1088.51640888
Final Angular Size of Primary body: 0.57762049

-------------- Orbit ----------

Final Semi-major Axis: 0.89766732
Final Orbital Mean Motion: 7.31272170
Final Orbital Period: 0.85921297
Final Eccentricity: 0.00000000

--------- Tidal Effects ---------

da/dt: 2.10726637e-17
de/dt: 0.00000000
dP/dt: 3.02550752e-17

Derivative of Primary's Spin Rate: -9.94239871e-37
Primary dObl/dt: -0.00000000
Primary Equilibrium Rotation Rate: 7.31272170
Primary Equilibrium Rotation Period: 0.85921297
Primary Tidal Heat [W]: 9.72980846e+05
Primary Tidal Surface Flux [W/m^2]: 1.68975889e-13
Primary Equilibrium Tidal Surface Flux [W/m^2]: 0.00000000

Derivative of Secondary's Spin Rate: -8.07602780e-23
Secondary dObl/dt: 3.24503611e-19
Secondary Equilibrium Rotation Rate: 7.31272170
Secondary Equilibrium Rotation Period: 0.85921297
Secondary Tidal Heat [W]: 1.01852563e+12
Secondary Tidal Surface Flux [W/m^2]: 0.00105289
Secondary Equilibrium Tidal Surface Flux [W/m^2]: 2.18866984e-06

Use Discrete Rotation States: 1
Discrete Equilibrium Spin Period: 0.85921297
Continuous Equilibrium Spin Period: 0.85921297
Primary epsilons: 1 1 1 1 1 1
Primary Gamma_Rotation: 4.00000000
Primary Gamma_Orbital: 4.00000000
Secondary epsilons: 1 1 1 1 1 1
Secondary Gamma_Rotation: 4.00000000
Secondary Gamma_Orbital: 4.00000000

----------- Halt ---------

Primary's Minimum Obliquity: -57.29577951
Secondary's Minimum Obliquity: -57.29577951
