System Name: K05856.01
Tidal Model: Constant-Phase-Lag
Use Discrete Rotation Rate Model: 1
Integration Method: 4th order Runge-Kutta
Verbosity Level: 5

--------- Input/Output Units ---------

Mass Units: Solar
Length Units: AU
Time Units: Years
Angle Units: Degrees
Minimum Value of ecc and obl: 1.00000000e-10

--------- Files ---------

Executable: /Users/rory/src/eqtide/eqtide
Input: tide.in
Forward Output: K05856.01.forward
---------- Integration(s) ----------

Use Variable Timestep: Yes
Timestep Coefficient: 0.01000000

--------- Forward Integration ---------

Input Time Step: 0.00000000
Stop Time: 1.50000000e+10
Output Interval: 1.00000000e+09
Input Minimum Semi-major Axis: 0.00000000
Output Order: Time SemiMajorAxis Eccentricity SecPer[days] OrbPeriod[days] SecObliquity 

--------- Primary Body ---------

Primary Mass: 0.77227200
Primary Radius: 0.00395289
Primary Tidal Q: 1.00000000e+06

Primary Love Number k2: 0.50000000
Primary Input Obliquity: 0.00000000
Primary Input Spin Period: 0.08213552
Primary Input Spin Frequency: 76.49778111
Primary Radius of Gyration: 0.50000000

--------- Secondary Body ---------

Secondary Mass: 2.43383783e-05
Secondary Radius: 7.56336380e-05
Secondary Tidal Q: 34.00000000
Secondary Love Number k2: 0.30000000
Secondary Radius of Gyration: 0.50000000
Secondary Input Obliquity: 23.50000000
Secondary Input Spin Period: 0.00273785
Secondary Input Spin Frequency: 2294.93343338
Input Angular Size of Primary body: 0.62033355

-------------- Orbit ----------

Input Semi-major Axis: 0.73019400
Input Orbital Mean Motion: 8.84923482
Input Orbital Period: 0.71002583
Input Eccentricity: 0.00000000

--------- Tidal Effects ---------

da/dt: 6.47111929e-17
de/dt: 0.00000000
dP/dt: 9.43872640e-17

Derivative of Primary's Spin Rate: -1.85846514e-35
Primary dObl/dt: -0.00000000
Primary Equilibrium Rotation Rate: 8.84923482
Primary Equilibrium Rotation Period: 0.71002583
Primary Tidal Heat [W]: 1.06964169e+07
Primary Tidal Surface Flux [W/m^2]: 2.43414587e-12
Primary Equilibrium Tidal Surface Flux [W/m^2]: 0.00000000

Derivative of Secondary's Spin Rate: -1.46788573e-22
Secondary dObl/dt: 2.01217390e-19
Secondary Equilibrium Rotation Rate: 8.84923482
Secondary Equilibrium Rotation Period: 0.71002583
Secondary Tidal Heat [W]: 1.64702789e+13
Secondary Tidal Surface Flux [W/m^2]: 0.01023787
Secondary Equilibrium Tidal Surface Flux [W/m^2]: 6.30118741e-06

Use Discrete Rotation States: 1
Discrete Equilibrium Spin Period: 0.71002583
Continuous Equilibrium Spin Period: 0.71002583
Primary epsilons: 1 1 1 1 1 1
Primary Gamma_Rotation: 4.00000000
Primary Gamma_Orbital: 4.00000000
Secondary epsilons: 1 1 1 1 1 1
Secondary Gamma_Rotation: 4.00000000
Secondary Gamma_Orbital: 4.00000000

----------- Halt ---------

Primary's Minimum Obliquity: -57.29577951
Secondary's Minimum Obliquity: -57.29577951

--------- Primary Body ---------

Primary Final Obliquity: 0.00000000
Primary Final Spin Period: 0.08213552
Primary Final Spin Frequency: 76.49778111

--------- Secondary Body ---------

Secondary Final Obliquity: 89.62666660
Secondary Final Spin Period: 0.06149107
Secondary Final Spin Frequency: 102.18045570
Final Angular Size of Primary body: 0.62033272

-------------- Orbit ----------

Final Semi-major Axis: 0.73019497
Final Orbital Mean Motion: 8.84921717
Final Orbital Period: 0.71002725
Final Eccentricity: 0.00000000

--------- Tidal Effects ---------

da/dt: 6.47107198e-17
de/dt: 0.00000000
dP/dt: 9.43866366e-17

Derivative of Primary's Spin Rate: -1.85845032e-35
Primary dObl/dt: -0.00000000
Primary Equilibrium Rotation Rate: 8.84921717
Primary Equilibrium Rotation Period: 0.71002725
Primary Tidal Heat [W]: 1.06963344e+07
Primary Tidal Surface Flux [W/m^2]: 2.43412709e-12
Primary Equilibrium Tidal Surface Flux [W/m^2]: 0.00000000

Derivative of Secondary's Spin Rate: -1.46787402e-22
Secondary dObl/dt: 1.13332819e-17
Secondary Equilibrium Rotation Rate: 8.84921717
Secondary Equilibrium Rotation Period: 0.71002725
Secondary Tidal Heat [W]: 6.72407111e+11
Secondary Tidal Surface Flux [W/m^2]: 0.00041797
Secondary Equilibrium Tidal Surface Flux [W/m^2]: 3.96278275e-05

Use Discrete Rotation States: 1
Discrete Equilibrium Spin Period: 0.71002725
Continuous Equilibrium Spin Period: 0.71002725
Primary epsilons: 1 1 1 1 1 1
Primary Gamma_Rotation: 4.00000000
Primary Gamma_Orbital: 4.00000000
Secondary epsilons: 1 1 1 1 1 1
Secondary Gamma_Rotation: 4.00000000
Secondary Gamma_Orbital: 4.00000000

----------- Halt ---------

Primary's Minimum Obliquity: -57.29577951
Secondary's Minimum Obliquity: -57.29577951
