System Name: K05949.01
Tidal Model: Constant-Phase-Lag
Use Discrete Rotation Rate Model: 1
Integration Method: 4th order Runge-Kutta
Verbosity Level: 5

--------- Input/Output Units ---------

Mass Units: Solar
Length Units: AU
Time Units: Years
Angle Units: Degrees
Minimum Value of ecc and obl: 1.00000000e-10

--------- Files ---------

Executable: /Users/rory/src/eqtide/eqtide
Input: tide.in
Forward Output: K05949.01.forward
---------- Integration(s) ----------

Use Variable Timestep: Yes
Timestep Coefficient: 0.01000000

--------- Forward Integration ---------

Input Time Step: 0.00000000
Stop Time: 1.50000000e+10
Output Interval: 1.00000000e+09
Input Minimum Semi-major Axis: 0.00000000
Output Order: Time SemiMajorAxis Eccentricity SecPer[days] OrbPeriod[days] SecObliquity 

--------- Primary Body ---------

Primary Mass: 1.01241900
Primary Radius: 0.00516666
Primary Tidal Q: 1.00000000e+06

Primary Love Number k2: 0.50000000
Primary Input Obliquity: 0.00000000
Primary Input Spin Period: 0.08213552
Primary Input Spin Frequency: 76.49778111
Primary Radius of Gyration: 0.50000000

--------- Secondary Body ---------

Secondary Mass: 3.83181819e-05
Secondary Radius: 8.56482842e-05
Secondary Tidal Q: 34.00000000
Secondary Love Number k2: 0.30000000
Secondary Radius of Gyration: 0.50000000
Secondary Input Obliquity: 23.50000000
Secondary Input Spin Period: 0.00273785
Secondary Input Spin Frequency: 2294.93343338
Input Angular Size of Primary body: 0.44356097

-------------- Orbit ----------

Input Semi-major Axis: 1.33477300
Input Orbital Mean Motion: 4.09966494
Input Orbital Period: 1.53260947
Input Eccentricity: 0.00000000

--------- Tidal Effects ---------

da/dt: 4.16350597e-18
de/dt: 0.00000000
dP/dt: 7.17105016e-18

Derivative of Primary's Spin Rate: -2.10310724e-36
Primary dObl/dt: -0.00000000
Primary Equilibrium Rotation Rate: 4.09966494
Primary Equilibrium Rotation Period: 1.53260947
Primary Tidal Heat [W]: 2.90131165e+06
Primary Tidal Surface Flux [W/m^2]: 3.86466980e-13
Primary Equilibrium Tidal Surface Flux [W/m^2]: 0.00000000

Derivative of Secondary's Spin Rate: -6.23670351e-24
Secondary dObl/dt: 8.54925779e-21
Secondary Equilibrium Rotation Rate: 4.09966494
Secondary Equilibrium Rotation Period: 1.53260947
Secondary Tidal Heat [W]: 1.41574739e+12
Secondary Tidal Surface Flux [W/m^2]: 0.00068626
Secondary Equilibrium Tidal Surface Flux [W/m^2]: 1.95272528e-07

Use Discrete Rotation States: 1
Discrete Equilibrium Spin Period: 1.53260947
Continuous Equilibrium Spin Period: 1.53260947
Primary epsilons: 1 1 1 1 1 1
Primary Gamma_Rotation: 4.00000000
Primary Gamma_Orbital: 4.00000000
Secondary epsilons: 1 1 1 1 1 1
Secondary Gamma_Rotation: 4.00000000
Secondary Gamma_Orbital: 4.00000000

----------- Halt ---------

Primary's Minimum Obliquity: -57.29577951
Secondary's Minimum Obliquity: -57.29577951

--------- Primary Body ---------

Primary Final Obliquity: 0.00000000
Primary Final Spin Period: 0.08213552
Primary Final Spin Frequency: 76.49778111

--------- Secondary Body ---------

Secondary Final Obliquity: 23.97860733
Secondary Final Spin Period: 0.00285370
Secondary Final Spin Frequency: 2201.76812402
Final Angular Size of Primary body: 0.44356095

-------------- Orbit ----------

Final Semi-major Axis: 1.33477306
Final Orbital Mean Motion: 4.09966465
Final Orbital Period: 1.53260958
Final Eccentricity: 0.00000000

--------- Tidal Effects ---------

da/dt: 4.16350490e-18
de/dt: 0.00000000
dP/dt: 7.17104848e-18

Derivative of Primary's Spin Rate: -2.10310665e-36
Primary dObl/dt: -0.00000000
Primary Equilibrium Rotation Rate: 4.09966465
Primary Equilibrium Rotation Period: 1.53260958
Primary Tidal Heat [W]: 2.90131084e+06
Primary Tidal Surface Flux [W/m^2]: 3.86466873e-13
Primary Equilibrium Tidal Surface Flux [W/m^2]: 0.00000000

Derivative of Secondary's Spin Rate: -6.23670176e-24
Secondary dObl/dt: 9.08188599e-21
Secondary Equilibrium Rotation Rate: 4.09966465
Secondary Equilibrium Rotation Period: 1.53260958
Secondary Tidal Heat [W]: 1.35817035e+12
Secondary Tidal Surface Flux [W/m^2]: 0.00065835
Secondary Equilibrium Tidal Surface Flux [W/m^2]: 2.02833395e-07

Use Discrete Rotation States: 1
Discrete Equilibrium Spin Period: 1.53260958
Continuous Equilibrium Spin Period: 1.53260958
Primary epsilons: 1 1 1 1 1 1
Primary Gamma_Rotation: 4.00000000
Primary Gamma_Orbital: 4.00000000
Secondary epsilons: 1 1 1 1 1 1
Secondary Gamma_Rotation: 4.00000000
Secondary Gamma_Orbital: 4.00000000

----------- Halt ---------

Primary's Minimum Obliquity: -57.29577951
Secondary's Minimum Obliquity: -57.29577951
