System Name: K05918.01
Tidal Model: Constant-Phase-Lag
Use Discrete Rotation Rate Model: 1
Integration Method: 4th order Runge-Kutta
Verbosity Level: 5

--------- Input/Output Units ---------

Mass Units: Solar
Length Units: AU
Time Units: Years
Angle Units: Degrees
Minimum Value of ecc and obl: 1.00000000e-10

--------- Files ---------

Executable: /Users/rory/src/eqtide/eqtide
Input: tide.in
Forward Output: K05918.01.forward
---------- Integration(s) ----------

Use Variable Timestep: Yes
Timestep Coefficient: 0.01000000

--------- Forward Integration ---------

Input Time Step: 0.00000000
Stop Time: 1.50000000e+10
Output Interval: 1.00000000e+09
Input Minimum Semi-major Axis: 0.00000000
Output Order: Time SemiMajorAxis Eccentricity SecPer[days] OrbPeriod[days] SecObliquity 

--------- Primary Body ---------

Primary Mass: 0.87090000
Primary Radius: 0.00402730
Primary Tidal Q: 1.00000000e+06

Primary Love Number k2: 0.50000000
Primary Input Obliquity: 0.00000000
Primary Input Spin Period: 0.08213552
Primary Input Spin Frequency: 76.49778111
Primary Radius of Gyration: 0.50000000

--------- Secondary Body ---------

Secondary Mass: 1.67077437e-05
Secondary Radius: 6.82267998e-05
Secondary Tidal Q: 34.00000000
Secondary Love Number k2: 0.30000000
Secondary Radius of Gyration: 0.50000000
Secondary Input Obliquity: 23.50000000
Secondary Input Spin Period: 0.00273785
Secondary Input Spin Frequency: 2294.93343338
Input Angular Size of Primary body: 1.18866597

-------------- Orbit ----------

Input Semi-major Axis: 0.38823200
Input Orbital Mean Motion: 24.23943200
Input Orbital Period: 0.25921339
Input Eccentricity: 0.00000000

--------- Tidal Effects ---------

da/dt: 2.17647005e-15
de/dt: 0.00000000
dP/dt: 2.17978782e-15

Derivative of Primary's Spin Rate: -3.63569326e-34
Primary dObl/dt: -0.00000000
Primary Equilibrium Rotation Rate: 24.23943200
Primary Equilibrium Rotation Period: 0.25921339
Primary Tidal Heat [W]: 1.89218802e+08
Primary Tidal Surface Flux [W/m^2]: 4.14834277e-11
Primary Equilibrium Tidal Surface Flux [W/m^2]: 0.00000000

Derivative of Secondary's Spin Rate: -8.83616265e-21
Secondary dObl/dt: 1.21125881e-17
Secondary Equilibrium Rotation Rate: 24.23943200
Secondary Equilibrium Rotation Period: 0.25921339
Secondary Tidal Heat [W]: 5.50104231e+14
Secondary Tidal Surface Flux [W/m^2]: 0.42021693
Secondary Equilibrium Tidal Surface Flux [W/m^2]: 0.00071324

Use Discrete Rotation States: 1
Discrete Equilibrium Spin Period: 0.25921339
Continuous Equilibrium Spin Period: 0.25921339
Primary epsilons: 1 1 1 1 1 1
Primary Gamma_Rotation: 4.00000000
Primary Gamma_Orbital: 4.00000000
Secondary epsilons: 1 1 1 1 1 1
Secondary Gamma_Rotation: 4.00000000
Secondary Gamma_Orbital: 4.00000000

----------- Halt ---------

Primary's Minimum Obliquity: -57.29577951
Secondary's Minimum Obliquity: -57.29577951

--------- Primary Body ---------

Primary Final Obliquity: 0.00000000
Primary Final Spin Period: 0.08213552
Primary Final Spin Frequency: 76.49778111

--------- Secondary Body ---------

Secondary Final Obliquity: 37.65523175
Secondary Final Spin Period: 0.23568758
Secondary Final Spin Frequency: 26.65895817
Final Angular Size of Primary body: 1.18866433

-------------- Orbit ----------

Final Semi-major Axis: 0.38823254
Final Orbital Mean Motion: 24.23938178
Final Orbital Period: 0.25921393
Final Eccentricity: 0.00000000

--------- Tidal Effects ---------

da/dt: 5.51932183e-16
de/dt: -0.00000000
dP/dt: 5.52773918e-16

Derivative of Primary's Spin Rate: -3.63566313e-34
Primary dObl/dt: -0.00000000
Primary Equilibrium Rotation Rate: 24.23938178
Primary Equilibrium Rotation Period: 0.25921393
Primary Tidal Heat [W]: 1.89217416e+08
Primary Tidal Surface Flux [W/m^2]: 4.14831237e-11
Primary Equilibrium Tidal Surface Flux [W/m^2]: 0.00000000

Derivative of Secondary's Spin Rate: 2.93873605e-39
Secondary dObl/dt: -1.59748642e-15
Secondary Equilibrium Rotation Rate: 24.23938178
Secondary Equilibrium Rotation Period: 0.25921393
Secondary Tidal Heat [W]: 2.55898212e+12
Secondary Tidal Surface Flux [W/m^2]: 0.00195477
Secondary Equilibrium Tidal Surface Flux [W/m^2]: 0.00167412

Use Discrete Rotation States: 1
Discrete Equilibrium Spin Period: 0.25921393
Continuous Equilibrium Spin Period: 0.25921393
Primary epsilons: 1 1 1 1 1 1
Primary Gamma_Rotation: 4.00000000
Primary Gamma_Orbital: 4.00000000
Secondary epsilons: 1 -1 1 1 -1 1
Secondary Gamma_Rotation: 2.50716259
Secondary Gamma_Orbital: 1.01432518

----------- Halt ---------

Primary's Minimum Obliquity: -57.29577951
Secondary's Minimum Obliquity: -57.29577951
