System Name: K05948.01
Tidal Model: Constant-Phase-Lag
Use Discrete Rotation Rate Model: 1
Integration Method: 4th order Runge-Kutta
Verbosity Level: 5

--------- Input/Output Units ---------

Mass Units: Solar
Length Units: AU
Time Units: Years
Angle Units: Degrees
Minimum Value of ecc and obl: 1.00000000e-10

--------- Files ---------

Executable: /Users/rory/src/eqtide/eqtide
Input: tide.in
Forward Output: K05948.01.forward
---------- Integration(s) ----------

Use Variable Timestep: Yes
Timestep Coefficient: 0.01000000

--------- Forward Integration ---------

Input Time Step: 0.00000000
Stop Time: 1.50000000e+10
Output Interval: 1.00000000e+09
Input Minimum Semi-major Axis: 0.00000000
Output Order: Time SemiMajorAxis Eccentricity SecPer[days] OrbPeriod[days] SecObliquity 

--------- Primary Body ---------

Primary Mass: 0.82873500
Primary Radius: 0.00352970
Primary Tidal Q: 1.00000000e+06

Primary Love Number k2: 0.50000000
Primary Input Obliquity: 0.00000000
Primary Input Spin Period: 0.08213552
Primary Input Spin Frequency: 76.49778111
Primary Radius of Gyration: 0.50000000

--------- Secondary Body ---------

Secondary Mass: 7.97858287e-06
Secondary Radius: 5.57200994e-05
Secondary Tidal Q: 34.00000000
Secondary Love Number k2: 0.30000000
Secondary Radius of Gyration: 0.50000000
Secondary Input Obliquity: 23.50000000
Secondary Input Spin Period: 0.00273785
Secondary Input Spin Frequency: 2294.93343338
Input Angular Size of Primary body: 0.40630597

-------------- Orbit ----------

Input Semi-major Axis: 0.99548700
Input Orbital Mean Motion: 5.75874255
Input Orbital Period: 1.09106897
Input Eccentricity: 0.00000000

--------- Tidal Effects ---------

da/dt: 8.65965406e-18
de/dt: 0.00000000
dP/dt: 1.42367384e-17

Derivative of Primary's Spin Rate: -2.06377252e-37
Primary dObl/dt: -0.00000000
Primary Equilibrium Rotation Rate: 5.75874255
Primary Equilibrium Rotation Period: 1.09106897
Primary Tidal Heat [W]: 1.06276564e+05
Primary Tidal Surface Flux [W/m^2]: 3.03319325e-14
Primary Equilibrium Tidal Surface Flux [W/m^2]: 0.00000000

Derivative of Secondary's Spin Rate: -3.21111299e-23
Secondary dObl/dt: 4.40178693e-20
Secondary Equilibrium Rotation Rate: 5.75874255
Secondary Equilibrium Rotation Period: 1.09106897
Secondary Tidal Heat [W]: 6.41917054e+11
Secondary Tidal Surface Flux [W/m^2]: 0.00073518
Secondary Equilibrium Tidal Surface Flux [W/m^2]: 2.94063960e-07

Use Discrete Rotation States: 1
Discrete Equilibrium Spin Period: 1.09106897
Continuous Equilibrium Spin Period: 1.09106897
Primary epsilons: 1 1 1 1 1 1
Primary Gamma_Rotation: 4.00000000
Primary Gamma_Orbital: 4.00000000
Secondary epsilons: 1 1 1 1 1 1
Secondary Gamma_Rotation: 4.00000000
Secondary Gamma_Orbital: 4.00000000

----------- Halt ---------

Primary's Minimum Obliquity: -57.29577951
Secondary's Minimum Obliquity: -57.29577951

--------- Primary Body ---------

Primary Final Obliquity: 0.00000000
Primary Final Spin Period: 0.08213552
Primary Final Spin Frequency: 76.49778111

--------- Secondary Body ---------

Secondary Final Obliquity: 26.33954413
Secondary Final Spin Period: 0.00346133
Secondary Final Spin Frequency: 1815.25012001
Final Angular Size of Primary body: 0.40630592

-------------- Orbit ----------

Final Semi-major Axis: 0.99548713
Final Orbital Mean Motion: 5.75874142
Final Orbital Period: 1.09106919
Final Eccentricity: 0.00000000

--------- Tidal Effects ---------

da/dt: 8.65964784e-18
de/dt: 0.00000000
dP/dt: 1.42367291e-17

Derivative of Primary's Spin Rate: -2.06377090e-37
Primary dObl/dt: -0.00000000
Primary Equilibrium Rotation Rate: 5.75874142
Primary Equilibrium Rotation Period: 1.09106919
Primary Tidal Heat [W]: 1.06276482e+05
Primary Tidal Surface Flux [W/m^2]: 3.03319093e-14
Primary Equilibrium Tidal Surface Flux [W/m^2]: 0.00000000

Derivative of Secondary's Spin Rate: -3.21111048e-23
Secondary dObl/dt: 6.19215907e-20
Secondary Equilibrium Rotation Rate: 5.75874142
Secondary Equilibrium Rotation Period: 1.09106919
Secondary Tidal Heat [W]: 5.07406652e+11
Secondary Tidal Surface Flux [W/m^2]: 0.00058113
Secondary Equilibrium Tidal Surface Flux [W/m^2]: 3.64083450e-07

Use Discrete Rotation States: 1
Discrete Equilibrium Spin Period: 1.09106919
Continuous Equilibrium Spin Period: 1.09106919
Primary epsilons: 1 1 1 1 1 1
Primary Gamma_Rotation: 4.00000000
Primary Gamma_Orbital: 4.00000000
Secondary epsilons: 1 1 1 1 1 1
Secondary Gamma_Rotation: 4.00000000
Secondary Gamma_Orbital: 4.00000000

----------- Halt ---------

Primary's Minimum Obliquity: -57.29577951
Secondary's Minimum Obliquity: -57.29577951
