System Name: K05950.01
Tidal Model: Constant-Phase-Lag
Use Discrete Rotation Rate Model: 1
Integration Method: 4th order Runge-Kutta
Verbosity Level: 5

--------- Input/Output Units ---------

Mass Units: Solar
Length Units: AU
Time Units: Years
Angle Units: Degrees
Minimum Value of ecc and obl: 1.00000000e-10

--------- Files ---------

Executable: /Users/rory/src/eqtide/eqtide
Input: tide.in
Forward Output: K05950.01.forward
---------- Integration(s) ----------

Use Variable Timestep: Yes
Timestep Coefficient: 0.01000000

--------- Forward Integration ---------

Input Time Step: 0.00000000
Stop Time: 1.50000000e+10
Output Interval: 1.00000000e+09
Input Minimum Semi-major Axis: 0.00000000
Output Order: Time SemiMajorAxis Eccentricity SecPer[days] OrbPeriod[days] SecObliquity 

--------- Primary Body ---------

Primary Mass: 0.81765200
Primary Radius: 0.00344599
Primary Tidal Q: 1.00000000e+06

Primary Love Number k2: 0.50000000
Primary Input Obliquity: 0.00000000
Primary Input Spin Period: 0.08213552
Primary Input Spin Frequency: 76.49778111
Primary Radius of Gyration: 0.50000000

--------- Secondary Body ---------

Secondary Mass: 4.33225686e-06
Secondary Radius: 4.71358550e-05
Secondary Tidal Q: 34.00000000
Secondary Love Number k2: 0.30000000
Secondary Radius of Gyration: 0.50000000
Secondary Input Obliquity: 23.50000000
Secondary Input Spin Period: 0.00273785
Secondary Input Spin Frequency: 2294.93343338
Input Angular Size of Primary body: 0.94308348

-------------- Orbit ----------

Input Semi-major Axis: 0.41870400
Input Orbital Mean Motion: 20.96987584
Input Orbital Period: 0.29962911
Input Eccentricity: 0.00000000

--------- Tidal Effects ---------

da/dt: 7.93128775e-16
de/dt: 0.00000000
dP/dt: 8.51359557e-16

Derivative of Primary's Spin Rate: -1.03654002e-35
Primary dObl/dt: -0.00000000
Primary Equilibrium Rotation Rate: 20.96987584
Primary Equilibrium Rotation Period: 0.29962911
Primary Tidal Heat [W]: 3.94021189e+06
Primary Tidal Surface Flux [W/m^2]: 1.17985677e-12
Primary Equilibrium Tidal Surface Flux [W/m^2]: 0.00000000

Derivative of Secondary's Spin Rate: -6.29451415e-21
Secondary dObl/dt: 8.62850646e-18
Secondary Equilibrium Rotation Rate: 20.96987584
Secondary Equilibrium Rotation Period: 0.29962911
Secondary Tidal Heat [W]: 4.85688206e+13
Secondary Tidal Surface Flux [W/m^2]: 0.07773084
Secondary Equilibrium Tidal Surface Flux [W/m^2]: 0.00011397

Use Discrete Rotation States: 1
Discrete Equilibrium Spin Period: 0.29962911
Continuous Equilibrium Spin Period: 0.29962911
Primary epsilons: 1 1 1 1 1 1
Primary Gamma_Rotation: 4.00000000
Primary Gamma_Orbital: 4.00000000
Secondary epsilons: 1 1 1 1 1 1
Secondary Gamma_Rotation: 4.00000000
Secondary Gamma_Orbital: 4.00000000

----------- Halt ---------

Primary's Minimum Obliquity: -57.29577951
Secondary's Minimum Obliquity: -57.29577951

--------- Primary Body ---------

Primary Final Obliquity: 0.00000000
Primary Final Spin Period: 0.08213552
Primary Final Spin Frequency: 76.49778111

--------- Secondary Body ---------

Secondary Final Obliquity: 38.00290154
Secondary Final Spin Period: 0.27466918
Secondary Final Spin Frequency: 22.87546550
Final Angular Size of Primary body: 0.94308286

-------------- Orbit ----------

Final Semi-major Axis: 0.41870428
Final Orbital Mean Motion: 20.96985510
Final Orbital Period: 0.29962941
Final Eccentricity: 0.00000000

--------- Tidal Effects ---------

da/dt: 1.91798574e-16
de/dt: -0.00000000
dP/dt: 2.05880316e-16

Derivative of Primary's Spin Rate: -1.03653592e-35
Primary dObl/dt: -0.00000000
Primary Equilibrium Rotation Rate: 20.96985510
Primary Equilibrium Rotation Period: 0.29962941
Primary Tidal Heat [W]: 3.94019777e+06
Primary Tidal Surface Flux [W/m^2]: 1.17985255e-12
Primary Equilibrium Tidal Surface Flux [W/m^2]: 0.00000000

Derivative of Secondary's Spin Rate: 2.93873605e-39
Secondary dObl/dt: -1.33660987e-15
Secondary Equilibrium Rotation Rate: 20.96985510
Secondary Equilibrium Rotation Period: 0.29962941
Secondary Tidal Heat [W]: 1.95060214e+11
Secondary Tidal Surface Flux [W/m^2]: 0.00031218
Secondary Equilibrium Tidal Surface Flux [W/m^2]: 0.00027173

Use Discrete Rotation States: 1
Discrete Equilibrium Spin Period: 0.29962941
Continuous Equilibrium Spin Period: 0.29962941
Primary epsilons: 1 1 1 1 1 1
Primary Gamma_Rotation: 4.00000000
Primary Gamma_Orbital: 4.00000000
Secondary epsilons: 1 -1 1 1 -1 1
Secondary Gamma_Rotation: 2.48364724
Secondary Gamma_Orbital: 0.96729448

----------- Halt ---------

Primary's Minimum Obliquity: -57.29577951
Secondary's Minimum Obliquity: -57.29577951
