System Name: K05959.01
Tidal Model: Constant-Phase-Lag
Use Discrete Rotation Rate Model: 1
Integration Method: 4th order Runge-Kutta
Verbosity Level: 5

--------- Input/Output Units ---------

Mass Units: Solar
Length Units: AU
Time Units: Years
Angle Units: Degrees
Minimum Value of ecc and obl: 1.00000000e-10

--------- Files ---------

Executable: /Users/rory/src/eqtide/eqtide
Input: tide.in
Forward Output: K05959.01.forward
---------- Integration(s) ----------

Use Variable Timestep: Yes
Timestep Coefficient: 0.01000000

--------- Forward Integration ---------

Input Time Step: 0.00000000
Stop Time: 1.50000000e+10
Output Interval: 1.00000000e+09
Input Minimum Semi-major Axis: 0.00000000
Output Order: Time SemiMajorAxis Eccentricity SecPer[days] OrbPeriod[days] SecObliquity 

--------- Primary Body ---------

Primary Mass: 0.98252900
Primary Radius: 0.00419472
Primary Tidal Q: 1.00000000e+06

Primary Love Number k2: 0.50000000
Primary Input Obliquity: 0.00000000
Primary Input Spin Period: 0.08213552
Primary Input Spin Frequency: 76.49778111
Primary Radius of Gyration: 0.50000000

--------- Secondary Body ---------

Secondary Mass: 2.16617799e-05
Secondary Radius: 7.32575934e-05
Secondary Tidal Q: 34.00000000
Secondary Love Number k2: 0.30000000
Secondary Radius of Gyration: 0.50000000
Secondary Input Obliquity: 23.50000000
Secondary Input Spin Period: 0.00273785
Secondary Input Spin Frequency: 2294.93343338
Input Angular Size of Primary body: 0.62008843

-------------- Orbit ----------

Input Semi-major Axis: 0.77517100
Input Orbital Mean Motion: 9.12540866
Input Orbital Period: 0.68853742
Input Eccentricity: 0.00000000

--------- Tidal Effects ---------

da/dt: 6.40247199e-17
de/dt: 0.00000000
dP/dt: 8.53048576e-17

Derivative of Primary's Spin Rate: -9.66032253e-36
Primary dObl/dt: -0.00000000
Primary Equilibrium Rotation Rate: 9.12540866
Primary Equilibrium Rotation Period: 0.68853742
Primary Tidal Heat [W]: 7.93321480e+06
Primary Tidal Surface Flux [W/m^2]: 1.60317993e-12
Primary Equilibrium Tidal Surface Flux [W/m^2]: 0.00000000

Derivative of Secondary's Spin Rate: -1.69471766e-22
Secondary dObl/dt: 2.32311482e-19
Secondary Equilibrium Rotation Rate: 9.12540866
Secondary Equilibrium Rotation Period: 0.68853742
Secondary Tidal Heat [W]: 1.58756460e+13
Secondary Tidal Surface Flux [W/m^2]: 0.01051876
Secondary Equilibrium Tidal Surface Flux [W/m^2]: 6.67692667e-06

Use Discrete Rotation States: 1
Discrete Equilibrium Spin Period: 0.68853742
Continuous Equilibrium Spin Period: 0.68853742
Primary epsilons: 1 1 1 1 1 1
Primary Gamma_Rotation: 4.00000000
Primary Gamma_Orbital: 4.00000000
Secondary epsilons: 1 1 1 1 1 1
Secondary Gamma_Rotation: 4.00000000
Secondary Gamma_Orbital: 4.00000000

----------- Halt ---------

Primary's Minimum Obliquity: -57.29577951
Secondary's Minimum Obliquity: -57.29577951

--------- Primary Body ---------

Primary Final Obliquity: 0.00000000
Primary Final Spin Period: 0.08213552
Primary Final Spin Frequency: 76.49778111

--------- Secondary Body ---------

Secondary Final Obliquity: 47.76966010
Secondary Final Spin Period: 0.63192344
Secondary Final Spin Frequency: 9.94295346
Final Angular Size of Primary body: 0.62008774

-------------- Orbit ----------

Final Semi-major Axis: 0.77517185
Final Orbital Mean Motion: 9.12539360
Final Orbital Period: 0.68853855
Final Eccentricity: 0.00000000

--------- Tidal Effects ---------

da/dt: -6.17900413e-18
de/dt: -0.00000000
dP/dt: -8.23274758e-18

Derivative of Primary's Spin Rate: -9.66025875e-36
Primary dObl/dt: -0.00000000
Primary Equilibrium Rotation Rate: 9.12539360
Primary Equilibrium Rotation Period: 0.68853855
Primary Tidal Heat [W]: 7.93316420e+06
Primary Tidal Surface Flux [W/m^2]: 1.60316970e-12
Primary Equilibrium Tidal Surface Flux [W/m^2]: 0.00000000

Derivative of Secondary's Spin Rate: 2.93873605e-39
Secondary dObl/dt: -9.95676120e-17
Secondary Equilibrium Rotation Rate: 9.12539360
Secondary Equilibrium Rotation Period: 0.68853855
Secondary Tidal Heat [W]: 3.73130825e+10
Secondary Tidal Surface Flux [W/m^2]: 2.47226144e-05
Secondary Equilibrium Tidal Surface Flux [W/m^2]: 2.30230958e-05

Use Discrete Rotation States: 1
Discrete Equilibrium Spin Period: 0.68853855
Continuous Equilibrium Spin Period: 0.68853855
Primary epsilons: 1 1 1 1 1 1
Primary Gamma_Rotation: 4.00000000
Primary Gamma_Orbital: 4.00000000
Secondary epsilons: 1 -1 1 1 -1 1
Secondary Gamma_Rotation: 1.80694233
Secondary Gamma_Orbital: -0.38611535

----------- Halt ---------

Primary's Minimum Obliquity: -57.29577951
Secondary's Minimum Obliquity: -57.29577951
