System Name: K05902.01
Tidal Model: Constant-Phase-Lag
Use Discrete Rotation Rate Model: 1
Integration Method: 4th order Runge-Kutta
Verbosity Level: 5

--------- Input/Output Units ---------

Mass Units: Solar
Length Units: AU
Time Units: Years
Angle Units: Degrees
Minimum Value of ecc and obl: 1.00000000e-10

--------- Files ---------

Executable: /Users/rory/src/eqtide/eqtide
Input: tide.in
Forward Output: K05902.01.forward
---------- Integration(s) ----------

Use Variable Timestep: Yes
Timestep Coefficient: 0.01000000

--------- Forward Integration ---------

Input Time Step: 0.00000000
Stop Time: 1.50000000e+10
Output Interval: 1.00000000e+09
Input Minimum Semi-major Axis: 0.00000000
Output Order: Time SemiMajorAxis Eccentricity SecPer[days] OrbPeriod[days] SecObliquity 

--------- Primary Body ---------

Primary Mass: 0.96820800
Primary Radius: 0.00405055
Primary Tidal Q: 1.00000000e+06

Primary Love Number k2: 0.50000000
Primary Input Obliquity: 0.00000000
Primary Input Spin Period: 0.08213552
Primary Input Spin Frequency: 76.49778111
Primary Radius of Gyration: 0.50000000

--------- Secondary Body ---------

Secondary Mass: 9.94398511e-06
Secondary Radius: 5.91852105e-05
Secondary Tidal Q: 34.00000000
Secondary Love Number k2: 0.30000000
Secondary Radius of Gyration: 0.50000000
Secondary Input Obliquity: 23.50000000
Secondary Input Spin Period: 0.00273785
Secondary Input Spin Frequency: 2294.93343338
Input Angular Size of Primary body: 0.84645606

-------------- Orbit ----------

Input Semi-major Axis: 0.54834600
Input Orbital Mean Motion: 15.22564381
Input Orbital Period: 0.41267124
Input Eccentricity: 0.00000000

--------- Tidal Effects ---------

da/dt: 3.15209009e-16
de/dt: 0.00000000
dP/dt: 3.55829241e-16

Derivative of Primary's Spin Rate: -1.48454329e-35
Primary dObl/dt: -0.00000000
Primary Equilibrium Rotation Rate: 15.22564381
Primary Equilibrium Rotation Period: 0.41267124
Primary Tidal Heat [W]: 1.01877473e+07
Primary Tidal Surface Flux [W/m^2]: 2.20794365e-12
Primary Equilibrium Tidal Surface Flux [W/m^2]: 0.00000000

Derivative of Secondary's Spin Rate: -1.50874651e-21
Secondary dObl/dt: 2.06818627e-18
Secondary Equilibrium Rotation Rate: 15.22564381
Secondary Equilibrium Rotation Period: 0.41267124
Secondary Tidal Heat [W]: 4.22354558e+13
Secondary Tidal Surface Flux [W/m^2]: 0.04287354
Secondary Equilibrium Tidal Surface Flux [W/m^2]: 4.55286946e-05

Use Discrete Rotation States: 1
Discrete Equilibrium Spin Period: 0.41267124
Continuous Equilibrium Spin Period: 0.41267124
Primary epsilons: 1 1 1 1 1 1
Primary Gamma_Rotation: 4.00000000
Primary Gamma_Orbital: 4.00000000
Secondary epsilons: 1 1 1 1 1 1
Secondary Gamma_Rotation: 4.00000000
Secondary Gamma_Orbital: 4.00000000

----------- Halt ---------

Primary's Minimum Obliquity: -57.29577951
Secondary's Minimum Obliquity: -57.29577951

--------- Primary Body ---------

Primary Final Obliquity: 0.00000000
Primary Final Spin Period: 0.08213552
Primary Final Spin Frequency: 76.49778111

--------- Secondary Body ---------

Secondary Final Obliquity: 40.08000766
Secondary Final Spin Period: 0.37892595
Secondary Final Spin Frequency: 16.58156503
Final Angular Size of Primary body: 0.84645535

-------------- Orbit ----------

Final Semi-major Axis: 0.54834646
Final Orbital Mean Motion: 15.22562449
Final Orbital Period: 0.41267176
Final Eccentricity: 0.00000000

--------- Tidal Effects ---------

da/dt: 5.38704126e-17
de/dt: -0.00000000
dP/dt: 6.08125897e-17

Derivative of Primary's Spin Rate: -1.48453576e-35
Primary dObl/dt: -0.00000000
Primary Equilibrium Rotation Rate: 15.22562449
Primary Equilibrium Rotation Period: 0.41267176
Primary Tidal Heat [W]: 1.01876989e+07
Primary Tidal Surface Flux [W/m^2]: 2.20793314e-12
Primary Equilibrium Tidal Surface Flux [W/m^2]: 0.00000000

Derivative of Secondary's Spin Rate: 2.93873605e-39
Secondary dObl/dt: -4.62191276e-16
Secondary Equilibrium Rotation Rate: 15.22562449
Secondary Equilibrium Rotation Period: 0.41267176
Secondary Tidal Heat [W]: 1.31643332e+11
Secondary Tidal Surface Flux [W/m^2]: 0.00013363
Secondary Equilibrium Tidal Surface Flux [W/m^2]: 0.00011870

Use Discrete Rotation States: 1
Discrete Equilibrium Spin Period: 0.41267176
Continuous Equilibrium Spin Period: 0.41267176
Primary epsilons: 1 1 1 1 1 1
Primary Gamma_Rotation: 4.00000000
Primary Gamma_Orbital: 4.00000000
Secondary epsilons: 1 -1 1 1 -1 1
Secondary Gamma_Rotation: 2.34179428
Secondary Gamma_Orbital: 0.68358856

----------- Halt ---------

Primary's Minimum Obliquity: -57.29577951
Secondary's Minimum Obliquity: -57.29577951
