System Name: K05952.01
Tidal Model: Constant-Phase-Lag
Use Discrete Rotation Rate Model: 1
Integration Method: 4th order Runge-Kutta
Verbosity Level: 5

--------- Input/Output Units ---------

Mass Units: Solar
Length Units: AU
Time Units: Years
Angle Units: Degrees
Minimum Value of ecc and obl: 1.00000000e-10

--------- Files ---------

Executable: /Users/rory/src/eqtide/eqtide
Input: tide.in
Forward Output: K05952.01.forward
---------- Integration(s) ----------

Use Variable Timestep: Yes
Timestep Coefficient: 0.01000000

--------- Forward Integration ---------

Input Time Step: 0.00000000
Stop Time: 1.50000000e+10
Output Interval: 1.00000000e+09
Input Minimum Semi-major Axis: 0.00000000
Output Order: Time SemiMajorAxis Eccentricity SecPer[days] OrbPeriod[days] SecObliquity 

--------- Primary Body ---------

Primary Mass: 0.91439300
Primary Radius: 0.00474347
Primary Tidal Q: 1.00000000e+06

Primary Love Number k2: 0.50000000
Primary Input Obliquity: 0.00000000
Primary Input Spin Period: 0.08213552
Primary Input Spin Frequency: 76.49778111
Primary Radius of Gyration: 0.50000000

--------- Secondary Body ---------

Secondary Mass: 6.45337801e-05
Secondary Radius: 9.87964271e-05
Secondary Tidal Q: 34.00000000
Secondary Love Number k2: 0.30000000
Secondary Radius of Gyration: 0.50000000
Secondary Input Obliquity: 23.50000000
Secondary Input Spin Period: 0.00273785
Secondary Input Spin Frequency: 2294.93343338
Input Angular Size of Primary body: 0.95307371

-------------- Orbit ----------

Input Semi-major Axis: 0.57031200
Input Orbital Mean Motion: 13.95031866
Input Orbital Period: 0.45039726
Input Eccentricity: 0.00000000

--------- Tidal Effects ---------

da/dt: 4.65565658e-16
de/dt: 0.00000000
dP/dt: 5.51532046e-16

Derivative of Primary's Spin Rate: -8.40003296e-34
Primary dObl/dt: -0.00000000
Primary Equilibrium Rotation Rate: 13.95031866
Primary Equilibrium Rotation Period: 0.45039726
Primary Tidal Heat [W]: 7.62151334e+08
Primary Tidal Surface Flux [W/m^2]: 1.20444507e-10
Primary Equilibrium Tidal Surface Flux [W/m^2]: 0.00000000

Derivative of Secondary's Spin Rate: -7.62000464e-22
Secondary dObl/dt: 1.04454767e-18
Secondary Equilibrium Rotation Rate: 13.95031866
Secondary Equilibrium Rotation Period: 0.45039726
Secondary Tidal Heat [W]: 3.85959517e+14
Secondary Tidal Surface Flux [W/m^2]: 0.14060405
Secondary Equilibrium Tidal Surface Flux [W/m^2]: 0.00013673

Use Discrete Rotation States: 1
Discrete Equilibrium Spin Period: 0.45039726
Continuous Equilibrium Spin Period: 0.45039726
Primary epsilons: 1 1 1 1 1 1
Primary Gamma_Rotation: 4.00000000
Primary Gamma_Orbital: 4.00000000
Secondary epsilons: 1 1 1 1 1 1
Secondary Gamma_Rotation: 4.00000000
Secondary Gamma_Orbital: 4.00000000

----------- Halt ---------

Primary's Minimum Obliquity: -57.29577951
Secondary's Minimum Obliquity: -57.29577951

--------- Primary Body ---------

Primary Final Obliquity: 0.00000000
Primary Final Spin Period: 0.08213552
Primary Final Spin Frequency: 76.49778111

--------- Secondary Body ---------

Secondary Final Obliquity: 41.27972468
Secondary Final Spin Period: 0.41065108
Secondary Final Spin Frequency: 15.30054493
Final Angular Size of Primary body: 0.95307144

-------------- Orbit ----------

Final Semi-major Axis: 0.57031336
Final Orbital Mean Motion: 13.95026872
Final Orbital Period: 0.45039887
Final Eccentricity: 0.00000000

--------- Tidal Effects ---------

da/dt: 6.03179391e-17
de/dt: -0.00000000
dP/dt: 7.14556916e-17

Derivative of Primary's Spin Rate: -8.39991267e-34
Primary dObl/dt: -0.00000000
Primary Equilibrium Rotation Rate: 13.95026872
Primary Equilibrium Rotation Period: 0.45039887
Primary Tidal Heat [W]: 7.62141029e+08
Primary Tidal Surface Flux [W/m^2]: 1.20442879e-10
Primary Equilibrium Tidal Surface Flux [W/m^2]: 0.00000000

Derivative of Secondary's Spin Rate: 2.93873605e-39
Secondary dObl/dt: -2.59212619e-16
Secondary Equilibrium Rotation Rate: 13.95026872
Secondary Equilibrium Rotation Period: 0.45039887
Secondary Tidal Heat [W]: 1.15642202e+12
Secondary Tidal Surface Flux [W/m^2]: 0.00042128
Secondary Equilibrium Tidal Surface Flux [W/m^2]: 0.00037428

Use Discrete Rotation States: 1
Discrete Equilibrium Spin Period: 0.45039887
Continuous Equilibrium Spin Period: 0.45039887
Primary epsilons: 1 1 1 1 1 1
Primary Gamma_Rotation: 4.00000000
Primary Gamma_Orbital: 4.00000000
Secondary epsilons: 1 -1 1 1 -1 1
Secondary Gamma_Rotation: 2.25899482
Secondary Gamma_Orbital: 0.51798965

----------- Halt ---------

Primary's Minimum Obliquity: -57.29577951
Secondary's Minimum Obliquity: -57.29577951
