System Name: K06151.01
Tidal Model: Constant-Phase-Lag
Use Discrete Rotation Rate Model: 1
Integration Method: 4th order Runge-Kutta
Verbosity Level: 5

--------- Input/Output Units ---------

Mass Units: Solar
Length Units: AU
Time Units: Years
Angle Units: Degrees
Minimum Value of ecc and obl: 1.00000000e-10

--------- Files ---------

Executable: /Users/rory/src/eqtide/eqtide
Input: tide.in
Forward Output: K06151.01.forward
---------- Integration(s) ----------

Use Variable Timestep: Yes
Timestep Coefficient: 0.01000000

--------- Forward Integration ---------

Input Time Step: 0.00000000
Stop Time: 1.50000000e+10
Output Interval: 1.00000000e+09
Input Minimum Semi-major Axis: 0.00000000
Output Order: Time SemiMajorAxis Eccentricity SecPer[days] OrbPeriod[days] SecObliquity 

--------- Primary Body ---------

Primary Mass: 0.81016500
Primary Radius: 0.00347390
Primary Tidal Q: 1.00000000e+06

Primary Love Number k2: 0.50000000
Primary Input Obliquity: 0.00000000
Primary Input Spin Period: 0.08213552
Primary Input Spin Frequency: 76.49778111
Primary Radius of Gyration: 0.50000000

--------- Secondary Body ---------

Secondary Mass: 1.27488596e-05
Secondary Radius: 6.33545654e-05
Secondary Tidal Q: 34.00000000
Secondary Love Number k2: 0.30000000
Secondary Radius of Gyration: 0.50000000
Secondary Input Obliquity: 23.50000000
Secondary Input Spin Period: 0.00273785
Secondary Input Spin Frequency: 2294.93343338
Input Angular Size of Primary body: 0.38193996

-------------- Orbit ----------

Input Semi-major Axis: 1.04225200
Input Orbital Mean Motion: 5.31498657
Input Orbital Period: 1.18216391
Input Eccentricity: 0.00000000

--------- Tidal Effects ---------

da/dt: 7.73338367e-18
de/dt: 0.00000000
dP/dt: 1.31573732e-17

Derivative of Primary's Spin Rate: -3.90129505e-37
Primary dObl/dt: -0.00000000
Primary Equilibrium Rotation Rate: 5.31498657
Primary Equilibrium Rotation Period: 1.18216391
Primary Tidal Heat [W]: 1.91432559e+05
Primary Tidal Surface Flux [W/m^2]: 5.64054061e-14
Primary Equilibrium Tidal Surface Flux [W/m^2]: 0.00000000

Derivative of Secondary's Spin Rate: -2.14338822e-23
Secondary dObl/dt: 2.93815181e-20
Secondary Equilibrium Rotation Rate: 5.31498657
Secondary Equilibrium Rotation Period: 1.18216391
Secondary Tidal Heat [W]: 8.85290883e+11
Secondary Tidal Surface Flux [W/m^2]: 0.00078428
Secondary Equilibrium Tidal Surface Flux [W/m^2]: 2.89472385e-07

Use Discrete Rotation States: 1
Discrete Equilibrium Spin Period: 1.18216391
Continuous Equilibrium Spin Period: 1.18216391
Primary epsilons: 1 1 1 1 1 1
Primary Gamma_Rotation: 4.00000000
Primary Gamma_Orbital: 4.00000000
Secondary epsilons: 1 1 1 1 1 1
Secondary Gamma_Rotation: 4.00000000
Secondary Gamma_Orbital: 4.00000000

----------- Halt ---------

Primary's Minimum Obliquity: -57.29577951
Secondary's Minimum Obliquity: -57.29577951

--------- Primary Body ---------

Primary Final Obliquity: 0.00000000
Primary Final Spin Period: 0.08213552
Primary Final Spin Frequency: 76.49778111

--------- Secondary Body ---------

Secondary Final Obliquity: 25.28572568
Secondary Final Spin Period: 0.00318176
Secondary Final Spin Frequency: 1974.74924005
Final Angular Size of Primary body: 0.38193992

-------------- Orbit ----------

Final Semi-major Axis: 1.04225212
Final Orbital Mean Motion: 5.31498568
Final Orbital Period: 1.18216411
Final Eccentricity: 0.00000000

--------- Tidal Effects ---------

da/dt: 7.73337894e-18
de/dt: 0.00000000
dP/dt: 1.31573659e-17

Derivative of Primary's Spin Rate: -3.90129245e-37
Primary dObl/dt: -0.00000000
Primary Equilibrium Rotation Rate: 5.31498568
Primary Equilibrium Rotation Period: 1.18216411
Primary Tidal Heat [W]: 1.91432434e+05
Primary Tidal Surface Flux [W/m^2]: 5.64053692e-14
Primary Equilibrium Tidal Surface Flux [W/m^2]: 0.00000000

Derivative of Secondary's Spin Rate: -2.14338679e-23
Secondary dObl/dt: 3.65759111e-20
Secondary Equilibrium Rotation Rate: 5.31498568
Secondary Equilibrium Rotation Period: 1.18216411
Secondary Tidal Heat [W]: 7.61489770e+11
Secondary Tidal Surface Flux [W/m^2]: 0.00067460
Secondary Equilibrium Tidal Surface Flux [W/m^2]: 3.32148945e-07

Use Discrete Rotation States: 1
Discrete Equilibrium Spin Period: 1.18216411
Continuous Equilibrium Spin Period: 1.18216411
Primary epsilons: 1 1 1 1 1 1
Primary Gamma_Rotation: 4.00000000
Primary Gamma_Orbital: 4.00000000
Secondary epsilons: 1 1 1 1 1 1
Secondary Gamma_Rotation: 4.00000000
Secondary Gamma_Orbital: 4.00000000

----------- Halt ---------

Primary's Minimum Obliquity: -57.29577951
Secondary's Minimum Obliquity: -57.29577951
