System Name: K06108.01
Tidal Model: Constant-Phase-Lag
Use Discrete Rotation Rate Model: 1
Integration Method: 4th order Runge-Kutta
Verbosity Level: 5

--------- Input/Output Units ---------

Mass Units: Solar
Length Units: AU
Time Units: Years
Angle Units: Degrees
Minimum Value of ecc and obl: 1.00000000e-10

--------- Files ---------

Executable: /Users/rory/src/eqtide/eqtide
Input: tide.in
Forward Output: K06108.01.forward
---------- Integration(s) ----------

Use Variable Timestep: Yes
Timestep Coefficient: 0.01000000

--------- Forward Integration ---------

Input Time Step: 0.00000000
Stop Time: 1.50000000e+10
Output Interval: 1.00000000e+09
Input Minimum Semi-major Axis: 0.00000000
Output Order: Time SemiMajorAxis Eccentricity SecPer[days] OrbPeriod[days] SecObliquity 

--------- Primary Body ---------

Primary Mass: 0.81237400
Primary Radius: 0.00445049
Primary Tidal Q: 1.00000000e+06

Primary Love Number k2: 0.50000000
Primary Input Obliquity: 0.00000000
Primary Input Spin Period: 0.08213552
Primary Input Spin Frequency: 76.49778111
Primary Radius of Gyration: 0.50000000

--------- Secondary Body ---------

Secondary Mass: 5.11804172e-06
Secondary Radius: 4.93382901e-05
Secondary Tidal Q: 34.00000000
Secondary Love Number k2: 0.30000000
Secondary Radius of Gyration: 0.50000000
Secondary Input Obliquity: 23.50000000
Secondary Input Spin Period: 0.00273785
Secondary Input Spin Frequency: 2294.93343338
Input Angular Size of Primary body: 0.45184875

-------------- Orbit ----------

Input Semi-major Axis: 1.12866600
Input Orbital Mean Motion: 4.72283022
Input Orbital Period: 1.33038560
Input Eccentricity: 0.00000000

--------- Tidal Effects ---------

da/dt: 3.57505441e-18
de/dt: 0.00000000
dP/dt: 6.32102306e-18

Derivative of Primary's Spin Rate: -8.17539986e-38
Primary dObl/dt: -0.00000000
Primary Equilibrium Rotation Rate: 4.72283022
Primary Equilibrium Rotation Period: 1.33038560
Primary Tidal Heat [W]: 6.65700819e+04
Primary Tidal Surface Flux [W/m^2]: 1.19509202e-14
Primary Equilibrium Tidal Surface Flux [W/m^2]: 0.00000000

Derivative of Secondary's Spin Rate: -1.57215635e-23
Secondary dObl/dt: 2.15510879e-20
Secondary Equilibrium Rotation Rate: 4.72283022
Secondary Equilibrium Rotation Period: 1.33038560
Secondary Tidal Heat [W]: 1.58138652e+11
Secondary Tidal Surface Flux [W/m^2]: 0.00023100
Secondary Equilibrium Tidal Surface Flux [W/m^2]: 7.57416359e-08

Use Discrete Rotation States: 1
Discrete Equilibrium Spin Period: 1.33038560
Continuous Equilibrium Spin Period: 1.33038560
Primary epsilons: 1 1 1 1 1 1
Primary Gamma_Rotation: 4.00000000
Primary Gamma_Orbital: 4.00000000
Secondary epsilons: 1 1 1 1 1 1
Secondary Gamma_Rotation: 4.00000000
Secondary Gamma_Orbital: 4.00000000

----------- Halt ---------

Primary's Minimum Obliquity: -57.29577951
Secondary's Minimum Obliquity: -57.29577951

--------- Primary Body ---------

Primary Final Obliquity: 0.00000000
Primary Final Spin Period: 0.08213552
Primary Final Spin Frequency: 76.49778111

--------- Secondary Body ---------

Secondary Final Obliquity: 24.76887767
Secondary Final Spin Period: 0.00304997
Secondary Final Spin Frequency: 2060.08110745
Final Angular Size of Primary body: 0.45184873

-------------- Orbit ----------

Final Semi-major Axis: 1.12866605
Final Orbital Mean Motion: 4.72282988
Final Orbital Period: 1.33038569
Final Eccentricity: 0.00000000

--------- Tidal Effects ---------

da/dt: 3.57505347e-18
de/dt: 0.00000000
dP/dt: 6.32102156e-18

Derivative of Primary's Spin Rate: -8.17539753e-38
Primary dObl/dt: -0.00000000
Primary Equilibrium Rotation Rate: 4.72282988
Primary Equilibrium Rotation Period: 1.33038569
Primary Tidal Heat [W]: 6.65700632e+04
Primary Tidal Surface Flux [W/m^2]: 1.19509168e-14
Primary Equilibrium Tidal Surface Flux [W/m^2]: 0.00000000

Derivative of Secondary's Spin Rate: -1.57215590e-23
Secondary dObl/dt: 2.52247358e-20
Secondary Equilibrium Rotation Rate: 4.72282988
Secondary Equilibrium Rotation Period: 1.33038569
Secondary Tidal Heat [W]: 1.41922098e+11
Secondary Tidal Surface Flux [W/m^2]: 0.00020731
Secondary Equilibrium Tidal Surface Flux [W/m^2]: 8.36138191e-08

Use Discrete Rotation States: 1
Discrete Equilibrium Spin Period: 1.33038569
Continuous Equilibrium Spin Period: 1.33038569
Primary epsilons: 1 1 1 1 1 1
Primary Gamma_Rotation: 4.00000000
Primary Gamma_Orbital: 4.00000000
Secondary epsilons: 1 1 1 1 1 1
Secondary Gamma_Rotation: 4.00000000
Secondary Gamma_Orbital: 4.00000000

----------- Halt ---------

Primary's Minimum Obliquity: -57.29577951
Secondary's Minimum Obliquity: -57.29577951
