System Name: K06343.01
Tidal Model: Constant-Phase-Lag
Use Discrete Rotation Rate Model: 1
Integration Method: 4th order Runge-Kutta
Verbosity Level: 5

--------- Input/Output Units ---------

Mass Units: Solar
Length Units: AU
Time Units: Years
Angle Units: Degrees
Minimum Value of ecc and obl: 1.00000000e-10

--------- Files ---------

Executable: /Users/rory/src/eqtide/eqtide
Input: tide.in
Forward Output: K06343.01.forward
---------- Integration(s) ----------

Use Variable Timestep: Yes
Timestep Coefficient: 0.01000000

--------- Forward Integration ---------

Input Time Step: 0.00000000
Stop Time: 1.50000000e+10
Output Interval: 1.00000000e+09
Input Minimum Semi-major Axis: 0.00000000
Output Order: Time SemiMajorAxis Eccentricity SecPer[days] OrbPeriod[days] SecObliquity 

--------- Primary Body ---------

Primary Mass: 1.02478400
Primary Radius: 0.00440399
Primary Tidal Q: 1.00000000e+06

Primary Love Number k2: 0.50000000
Primary Input Obliquity: 0.00000000
Primary Input Spin Period: 0.08213552
Primary Input Spin Frequency: 76.49778111
Primary Radius of Gyration: 0.50000000

--------- Secondary Body ---------

Secondary Mass: 5.21706106e-05
Secondary Radius: 9.32044725e-05
Secondary Tidal Q: 34.00000000
Secondary Love Number k2: 0.30000000
Secondary Radius of Gyration: 0.50000000
Secondary Input Obliquity: 23.50000000
Secondary Input Spin Period: 0.00273785
Secondary Input Spin Frequency: 2294.93343338
Input Angular Size of Primary body: 0.37228374

-------------- Orbit ----------

Input Semi-major Axis: 1.35557400
Input Orbital Mean Motion: 4.03007843
Input Orbital Period: 1.55907271
Input Eccentricity: 0.00000000

--------- Tidal Effects ---------

da/dt: 4.36505151e-18
de/dt: 0.00000000
dP/dt: 7.53069096e-18

Derivative of Primary's Spin Rate: -2.17392358e-36
Primary dObl/dt: 0.00000000
Primary Equilibrium Rotation Rate: 4.03007843
Primary Equilibrium Rotation Period: 1.55907271
Primary Tidal Heat [W]: 2.20769134e+06
Primary Tidal Surface Flux [W/m^2]: 4.04747827e-13
Primary Equilibrium Tidal Surface Flux [W/m^2]: 0.00000000

Derivative of Secondary's Spin Rate: -5.51235941e-24
Secondary dObl/dt: 7.55632795e-21
Secondary Equilibrium Rotation Rate: 4.03007843
Secondary Equilibrium Rotation Period: 1.55907271
Secondary Tidal Heat [W]: 2.01761633e+12
Secondary Tidal Surface Flux [W/m^2]: 0.00082585
Secondary Equilibrium Tidal Surface Flux [W/m^2]: 2.30998806e-07

Use Discrete Rotation States: 1
Discrete Equilibrium Spin Period: 1.55907271
Continuous Equilibrium Spin Period: 1.55907271
Primary epsilons: 1 1 1 1 1 1
Primary Gamma_Rotation: 4.00000000
Primary Gamma_Orbital: 4.00000000
Secondary epsilons: 1 1 1 1 1 1
Secondary Gamma_Rotation: 4.00000000
Secondary Gamma_Orbital: 4.00000000

----------- Halt ---------

Primary's Minimum Obliquity: -57.29577951
Secondary's Minimum Obliquity: -57.29577951

--------- Primary Body ---------

Primary Final Obliquity: 0.00000000
Primary Final Spin Period: 0.08213552
Primary Final Spin Frequency: 76.49778111

--------- Secondary Body ---------

Secondary Final Obliquity: 23.92144713
Secondary Final Spin Period: 0.00283974
Secondary Final Spin Frequency: 2212.58854290
Final Angular Size of Primary body: 0.37228372

-------------- Orbit ----------

Final Semi-major Axis: 1.35557407
Final Orbital Mean Motion: 4.03007814
Final Orbital Period: 1.55907282
Final Eccentricity: 0.00000000

--------- Tidal Effects ---------

da/dt: 4.36505035e-18
de/dt: 0.00000000
dP/dt: 7.53068914e-18

Derivative of Primary's Spin Rate: -2.17392295e-36
Primary dObl/dt: 0.00000000
Primary Equilibrium Rotation Rate: 4.03007814
Primary Equilibrium Rotation Period: 1.55907282
Primary Tidal Heat [W]: 2.20769071e+06
Primary Tidal Surface Flux [W/m^2]: 4.04747711e-13
Primary Equilibrium Tidal Surface Flux [W/m^2]: 0.00000000

Derivative of Secondary's Spin Rate: -5.51235781e-24
Secondary dObl/dt: 7.96991934e-21
Secondary Equilibrium Rotation Rate: 4.03007814
Secondary Equilibrium Rotation Period: 1.55907282
Secondary Tidal Heat [W]: 1.94509399e+12
Secondary Tidal Surface Flux [W/m^2]: 0.00079617
Secondary Equilibrium Tidal Surface Flux [W/m^2]: 2.38867573e-07

Use Discrete Rotation States: 1
Discrete Equilibrium Spin Period: 1.55907282
Continuous Equilibrium Spin Period: 1.55907282
Primary epsilons: 1 1 1 1 1 1
Primary Gamma_Rotation: 4.00000000
Primary Gamma_Orbital: 4.00000000
Secondary epsilons: 1 1 1 1 1 1
Secondary Gamma_Rotation: 4.00000000
Secondary Gamma_Orbital: 4.00000000

----------- Halt ---------

Primary's Minimum Obliquity: -57.29577951
Secondary's Minimum Obliquity: -57.29577951
