System Name: K06676.01
Tidal Model: Constant-Phase-Lag
Use Discrete Rotation Rate Model: 1
Integration Method: 4th order Runge-Kutta
Verbosity Level: 5

--------- Input/Output Units ---------

Mass Units: Solar
Length Units: AU
Time Units: Years
Angle Units: Degrees
Minimum Value of ecc and obl: 1.00000000e-10

--------- Files ---------

Executable: /Users/rory/src/eqtide/eqtide
Input: tide.in
Forward Output: K06676.01.forward
---------- Integration(s) ----------

Use Variable Timestep: Yes
Timestep Coefficient: 0.01000000

--------- Forward Integration ---------

Input Time Step: 0.00000000
Stop Time: 1.50000000e+10
Output Interval: 1.00000000e+09
Input Minimum Semi-major Axis: 0.00000000
Output Order: Time SemiMajorAxis Eccentricity SecPer[days] OrbPeriod[days] SecObliquity 

--------- Primary Body ---------

Primary Mass: 1.01691000
Primary Radius: 0.00447375
Primary Tidal Q: 1.00000000e+06

Primary Love Number k2: 0.50000000
Primary Input Obliquity: 0.00000000
Primary Input Spin Period: 0.08213552
Primary Input Spin Frequency: 76.49778111
Primary Radius of Gyration: 0.50000000

--------- Secondary Body ---------

Secondary Mass: 3.32133496e-05
Secondary Radius: 8.23582320e-05
Secondary Tidal Q: 34.00000000
Secondary Love Number k2: 0.30000000
Secondary Radius of Gyration: 0.50000000
Secondary Input Obliquity: 23.50000000
Secondary Input Spin Period: 0.00273785
Secondary Input Spin Frequency: 2294.93343338
Input Angular Size of Primary body: 0.45079818

-------------- Orbit ----------

Input Semi-major Axis: 1.13720700
Input Orbital Mean Motion: 5.22468590
Input Orbital Period: 1.20259580
Input Eccentricity: 0.00000000

--------- Tidal Effects ---------

da/dt: 9.59363110e-18
de/dt: 0.00000000
dP/dt: 1.52181382e-17

Derivative of Primary's Spin Rate: -2.67020817e-36
Primary dObl/dt: -0.00000000
Primary Equilibrium Rotation Rate: 5.22468590
Primary Equilibrium Rotation Period: 1.20259580
Primary Tidal Heat [W]: 2.73099368e+06
Primary Tidal Surface Flux [W/m^2]: 4.85195407e-13
Primary Equilibrium Tidal Surface Flux [W/m^2]: 0.00000000

Derivative of Secondary's Spin Rate: -1.68757917e-23
Secondary dObl/dt: 2.31332937e-20
Secondary Equilibrium Rotation Rate: 5.22468590
Secondary Equilibrium Rotation Period: 1.20259580
Secondary Tidal Heat [W]: 3.06878153e+12
Secondary Tidal Surface Flux [W/m^2]: 0.00160876
Secondary Equilibrium Tidal Surface Flux [W/m^2]: 5.83673277e-07

Use Discrete Rotation States: 1
Discrete Equilibrium Spin Period: 1.20259580
Continuous Equilibrium Spin Period: 1.20259580
Primary epsilons: 1 1 1 1 1 1
Primary Gamma_Rotation: 4.00000000
Primary Gamma_Orbital: 4.00000000
Secondary epsilons: 1 1 1 1 1 1
Secondary Gamma_Rotation: 4.00000000
Secondary Gamma_Orbital: 4.00000000

----------- Halt ---------

Primary's Minimum Obliquity: -57.29577951
Secondary's Minimum Obliquity: -57.29577951

--------- Primary Body ---------

Primary Final Obliquity: 0.00000000
Primary Final Spin Period: 0.08213552
Primary Final Spin Frequency: 76.49778111

--------- Secondary Body ---------

Secondary Final Obliquity: 24.87071443
Secondary Final Spin Period: 0.00307571
Secondary Final Spin Frequency: 2042.83904129
Final Angular Size of Primary body: 0.45079812

-------------- Orbit ----------

Final Semi-major Axis: 1.13720714
Final Orbital Mean Motion: 5.22468491
Final Orbital Period: 1.20259603
Final Eccentricity: 0.00000000

--------- Tidal Effects ---------

da/dt: 9.59362443e-18
de/dt: 0.00000000
dP/dt: 1.52181286e-17

Derivative of Primary's Spin Rate: -2.67020615e-36
Primary dObl/dt: -0.00000000
Primary Equilibrium Rotation Rate: 5.22468491
Primary Equilibrium Rotation Period: 1.20259603
Primary Tidal Heat [W]: 2.73099165e+06
Primary Tidal Surface Flux [W/m^2]: 4.85195045e-13
Primary Equilibrium Tidal Surface Flux [W/m^2]: 0.00000000

Derivative of Secondary's Spin Rate: -1.68757789e-23
Secondary dObl/dt: 2.74103091e-20
Secondary Equilibrium Rotation Rate: 5.22468491
Secondary Equilibrium Rotation Period: 1.20259603
Secondary Tidal Heat [W]: 2.73091002e+12
Secondary Tidal Surface Flux [W/m^2]: 0.00143163
Secondary Equilibrium Tidal Surface Flux [W/m^2]: 6.49308423e-07

Use Discrete Rotation States: 1
Discrete Equilibrium Spin Period: 1.20259603
Continuous Equilibrium Spin Period: 1.20259603
Primary epsilons: 1 1 1 1 1 1
Primary Gamma_Rotation: 4.00000000
Primary Gamma_Orbital: 4.00000000
Secondary epsilons: 1 1 1 1 1 1
Secondary Gamma_Rotation: 4.00000000
Secondary Gamma_Orbital: 4.00000000

----------- Halt ---------

Primary's Minimum Obliquity: -57.29577951
Secondary's Minimum Obliquity: -57.29577951
