System Name: K06610.01
Tidal Model: Constant-Phase-Lag
Use Discrete Rotation Rate Model: 1
Integration Method: 4th order Runge-Kutta
Verbosity Level: 5

--------- Input/Output Units ---------

Mass Units: Solar
Length Units: AU
Time Units: Years
Angle Units: Degrees
Minimum Value of ecc and obl: 1.00000000e-10

--------- Files ---------

Executable: /Users/rory/src/eqtide/eqtide
Input: tide.in
Forward Output: K06610.01.forward
---------- Integration(s) ----------

Use Variable Timestep: Yes
Timestep Coefficient: 0.01000000

--------- Forward Integration ---------

Input Time Step: 0.00000000
Stop Time: 1.50000000e+10
Output Interval: 1.00000000e+09
Input Minimum Semi-major Axis: 0.00000000
Output Order: Time SemiMajorAxis Eccentricity SecPer[days] OrbPeriod[days] SecObliquity 

--------- Primary Body ---------

Primary Mass: 0.77022400
Primary Radius: 0.00392499
Primary Tidal Q: 1.00000000e+06

Primary Love Number k2: 0.50000000
Primary Input Obliquity: 0.00000000
Primary Input Spin Period: 0.08213552
Primary Input Spin Frequency: 76.49778111
Primary Radius of Gyration: 0.50000000

--------- Secondary Body ---------

Secondary Mass: 7.70068082e-05
Secondary Radius: 0.00010370
Secondary Tidal Q: 34.00000000
Secondary Love Number k2: 0.30000000
Secondary Radius of Gyration: 0.50000000
Secondary Input Obliquity: 23.50000000
Secondary Input Spin Period: 0.00273785
Secondary Input Spin Frequency: 2294.93343338
Input Angular Size of Primary body: 0.54144690

-------------- Orbit ----------

Input Semi-major Axis: 0.83067700
Input Orbital Mean Motion: 7.28371721
Input Orbital Period: 0.86263444
Input Eccentricity: 0.00000000

--------- Tidal Effects ---------

da/dt: 4.85654145e-17
de/dt: 0.00000000
dP/dt: 7.56544842e-17

Derivative of Primary's Spin Rate: -8.42538278e-35
Primary dObl/dt: 0.00000000
Primary Equilibrium Rotation Rate: 7.28371721
Primary Equilibrium Rotation Period: 0.86263444
Primary Tidal Heat [W]: 4.87869001e+07
Primary Tidal Surface Flux [W/m^2]: 1.12606759e-11
Primary Equilibrium Tidal Surface Flux [W/m^2]: 0.00000000

Derivative of Secondary's Spin Rate: -5.48705151e-23
Secondary dObl/dt: 7.52163178e-20
Secondary Equilibrium Rotation Rate: 7.28371721
Secondary Equilibrium Rotation Period: 0.86263444
Secondary Tidal Heat [W]: 3.66425263e+13
Secondary Tidal Surface Flux [W/m^2]: 0.01211689
Secondary Equilibrium Tidal Surface Flux [W/m^2]: 6.13414484e-06

Use Discrete Rotation States: 1
Discrete Equilibrium Spin Period: 0.86263444
Continuous Equilibrium Spin Period: 0.86263444
Primary epsilons: 1 1 1 1 1 1
Primary Gamma_Rotation: 4.00000000
Primary Gamma_Orbital: 4.00000000
Secondary epsilons: 1 1 1 1 1 1
Secondary Gamma_Rotation: 4.00000000
Secondary Gamma_Orbital: 4.00000000

----------- Halt ---------

Primary's Minimum Obliquity: -57.29577951
Secondary's Minimum Obliquity: -57.29577951

--------- Primary Body ---------

Primary Final Obliquity: 0.00000000
Primary Final Spin Period: 0.08213552
Primary Final Spin Frequency: 76.49778111

--------- Secondary Body ---------

Secondary Final Obliquity: 29.11606973
Secondary Final Spin Period: 0.00425902
Secondary Final Spin Frequency: 1475.26711867
Final Angular Size of Primary body: 0.54144643

-------------- Orbit ----------

Final Semi-major Axis: 0.83067773
Final Orbital Mean Motion: 7.28370762
Final Orbital Period: 0.86263557
Final Eccentricity: 0.00000000

--------- Tidal Effects ---------

da/dt: 4.85651802e-17
de/dt: 0.00000000
dP/dt: 7.56541524e-17

Derivative of Primary's Spin Rate: -8.42533845e-35
Primary dObl/dt: 0.00000000
Primary Equilibrium Rotation Rate: 7.28370762
Primary Equilibrium Rotation Period: 0.86263557
Primary Tidal Heat [W]: 4.87866501e+07
Primary Tidal Surface Flux [W/m^2]: 1.12606182e-11
Primary Equilibrium Tidal Surface Flux [W/m^2]: 0.00000000

Derivative of Secondary's Spin Rate: -5.48702263e-23
Secondary dObl/dt: 1.42779007e-19
Secondary Equilibrium Rotation Rate: 7.28370762
Secondary Equilibrium Rotation Period: 0.86263557
Secondary Tidal Heat [W]: 2.35133628e+13
Secondary Tidal Surface Flux [W/m^2]: 0.00777536
Secondary Equilibrium Tidal Surface Flux [W/m^2]: 9.13400149e-06

Use Discrete Rotation States: 1
Discrete Equilibrium Spin Period: 0.86263557
Continuous Equilibrium Spin Period: 0.86263557
Primary epsilons: 1 1 1 1 1 1
Primary Gamma_Rotation: 4.00000000
Primary Gamma_Orbital: 4.00000000
Secondary epsilons: 1 1 1 1 1 1
Secondary Gamma_Rotation: 4.00000000
Secondary Gamma_Orbital: 4.00000000

----------- Halt ---------

Primary's Minimum Obliquity: -57.29577951
Secondary's Minimum Obliquity: -57.29577951
