System Name: K07099.01
Tidal Model: Constant-Phase-Lag
Use Discrete Rotation Rate Model: 1
Integration Method: 4th order Runge-Kutta
Verbosity Level: 5

--------- Input/Output Units ---------

Mass Units: Solar
Length Units: AU
Time Units: Years
Angle Units: Degrees
Minimum Value of ecc and obl: 1.00000000e-10

--------- Files ---------

Executable: /Users/rory/src/eqtide/eqtide
Input: tide.in
Forward Output: K07099.01.forward
---------- Integration(s) ----------

Use Variable Timestep: Yes
Timestep Coefficient: 0.01000000

--------- Forward Integration ---------

Input Time Step: 0.00000000
Stop Time: 1.50000000e+10
Output Interval: 1.00000000e+09
Input Minimum Semi-major Axis: 0.00000000
Output Order: Time SemiMajorAxis Eccentricity SecPer[days] OrbPeriod[days] SecObliquity 

--------- Primary Body ---------

Primary Mass: 0.50188900
Primary Radius: 0.00232988
Primary Tidal Q: 1.00000000e+06

Primary Love Number k2: 0.50000000
Primary Input Obliquity: 0.00000000
Primary Input Spin Period: 0.08213552
Primary Input Spin Frequency: 76.49778111
Primary Radius of Gyration: 0.50000000

--------- Secondary Body ---------

Secondary Mass: 4.02456441e-06
Secondary Radius: 4.61940068e-05
Secondary Tidal Q: 34.00000000
Secondary Love Number k2: 0.30000000
Secondary Radius of Gyration: 0.50000000
Secondary Input Obliquity: 23.50000000
Secondary Input Spin Period: 0.00273785
Secondary Input Spin Frequency: 2294.93343338
Input Angular Size of Primary body: 1.63441338

-------------- Orbit ----------

Input Semi-major Axis: 0.16334100
Input Orbital Mean Motion: 67.42700763
Input Orbital Period: 0.09318499
Input Eccentricity: 0.00000000

--------- Tidal Effects ---------

da/dt: 6.57709508e-14
de/dt: 0.00000000
dP/dt: 5.62830848e-14

Derivative of Primary's Spin Rate: -1.27786867e-33
Primary dObl/dt: -0.00000000
Primary Equilibrium Rotation Rate: 67.42700763
Primary Equilibrium Rotation Period: 0.09318499
Primary Tidal Heat [W]: 2.22654237e+07
Primary Tidal Surface Flux [W/m^2]: 1.45848391e-11
Primary Equilibrium Tidal Surface Flux [W/m^2]: 0.00000000

Derivative of Secondary's Spin Rate: -6.81726241e-19
Secondary dObl/dt: 9.34508552e-16
Secondary Equilibrium Rotation Rate: 67.42700763
Secondary Equilibrium Rotation Period: 0.09318499
Secondary Tidal Heat [W]: 4.59741801e+15
Secondary Tidal Surface Flux [W/m^2]: 7.66092632
Secondary Equilibrium Tidal Surface Flux [W/m^2]: 0.03687190

Use Discrete Rotation States: 1
Discrete Equilibrium Spin Period: 0.09318499
Continuous Equilibrium Spin Period: 0.09318499
Primary epsilons: 1 -1 1 1 -1 1
Primary Gamma_Rotation: 4.00000000
Primary Gamma_Orbital: 4.00000000
Secondary epsilons: 1 1 1 1 1 1
Secondary Gamma_Rotation: 4.00000000
Secondary Gamma_Orbital: 4.00000000

----------- Halt ---------

Primary's Minimum Obliquity: -57.29577951
Secondary's Minimum Obliquity: -57.29577951

--------- Primary Body ---------

Primary Final Obliquity: 0.00000000
Primary Final Spin Period: 0.08213552
Primary Final Spin Frequency: 76.49778111

--------- Secondary Body ---------

Secondary Final Obliquity: 36.73171326
Secondary Final Spin Period: 0.08499004
Secondary Final Spin Frequency: 73.92849393
Final Angular Size of Primary body: 1.63441138

-------------- Orbit ----------

Final Semi-major Axis: 0.16334120
Final Orbital Mean Motion: 67.42688367
Final Orbital Period: 0.09318517
Final Eccentricity: 0.00000000

--------- Tidal Effects ---------

da/dt: 1.87201398e-14
de/dt: -0.00000000
dP/dt: 1.60196537e-14

Derivative of Primary's Spin Rate: -1.27785927e-33
Primary dObl/dt: -0.00000000
Primary Equilibrium Rotation Rate: 67.42688367
Primary Equilibrium Rotation Period: 0.09318517
Primary Tidal Heat [W]: 2.22655643e+07
Primary Tidal Surface Flux [W/m^2]: 1.45849311e-11
Primary Equilibrium Tidal Surface Flux [W/m^2]: 0.00000000

Derivative of Secondary's Spin Rate: 2.93873605e-39
Secondary dObl/dt: -4.35101056e-14
Secondary Equilibrium Rotation Rate: 67.42688367
Secondary Equilibrium Rotation Period: 0.09318517
Secondary Tidal Heat [W]: 5.83958946e+13
Secondary Tidal Surface Flux [W/m^2]: 0.09730824
Secondary Equilibrium Tidal Surface Flux [W/m^2]: 0.08294583

Use Discrete Rotation States: 1
Discrete Equilibrium Spin Period: 0.09318517
Continuous Equilibrium Spin Period: 0.09318517
Primary epsilons: 1 -1 1 1 -1 1
Primary Gamma_Rotation: 4.00000000
Primary Gamma_Orbital: 4.00000000
Secondary epsilons: 1 -1 1 1 -1 1
Secondary Gamma_Rotation: 2.56925466
Secondary Gamma_Orbital: 1.13850931

----------- Halt ---------

Primary's Minimum Obliquity: -57.29577951
Secondary's Minimum Obliquity: -57.29577951
