System Name: K07040.01
Tidal Model: Constant-Phase-Lag
Use Discrete Rotation Rate Model: 1
Integration Method: 4th order Runge-Kutta
Verbosity Level: 5

--------- Input/Output Units ---------

Mass Units: Solar
Length Units: AU
Time Units: Years
Angle Units: Degrees
Minimum Value of ecc and obl: 1.00000000e-10

--------- Files ---------

Executable: /Users/rory/src/eqtide/eqtide
Input: tide.in
Forward Output: K07040.01.forward
---------- Integration(s) ----------

Use Variable Timestep: Yes
Timestep Coefficient: 0.01000000

--------- Forward Integration ---------

Input Time Step: 0.00000000
Stop Time: 1.50000000e+10
Output Interval: 1.00000000e+09
Input Minimum Semi-major Axis: 0.00000000
Output Order: Time SemiMajorAxis Eccentricity SecPer[days] OrbPeriod[days] SecObliquity 

--------- Primary Body ---------

Primary Mass: 0.80749600
Primary Radius: 0.00340879
Primary Tidal Q: 1.00000000e+06

Primary Love Number k2: 0.50000000
Primary Input Obliquity: 0.00000000
Primary Input Spin Period: 0.08213552
Primary Input Spin Frequency: 76.49778111
Primary Radius of Gyration: 0.50000000

--------- Secondary Body ---------

Secondary Mass: 1.53998773e-05
Secondary Radius: 6.67200388e-05
Secondary Tidal Q: 34.00000000
Secondary Love Number k2: 0.30000000
Secondary Radius of Gyration: 0.50000000
Secondary Input Obliquity: 23.50000000
Secondary Input Spin Period: 0.00273785
Secondary Input Spin Frequency: 2294.93343338
Input Angular Size of Primary body: 0.33923630

-------------- Orbit ----------

Input Semi-major Axis: 1.15146100
Input Orbital Mean Motion: 4.56953074
Input Orbital Period: 1.37501763
Input Eccentricity: 0.00000000

--------- Tidal Effects ---------

da/dt: 4.77030281e-18
de/dt: 0.00000000
dP/dt: 8.54477007e-18

Derivative of Primary's Spin Rate: -2.96773340e-37
Primary dObl/dt: -0.00000000
Primary Equilibrium Rotation Rate: 4.56953074
Primary Equilibrium Rotation Period: 1.37501763
Primary Tidal Heat [W]: 1.41217983e+05
Primary Tidal Surface Flux [W/m^2]: 4.32143697e-14
Primary Equilibrium Tidal Surface Flux [W/m^2]: 0.00000000

Derivative of Secondary's Spin Rate: -1.13230876e-23
Secondary dObl/dt: 1.55216630e-20
Secondary Equilibrium Rotation Rate: 4.56953074
Secondary Equilibrium Rotation Period: 1.37501763
Secondary Tidal Heat [W]: 6.26749599e+11
Secondary Tidal Surface Flux [W/m^2]: 0.00050063
Secondary Equilibrium Tidal Surface Flux [W/m^2]: 1.58813173e-07

Use Discrete Rotation States: 1
Discrete Equilibrium Spin Period: 1.37501763
Continuous Equilibrium Spin Period: 1.37501763
Primary epsilons: 1 1 1 1 1 1
Primary Gamma_Rotation: 4.00000000
Primary Gamma_Orbital: 4.00000000
Secondary epsilons: 1 1 1 1 1 1
Secondary Gamma_Rotation: 4.00000000
Secondary Gamma_Orbital: 4.00000000

----------- Halt ---------

Primary's Minimum Obliquity: -57.29577951
Secondary's Minimum Obliquity: -57.29577951

--------- Primary Body ---------

Primary Final Obliquity: 0.00000000
Primary Final Spin Period: 0.08213552
Primary Final Spin Frequency: 76.49778111

--------- Secondary Body ---------

Secondary Final Obliquity: 24.39241337
Secondary Final Spin Period: 0.00295570
Secondary Final Spin Frequency: 2125.78655791
Final Angular Size of Primary body: 0.33923628

-------------- Orbit ----------

Final Semi-major Axis: 1.15146107
Final Orbital Mean Motion: 4.56953031
Final Orbital Period: 1.37501775
Final Eccentricity: 0.00000000

--------- Tidal Effects ---------

da/dt: 4.77030118e-18
de/dt: 0.00000000
dP/dt: 8.54476741e-18

Derivative of Primary's Spin Rate: -2.96773230e-37
Primary dObl/dt: -0.00000000
Primary Equilibrium Rotation Rate: 4.56953031
Primary Equilibrium Rotation Period: 1.37501775
Primary Tidal Heat [W]: 1.41217931e+05
Primary Tidal Surface Flux [W/m^2]: 4.32143539e-14
Primary Equilibrium Tidal Surface Flux [W/m^2]: 0.00000000

Derivative of Secondary's Spin Rate: -1.13230834e-23
Secondary dObl/dt: 1.73548920e-20
Secondary Equilibrium Rotation Rate: 4.56953031
Secondary Equilibrium Rotation Period: 1.37501775
Secondary Tidal Heat [W]: 5.80462967e+11
Secondary Tidal Surface Flux [W/m^2]: 0.00046366
Secondary Equilibrium Tidal Surface Flux [W/m^2]: 1.70354290e-07

Use Discrete Rotation States: 1
Discrete Equilibrium Spin Period: 1.37501775
Continuous Equilibrium Spin Period: 1.37501775
Primary epsilons: 1 1 1 1 1 1
Primary Gamma_Rotation: 4.00000000
Primary Gamma_Orbital: 4.00000000
Secondary epsilons: 1 1 1 1 1 1
Secondary Gamma_Rotation: 4.00000000
Secondary Gamma_Orbital: 4.00000000

----------- Halt ---------

Primary's Minimum Obliquity: -57.29577951
Secondary's Minimum Obliquity: -57.29577951
