System Name: K07073.01
Tidal Model: Constant-Phase-Lag
Use Discrete Rotation Rate Model: 1
Integration Method: 4th order Runge-Kutta
Verbosity Level: 5

--------- Input/Output Units ---------

Mass Units: Solar
Length Units: AU
Time Units: Years
Angle Units: Degrees
Minimum Value of ecc and obl: 1.00000000e-10

--------- Files ---------

Executable: /Users/rory/src/eqtide/eqtide
Input: tide.in
Forward Output: K07073.01.forward
---------- Integration(s) ----------

Use Variable Timestep: Yes
Timestep Coefficient: 0.01000000

--------- Forward Integration ---------

Input Time Step: 0.00000000
Stop Time: 1.50000000e+10
Output Interval: 1.00000000e+09
Input Minimum Semi-major Axis: 0.00000000
Output Order: Time SemiMajorAxis Eccentricity SecPer[days] OrbPeriod[days] SecObliquity 

--------- Primary Body ---------

Primary Mass: 1.08398900
Primary Radius: 0.00531548
Primary Tidal Q: 1.00000000e+06

Primary Love Number k2: 0.50000000
Primary Input Obliquity: 0.00000000
Primary Input Spin Period: 0.08213552
Primary Input Spin Frequency: 76.49778111
Primary Radius of Gyration: 0.50000000

--------- Secondary Body ---------

Secondary Mass: 3.51404003e-05
Secondary Radius: 8.36407333e-05
Secondary Tidal Q: 34.00000000
Secondary Love Number k2: 0.30000000
Secondary Radius of Gyration: 0.50000000
Secondary Input Obliquity: 23.50000000
Secondary Input Spin Period: 0.00273785
Secondary Input Spin Frequency: 2294.93343338
Input Angular Size of Primary body: 0.70960309

-------------- Orbit ----------

Input Semi-major Axis: 0.85836900
Input Orbital Mean Motion: 8.22582681
Input Orbital Period: 0.76383632
Input Eccentricity: 0.00000000

--------- Tidal Effects ---------

da/dt: 5.06502035e-17
de/dt: 0.00000000
dP/dt: 6.76091965e-17

Derivative of Primary's Spin Rate: -2.54329825e-35
Primary dObl/dt: -0.00000000
Primary Equilibrium Rotation Rate: 8.22582681
Primary Equilibrium Rotation Period: 0.76383632
Primary Tidal Heat [W]: 3.74950775e+07
Primary Tidal Surface Flux [W/m^2]: 4.71876038e-12
Primary Equilibrium Tidal Surface Flux [W/m^2]: 0.00000000

Derivative of Secondary's Spin Rate: -1.02655043e-22
Secondary dObl/dt: 1.40719268e-19
Secondary Equilibrium Rotation Rate: 8.22582681
Secondary Equilibrium Rotation Period: 0.76383632
Secondary Tidal Heat [W]: 2.03436165e+13
Secondary Tidal Surface Flux [W/m^2]: 0.01034025
Secondary Equilibrium Tidal Surface Flux [W/m^2]: 5.91424548e-06

Use Discrete Rotation States: 1
Discrete Equilibrium Spin Period: 0.76383632
Continuous Equilibrium Spin Period: 0.76383632
Primary epsilons: 1 1 1 1 1 1
Primary Gamma_Rotation: 4.00000000
Primary Gamma_Orbital: 4.00000000
Secondary epsilons: 1 1 1 1 1 1
Secondary Gamma_Rotation: 4.00000000
Secondary Gamma_Orbital: 4.00000000

----------- Halt ---------

Primary's Minimum Obliquity: -57.29577951
Secondary's Minimum Obliquity: -57.29577951

--------- Primary Body ---------

Primary Final Obliquity: 0.00000000
Primary Final Spin Period: 0.08213552
Primary Final Spin Frequency: 76.49778111

--------- Secondary Body ---------

Secondary Final Obliquity: 39.80964001
Secondary Final Spin Period: 0.00825158
Secondary Final Spin Frequency: 761.45267615
Final Angular Size of Primary body: 0.70960246

-------------- Orbit ----------

Final Semi-major Axis: 0.85836976
Final Orbital Mean Motion: 8.22581589
Final Orbital Period: 0.76383734
Final Eccentricity: 0.00000000

--------- Tidal Effects ---------

da/dt: 5.06499569e-17
de/dt: 0.00000000
dP/dt: 6.76088973e-17

Derivative of Primary's Spin Rate: -2.54328474e-35
Primary dObl/dt: -0.00000000
Primary Equilibrium Rotation Rate: 8.22581589
Primary Equilibrium Rotation Period: 0.76383734
Primary Tidal Heat [W]: 3.74948844e+07
Primary Tidal Surface Flux [W/m^2]: 4.71873607e-12
Primary Equilibrium Tidal Surface Flux [W/m^2]: 0.00000000

Derivative of Secondary's Spin Rate: -1.02654498e-22
Secondary dObl/dt: 6.80959121e-19
Secondary Equilibrium Rotation Rate: 8.22581589
Secondary Equilibrium Rotation Period: 0.76383734
Secondary Tidal Heat [W]: 6.70102157e+12
Secondary Tidal Surface Flux [W/m^2]: 0.00340599
Secondary Equilibrium Tidal Surface Flux [W/m^2]: 1.52468907e-05

Use Discrete Rotation States: 1
Discrete Equilibrium Spin Period: 0.76383734
Continuous Equilibrium Spin Period: 0.76383734
Primary epsilons: 1 1 1 1 1 1
Primary Gamma_Rotation: 4.00000000
Primary Gamma_Orbital: 4.00000000
Secondary epsilons: 1 1 1 1 1 1
Secondary Gamma_Rotation: 4.00000000
Secondary Gamma_Orbital: 4.00000000

----------- Halt ---------

Primary's Minimum Obliquity: -57.29577951
Secondary's Minimum Obliquity: -57.29577951
