System Name: K07235.01
Tidal Model: Constant-Phase-Lag
Use Discrete Rotation Rate Model: 1
Integration Method: 4th order Runge-Kutta
Verbosity Level: 5

--------- Input/Output Units ---------

Mass Units: Solar
Length Units: AU
Time Units: Years
Angle Units: Degrees
Minimum Value of ecc and obl: 1.00000000e-10

--------- Files ---------

Executable: /Users/rory/src/eqtide/eqtide
Input: tide.in
Forward Output: K07235.01.forward
---------- Integration(s) ----------

Use Variable Timestep: Yes
Timestep Coefficient: 0.01000000

--------- Forward Integration ---------

Input Time Step: 0.00000000
Stop Time: 1.50000000e+10
Output Interval: 1.00000000e+09
Input Minimum Semi-major Axis: 0.00000000
Output Order: Time SemiMajorAxis Eccentricity SecPer[days] OrbPeriod[days] SecObliquity 

--------- Primary Body ---------

Primary Mass: 0.83283600
Primary Radius: 0.00353435
Primary Tidal Q: 1.00000000e+06

Primary Love Number k2: 0.50000000
Primary Input Obliquity: 0.00000000
Primary Input Spin Period: 0.08213552
Primary Input Spin Frequency: 76.49778111
Primary Radius of Gyration: 0.50000000

--------- Secondary Body ---------

Secondary Mass: 6.50844398e-06
Secondary Radius: 5.26962171e-05
Secondary Tidal Q: 34.00000000
Secondary Love Number k2: 0.30000000
Secondary Radius of Gyration: 0.50000000
Secondary Input Obliquity: 23.50000000
Secondary Input Spin Period: 0.00273785
Secondary Input Spin Frequency: 2294.93343338
Input Angular Size of Primary body: 0.49118655

-------------- Orbit ----------

Input Semi-major Axis: 0.82454300
Input Orbital Mean Motion: 7.65830396
Input Orbital Period: 0.82044084
Input Eccentricity: 0.00000000

--------- Tidal Effects ---------

da/dt: 2.28047078e-17
de/dt: 0.00000000
dP/dt: 3.40370120e-17

Derivative of Primary's Spin Rate: -4.24883622e-37
Primary dObl/dt: -0.00000000
Primary Equilibrium Rotation Rate: 7.65830396
Primary Equilibrium Rotation Period: 0.82044084
Primary Tidal Heat [W]: 2.14541603e+05
Primary Tidal Surface Flux [W/m^2]: 6.10703580e-14
Primary Equilibrium Tidal Surface Flux [W/m^2]: 0.00000000

Derivative of Secondary's Spin Rate: -1.04142541e-22
Secondary dObl/dt: 1.42758377e-19
Secondary Equilibrium Rotation Rate: 7.65830396
Secondary Equilibrium Rotation Period: 0.82044084
Secondary Tidal Heat [W]: 1.51767050e+12
Secondary Tidal Surface Flux [W/m^2]: 0.00194338
Secondary Equilibrium Tidal Surface Flux [W/m^2]: 1.03459585e-06

Use Discrete Rotation States: 1
Discrete Equilibrium Spin Period: 0.82044084
Continuous Equilibrium Spin Period: 0.82044084
Primary epsilons: 1 1 1 1 1 1
Primary Gamma_Rotation: 4.00000000
Primary Gamma_Orbital: 4.00000000
Secondary epsilons: 1 1 1 1 1 1
Secondary Gamma_Rotation: 4.00000000
Secondary Gamma_Orbital: 4.00000000

----------- Halt ---------

Primary's Minimum Obliquity: -57.29577951
Secondary's Minimum Obliquity: -57.29577951

--------- Primary Body ---------

Primary Final Obliquity: 0.00000000
Primary Final Spin Period: 0.08213552
Primary Final Spin Frequency: 76.49778111

--------- Secondary Body ---------

Secondary Final Obliquity: 40.35857428
Secondary Final Spin Period: 0.00849964
Secondary Final Spin Frequency: 739.22995641
Final Angular Size of Primary body: 0.49118635

-------------- Orbit ----------

Final Semi-major Axis: 0.82454334
Final Orbital Mean Motion: 7.65829920
Final Orbital Period: 0.82044135
Final Eccentricity: 0.00000000

--------- Tidal Effects ---------

da/dt: 2.28046558e-17
de/dt: 0.00000000
dP/dt: 3.40369414e-17

Derivative of Primary's Spin Rate: -4.24882565e-37
Primary dObl/dt: -0.00000000
Primary Equilibrium Rotation Rate: 7.65829920
Primary Equilibrium Rotation Period: 0.82044135
Primary Tidal Heat [W]: 2.14541084e+05
Primary Tidal Surface Flux [W/m^2]: 6.10702103e-14
Primary Equilibrium Tidal Surface Flux [W/m^2]: 0.00000000

Derivative of Secondary's Spin Rate: -1.04142282e-22
Secondary dObl/dt: 7.19743249e-19
Secondary Equilibrium Rotation Rate: 7.65829920
Secondary Equilibrium Rotation Period: 0.82044135
Secondary Tidal Heat [W]: 4.85416882e+11
Secondary Tidal Surface Flux [W/m^2]: 0.00062158
Secondary Equilibrium Tidal Surface Flux [W/m^2]: 2.72861516e-06

Use Discrete Rotation States: 1
Discrete Equilibrium Spin Period: 0.82044135
Continuous Equilibrium Spin Period: 0.82044135
Primary epsilons: 1 1 1 1 1 1
Primary Gamma_Rotation: 4.00000000
Primary Gamma_Orbital: 4.00000000
Secondary epsilons: 1 1 1 1 1 1
Secondary Gamma_Rotation: 4.00000000
Secondary Gamma_Orbital: 4.00000000

----------- Halt ---------

Primary's Minimum Obliquity: -57.29577951
Secondary's Minimum Obliquity: -57.29577951
