System Name: K07345.01
Tidal Model: Constant-Phase-Lag
Use Discrete Rotation Rate Model: 1
Integration Method: 4th order Runge-Kutta
Verbosity Level: 5

--------- Input/Output Units ---------

Mass Units: Solar
Length Units: AU
Time Units: Years
Angle Units: Degrees
Minimum Value of ecc and obl: 1.00000000e-10

--------- Files ---------

Executable: /Users/rory/src/eqtide/eqtide
Input: tide.in
Forward Output: K07345.01.forward
---------- Integration(s) ----------

Use Variable Timestep: Yes
Timestep Coefficient: 0.01000000

--------- Forward Integration ---------

Input Time Step: 0.00000000
Stop Time: 1.50000000e+10
Output Interval: 1.00000000e+09
Input Minimum Semi-major Axis: 0.00000000
Output Order: Time SemiMajorAxis Eccentricity SecPer[days] OrbPeriod[days] SecObliquity 

--------- Primary Body ---------

Primary Mass: 1.09000300
Primary Radius: 0.00473417
Primary Tidal Q: 1.00000000e+06

Primary Love Number k2: 0.50000000
Primary Input Obliquity: 0.00000000
Primary Input Spin Period: 0.08213552
Primary Input Spin Frequency: 76.49778111
Primary Radius of Gyration: 0.50000000

--------- Secondary Body ---------

Secondary Mass: 7.50315696e-05
Secondary Radius: 0.00010296
Secondary Tidal Q: 34.00000000
Secondary Love Number k2: 0.30000000
Secondary Radius of Gyration: 0.50000000
Secondary Input Obliquity: 23.50000000
Secondary Input Spin Period: 0.00273785
Secondary Input Spin Frequency: 2294.93343338
Input Angular Size of Primary body: 0.51565713

-------------- Orbit ----------

Input Semi-major Axis: 1.05204100
Input Orbital Mean Motion: 6.07926279
Input Orbital Period: 1.03354395
Input Eccentricity: 0.00000000

--------- Tidal Effects ---------

da/dt: 2.20833203e-17
de/dt: 0.00000000
dP/dt: 3.25436951e-17

Derivative of Primary's Spin Rate: -2.40337715e-35
Primary dObl/dt: 0.00000000
Primary Equilibrium Rotation Rate: 6.07926279
Primary Equilibrium Rotation Period: 1.03354395
Primary Tidal Heat [W]: 2.91507245e+07
Primary Tidal Surface Flux [W/m^2]: 4.62487422e-12
Primary Equilibrium Tidal Surface Flux [W/m^2]: 0.00000000

Derivative of Secondary's Spin Rate: -2.67526617e-23
Secondary dObl/dt: 3.66724706e-20
Secondary Equilibrium Rotation Rate: 6.07926279
Secondary Equilibrium Rotation Period: 1.03354395
Secondary Tidal Heat [W]: 1.71701139e+13
Secondary Tidal Surface Flux [W/m^2]: 0.00575921
Secondary Equilibrium Tidal Surface Flux [W/m^2]: 2.43217453e-06

Use Discrete Rotation States: 1
Discrete Equilibrium Spin Period: 1.03354395
Continuous Equilibrium Spin Period: 1.03354395
Primary epsilons: 1 1 1 1 1 1
Primary Gamma_Rotation: 4.00000000
Primary Gamma_Orbital: 4.00000000
Secondary epsilons: 1 1 1 1 1 1
Secondary Gamma_Rotation: 4.00000000
Secondary Gamma_Orbital: 4.00000000

----------- Halt ---------

Primary's Minimum Obliquity: -57.29577951
Secondary's Minimum Obliquity: -57.29577951

--------- Primary Body ---------

Primary Final Obliquity: 0.00000000
Primary Final Spin Period: 0.08213552
Primary Final Spin Frequency: 76.49778111

--------- Secondary Body ---------

Secondary Final Obliquity: 25.79402230
Secondary Final Spin Period: 0.00331515
Secondary Final Spin Frequency: 1895.29635027
Final Angular Size of Primary body: 0.51565697

-------------- Orbit ----------

Final Semi-major Axis: 1.05204133
Final Orbital Mean Motion: 6.07925992
Final Orbital Period: 1.03354444
Final Eccentricity: 0.00000000

--------- Tidal Effects ---------

da/dt: 2.20832820e-17
de/dt: 0.00000000
dP/dt: 3.25436439e-17

Derivative of Primary's Spin Rate: -2.40337261e-35
Primary dObl/dt: 0.00000000
Primary Equilibrium Rotation Rate: 6.07925992
Primary Equilibrium Rotation Period: 1.03354444
Primary Tidal Heat [W]: 2.91506706e+07
Primary Tidal Surface Flux [W/m^2]: 4.62486567e-12
Primary Equilibrium Tidal Surface Flux [W/m^2]: 0.00000000

Derivative of Secondary's Spin Rate: -2.67526111e-23
Secondary dObl/dt: 4.84572631e-20
Secondary Equilibrium Rotation Rate: 6.07925992
Secondary Equilibrium Rotation Period: 1.03354444
Secondary Tidal Heat [W]: 1.41721617e+13
Secondary Tidal Surface Flux [W/m^2]: 0.00475363
Secondary Equilibrium Tidal Surface Flux [W/m^2]: 2.89632108e-06

Use Discrete Rotation States: 1
Discrete Equilibrium Spin Period: 1.03354444
Continuous Equilibrium Spin Period: 1.03354444
Primary epsilons: 1 1 1 1 1 1
Primary Gamma_Rotation: 4.00000000
Primary Gamma_Orbital: 4.00000000
Secondary epsilons: 1 1 1 1 1 1
Secondary Gamma_Rotation: 4.00000000
Secondary Gamma_Orbital: 4.00000000

----------- Halt ---------

Primary's Minimum Obliquity: -57.29577951
Secondary's Minimum Obliquity: -57.29577951
