System Name: K07470.01
Tidal Model: Constant-Phase-Lag
Use Discrete Rotation Rate Model: 1
Integration Method: 4th order Runge-Kutta
Verbosity Level: 5

--------- Input/Output Units ---------

Mass Units: Solar
Length Units: AU
Time Units: Years
Angle Units: Degrees
Minimum Value of ecc and obl: 1.00000000e-10

--------- Files ---------

Executable: /Users/rory/src/eqtide/eqtide
Input: tide.in
Forward Output: K07470.01.forward
---------- Integration(s) ----------

Use Variable Timestep: Yes
Timestep Coefficient: 0.01000000

--------- Forward Integration ---------

Input Time Step: 0.00000000
Stop Time: 1.50000000e+10
Output Interval: 1.00000000e+09
Input Minimum Semi-major Axis: 0.00000000
Output Order: Time SemiMajorAxis Eccentricity SecPer[days] OrbPeriod[days] SecObliquity 

--------- Primary Body ---------

Primary Mass: 0.86985400
Primary Radius: 0.00459466
Primary Tidal Q: 1.00000000e+06

Primary Love Number k2: 0.50000000
Primary Input Obliquity: 0.00000000
Primary Input Spin Period: 0.08213552
Primary Input Spin Frequency: 76.49778111
Primary Radius of Gyration: 0.50000000

--------- Secondary Body ---------

Secondary Mass: 5.14561586e-05
Secondary Radius: 9.28530328e-05
Secondary Tidal Q: 34.00000000
Secondary Love Number k2: 0.30000000
Secondary Radius of Gyration: 0.50000000
Secondary Input Obliquity: 23.50000000
Secondary Input Spin Period: 0.00273785
Secondary Input Spin Frequency: 2294.93343338
Input Angular Size of Primary body: 0.52570832

-------------- Orbit ----------

Input Semi-major Axis: 1.00151600
Input Orbital Mean Motion: 5.84682791
Input Orbital Period: 1.07463148
Input Eccentricity: 0.00000000

--------- Tidal Effects ---------

da/dt: 1.79501200e-17
de/dt: 0.00000000
dP/dt: 2.88917019e-17

Derivative of Primary's Spin Rate: -1.73966672e-35
Primary dObl/dt: -0.00000000
Primary Equilibrium Rotation Rate: 5.84682791
Primary Equilibrium Rotation Period: 1.07463148
Primary Tidal Heat [W]: 1.59133505e+07
Primary Tidal Surface Flux [W/m^2]: 2.68036457e-12
Primary Equilibrium Tidal Surface Flux [W/m^2]: 0.00000000

Derivative of Secondary's Spin Rate: -2.44807205e-23
Secondary dObl/dt: 3.35581023e-20
Secondary Equilibrium Rotation Rate: 5.84682791
Secondary Equilibrium Rotation Period: 1.07463148
Secondary Tidal Heat [W]: 8.76417079e+12
Secondary Tidal Surface Flux [W/m^2]: 0.00361457
Secondary Equilibrium Tidal Surface Flux [W/m^2]: 1.46796147e-06

Use Discrete Rotation States: 1
Discrete Equilibrium Spin Period: 1.07463148
Continuous Equilibrium Spin Period: 1.07463148
Primary epsilons: 1 1 1 1 1 1
Primary Gamma_Rotation: 4.00000000
Primary Gamma_Orbital: 4.00000000
Secondary epsilons: 1 1 1 1 1 1
Secondary Gamma_Rotation: 4.00000000
Secondary Gamma_Orbital: 4.00000000

----------- Halt ---------

Primary's Minimum Obliquity: -57.29577951
Secondary's Minimum Obliquity: -57.29577951

--------- Primary Body ---------

Primary Final Obliquity: 0.00000000
Primary Final Spin Period: 0.08213552
Primary Final Spin Frequency: 76.49778111

--------- Secondary Body ---------

Secondary Final Obliquity: 25.57317737
Secondary Final Spin Period: 0.00325683
Secondary Final Spin Frequency: 1929.23505242
Final Angular Size of Primary body: 0.52570818

-------------- Orbit ----------

Final Semi-major Axis: 1.00151627
Final Orbital Mean Motion: 5.84682555
Final Orbital Period: 1.07463191
Final Eccentricity: 0.00000000

--------- Tidal Effects ---------

da/dt: 1.79500934e-17
de/dt: 0.00000000
dP/dt: 2.88916630e-17

Derivative of Primary's Spin Rate: -1.73966392e-35
Primary dObl/dt: -0.00000000
Primary Equilibrium Rotation Rate: 5.84682555
Primary Equilibrium Rotation Period: 1.07463191
Primary Tidal Heat [W]: 1.59133254e+07
Primary Tidal Surface Flux [W/m^2]: 2.68036034e-12
Primary Equilibrium Tidal Surface Flux [W/m^2]: 0.00000000

Derivative of Secondary's Spin Rate: -2.44806810e-23
Secondary dObl/dt: 4.32142878e-20
Secondary Equilibrium Rotation Rate: 5.84682555
Secondary Equilibrium Rotation Period: 1.07463191
Secondary Tidal Heat [W]: 7.36401833e+12
Secondary Tidal Surface Flux [W/m^2]: 0.00303711
Secondary Equilibrium Tidal Surface Flux [W/m^2]: 1.72030362e-06

Use Discrete Rotation States: 1
Discrete Equilibrium Spin Period: 1.07463191
Continuous Equilibrium Spin Period: 1.07463191
Primary epsilons: 1 1 1 1 1 1
Primary Gamma_Rotation: 4.00000000
Primary Gamma_Orbital: 4.00000000
Secondary epsilons: 1 1 1 1 1 1
Secondary Gamma_Rotation: 4.00000000
Secondary Gamma_Orbital: 4.00000000

----------- Halt ---------

Primary's Minimum Obliquity: -57.29577951
Secondary's Minimum Obliquity: -57.29577951
