System Name: K07554.01
Tidal Model: Constant-Phase-Lag
Use Discrete Rotation Rate Model: 1
Integration Method: 4th order Runge-Kutta
Verbosity Level: 5

--------- Input/Output Units ---------

Mass Units: Solar
Length Units: AU
Time Units: Years
Angle Units: Degrees
Minimum Value of ecc and obl: 1.00000000e-10

--------- Files ---------

Executable: /Users/rory/src/eqtide/eqtide
Input: tide.in
Forward Output: K07554.01.forward
---------- Integration(s) ----------

Use Variable Timestep: Yes
Timestep Coefficient: 0.01000000

--------- Forward Integration ---------

Input Time Step: 0.00000000
Stop Time: 1.50000000e+10
Output Interval: 1.00000000e+09
Input Minimum Semi-major Axis: 0.00000000
Output Order: Time SemiMajorAxis Eccentricity SecPer[days] OrbPeriod[days] SecObliquity 

--------- Primary Body ---------

Primary Mass: 1.07092900
Primary Radius: 0.00509226
Primary Tidal Q: 1.00000000e+06

Primary Love Number k2: 0.50000000
Primary Input Obliquity: 0.00000000
Primary Input Spin Period: 0.08213552
Primary Input Spin Frequency: 76.49778111
Primary Radius of Gyration: 0.50000000

--------- Secondary Body ---------

Secondary Mass: 5.35698551e-05
Secondary Radius: 9.38827942e-05
Secondary Tidal Q: 34.00000000
Secondary Love Number k2: 0.30000000
Secondary Radius of Gyration: 0.50000000
Secondary Input Obliquity: 23.50000000
Secondary Input Spin Period: 0.00273785
Secondary Input Spin Frequency: 2294.93343338
Input Angular Size of Primary body: 0.47366076

-------------- Orbit ----------

Input Semi-major Axis: 1.23195000
Input Orbital Mean Motion: 4.75524284
Input Orbital Period: 1.32131744
Input Eccentricity: 0.00000000

--------- Tidal Effects ---------

da/dt: 7.96825303e-18
de/dt: 0.00000000
dP/dt: 1.28197431e-17

Derivative of Primary's Spin Rate: -6.01836255e-36
Primary dObl/dt: -0.00000000
Primary Equilibrium Rotation Rate: 4.75524284
Primary Equilibrium Rotation Period: 1.32131744
Primary Tidal Heat [W]: 8.45398154e+06
Primary Tidal Surface Flux [W/m^2]: 1.15925556e-12
Primary Equilibrium Tidal Surface Flux [W/m^2]: 0.00000000

Derivative of Secondary's Spin Rate: -1.06347752e-23
Secondary dObl/dt: 1.45781218e-20
Secondary Equilibrium Rotation Rate: 4.75524284
Secondary Equilibrium Rotation Period: 1.32131744
Secondary Tidal Heat [W]: 4.05401115e+12
Secondary Tidal Surface Flux [W/m^2]: 0.00163550
Secondary Equilibrium Tidal Surface Flux [W/m^2]: 5.39950908e-07

Use Discrete Rotation States: 1
Discrete Equilibrium Spin Period: 1.32131744
Continuous Equilibrium Spin Period: 1.32131744
Primary epsilons: 1 1 1 1 1 1
Primary Gamma_Rotation: 4.00000000
Primary Gamma_Orbital: 4.00000000
Secondary epsilons: 1 1 1 1 1 1
Secondary Gamma_Rotation: 4.00000000
Secondary Gamma_Orbital: 4.00000000

----------- Halt ---------

Primary's Minimum Obliquity: -57.29577951
Secondary's Minimum Obliquity: -57.29577951

--------- Primary Body ---------

Primary Final Obliquity: 0.00000000
Primary Final Spin Period: 0.08213552
Primary Final Spin Frequency: 76.49778111

--------- Secondary Body ---------

Secondary Final Obliquity: 24.33510411
Secondary Final Spin Period: 0.00294147
Secondary Final Spin Frequency: 2136.06874321
Final Angular Size of Primary body: 0.47366071

-------------- Orbit ----------

Final Semi-major Axis: 1.23195012
Final Orbital Mean Motion: 4.75524215
Final Orbital Period: 1.32131763
Final Eccentricity: 0.00000000

--------- Tidal Effects ---------

da/dt: 7.96824878e-18
de/dt: 0.00000000
dP/dt: 1.28197369e-17

Derivative of Primary's Spin Rate: -6.01835905e-36
Primary dObl/dt: -0.00000000
Primary Equilibrium Rotation Rate: 4.75524215
Primary Equilibrium Rotation Period: 1.32131763
Primary Tidal Heat [W]: 8.45397670e+06
Primary Tidal Surface Flux [W/m^2]: 1.15925489e-12
Primary Equilibrium Tidal Surface Flux [W/m^2]: 0.00000000

Derivative of Secondary's Spin Rate: -1.06347690e-23
Secondary dObl/dt: 1.61856577e-20
Secondary Equilibrium Rotation Rate: 4.75524215
Secondary Equilibrium Rotation Period: 1.32131763
Secondary Tidal Heat [W]: 3.77279100e+12
Secondary Tidal Surface Flux [W/m^2]: 0.00152205
Secondary Equilibrium Tidal Surface Flux [W/m^2]: 5.76636653e-07

Use Discrete Rotation States: 1
Discrete Equilibrium Spin Period: 1.32131763
Continuous Equilibrium Spin Period: 1.32131763
Primary epsilons: 1 1 1 1 1 1
Primary Gamma_Rotation: 4.00000000
Primary Gamma_Orbital: 4.00000000
Secondary epsilons: 1 1 1 1 1 1
Secondary Gamma_Rotation: 4.00000000
Secondary Gamma_Orbital: 4.00000000

----------- Halt ---------

Primary's Minimum Obliquity: -57.29577951
Secondary's Minimum Obliquity: -57.29577951
