System Name: K07591.01
Tidal Model: Constant-Phase-Lag
Use Discrete Rotation Rate Model: 1
Integration Method: 4th order Runge-Kutta
Verbosity Level: 5

--------- Input/Output Units ---------

Mass Units: Solar
Length Units: AU
Time Units: Years
Angle Units: Degrees
Minimum Value of ecc and obl: 1.00000000e-10

--------- Files ---------

Executable: /Users/rory/src/eqtide/eqtide
Input: tide.in
Forward Output: K07591.01.forward
---------- Integration(s) ----------

Use Variable Timestep: Yes
Timestep Coefficient: 0.01000000

--------- Forward Integration ---------

Input Time Step: 0.00000000
Stop Time: 1.50000000e+10
Output Interval: 1.00000000e+09
Input Minimum Semi-major Axis: 0.00000000
Output Order: Time SemiMajorAxis Eccentricity SecPer[days] OrbPeriod[days] SecObliquity 

--------- Primary Body ---------

Primary Mass: 0.72357800
Primary Radius: 0.00310651
Primary Tidal Q: 1.00000000e+06

Primary Love Number k2: 0.50000000
Primary Input Obliquity: 0.00000000
Primary Input Spin Period: 0.08213552
Primary Input Spin Frequency: 76.49778111
Primary Radius of Gyration: 0.50000000

--------- Secondary Body ---------

Secondary Mass: 1.00955532e-05
Secondary Radius: 5.94310435e-05
Secondary Tidal Q: 34.00000000
Secondary Love Number k2: 0.30000000
Secondary Radius of Gyration: 0.50000000
Secondary Input Obliquity: 23.50000000
Secondary Input Spin Period: 0.00273785
Secondary Input Spin Frequency: 2294.93343338
Input Angular Size of Primary body: 0.42571643

-------------- Orbit ----------

Input Semi-major Axis: 0.83618600
Input Orbital Mean Motion: 6.98976364
Input Orbital Period: 0.89891241
Input Eccentricity: 0.00000000

--------- Tidal Effects ---------

da/dt: 2.01112191e-17
de/dt: 0.00000000
dP/dt: 3.24300166e-17

Derivative of Primary's Spin Rate: -7.34515797e-37
Primary dObl/dt: -0.00000000
Primary Equilibrium Rotation Rate: 6.98976364
Primary Equilibrium Rotation Period: 0.89891241
Primary Tidal Heat [W]: 2.51357364e+05
Primary Tidal Surface Flux [W/m^2]: 9.26157436e-14
Primary Equilibrium Tidal Surface Flux [W/m^2]: 0.00000000

Derivative of Secondary's Spin Rate: -6.68330374e-23
Secondary dObl/dt: 9.16145777e-20
Secondary Equilibrium Rotation Rate: 6.98976364
Secondary Equilibrium Rotation Period: 0.89891241
Secondary Tidal Heat [W]: 1.92215421e+12
Secondary Tidal Surface Flux [W/m^2]: 0.00193509
Secondary Equilibrium Tidal Surface Flux [W/m^2]: 9.39975646e-07

Use Discrete Rotation States: 1
Discrete Equilibrium Spin Period: 0.89891241
Continuous Equilibrium Spin Period: 0.89891241
Primary epsilons: 1 1 1 1 1 1
Primary Gamma_Rotation: 4.00000000
Primary Gamma_Orbital: 4.00000000
Secondary epsilons: 1 1 1 1 1 1
Secondary Gamma_Rotation: 4.00000000
Secondary Gamma_Orbital: 4.00000000

----------- Halt ---------

Primary's Minimum Obliquity: -57.29577951
Secondary's Minimum Obliquity: -57.29577951

--------- Primary Body ---------

Primary Final Obliquity: 0.00000000
Primary Final Spin Period: 0.08213552
Primary Final Spin Frequency: 76.49778111

--------- Secondary Body ---------

Secondary Final Obliquity: 30.97742357
Secondary Final Spin Period: 0.00484602
Secondary Final Spin Frequency: 1296.56711090
Final Angular Size of Primary body: 0.42571628

-------------- Orbit ----------

Final Semi-major Axis: 0.83618630
Final Orbital Mean Motion: 6.98975986
Final Orbital Period: 0.89891290
Final Eccentricity: 0.00000000

--------- Tidal Effects ---------

da/dt: 2.01111792e-17
de/dt: 0.00000000
dP/dt: 3.24299581e-17

Derivative of Primary's Spin Rate: -7.34514207e-37
Primary dObl/dt: -0.00000000
Primary Equilibrium Rotation Rate: 6.98975986
Primary Equilibrium Rotation Period: 0.89891290
Primary Tidal Heat [W]: 2.51356834e+05
Primary Tidal Surface Flux [W/m^2]: 9.26155482e-14
Primary Equilibrium Tidal Surface Flux [W/m^2]: 0.00000000

Derivative of Secondary's Spin Rate: -6.68328928e-23
Secondary dObl/dt: 2.09311716e-19
Secondary Equilibrium Rotation Rate: 6.98975986
Secondary Equilibrium Rotation Period: 0.89891290
Secondary Tidal Heat [W]: 1.08340131e+12
Secondary Tidal Surface Flux [W/m^2]: 0.00109069
Secondary Equilibrium Tidal Surface Flux [W/m^2]: 1.56611942e-06

Use Discrete Rotation States: 1
Discrete Equilibrium Spin Period: 0.89891290
Continuous Equilibrium Spin Period: 0.89891290
Primary epsilons: 1 1 1 1 1 1
Primary Gamma_Rotation: 4.00000000
Primary Gamma_Orbital: 4.00000000
Secondary epsilons: 1 1 1 1 1 1
Secondary Gamma_Rotation: 4.00000000
Secondary Gamma_Orbital: 4.00000000

----------- Halt ---------

Primary's Minimum Obliquity: -57.29577951
Secondary's Minimum Obliquity: -57.29577951
