System Name: K07617.01
Tidal Model: Constant-Phase-Lag
Use Discrete Rotation Rate Model: 1
Integration Method: 4th order Runge-Kutta
Verbosity Level: 5

--------- Input/Output Units ---------

Mass Units: Solar
Length Units: AU
Time Units: Years
Angle Units: Degrees
Minimum Value of ecc and obl: 1.00000000e-10

--------- Files ---------

Executable: /Users/rory/src/eqtide/eqtide
Input: tide.in
Forward Output: K07617.01.forward
---------- Integration(s) ----------

Use Variable Timestep: Yes
Timestep Coefficient: 0.01000000

--------- Forward Integration ---------

Input Time Step: 0.00000000
Stop Time: 1.50000000e+10
Output Interval: 1.00000000e+09
Input Minimum Semi-major Axis: 0.00000000
Output Order: Time SemiMajorAxis Eccentricity SecPer[days] OrbPeriod[days] SecObliquity 

--------- Primary Body ---------

Primary Mass: 0.40086200
Primary Radius: 0.00174392
Primary Tidal Q: 1.00000000e+06

Primary Love Number k2: 0.50000000
Primary Input Obliquity: 0.00000000
Primary Input Spin Period: 0.08213552
Primary Input Spin Frequency: 76.49778111
Primary Radius of Gyration: 0.50000000

--------- Secondary Body ---------

Secondary Mass: 8.90402397e-07
Secondary Radius: 2.93891088e-05
Secondary Tidal Q: 34.00000000
Secondary Love Number k2: 0.30000000
Secondary Radius of Gyration: 0.50000000
Secondary Input Obliquity: 23.50000000
Secondary Input Spin Period: 0.00273785
Secondary Input Spin Frequency: 2294.93343338
Input Angular Size of Primary body: 2.51370516

-------------- Orbit ----------

Input Semi-major Axis: 0.07948700
Input Orbital Mean Motion: 177.51084413
Input Orbital Period: 0.03539606
Input Eccentricity: 0.00000000

--------- Tidal Effects ---------

da/dt: 1.16183543e-12
de/dt: 0.00000000
dP/dt: 7.76059877e-13

Derivative of Primary's Spin Rate: 2.47291469e-33
Primary dObl/dt: -0.00000000
Primary Equilibrium Rotation Rate: 177.51084413
Primary Equilibrium Rotation Period: 0.03539606
Primary Tidal Heat [W]: 2.14714509e+08
Primary Tidal Surface Flux [W/m^2]: 2.51041191e-10
Primary Equilibrium Tidal Surface Flux [W/m^2]: 0.00000000

Derivative of Secondary's Spin Rate: -3.81165834e-17
Secondary dObl/dt: 5.22501256e-14
Secondary Equilibrium Rotation Rate: 177.51084413
Secondary Equilibrium Rotation Period: 0.03539606
Secondary Tidal Heat [W]: 2.18814212e+16
Secondary Tidal Surface Flux [W/m^2]: 90.08267103
Secondary Equilibrium Tidal Surface Flux [W/m^2]: 1.20076485

Use Discrete Rotation States: 1
Discrete Equilibrium Spin Period: 0.03539606
Continuous Equilibrium Spin Period: 0.03539606
Primary epsilons: -1 -1 -1 1 -1 1
Primary Gamma_Rotation: -4.00000000
Primary Gamma_Orbital: -4.00000000
Secondary epsilons: 1 1 1 1 1 1
Secondary Gamma_Rotation: 4.00000000
Secondary Gamma_Orbital: 4.00000000

----------- Halt ---------

Primary's Minimum Obliquity: -57.29577951
Secondary's Minimum Obliquity: -57.29577951

--------- Primary Body ---------

Primary Final Obliquity: 0.00000000
Primary Final Spin Period: 0.08213552
Primary Final Spin Frequency: 76.49778111

--------- Secondary Body ---------

Secondary Final Obliquity: 33.08196528
Secondary Final Spin Period: 0.03229200
Secondary Final Spin Frequency: 194.57402389
Final Angular Size of Primary body: 2.51370329

-------------- Orbit ----------

Final Semi-major Axis: 0.07948706
Final Orbital Mean Motion: 177.51064513
Final Orbital Period: 0.03539610
Final Eccentricity: 0.00000000

--------- Tidal Effects ---------

da/dt: 4.69520269e-13
de/dt: -0.00000000
dP/dt: 3.13620991e-13

Derivative of Primary's Spin Rate: 2.47290360e-33
Primary dObl/dt: -0.00000000
Primary Equilibrium Rotation Rate: 177.51064513
Primary Equilibrium Rotation Period: 0.03539610
Primary Tidal Heat [W]: 2.14713123e+08
Primary Tidal Surface Flux [W/m^2]: 2.51039570e-10
Primary Equilibrium Tidal Surface Flux [W/m^2]: 0.00000000

Derivative of Secondary's Spin Rate: 2.93873605e-39
Secondary dObl/dt: -8.43597235e-13
Secondary Equilibrium Rotation Rate: 177.51064513
Secondary Equilibrium Rotation Period: 0.03539610
Secondary Tidal Heat [W]: 6.70331223e+14
Secondary Tidal Surface Flux [W/m^2]: 2.75965745
Secondary Equilibrium Tidal Surface Flux [W/m^2]: 2.25000819

Use Discrete Rotation States: 1
Discrete Equilibrium Spin Period: 0.03539610
Continuous Equilibrium Spin Period: 0.03539610
Primary epsilons: -1 -1 -1 1 -1 1
Primary Gamma_Rotation: -4.00000000
Primary Gamma_Orbital: -4.00000000
Secondary epsilons: 1 -1 1 1 -1 1
Secondary Gamma_Rotation: 2.80824242
Secondary Gamma_Orbital: 1.61648485

----------- Halt ---------

Primary's Minimum Obliquity: -57.29577951
Secondary's Minimum Obliquity: -57.29577951
