System Name: Kepler-369c
Tidal Model: Constant-Phase-Lag
Use Discrete Rotation Rate Model: 1
Integration Method: 4th order Runge-Kutta
Verbosity Level: 5

--------- Input/Output Units ---------

Mass Units: Solar
Length Units: AU
Time Units: Years
Angle Units: Degrees
Minimum Value of ecc and obl: 1.00000000e-10

--------- Files ---------

Executable: /Users/rory/src/eqtide/eqtide
Input: tide.in
Forward Output: Kepler-369c.forward
---------- Integration(s) ----------

Use Variable Timestep: Yes
Timestep Coefficient: 0.01000000

--------- Forward Integration ---------

Input Time Step: 0.00000000
Stop Time: 1.50000000e+10
Output Interval: 1.00000000e+09
Input Minimum Semi-major Axis: 0.00000000
Output Order: Time SemiMajorAxis Eccentricity SecPer[days] OrbPeriod[days] SecObliquity 

--------- Primary Body ---------

Primary Mass: 0.49673900
Primary Radius: 0.00218572
Primary Tidal Q: 1.00000000e+06

Primary Love Number k2: 0.50000000
Primary Input Obliquity: 0.00000000
Primary Input Spin Period: 0.08213552
Primary Input Spin Frequency: 76.49778111
Primary Radius of Gyration: 0.50000000

--------- Secondary Body ---------

Secondary Mass: 1.71590420e-05
Secondary Radius: 6.87268222e-05
Secondary Tidal Q: 34.00000000
Secondary Love Number k2: 0.30000000
Secondary Radius of Gyration: 0.50000000
Secondary Input Obliquity: 23.50000000
Secondary Input Spin Period: 0.00273785
Secondary Input Spin Frequency: 2294.93343338
Input Angular Size of Primary body: 2.67165342

-------------- Orbit ----------

Input Semi-major Axis: 0.09373200
Input Orbital Mean Motion: 154.31598883
Input Orbital Period: 0.04071636
Input Eccentricity: 0.00000000

--------- Tidal Effects ---------

da/dt: 2.34903002e-12
de/dt: 0.00000000
dP/dt: 1.53062353e-12

Derivative of Primary's Spin Rate: 5.42673109e-31
Primary dObl/dt: -0.00000000
Primary Equilibrium Rotation Rate: 154.31598883
Primary Equilibrium Rotation Period: 0.04071636
Primary Tidal Heat [W]: 7.06579110e+10
Primary Tidal Surface Flux [W/m^2]: 5.25909731e-08
Primary Equilibrium Tidal Surface Flux [W/m^2]: 0.00000000

Derivative of Secondary's Spin Rate: -1.44458422e-17
Secondary dObl/dt: 1.98022966e-14
Secondary Equilibrium Rotation Rate: 154.31598883
Secondary Equilibrium Rotation Period: 0.04071636
Secondary Tidal Heat [W]: 8.83532145e+17
Secondary Tidal Surface Flux [W/m^2]: 665.13283681
Secondary Equilibrium Tidal Surface Flux [W/m^2]: 7.62394261

Use Discrete Rotation States: 1
Discrete Equilibrium Spin Period: 0.04071636
Continuous Equilibrium Spin Period: 0.04071636
Primary epsilons: -1 -1 -1 1 -1 1
Primary Gamma_Rotation: -4.00000000
Primary Gamma_Orbital: -4.00000000
Secondary epsilons: 1 1 1 1 1 1
Secondary Gamma_Rotation: 4.00000000
Secondary Gamma_Orbital: 4.00000000

----------- Halt ---------

Primary's Minimum Obliquity: -57.29577951
Secondary's Minimum Obliquity: -57.29577951

--------- Primary Body ---------

Primary Final Obliquity: 0.00000000
Primary Final Spin Period: 0.08213552
Primary Final Spin Frequency: 76.49778111

--------- Secondary Body ---------

Secondary Final Obliquity: 33.98159236
Secondary Final Spin Period: 0.03721309
Secondary Final Spin Frequency: 168.84339990
Final Angular Size of Primary body: 2.67164427

-------------- Orbit ----------

Final Semi-major Axis: 0.09373232
Final Orbital Mean Motion: 154.31519630
Final Orbital Period: 0.04071657
Final Eccentricity: 0.00000000

--------- Tidal Effects ---------

da/dt: 8.81341585e-13
de/dt: -0.00000000
dP/dt: 5.74281497e-13

Derivative of Primary's Spin Rate: 5.42661961e-31
Primary dObl/dt: -0.00000000
Primary Equilibrium Rotation Rate: 154.31519630
Primary Equilibrium Rotation Period: 0.04071657
Primary Tidal Heat [W]: 7.06557399e+10
Primary Tidal Surface Flux [W/m^2]: 5.25893571e-08
Primary Equilibrium Tidal Surface Flux [W/m^2]: 0.00000000

Derivative of Secondary's Spin Rate: 2.93873605e-39
Secondary dObl/dt: -3.77266935e-13
Secondary Equilibrium Rotation Rate: 154.31519630
Secondary Equilibrium Rotation Period: 0.04071657
Secondary Tidal Heat [W]: 2.40203156e+16
Secondary Tidal Surface Flux [W/m^2]: 18.08276106
Secondary Equilibrium Tidal Surface Flux [W/m^2]: 14.97885255

Use Discrete Rotation States: 1
Discrete Equilibrium Spin Period: 0.04071657
Continuous Equilibrium Spin Period: 0.04071657
Primary epsilons: -1 -1 -1 1 -1 1
Primary Gamma_Rotation: -4.00000000
Primary Gamma_Orbital: -4.00000000
Secondary epsilons: 1 -1 1 1 -1 1
Secondary Gamma_Rotation: 2.75040455
Secondary Gamma_Orbital: 1.50080910

----------- Halt ---------

Primary's Minimum Obliquity: -57.29577951
Secondary's Minimum Obliquity: -57.29577951
