System Name: Kepler-437b
Tidal Model: Constant-Phase-Lag
Use Discrete Rotation Rate Model: 1
Integration Method: 4th order Runge-Kutta
Verbosity Level: 5

--------- Input/Output Units ---------

Mass Units: Solar
Length Units: AU
Time Units: Years
Angle Units: Degrees
Minimum Value of ecc and obl: 1.00000000e-10

--------- Files ---------

Executable: /Users/rory/src/eqtide/eqtide
Input: tide.in
Forward Output: Kepler-437b.forward
---------- Integration(s) ----------

Use Variable Timestep: Yes
Timestep Coefficient: 0.01000000

--------- Forward Integration ---------

Input Time Step: 0.00000000
Stop Time: 1.50000000e+10
Output Interval: 1.00000000e+09
Input Minimum Semi-major Axis: 0.00000000
Output Order: Time SemiMajorAxis Eccentricity SecPer[days] OrbPeriod[days] SecObliquity 

--------- Primary Body ---------

Primary Mass: 0.71936600
Primary Radius: 0.00316232
Primary Tidal Q: 1.00000000e+06

Primary Love Number k2: 0.50000000
Primary Input Obliquity: 0.00000000
Primary Input Spin Period: 0.08213552
Primary Input Spin Frequency: 76.49778111
Primary Radius of Gyration: 0.50000000

--------- Secondary Body ---------

Secondary Mass: 1.97809919e-05
Secondary Radius: 7.14571204e-05
Secondary Tidal Q: 34.00000000
Secondary Love Number k2: 0.30000000
Secondary Radius of Gyration: 0.50000000
Secondary Input Obliquity: 23.50000000
Secondary Input Spin Period: 0.00273785
Secondary Input Spin Frequency: 2294.93343338
Input Angular Size of Primary body: 1.25704240

-------------- Orbit ----------

Input Semi-major Axis: 0.28826400
Input Orbital Mean Motion: 34.43233170
Input Orbital Period: 0.18247923
Input Eccentricity: 0.00000000

--------- Tidal Effects ---------

da/dt: 8.94336479e-15
de/dt: 0.00000000
dP/dt: 8.49221932e-15

Derivative of Primary's Spin Rate: -1.78256234e-33
Primary dObl/dt: -0.00000000
Primary Equilibrium Rotation Rate: 34.43233170
Primary Equilibrium Rotation Period: 0.18247923
Primary Tidal Heat [W]: 3.80325361e+08
Primary Tidal Surface Flux [W/m^2]: 1.35233283e-10
Primary Equilibrium Tidal Surface Flux [W/m^2]: 0.00000000

Derivative of Secondary's Spin Rate: -3.49119194e-20
Secondary dObl/dt: 4.78571516e-17
Secondary Equilibrium Rotation Rate: 34.43233170
Secondary Equilibrium Rotation Period: 0.18247923
Secondary Tidal Heat [W]: 2.81003936e+15
Secondary Tidal Surface Flux [W/m^2]: 1.95686084
Secondary Equilibrium Tidal Surface Flux [W/m^2]: 0.00473937

Use Discrete Rotation States: 1
Discrete Equilibrium Spin Period: 0.18247923
Continuous Equilibrium Spin Period: 0.18247923
Primary epsilons: 1 1 1 1 1 1
Primary Gamma_Rotation: 4.00000000
Primary Gamma_Orbital: 4.00000000
Secondary epsilons: 1 1 1 1 1 1
Secondary Gamma_Rotation: 4.00000000
Secondary Gamma_Orbital: 4.00000000

----------- Halt ---------

Primary's Minimum Obliquity: -57.29577951
Secondary's Minimum Obliquity: -57.29577951

--------- Primary Body ---------

Primary Final Obliquity: 0.00000000
Primary Final Spin Period: 0.08213552
Primary Final Spin Frequency: 76.49778111

--------- Secondary Body ---------

Secondary Final Obliquity: 36.93218973
Secondary Final Spin Period: 0.16595594
Secondary Final Spin Frequency: 37.86056309
Final Angular Size of Primary body: 1.25704001

-------------- Orbit ----------

Final Semi-major Axis: 0.28826455
Final Orbital Mean Motion: 34.43223339
Final Orbital Period: 0.18247975
Final Eccentricity: 0.00000000

--------- Tidal Effects ---------

da/dt: 2.48548855e-15
de/dt: -0.00000000
dP/dt: 2.36011104e-15

Derivative of Primary's Spin Rate: -1.78254198e-33
Primary dObl/dt: -0.00000000
Primary Equilibrium Rotation Rate: 34.43223339
Primary Equilibrium Rotation Period: 0.18247975
Primary Tidal Heat [W]: 3.80321906e+08
Primary Tidal Surface Flux [W/m^2]: 1.35232054e-10
Primary Equilibrium Tidal Surface Flux [W/m^2]: 0.00000000

Derivative of Secondary's Spin Rate: 2.93873605e-39
Secondary dObl/dt: -4.37125144e-15
Secondary Equilibrium Rotation Rate: 34.43223339
Secondary Equilibrium Rotation Period: 0.18247975
Secondary Tidal Heat [W]: 1.81765980e+13
Secondary Tidal Surface Flux [W/m^2]: 0.01265786
Secondary Equilibrium Tidal Surface Flux [W/m^2]: 0.01076157

Use Discrete Rotation States: 1
Discrete Equilibrium Spin Period: 0.18247975
Continuous Equilibrium Spin Period: 0.18247975
Primary epsilons: 1 1 1 1 1 1
Primary Gamma_Rotation: 4.00000000
Primary Gamma_Orbital: 4.00000000
Secondary epsilons: 1 -1 1 1 -1 1
Secondary Gamma_Rotation: 2.55582382
Secondary Gamma_Orbital: 1.11164765

----------- Halt ---------

Primary's Minimum Obliquity: -57.29577951
Secondary's Minimum Obliquity: -57.29577951
