System Name: Kepler-22b
Tidal Model: Constant-Phase-Lag
Use Discrete Rotation Rate Model: 1
Integration Method: 4th order Runge-Kutta
Verbosity Level: 5

--------- Input/Output Units ---------

Mass Units: Solar
Length Units: AU
Time Units: Years
Angle Units: Degrees
Minimum Value of ecc and obl: 1.00000000e-10

--------- Files ---------

Executable: /Users/rory/src/eqtide/eqtide
Input: tide.in
Forward Output: Kepler-22b.forward
---------- Integration(s) ----------

Use Variable Timestep: Yes
Timestep Coefficient: 0.01000000

--------- Forward Integration ---------

Input Time Step: 0.00000000
Stop Time: 1.50000000e+10
Output Interval: 1.00000000e+09
Input Minimum Semi-major Axis: 0.00000000
Output Order: Time SemiMajorAxis Eccentricity SecPer[days] OrbPeriod[days] SecObliquity 

--------- Primary Body ---------

Primary Mass: 0.96468300
Primary Radius: 0.00455745
Primary Tidal Q: 1.00000000e+06

Primary Love Number k2: 0.50000000
Primary Input Obliquity: 0.00000000
Primary Input Spin Period: 0.08213552
Primary Input Spin Frequency: 76.49778111
Primary Radius of Gyration: 0.50000000

--------- Secondary Body ---------

Secondary Mass: 7.27686988e-05
Secondary Radius: 0.00010210
Secondary Tidal Q: 34.00000000
Secondary Love Number k2: 0.30000000
Secondary Radius of Gyration: 0.50000000
Secondary Input Obliquity: 23.50000000
Secondary Input Spin Period: 0.00273785
Secondary Input Spin Frequency: 2294.93343338
Input Angular Size of Primary body: 0.61659956

-------------- Orbit ----------

Input Semi-major Axis: 0.84696900
Input Orbital Mean Motion: 7.91732625
Input Orbital Period: 0.79359939
Input Eccentricity: 0.00000000

--------- Tidal Effects ---------

da/dt: 5.99089616e-17
de/dt: 0.00000000
dP/dt: 8.42041008e-17

Derivative of Primary's Spin Rate: -8.36935416e-35
Primary dObl/dt: 0.00000000
Primary Equilibrium Rotation Rate: 7.91732625
Primary Equilibrium Rotation Period: 0.79359939
Primary Tidal Heat [W]: 8.10860933e+07
Primary Tidal Surface Flux [W/m^2]: 1.38816265e-11
Primary Equilibrium Tidal Surface Flux [W/m^2]: 0.00000000

Derivative of Secondary's Spin Rate: -7.73820770e-23
Secondary dObl/dt: 1.06075110e-19
Secondary Equilibrium Rotation Rate: 7.91732625
Secondary Equilibrium Rotation Period: 0.79359939
Secondary Tidal Heat [W]: 4.73272245e+13
Secondary Tidal Surface Flux [W/m^2]: 0.01614313
Secondary Equilibrium Tidal Surface Flux [W/m^2]: 8.88579569e-06

Use Discrete Rotation States: 1
Discrete Equilibrium Spin Period: 0.79359939
Continuous Equilibrium Spin Period: 0.79359939
Primary epsilons: 1 1 1 1 1 1
Primary Gamma_Rotation: 4.00000000
Primary Gamma_Orbital: 4.00000000
Secondary epsilons: 1 1 1 1 1 1
Secondary Gamma_Rotation: 4.00000000
Secondary Gamma_Orbital: 4.00000000

----------- Halt ---------

Primary's Minimum Obliquity: -57.29577951
Secondary's Minimum Obliquity: -57.29577951

--------- Primary Body ---------

Primary Final Obliquity: 0.00000000
Primary Final Spin Period: 0.08213552
Primary Final Spin Frequency: 76.49778111

--------- Secondary Body ---------

Secondary Final Obliquity: 32.95167885
Secondary Final Spin Period: 0.00551647
Secondary Final Spin Frequency: 1138.98571171
Final Angular Size of Primary body: 0.61659891

-------------- Orbit ----------

Final Semi-major Axis: 0.84696990
Final Orbital Mean Motion: 7.91731365
Final Orbital Period: 0.79360066
Final Eccentricity: 0.00000000

--------- Tidal Effects ---------

da/dt: 5.99086120e-17
de/dt: 0.00000000
dP/dt: 8.42036541e-17

Derivative of Primary's Spin Rate: -8.36930088e-35
Primary dObl/dt: 0.00000000
Primary Equilibrium Rotation Rate: 7.91731365
Primary Equilibrium Rotation Period: 0.79360066
Primary Tidal Heat [W]: 8.10855920e+07
Primary Tidal Surface Flux [W/m^2]: 1.38815407e-11
Primary Equilibrium Tidal Surface Flux [W/m^2]: 0.00000000

Derivative of Secondary's Spin Rate: -7.73815844e-23
Secondary dObl/dt: 2.91546163e-19
Secondary Equilibrium Rotation Rate: 7.91731365
Secondary Equilibrium Rotation Period: 0.79360066
Secondary Tidal Heat [W]: 2.34060386e+13
Secondary Tidal Surface Flux [W/m^2]: 0.00798371
Secondary Equilibrium Tidal Surface Flux [W/m^2]: 1.65341542e-05

Use Discrete Rotation States: 1
Discrete Equilibrium Spin Period: 0.79360066
Continuous Equilibrium Spin Period: 0.79360066
Primary epsilons: 1 1 1 1 1 1
Primary Gamma_Rotation: 4.00000000
Primary Gamma_Orbital: 4.00000000
Secondary epsilons: 1 1 1 1 1 1
Secondary Gamma_Rotation: 4.00000000
Secondary Gamma_Orbital: 4.00000000

----------- Halt ---------

Primary's Minimum Obliquity: -57.29577951
Secondary's Minimum Obliquity: -57.29577951
