System Name: Kepler-440b
Tidal Model: Constant-Phase-Lag
Use Discrete Rotation Rate Model: 1
Integration Method: 4th order Runge-Kutta
Verbosity Level: 5

--------- Input/Output Units ---------

Mass Units: Solar
Length Units: AU
Time Units: Years
Angle Units: Degrees
Minimum Value of ecc and obl: 1.00000000e-10

--------- Files ---------

Executable: /Users/rory/src/eqtide/eqtide
Input: tide.in
Forward Output: Kepler-440b.forward
---------- Integration(s) ----------

Use Variable Timestep: Yes
Timestep Coefficient: 0.01000000

--------- Forward Integration ---------

Input Time Step: 0.00000000
Stop Time: 1.50000000e+10
Output Interval: 1.00000000e+09
Input Minimum Semi-major Axis: 0.00000000
Output Order: Time SemiMajorAxis Eccentricity SecPer[days] OrbPeriod[days] SecObliquity 

--------- Primary Body ---------

Primary Mass: 0.58655500
Primary Radius: 0.00260426
Primary Tidal Q: 1.00000000e+06

Primary Love Number k2: 0.50000000
Primary Input Obliquity: 0.00000000
Primary Input Spin Period: 0.08213552
Primary Input Spin Frequency: 76.49778111
Primary Radius of Gyration: 0.50000000

--------- Secondary Body ---------

Secondary Mass: 3.13818909e-05
Secondary Radius: 8.10883081e-05
Secondary Tidal Q: 34.00000000
Secondary Love Number k2: 0.30000000
Secondary Radius of Gyration: 0.50000000
Secondary Input Obliquity: 23.50000000
Secondary Input Spin Period: 0.00273785
Secondary Input Spin Frequency: 2294.93343338
Input Angular Size of Primary body: 0.83930040

-------------- Orbit ----------

Input Semi-major Axis: 0.35555900
Input Orbital Mean Motion: 22.69705947
Input Orbital Period: 0.27682816
Input Eccentricity: 0.00000000

--------- Tidal Effects ---------

da/dt: 2.46325695e-15
de/dt: 0.00000000
dP/dt: 2.87681007e-15

Derivative of Primary's Spin Rate: -8.72685413e-34
Primary dObl/dt: 0.00000000
Primary Equilibrium Rotation Rate: 22.69705947
Primary Equilibrium Rotation Period: 0.27682816
Primary Tidal Heat [W]: 1.31688517e+08
Primary Tidal Surface Flux [W/m^2]: 6.90427341e-11
Primary Equilibrium Tidal Surface Flux [W/m^2]: 0.00000000

Derivative of Secondary's Spin Rate: -6.07114955e-21
Secondary dObl/dt: 8.32231068e-18
Secondary Equilibrium Rotation Rate: 22.69705947
Secondary Equilibrium Rotation Period: 0.27682816
Secondary Tidal Heat [W]: 1.00349425e+15
Secondary Tidal Surface Flux [W/m^2]: 0.54267145
Secondary Equilibrium Tidal Surface Flux [W/m^2]: 0.00086189

Use Discrete Rotation States: 1
Discrete Equilibrium Spin Period: 0.27682816
Continuous Equilibrium Spin Period: 0.27682816
Primary epsilons: 1 1 1 1 1 1
Primary Gamma_Rotation: 4.00000000
Primary Gamma_Orbital: 4.00000000
Secondary epsilons: 1 1 1 1 1 1
Secondary Gamma_Rotation: 4.00000000
Secondary Gamma_Orbital: 4.00000000

----------- Halt ---------

Primary's Minimum Obliquity: -57.29577951
Secondary's Minimum Obliquity: -57.29577951

--------- Primary Body ---------

Primary Final Obliquity: 0.00000000
Primary Final Spin Period: 0.08213552
Primary Final Spin Frequency: 76.49778111

--------- Secondary Body ---------

Secondary Final Obliquity: 37.75751592
Secondary Final Spin Period: 0.25241995
Secondary Final Spin Frequency: 24.89179375
Final Angular Size of Primary body: 0.83929831

-------------- Orbit ----------

Final Semi-major Axis: 0.35555989
Final Orbital Mean Motion: 22.69697465
Final Orbital Period: 0.27682920
Final Eccentricity: 0.00000000

--------- Tidal Effects ---------

da/dt: 6.16126395e-16
de/dt: -0.00000000
dP/dt: 7.19567979e-16

Derivative of Primary's Spin Rate: -8.72672367e-34
Primary dObl/dt: 0.00000000
Primary Equilibrium Rotation Rate: 22.69697465
Primary Equilibrium Rotation Period: 0.27682920
Primary Tidal Heat [W]: 1.31686756e+08
Primary Tidal Surface Flux [W/m^2]: 6.90418108e-11
Primary Equilibrium Tidal Surface Flux [W/m^2]: 0.00000000

Derivative of Secondary's Spin Rate: 2.93873605e-39
Secondary dObl/dt: -1.17823356e-15
Secondary Equilibrium Rotation Rate: 22.69697465
Secondary Equilibrium Rotation Period: 0.27682920
Secondary Tidal Heat [W]: 4.36407820e+12
Secondary Tidal Surface Flux [W/m^2]: 0.00236001
Secondary Equilibrium Tidal Surface Flux [W/m^2]: 0.00203237

Use Discrete Rotation States: 1
Discrete Equilibrium Spin Period: 0.27682920
Continuous Equilibrium Spin Period: 0.27682920
Primary epsilons: 1 1 1 1 1 1
Primary Gamma_Rotation: 4.00000000
Primary Gamma_Orbital: 4.00000000
Secondary epsilons: 1 -1 1 1 -1 1
Secondary Gamma_Rotation: 2.50025199
Secondary Gamma_Orbital: 1.00050399

----------- Halt ---------

Primary's Minimum Obliquity: -57.29577951
Secondary's Minimum Obliquity: -57.29577951
