System Name: Kepler-442b
Tidal Model: Constant-Phase-Lag
Use Discrete Rotation Rate Model: 1
Integration Method: 4th order Runge-Kutta
Verbosity Level: 5

--------- Input/Output Units ---------

Mass Units: Solar
Length Units: AU
Time Units: Years
Angle Units: Degrees
Minimum Value of ecc and obl: 1.00000000e-10

--------- Files ---------

Executable: /Users/rory/src/eqtide/eqtide
Input: tide.in
Forward Output: Kepler-442b.forward
---------- Integration(s) ----------

Use Variable Timestep: Yes
Timestep Coefficient: 0.01000000

--------- Forward Integration ---------

Input Time Step: 0.00000000
Stop Time: 1.50000000e+10
Output Interval: 1.00000000e+09
Input Minimum Semi-major Axis: 0.00000000
Output Order: Time SemiMajorAxis Eccentricity SecPer[days] OrbPeriod[days] SecObliquity 

--------- Primary Body ---------

Primary Mass: 0.61409400
Primary Radius: 0.00279028
Primary Tidal Q: 1.00000000e+06

Primary Love Number k2: 0.50000000
Primary Input Obliquity: 0.00000000
Primary Input Spin Period: 0.08213552
Primary Input Spin Frequency: 76.49778111
Primary Radius of Gyration: 0.50000000

--------- Secondary Body ---------

Secondary Mass: 1.75441163e-05
Secondary Radius: 6.91460088e-05
Secondary Tidal Q: 34.00000000
Secondary Love Number k2: 0.30000000
Secondary Radius of Gyration: 0.50000000
Secondary Input Obliquity: 23.50000000
Secondary Input Spin Period: 0.00273785
Secondary Input Spin Frequency: 2294.93343338
Input Angular Size of Primary body: 0.82573872

-------------- Orbit ----------

Input Semi-major Axis: 0.38721300
Input Orbital Mean Motion: 20.43477489
Input Orbital Period: 0.30747514
Input Eccentricity: 0.00000000

--------- Tidal Effects ---------

da/dt: 1.33129660e-15
de/dt: 0.00000000
dP/dt: 1.58574141e-15

Derivative of Primary's Spin Rate: -1.92086362e-34
Primary dObl/dt: -0.00000000
Primary Equilibrium Rotation Rate: 20.43477489
Primary Equilibrium Rotation Period: 0.30747514
Primary Tidal Heat [W]: 3.63017500e+07
Primary Tidal Surface Flux [W/m^2]: 1.65794909e-11
Primary Equilibrium Tidal Surface Flux [W/m^2]: 0.00000000

Derivative of Secondary's Spin Rate: -4.42453751e-21
Secondary dObl/dt: 6.06514318e-18
Secondary Equilibrium Rotation Rate: 20.43477489
Secondary Equilibrium Rotation Period: 0.30747514
Secondary Tidal Heat [W]: 2.97587144e+14
Secondary Tidal Surface Flux [W/m^2]: 0.22131889
Secondary Equilibrium Tidal Surface Flux [W/m^2]: 0.00031616

Use Discrete Rotation States: 1
Discrete Equilibrium Spin Period: 0.30747514
Continuous Equilibrium Spin Period: 0.30747514
Primary epsilons: 1 1 1 1 1 1
Primary Gamma_Rotation: 4.00000000
Primary Gamma_Orbital: 4.00000000
Secondary epsilons: 1 1 1 1 1 1
Secondary Gamma_Rotation: 4.00000000
Secondary Gamma_Orbital: 4.00000000

----------- Halt ---------

Primary's Minimum Obliquity: -57.29577951
Secondary's Minimum Obliquity: -57.29577951

--------- Primary Body ---------

Primary Final Obliquity: 0.00000000
Primary Final Spin Period: 0.08213552
Primary Final Spin Frequency: 76.49778111

--------- Secondary Body ---------

Secondary Final Obliquity: 38.19878571
Secondary Final Spin Period: 0.28097968
Secondary Final Spin Frequency: 22.36170684
Final Angular Size of Primary body: 0.82573731

-------------- Orbit ----------

Final Semi-major Axis: 0.38721366
Final Orbital Mean Motion: 20.43472264
Final Orbital Period: 0.30747593
Final Eccentricity: 0.00000000

--------- Tidal Effects ---------

da/dt: 3.13100847e-16
de/dt: -0.00000000
dP/dt: 3.72942739e-16

Derivative of Primary's Spin Rate: -1.92084398e-34
Primary dObl/dt: -0.00000000
Primary Equilibrium Rotation Rate: 20.43472264
Primary Equilibrium Rotation Period: 0.30747593
Primary Tidal Heat [W]: 3.63014126e+07
Primary Tidal Surface Flux [W/m^2]: 1.65793368e-11
Primary Equilibrium Tidal Surface Flux [W/m^2]: 0.00000000

Derivative of Secondary's Spin Rate: 2.93873605e-39
Secondary dObl/dt: -9.65308561e-16
Secondary Equilibrium Rotation Rate: 20.43472264
Secondary Equilibrium Rotation Period: 0.30747593
Secondary Tidal Heat [W]: 1.17810374e+12
Secondary Tidal Surface Flux [W/m^2]: 0.00087617
Secondary Equilibrium Tidal Surface Flux [W/m^2]: 0.00076037

Use Discrete Rotation States: 1
Discrete Equilibrium Spin Period: 0.30747593
Continuous Equilibrium Spin Period: 0.30747593
Primary epsilons: 1 1 1 1 1 1
Primary Gamma_Rotation: 4.00000000
Primary Gamma_Orbital: 4.00000000
Secondary epsilons: 1 -1 1 1 -1 1
Secondary Gamma_Rotation: 2.47036662
Secondary Gamma_Orbital: 0.94073324

----------- Halt ---------

Primary's Minimum Obliquity: -57.29577951
Secondary's Minimum Obliquity: -57.29577951
