System Name: Kepler-395c
Tidal Model: Constant-Phase-Lag
Use Discrete Rotation Rate Model: 1
Integration Method: 4th order Runge-Kutta
Verbosity Level: 5

--------- Input/Output Units ---------

Mass Units: Solar
Length Units: AU
Time Units: Years
Angle Units: Degrees
Minimum Value of ecc and obl: 1.00000000e-10

--------- Files ---------

Executable: /Users/rory/src/eqtide/eqtide
Input: tide.in
Forward Output: Kepler-395c.forward
---------- Integration(s) ----------

Use Variable Timestep: Yes
Timestep Coefficient: 0.01000000

--------- Forward Integration ---------

Input Time Step: 0.00000000
Stop Time: 1.50000000e+10
Output Interval: 1.00000000e+09
Input Minimum Semi-major Axis: 0.00000000
Output Order: Time SemiMajorAxis Eccentricity SecPer[days] OrbPeriod[days] SecObliquity 

--------- Primary Body ---------

Primary Mass: 0.61419800
Primary Radius: 0.00260426
Primary Tidal Q: 1.00000000e+06

Primary Love Number k2: 0.50000000
Primary Input Obliquity: 0.00000000
Primary Input Spin Period: 0.08213552
Primary Input Spin Frequency: 76.49778111
Primary Radius of Gyration: 0.50000000

--------- Secondary Body ---------

Secondary Mass: 1.53672234e-05
Secondary Radius: 6.66812410e-05
Secondary Tidal Q: 34.00000000
Secondary Love Number k2: 0.30000000
Secondary Radius of Gyration: 0.50000000
Secondary Input Obliquity: 23.50000000
Secondary Input Spin Period: 0.00273785
Secondary Input Spin Frequency: 2294.93343338
Input Angular Size of Primary body: 1.67678027

-------------- Orbit ----------

Input Semi-major Axis: 0.17796300
Input Orbital Mean Motion: 65.58978030
Input Orbital Period: 0.09579519
Input Eccentricity: 0.00000000

--------- Tidal Effects ---------

da/dt: 9.12039521e-14
de/dt: 0.00000000
dP/dt: 7.36417879e-14

Derivative of Primary's Spin Rate: -1.27110784e-32
Primary dObl/dt: -0.00000000
Primary Equilibrium Rotation Rate: 65.58978030
Primary Equilibrium Rotation Period: 0.09579519
Primary Tidal Heat [W]: 4.07220193e+08
Primary Tidal Surface Flux [W/m^2]: 2.13500738e-10
Primary Equilibrium Tidal Surface Flux [W/m^2]: 0.00000000

Derivative of Secondary's Spin Rate: -4.80819420e-19
Secondary dObl/dt: 6.59105646e-16
Secondary Equilibrium Rotation Rate: 65.58978030
Secondary Equilibrium Rotation Period: 0.09579519
Secondary Tidal Heat [W]: 2.58200238e+16
Secondary Tidal Surface Flux [W/m^2]: 20.64846880
Secondary Equilibrium Tidal Surface Flux [W/m^2]: 0.09659316

Use Discrete Rotation States: 1
Discrete Equilibrium Spin Period: 0.09579519
Continuous Equilibrium Spin Period: 0.09579519
Primary epsilons: 1 -1 1 1 -1 1
Primary Gamma_Rotation: 4.00000000
Primary Gamma_Orbital: 4.00000000
Secondary epsilons: 1 1 1 1 1 1
Secondary Gamma_Rotation: 4.00000000
Secondary Gamma_Orbital: 4.00000000

----------- Halt ---------

Primary's Minimum Obliquity: -57.29577951
Secondary's Minimum Obliquity: -57.29577951

--------- Primary Body ---------

Primary Final Obliquity: 0.00000000
Primary Final Spin Period: 0.08213552
Primary Final Spin Frequency: 76.49778111

--------- Secondary Body ---------

Secondary Final Obliquity: 36.74591008
Secondary Final Spin Period: 0.08714887
Secondary Final Spin Frequency: 72.09715389
Final Angular Size of Primary body: 1.67677656

-------------- Orbit ----------

Final Semi-major Axis: 0.17796339
Final Orbital Mean Motion: 65.58956244
Final Orbital Period: 0.09579551
Final Eccentricity: 0.00000000

--------- Tidal Effects ---------

da/dt: 2.59157010e-14
de/dt: -0.00000000
dP/dt: 2.09254163e-14

Derivative of Primary's Spin Rate: -1.27109096e-32
Primary dObl/dt: -0.00000000
Primary Equilibrium Rotation Rate: 65.58956244
Primary Equilibrium Rotation Period: 0.09579551
Primary Tidal Heat [W]: 4.07222916e+08
Primary Tidal Surface Flux [W/m^2]: 2.13502166e-10
Primary Equilibrium Tidal Surface Flux [W/m^2]: 0.00000000

Derivative of Secondary's Spin Rate: 2.93873605e-39
Secondary dObl/dt: -3.14773002e-14
Secondary Equilibrium Rotation Rate: 65.58956244
Secondary Equilibrium Rotation Period: 0.09579551
Secondary Tidal Heat [W]: 3.20286562e+14
Secondary Tidal Surface Flux [W/m^2]: 0.25613559
Secondary Equilibrium Tidal Surface Flux [W/m^2]: 0.21743551

Use Discrete Rotation States: 1
Discrete Equilibrium Spin Period: 0.09579551
Continuous Equilibrium Spin Period: 0.09579551
Primary epsilons: 1 -1 1 1 -1 1
Primary Gamma_Rotation: 4.00000000
Primary Gamma_Orbital: 4.00000000
Secondary epsilons: 1 -1 1 1 -1 1
Secondary Gamma_Rotation: 2.56830446
Secondary Gamma_Orbital: 1.13660891

----------- Halt ---------

Primary's Minimum Obliquity: -57.29577951
Secondary's Minimum Obliquity: -57.29577951
