System Name: Kepler-225c
Tidal Model: Constant-Phase-Lag
Use Discrete Rotation Rate Model: 1
Integration Method: 4th order Runge-Kutta
Verbosity Level: 5

--------- Input/Output Units ---------

Mass Units: Solar
Length Units: AU
Time Units: Years
Angle Units: Degrees
Minimum Value of ecc and obl: 1.00000000e-10

--------- Files ---------

Executable: /Users/rory/src/eqtide/eqtide
Input: tide.in
Forward Output: Kepler-225c.forward
---------- Integration(s) ----------

Use Variable Timestep: Yes
Timestep Coefficient: 0.01000000

--------- Forward Integration ---------

Input Time Step: 0.00000000
Stop Time: 1.50000000e+10
Output Interval: 1.00000000e+09
Input Minimum Semi-major Axis: 0.00000000
Output Order: Time SemiMajorAxis Eccentricity SecPer[days] OrbPeriod[days] SecObliquity 

--------- Primary Body ---------

Primary Mass: 0.50630800
Primary Radius: 0.00223222
Primary Tidal Q: 1.00000000e+06

Primary Love Number k2: 0.50000000
Primary Input Obliquity: 0.00000000
Primary Input Spin Period: 0.08213552
Primary Input Spin Frequency: 76.49778111
Primary Radius of Gyration: 0.50000000

--------- Secondary Body ---------

Secondary Mass: 4.92483327e-05
Secondary Radius: 9.17440557e-05
Secondary Tidal Q: 34.00000000
Secondary Love Number k2: 0.30000000
Secondary Radius of Gyration: 0.50000000
Secondary Input Obliquity: 23.50000000
Secondary Input Spin Period: 0.00273785
Secondary Input Spin Frequency: 2294.93343338
Input Angular Size of Primary body: 2.31949308

-------------- Orbit ----------

Input Semi-major Axis: 0.11026500
Input Orbital Mean Motion: 122.10771785
Input Orbital Period: 0.05145609
Input Eccentricity: 0.00000000

--------- Tidal Effects ---------

da/dt: 1.46105621e-12
de/dt: 0.00000000
dP/dt: 1.02277093e-12

Derivative of Primary's Spin Rate: 1.76270693e-30
Primary dObl/dt: -0.00000000
Primary Equilibrium Rotation Rate: 122.10771785
Primary Equilibrium Rotation Period: 0.05145609
Primary Tidal Heat [W]: 1.43005960e+11
Primary Tidal Surface Flux [W/m^2]: 1.02051124e-07
Primary Equilibrium Tidal Surface Flux [W/m^2]: 0.00000000

Derivative of Secondary's Spin Rate: -4.69324967e-18
Secondary dObl/dt: 6.43347785e-15
Secondary Equilibrium Rotation Rate: 122.10771785
Secondary Equilibrium Rotation Period: 0.05145609
Secondary Tidal Heat [W]: 1.49018716e+18
Secondary Tidal Surface Flux [W/m^2]: 629.54026012
Secondary Equilibrium Tidal Surface Flux [W/m^2]: 5.62524050

Use Discrete Rotation States: 1
Discrete Equilibrium Spin Period: 0.05145609
Continuous Equilibrium Spin Period: 0.05145609
Primary epsilons: -1 -1 1 1 -1 1
Primary Gamma_Rotation: -4.00000000
Primary Gamma_Orbital: -4.00000000
Secondary epsilons: 1 1 1 1 1 1
Secondary Gamma_Rotation: 4.00000000
Secondary Gamma_Orbital: 4.00000000

----------- Halt ---------

Primary's Minimum Obliquity: -57.29577951
Secondary's Minimum Obliquity: -57.29577951

--------- Primary Body ---------

Primary Final Obliquity: 0.00000000
Primary Final Spin Period: 0.08213552
Primary Final Spin Frequency: 76.49778111

--------- Secondary Body ---------

Secondary Final Obliquity: 35.11767421
Secondary Final Spin Period: 0.04722376
Secondary Final Spin Frequency: 133.05136596
Final Angular Size of Primary body: 2.31947993

-------------- Orbit ----------

Final Semi-major Axis: 0.11026563
Final Orbital Mean Motion: 122.10667931
Final Orbital Period: 0.05145652
Final Eccentricity: 0.00000000

--------- Tidal Effects ---------

da/dt: 4.94047118e-13
de/dt: -0.00000000
dP/dt: 3.45844643e-13

Derivative of Primary's Spin Rate: 1.76264696e-30
Primary dObl/dt: -0.00000000
Primary Equilibrium Rotation Rate: 122.10667931
Primary Equilibrium Rotation Period: 0.05145652
Primary Tidal Heat [W]: 1.42997839e+11
Primary Tidal Surface Flux [W/m^2]: 1.02045329e-07
Primary Equilibrium Tidal Surface Flux [W/m^2]: 0.00000000

Derivative of Secondary's Spin Rate: 2.93873605e-39
Secondary dObl/dt: -1.60083339e-13
Secondary Equilibrium Rotation Rate: 122.10667931
Secondary Equilibrium Rotation Period: 0.05145652
Secondary Tidal Heat [W]: 3.27338937e+16
Secondary Tidal Surface Flux [W/m^2]: 13.82866831
Secondary Equilibrium Tidal Surface Flux [W/m^2]: 11.70706408

Use Discrete Rotation States: 1
Discrete Equilibrium Spin Period: 0.05145652
Continuous Equilibrium Spin Period: 0.05145652
Primary epsilons: -1 -1 1 1 -1 1
Primary Gamma_Rotation: -4.00000000
Primary Gamma_Orbital: -4.00000000
Secondary epsilons: 1 -1 1 1 -1 1
Secondary Gamma_Rotation: 2.67631477
Secondary Gamma_Orbital: 1.35262953

----------- Halt ---------

Primary's Minimum Obliquity: -57.29577951
Secondary's Minimum Obliquity: -57.29577951
