System Name: Kepler-236c
Tidal Model: Constant-Phase-Lag
Use Discrete Rotation Rate Model: 1
Integration Method: 4th order Runge-Kutta
Verbosity Level: 5

--------- Input/Output Units ---------

Mass Units: Solar
Length Units: AU
Time Units: Years
Angle Units: Degrees
Minimum Value of ecc and obl: 1.00000000e-10

--------- Files ---------

Executable: /Users/rory/src/eqtide/eqtide
Input: tide.in
Forward Output: Kepler-236c.forward
---------- Integration(s) ----------

Use Variable Timestep: Yes
Timestep Coefficient: 0.01000000

--------- Forward Integration ---------

Input Time Step: 0.00000000
Stop Time: 1.50000000e+10
Output Interval: 1.00000000e+09
Input Minimum Semi-major Axis: 0.00000000
Output Order: Time SemiMajorAxis Eccentricity SecPer[days] OrbPeriod[days] SecObliquity 

--------- Primary Body ---------

Primary Mass: 0.53342400
Primary Radius: 0.00237174
Primary Tidal Q: 1.00000000e+06

Primary Love Number k2: 0.50000000
Primary Input Obliquity: 0.00000000
Primary Input Spin Period: 0.08213552
Primary Input Spin Frequency: 76.49778111
Primary Radius of Gyration: 0.50000000

--------- Secondary Body ---------

Secondary Mass: 3.85985216e-05
Secondary Radius: 8.58195060e-05
Secondary Tidal Q: 34.00000000
Secondary Love Number k2: 0.30000000
Secondary Radius of Gyration: 0.50000000
Secondary Input Obliquity: 23.50000000
Secondary Input Spin Period: 0.00273785
Secondary Input Spin Frequency: 2294.93343338
Input Angular Size of Primary body: 2.05958308

-------------- Orbit ----------

Input Semi-major Axis: 0.13194500
Input Orbital Mean Motion: 95.74888019
Input Orbital Period: 0.06562150
Input Eccentricity: 0.00000000

--------- Tidal Effects ---------

da/dt: 5.37966710e-13
de/dt: 0.00000000
dP/dt: 4.01342915e-13

Derivative of Primary's Spin Rate: 4.19890365e-31
Primary dObl/dt: -0.00000000
Primary Equilibrium Rotation Rate: 95.74888019
Primary Equilibrium Rotation Period: 0.06562150
Primary Tidal Heat [W]: 1.71010051e+10
Primary Tidal Surface Flux [W/m^2]: 1.08100428e-08
Primary Equilibrium Tidal Surface Flux [W/m^2]: 0.00000000

Derivative of Secondary's Spin Rate: -1.85311656e-18
Secondary dObl/dt: 2.54024263e-15
Secondary Equilibrium Rotation Rate: 95.74888019
Secondary Equilibrium Rotation Period: 0.06562150
Secondary Tidal Heat [W]: 4.08415269e+17
Secondary Tidal Surface Flux [W/m^2]: 197.18256442
Secondary Equilibrium Tidal Surface Flux [W/m^2]: 1.36502279

Use Discrete Rotation States: 1
Discrete Equilibrium Spin Period: 0.06562150
Continuous Equilibrium Spin Period: 0.06562150
Primary epsilons: -1 -1 1 1 -1 1
Primary Gamma_Rotation: -4.00000000
Primary Gamma_Orbital: -4.00000000
Secondary epsilons: 1 1 1 1 1 1
Secondary Gamma_Rotation: 4.00000000
Secondary Gamma_Orbital: 4.00000000

----------- Halt ---------

Primary's Minimum Obliquity: -57.29577951
Secondary's Minimum Obliquity: -57.29577951

--------- Primary Body ---------

Primary Final Obliquity: 0.00000000
Primary Final Spin Period: 0.08213552
Primary Final Spin Frequency: 76.49778111

--------- Secondary Body ---------

Secondary Final Obliquity: 36.21273441
Secondary Final Spin Period: 0.05970178
Secondary Final Spin Frequency: 105.24284917
Final Angular Size of Primary body: 2.05957384

-------------- Orbit ----------

Final Semi-major Axis: 0.13194559
Final Orbital Mean Motion: 95.74823629
Final Orbital Period: 0.06562194
Final Eccentricity: 0.00000000

--------- Tidal Effects ---------

da/dt: 1.62431177e-13
de/dt: -0.00000000
dP/dt: 1.21179893e-13

Derivative of Primary's Spin Rate: 4.19879071e-31
Primary dObl/dt: -0.00000000
Primary Equilibrium Rotation Rate: 95.74823629
Primary Equilibrium Rotation Period: 0.06562194
Primary Tidal Heat [W]: 1.70999731e+10
Primary Tidal Surface Flux [W/m^2]: 1.08093904e-08
Primary Equilibrium Tidal Surface Flux [W/m^2]: 0.00000000

Derivative of Secondary's Spin Rate: 2.93873605e-39
Secondary dObl/dt: -8.20676597e-14
Secondary Equilibrium Rotation Rate: 95.74823629
Secondary Equilibrium Rotation Period: 0.06562194
Secondary Tidal Heat [W]: 7.35390071e+15
Secondary Tidal Surface Flux [W/m^2]: 3.55045737
Secondary Equilibrium Tidal Surface Flux [W/m^2]: 2.99629703

Use Discrete Rotation States: 1
Discrete Equilibrium Spin Period: 0.06562194
Continuous Equilibrium Spin Period: 0.06562194
Primary epsilons: -1 -1 1 1 -1 1
Primary Gamma_Rotation: -4.00000000
Primary Gamma_Orbital: -4.00000000
Secondary epsilons: 1 -1 1 1 -1 1
Secondary Gamma_Rotation: 2.60389231
Secondary Gamma_Orbital: 1.20778461

----------- Halt ---------

Primary's Minimum Obliquity: -57.29577951
Secondary's Minimum Obliquity: -57.29577951
