System Name: Kepler-452b
Tidal Model: Constant-Phase-Lag
Use Discrete Rotation Rate Model: 1
Integration Method: 4th order Runge-Kutta
Verbosity Level: 5

--------- Input/Output Units ---------

Mass Units: Solar
Length Units: AU
Time Units: Years
Angle Units: Degrees
Minimum Value of ecc and obl: 1.00000000e-10

--------- Files ---------

Executable: /Users/rory/src/eqtide/eqtide
Input: tide.in
Forward Output: Kepler-452b.forward
---------- Integration(s) ----------

Use Variable Timestep: Yes
Timestep Coefficient: 0.01000000

--------- Forward Integration ---------

Input Time Step: 0.00000000
Stop Time: 1.50000000e+10
Output Interval: 1.00000000e+09
Input Minimum Semi-major Axis: 0.00000000
Output Order: Time SemiMajorAxis Eccentricity SecPer[days] OrbPeriod[days] SecObliquity 

--------- Primary Body ---------

Primary Mass: 0.93881100
Primary Radius: 0.00516201
Primary Tidal Q: 1.00000000e+06

Primary Love Number k2: 0.50000000
Primary Input Obliquity: 0.00000000
Primary Input Spin Period: 0.08213552
Primary Input Spin Frequency: 76.49778111
Primary Radius of Gyration: 0.50000000

--------- Secondary Body ---------

Secondary Mass: 2.11923345e-05
Secondary Radius: 7.28191784e-05
Secondary Tidal Q: 34.00000000
Secondary Love Number k2: 0.30000000
Secondary Radius of Gyration: 0.50000000
Secondary Input Obliquity: 23.50000000
Secondary Input Spin Period: 0.00273785
Secondary Input Spin Frequency: 2294.93343338
Input Angular Size of Primary body: 0.58342142

-------------- Orbit ----------

Input Semi-major Axis: 1.01387800
Input Orbital Mean Motion: 5.96329864
Input Orbital Period: 1.05364257
Input Eccentricity: 0.00000000

--------- Tidal Effects ---------

da/dt: 1.35505850e-17
de/dt: 0.00000000
dP/dt: 2.11233023e-17

Derivative of Primary's Spin Rate: -3.60203881e-36
Primary dObl/dt: -0.00000000
Primary Equilibrium Rotation Rate: 5.96329864
Primary Equilibrium Rotation Period: 1.05364257
Primary Tidal Heat [W]: 4.48116868e+06
Primary Tidal Surface Flux [W/m^2]: 5.97986616e-13
Primary Equilibrium Tidal Surface Flux [W/m^2]: 0.00000000

Derivative of Secondary's Spin Rate: -3.10261983e-23
Secondary dObl/dt: 4.25306395e-20
Secondary Equilibrium Rotation Rate: 5.96329864
Secondary Equilibrium Rotation Period: 1.05364257
Secondary Tidal Heat [W]: 2.81341569e+12
Secondary Tidal Surface Flux [W/m^2]: 0.00188660
Secondary Equilibrium Tidal Surface Flux [W/m^2]: 7.81495918e-07

Use Discrete Rotation States: 1
Discrete Equilibrium Spin Period: 1.05364257
Continuous Equilibrium Spin Period: 1.05364257
Primary epsilons: 1 1 1 1 1 1
Primary Gamma_Rotation: 4.00000000
Primary Gamma_Orbital: 4.00000000
Secondary epsilons: 1 1 1 1 1 1
Secondary Gamma_Rotation: 4.00000000
Secondary Gamma_Orbital: 4.00000000

----------- Halt ---------

Primary's Minimum Obliquity: -57.29577951
Secondary's Minimum Obliquity: -57.29577951

--------- Primary Body ---------

Primary Final Obliquity: 0.00000000
Primary Final Spin Period: 0.08213552
Primary Final Spin Frequency: 76.49778111

--------- Secondary Body ---------

Secondary Final Obliquity: 26.22617162
Secondary Final Spin Period: 0.00343070
Secondary Final Spin Frequency: 1831.45717182
Final Angular Size of Primary body: 0.58342130

-------------- Orbit ----------

Final Semi-major Axis: 1.01387820
Final Orbital Mean Motion: 5.96329684
Final Orbital Period: 1.05364289
Final Eccentricity: 0.00000000

--------- Tidal Effects ---------

da/dt: 1.35505700e-17
de/dt: 0.00000000
dP/dt: 2.11232811e-17

Derivative of Primary's Spin Rate: -3.60203448e-36
Primary dObl/dt: -0.00000000
Primary Equilibrium Rotation Rate: 5.96329684
Primary Equilibrium Rotation Period: 1.05364289
Primary Tidal Heat [W]: 4.48116341e+06
Primary Tidal Surface Flux [W/m^2]: 5.97985912e-13
Primary Equilibrium Tidal Surface Flux [W/m^2]: 0.00000000

Derivative of Secondary's Spin Rate: -3.10261609e-23
Secondary dObl/dt: 5.90628591e-20
Secondary Equilibrium Rotation Rate: 5.96329684
Secondary Equilibrium Rotation Period: 1.05364289
Secondary Tidal Heat [W]: 2.24374572e+12
Secondary Tidal Surface Flux [W/m^2]: 0.00150460
Secondary Equilibrium Tidal Surface Flux [W/m^2]: 9.59854654e-07

Use Discrete Rotation States: 1
Discrete Equilibrium Spin Period: 1.05364289
Continuous Equilibrium Spin Period: 1.05364289
Primary epsilons: 1 1 1 1 1 1
Primary Gamma_Rotation: 4.00000000
Primary Gamma_Orbital: 4.00000000
Secondary epsilons: 1 1 1 1 1 1
Secondary Gamma_Rotation: 4.00000000
Secondary Gamma_Orbital: 4.00000000

----------- Halt ---------

Primary's Minimum Obliquity: -57.29577951
Secondary's Minimum Obliquity: -57.29577951
