System Name: Kepler-438b
Tidal Model: Constant-Phase-Lag
Use Discrete Rotation Rate Model: 1
Integration Method: 4th order Runge-Kutta
Verbosity Level: 5

--------- Input/Output Units ---------

Mass Units: Solar
Length Units: AU
Time Units: Years
Angle Units: Degrees
Minimum Value of ecc and obl: 1.00000000e-10

--------- Files ---------

Executable: /Users/rory/src/eqtide/eqtide
Input: tide.in
Forward Output: Kepler-438b.forward
---------- Integration(s) ----------

Use Variable Timestep: Yes
Timestep Coefficient: 0.01000000

--------- Forward Integration ---------

Input Time Step: 0.00000000
Stop Time: 1.50000000e+10
Output Interval: 1.00000000e+09
Input Minimum Semi-major Axis: 0.00000000
Output Order: Time SemiMajorAxis Eccentricity SecPer[days] OrbPeriod[days] SecObliquity 

--------- Primary Body ---------

Primary Mass: 0.54192500
Primary Radius: 0.00241824
Primary Tidal Q: 1.00000000e+06

Primary Love Number k2: 0.50000000
Primary Input Obliquity: 0.00000000
Primary Input Spin Period: 0.08213552
Primary Input Spin Frequency: 76.49778111
Primary Radius of Gyration: 0.50000000

--------- Secondary Body ---------

Secondary Mass: 4.81341283e-06
Secondary Radius: 4.85157345e-05
Secondary Tidal Q: 34.00000000
Secondary Love Number k2: 0.30000000
Secondary Radius of Gyration: 0.50000000
Secondary Input Obliquity: 23.50000000
Secondary Input Spin Period: 0.00273785
Secondary Input Spin Frequency: 2294.93343338
Input Angular Size of Primary body: 1.61587363

-------------- Orbit ----------

Input Semi-major Axis: 0.17148100
Input Orbital Mean Motion: 65.13563214
Input Orbital Period: 0.09646310
Input Eccentricity: 0.00000000

--------- Tidal Effects ---------

da/dt: 6.03417525e-14
de/dt: 0.00000000
dP/dt: 5.09162413e-14

Derivative of Primary's Spin Rate: -1.41382364e-33
Primary dObl/dt: -0.00000000
Primary Equilibrium Rotation Rate: 65.13563214
Primary Equilibrium Rotation Period: 0.09646310
Primary Tidal Heat [W]: 3.58937542e+07
Primary Tidal Surface Flux [W/m^2]: 2.18252047e-11
Primary Equilibrium Tidal Surface Flux [W/m^2]: 0.00000000

Derivative of Secondary's Spin Rate: -5.75049122e-19
Secondary dObl/dt: 7.88275818e-16
Secondary Equilibrium Rotation Rate: 65.13563214
Secondary Equilibrium Rotation Period: 0.09646310
Secondary Tidal Heat [W]: 5.12134020e+15
Secondary Tidal Surface Flux [W/m^2]: 7.73672154
Secondary Equilibrium Tidal Surface Flux [W/m^2]: 0.03593432

Use Discrete Rotation States: 1
Discrete Equilibrium Spin Period: 0.09646310
Continuous Equilibrium Spin Period: 0.09646310
Primary epsilons: 1 -1 1 1 -1 1
Primary Gamma_Rotation: 4.00000000
Primary Gamma_Orbital: 4.00000000
Secondary epsilons: 1 1 1 1 1 1
Secondary Gamma_Rotation: 4.00000000
Secondary Gamma_Orbital: 4.00000000

----------- Halt ---------

Primary's Minimum Obliquity: -57.29577951
Secondary's Minimum Obliquity: -57.29577951

--------- Primary Body ---------

Primary Final Obliquity: 0.00000000
Primary Final Spin Period: 0.08213552
Primary Final Spin Frequency: 76.49778111

--------- Secondary Body ---------

Secondary Final Obliquity: 36.50791859
Secondary Final Spin Period: 0.08853038
Secondary Final Spin Frequency: 70.97208178
Final Angular Size of Primary body: 1.61587157

-------------- Orbit ----------

Final Semi-major Axis: 0.17148122
Final Orbital Mean Motion: 65.13550787
Final Orbital Period: 0.09646329
Final Eccentricity: 0.00000000

--------- Tidal Effects ---------

da/dt: 1.76262055e-14
de/dt: -0.00000000
dP/dt: 1.48729638e-14

Derivative of Primary's Spin Rate: -1.41381285e-33
Primary dObl/dt: -0.00000000
Primary Equilibrium Rotation Rate: 65.13550787
Primary Equilibrium Rotation Period: 0.09646329
Primary Tidal Heat [W]: 3.58938729e+07
Primary Tidal Surface Flux [W/m^2]: 2.18252769e-11
Primary Equilibrium Tidal Surface Flux [W/m^2]: 0.00000000

Derivative of Secondary's Spin Rate: 2.93873605e-39
Secondary dObl/dt: -3.80300408e-14
Secondary Equilibrium Rotation Rate: 65.13550787
Secondary Equilibrium Rotation Period: 0.09646329
Secondary Tidal Heat [W]: 6.16109653e+13
Secondary Tidal Surface Flux [W/m^2]: 0.09307464
Secondary Equilibrium Tidal Surface Flux [W/m^2]: 0.07999141

Use Discrete Rotation States: 1
Discrete Equilibrium Spin Period: 0.09646329
Continuous Equilibrium Spin Period: 0.09646329
Primary epsilons: 1 -1 1 1 -1 1
Primary Gamma_Rotation: 4.00000000
Primary Gamma_Orbital: 4.00000000
Secondary epsilons: 1 -1 1 1 -1 1
Secondary Gamma_Rotation: 2.58421472
Secondary Gamma_Orbital: 1.16842944

----------- Halt ---------

Primary's Minimum Obliquity: -57.29577951
Secondary's Minimum Obliquity: -57.29577951
