System Name: Kepler-55c
Tidal Model: Constant-Phase-Lag
Use Discrete Rotation Rate Model: 1
Integration Method: 4th order Runge-Kutta
Verbosity Level: 5

--------- Input/Output Units ---------

Mass Units: Solar
Length Units: AU
Time Units: Years
Angle Units: Degrees
Minimum Value of ecc and obl: 1.00000000e-10

--------- Files ---------

Executable: /Users/rory/src/eqtide/eqtide
Input: tide.in
Forward Output: Kepler-55c.forward
---------- Integration(s) ----------

Use Variable Timestep: Yes
Timestep Coefficient: 0.01000000

--------- Forward Integration ---------

Input Time Step: 0.00000000
Stop Time: 1.50000000e+10
Output Interval: 1.00000000e+09
Input Minimum Semi-major Axis: 0.00000000
Output Order: Time SemiMajorAxis Eccentricity SecPer[days] OrbPeriod[days] SecObliquity 

--------- Primary Body ---------

Primary Mass: 0.67098900
Primary Radius: 0.00288329
Primary Tidal Q: 1.00000000e+06

Primary Love Number k2: 0.50000000
Primary Input Obliquity: 0.00000000
Primary Input Spin Period: 0.08213552
Primary Input Spin Frequency: 76.49778111
Primary Radius of Gyration: 0.50000000

--------- Secondary Body ---------

Secondary Mass: 6.79127175e-05
Secondary Radius: 0.00010019
Secondary Tidal Q: 34.00000000
Secondary Love Number k2: 0.30000000
Secondary Radius of Gyration: 0.50000000
Secondary Input Obliquity: 23.50000000
Secondary Input Spin Period: 0.00273785
Secondary Input Spin Frequency: 2294.93343338
Input Angular Size of Primary body: 1.59201973

-------------- Orbit ----------

Input Semi-major Axis: 0.20752200
Input Orbital Mean Motion: 54.44457129
Input Orbital Period: 0.11540518
Input Eccentricity: 0.00000000

--------- Tidal Effects ---------

da/dt: 7.74993506e-14
de/dt: 0.00000000
dP/dt: 6.46505823e-14

Derivative of Primary's Spin Rate: -1.22656689e-31
Primary dObl/dt: -0.00000000
Primary Equilibrium Rotation Rate: 54.44457129
Primary Equilibrium Rotation Period: 0.11540518
Primary Tidal Heat [W]: 1.06384686e+10
Primary Tidal Surface Flux [W/m^2]: 4.55031925e-09
Primary Equilibrium Tidal Surface Flux [W/m^2]: 0.00000000

Derivative of Secondary's Spin Rate: -1.75171336e-19
Secondary dObl/dt: 2.40123984e-16
Secondary Equilibrium Rotation Rate: 54.44457129
Secondary Equilibrium Rotation Period: 0.11540518
Secondary Tidal Heat [W]: 9.43145473e+16
Secondary Tidal Surface Flux [W/m^2]: 33.41106865
Secondary Equilibrium Tidal Surface Flux [W/m^2]: 0.12909265

Use Discrete Rotation States: 1
Discrete Equilibrium Spin Period: 0.11540518
Continuous Equilibrium Spin Period: 0.11540518
Primary epsilons: 1 -1 1 1 -1 1
Primary Gamma_Rotation: 4.00000000
Primary Gamma_Orbital: 4.00000000
Secondary epsilons: 1 1 1 1 1 1
Secondary Gamma_Rotation: 4.00000000
Secondary Gamma_Orbital: 4.00000000

----------- Halt ---------

Primary's Minimum Obliquity: -57.29577951
Secondary's Minimum Obliquity: -57.29577951

--------- Primary Body ---------

Primary Final Obliquity: 0.00000000
Primary Final Spin Period: 0.08213552
Primary Final Spin Frequency: 76.49778111

--------- Secondary Body ---------

Secondary Final Obliquity: 36.58838463
Secondary Final Spin Period: 0.10573315
Secondary Final Spin Frequency: 59.42493457
Final Angular Size of Primary body: 1.59201262

-------------- Orbit ----------

Final Semi-major Axis: 0.20752293
Final Orbital Mean Motion: 54.44420632
Final Orbital Period: 0.11540595
Final Eccentricity: 0.00000000

--------- Tidal Effects ---------

da/dt: 2.24299357e-14
de/dt: -0.00000000
dP/dt: 1.87112748e-14

Derivative of Primary's Spin Rate: -1.22653400e-31
Primary dObl/dt: -0.00000000
Primary Equilibrium Rotation Rate: 54.44420632
Primary Equilibrium Rotation Period: 0.11540595
Primary Tidal Heat [W]: 1.06383594e+10
Primary Tidal Surface Flux [W/m^2]: 4.55027254e-09
Primary Equilibrium Tidal Surface Flux [W/m^2]: 0.00000000

Derivative of Secondary's Spin Rate: 2.93873605e-39
Secondary dObl/dt: -1.38617563e-14
Secondary Equilibrium Rotation Rate: 54.44420632
Secondary Equilibrium Rotation Period: 0.11540595
Secondary Tidal Heat [W]: 9.49422586e+14
Secondary Tidal Surface Flux [W/m^2]: 0.33633436
Secondary Equilibrium Tidal Surface Flux [W/m^2]: 0.28845006

Use Discrete Rotation States: 1
Discrete Equilibrium Spin Period: 0.11540595
Continuous Equilibrium Spin Period: 0.11540595
Primary epsilons: 1 -1 1 1 -1 1
Primary Gamma_Rotation: 4.00000000
Primary Gamma_Orbital: 4.00000000
Secondary epsilons: 1 -1 1 1 -1 1
Secondary Gamma_Rotation: 2.57883984
Secondary Gamma_Orbital: 1.15767968

----------- Halt ---------

Primary's Minimum Obliquity: -57.29577951
Secondary's Minimum Obliquity: -57.29577951
