System Name: Kepler-441b
Tidal Model: Constant-Phase-Lag
Use Discrete Rotation Rate Model: 1
Integration Method: 4th order Runge-Kutta
Verbosity Level: 5

--------- Input/Output Units ---------

Mass Units: Solar
Length Units: AU
Time Units: Years
Angle Units: Degrees
Minimum Value of ecc and obl: 1.00000000e-10

--------- Files ---------

Executable: /Users/rory/src/eqtide/eqtide
Input: tide.in
Forward Output: Kepler-441b.forward
---------- Integration(s) ----------

Use Variable Timestep: Yes
Timestep Coefficient: 0.01000000

--------- Forward Integration ---------

Input Time Step: 0.00000000
Stop Time: 1.50000000e+10
Output Interval: 1.00000000e+09
Input Minimum Semi-major Axis: 0.00000000
Output Order: Time SemiMajorAxis Eccentricity SecPer[days] OrbPeriod[days] SecObliquity 

--------- Primary Body ---------

Primary Mass: 0.56579300
Primary Radius: 0.00255775
Primary Tidal Q: 1.00000000e+06

Primary Love Number k2: 0.50000000
Primary Input Obliquity: 0.00000000
Primary Input Spin Period: 0.08213552
Primary Input Spin Frequency: 76.49778111
Primary Radius of Gyration: 0.50000000

--------- Secondary Body ---------

Secondary Mass: 2.50180079e-05
Secondary Radius: 7.62064809e-05
Secondary Tidal Q: 34.00000000
Secondary Love Number k2: 0.30000000
Secondary Radius of Gyration: 0.50000000
Secondary Input Obliquity: 23.50000000
Secondary Input Spin Period: 0.00273785
Secondary Input Spin Frequency: 2294.93343338
Input Angular Size of Primary body: 0.51703751

-------------- Orbit ----------

Input Semi-major Axis: 0.56687400
Input Orbital Mean Motion: 11.07336718
Input Orbital Period: 0.56741416
Input Eccentricity: 0.00000000

--------- Tidal Effects ---------

da/dt: 1.64992259e-16
de/dt: 0.00000000
dP/dt: 2.47729690e-16

Derivative of Primary's Spin Rate: -3.31688898e-35
Primary dObl/dt: 0.00000000
Primary Equilibrium Rotation Rate: 11.07336718
Primary Equilibrium Rotation Period: 0.56741416
Primary Tidal Heat [W]: 5.66331891e+06
Primary Tidal Surface Flux [W/m^2]: 3.07816410e-12
Primary Equilibrium Tidal Surface Flux [W/m^2]: 0.00000000

Derivative of Secondary's Spin Rate: -3.58135030e-22
Secondary dObl/dt: 4.90930440e-19
Secondary Equilibrium Rotation Rate: 11.07336718
Secondary Equilibrium Rotation Period: 0.56741416
Secondary Tidal Heat [W]: 4.18936016e+13
Secondary Tidal Surface Flux [W/m^2]: 0.02565089
Secondary Equilibrium Tidal Surface Flux [W/m^2]: 1.97747963e-05

Use Discrete Rotation States: 1
Discrete Equilibrium Spin Period: 0.56741416
Continuous Equilibrium Spin Period: 0.56741416
Primary epsilons: 1 1 1 1 1 1
Primary Gamma_Rotation: 4.00000000
Primary Gamma_Orbital: 4.00000000
Secondary epsilons: 1 1 1 1 1 1
Secondary Gamma_Rotation: 4.00000000
Secondary Gamma_Orbital: 4.00000000

----------- Halt ---------

Primary's Minimum Obliquity: -57.29577951
Secondary's Minimum Obliquity: -57.29577951

--------- Primary Body ---------

Primary Final Obliquity: 0.00000000
Primary Final Spin Period: 0.08213552
Primary Final Spin Frequency: 76.49778111

--------- Secondary Body ---------

Secondary Final Obliquity: 44.06599372
Secondary Final Spin Period: 0.51976597
Secondary Final Spin Frequency: 12.08848912
Final Angular Size of Primary body: 0.51703656

-------------- Orbit ----------

Final Semi-major Axis: 0.56687503
Final Orbital Mean Motion: 11.07333687
Final Orbital Period: 0.56741571
Final Eccentricity: 0.00000000

--------- Tidal Effects ---------

da/dt: 5.37898390e-18
de/dt: -0.00000000
dP/dt: 8.07634998e-18

Derivative of Primary's Spin Rate: -3.31685266e-35
Primary dObl/dt: 0.00000000
Primary Equilibrium Rotation Rate: 11.07333687
Primary Equilibrium Rotation Period: 0.56741571
Primary Tidal Heat [W]: 5.66325953e+06
Primary Tidal Surface Flux [W/m^2]: 3.07813182e-12
Primary Equilibrium Tidal Surface Flux [W/m^2]: 0.00000000

Derivative of Secondary's Spin Rate: 2.93873605e-39
Secondary dObl/dt: -1.62555879e-16
Secondary Equilibrium Rotation Rate: 11.07333687
Secondary Equilibrium Rotation Period: 0.56741571
Secondary Tidal Heat [W]: 1.07863298e+11
Secondary Tidal Surface Flux [W/m^2]: 6.60432507e-05
Secondary Equilibrium Tidal Surface Flux [W/m^2]: 6.01567076e-05

Use Discrete Rotation States: 1
Discrete Equilibrium Spin Period: 0.56741571
Continuous Equilibrium Spin Period: 0.56741571
Primary epsilons: 1 1 1 1 1 1
Primary Gamma_Rotation: 4.00000000
Primary Gamma_Orbital: 4.00000000
Secondary epsilons: 1 -1 1 1 -1 1
Secondary Gamma_Rotation: 2.06519439
Secondary Gamma_Orbital: 0.13038878

----------- Halt ---------

Primary's Minimum Obliquity: -57.29577951
Secondary's Minimum Obliquity: -57.29577951
