System Name: Kepler-443b
Tidal Model: Constant-Phase-Lag
Use Discrete Rotation Rate Model: 1
Integration Method: 4th order Runge-Kutta
Verbosity Level: 5

--------- Input/Output Units ---------

Mass Units: Solar
Length Units: AU
Time Units: Years
Angle Units: Degrees
Minimum Value of ecc and obl: 1.00000000e-10

--------- Files ---------

Executable: /Users/rory/src/eqtide/eqtide
Input: tide.in
Forward Output: Kepler-443b.forward
---------- Integration(s) ----------

Use Variable Timestep: Yes
Timestep Coefficient: 0.01000000

--------- Forward Integration ---------

Input Time Step: 0.00000000
Stop Time: 1.50000000e+10
Output Interval: 1.00000000e+09
Input Minimum Semi-major Axis: 0.00000000
Output Order: Time SemiMajorAxis Eccentricity SecPer[days] OrbPeriod[days] SecObliquity 

--------- Primary Body ---------

Primary Mass: 0.74894300
Primary Radius: 0.00330183
Primary Tidal Q: 1.00000000e+06

Primary Love Number k2: 0.50000000
Primary Input Obliquity: 0.00000000
Primary Input Spin Period: 0.08213552
Primary Input Spin Frequency: 76.49778111
Primary Radius of Gyration: 0.50000000

--------- Secondary Body ---------

Secondary Mass: 6.83306890e-05
Secondary Radius: 0.00010036
Secondary Tidal Q: 34.00000000
Secondary Love Number k2: 0.30000000
Secondary Radius of Gyration: 0.50000000
Secondary Input Obliquity: 23.50000000
Secondary Input Spin Period: 0.00273785
Secondary Input Spin Frequency: 2294.93343338
Input Angular Size of Primary body: 0.67359211

-------------- Orbit ----------

Input Semi-major Axis: 0.56170100
Input Orbital Mean Motion: 12.91687687
Input Orbital Period: 0.48643224
Input Eccentricity: 0.00000000

--------- Tidal Effects ---------

da/dt: 3.83229648e-16
de/dt: 0.00000000
dP/dt: 4.97837172e-16

Derivative of Primary's Spin Rate: -4.24855176e-34
Primary dObl/dt: 0.00000000
Primary Equilibrium Rotation Rate: 12.91687687
Primary Equilibrium Rotation Period: 0.48643224
Primary Tidal Heat [W]: 1.55507153e+08
Primary Tidal Surface Flux [W/m^2]: 5.07200651e-11
Primary Equilibrium Tidal Surface Flux [W/m^2]: 0.00000000

Derivative of Secondary's Spin Rate: -5.54382094e-22
Secondary dObl/dt: 7.59944967e-19
Secondary Equilibrium Rotation Rate: 12.91687687
Secondary Equilibrium Rotation Period: 0.48643224
Secondary Tidal Heat [W]: 3.06920443e+14
Secondary Tidal Surface Flux [W/m^2]: 0.10836205
Secondary Equilibrium Tidal Surface Flux [W/m^2]: 9.75248531e-05

Use Discrete Rotation States: 1
Discrete Equilibrium Spin Period: 0.48643224
Continuous Equilibrium Spin Period: 0.48643224
Primary epsilons: 1 1 1 1 1 1
Primary Gamma_Rotation: 4.00000000
Primary Gamma_Orbital: 4.00000000
Secondary epsilons: 1 1 1 1 1 1
Secondary Gamma_Rotation: 4.00000000
Secondary Gamma_Orbital: 4.00000000

----------- Halt ---------

Primary's Minimum Obliquity: -57.29577951
Secondary's Minimum Obliquity: -57.29577951

--------- Primary Body ---------

Primary Final Obliquity: 0.00000000
Primary Final Spin Period: 0.08213552
Primary Final Spin Frequency: 76.49778111

--------- Secondary Body ---------

Secondary Final Obliquity: 41.83717308
Secondary Final Spin Period: 0.44622398
Secondary Final Spin Frequency: 14.08078821
Final Angular Size of Primary body: 0.67359026

-------------- Orbit ----------

Final Semi-major Axis: 0.56170254
Final Orbital Mean Motion: 12.91682361
Final Orbital Period: 0.48643424
Final Eccentricity: 0.00000000

--------- Tidal Effects ---------

da/dt: 4.22295523e-17
de/dt: -0.00000000
dP/dt: 5.48586727e-17

Derivative of Primary's Spin Rate: -4.24848169e-34
Primary dObl/dt: 0.00000000
Primary Equilibrium Rotation Rate: 12.91682361
Primary Equilibrium Rotation Period: 0.48643424
Primary Tidal Heat [W]: 1.55504718e+08
Primary Tidal Surface Flux [W/m^2]: 5.07192711e-11
Primary Equilibrium Tidal Surface Flux [W/m^2]: 0.00000000

Derivative of Secondary's Spin Rate: 2.93873605e-39
Secondary dObl/dt: -2.07183563e-16
Secondary Equilibrium Rotation Rate: 12.91682361
Secondary Equilibrium Rotation Period: 0.48643424
Secondary Tidal Heat [W]: 8.59805093e+11
Secondary Tidal Surface Flux [W/m^2]: 0.00030356
Secondary Equilibrium Tidal Surface Flux [W/m^2]: 0.00027288

Use Discrete Rotation States: 1
Discrete Equilibrium Spin Period: 0.48643424
Continuous Equilibrium Spin Period: 0.48643424
Primary epsilons: 1 1 1 1 1 1
Primary Gamma_Rotation: 4.00000000
Primary Gamma_Orbital: 4.00000000
Secondary epsilons: 1 -1 1 1 -1 1
Secondary Gamma_Rotation: 2.22035868
Secondary Gamma_Orbital: 0.44071736

----------- Halt ---------

Primary's Minimum Obliquity: -57.29577951
Secondary's Minimum Obliquity: -57.29577951
